TpTrace Verbose: 0 : 5876, 1, 2024/04/26, 09:16:34.140, 7570609583674, vstest.console.dll, Version: 17.9.0-release-24072-02 Current process architecture: X64
TpTrace Verbose: 0 : 5876, 1, 2024/04/26, 09:16:34.142, 7570609607591, vstest.console.dll, Runtime location: C:\Program Files\dotnet\shared\Microsoft.NETCore.App\8.0.4
TpTrace Verbose: 0 : 5876, 1, 2024/04/26, 09:16:34.144, 7570609623854, vstest.console.dll, ArtifactProcessingPostProcessModeProcessorExecutor.Initialize: ArtifactProcessingMode.Collect
TpTrace Verbose: 0 : 5876, 1, 2024/04/26, 09:16:34.144, 7570609624883, vstest.console.dll, TestSessionCorrelationIdProcessorModeProcessorExecutor.Initialize: TestSessionCorrelationId '15440_06ca79b0-7b22-414f-a4d0-2d2fe17bc54b'
TpTrace Information: 0 : 5876, 1, 2024/04/26, 09:16:34.151, 7570609699010, vstest.console.dll, FilePatternParser: The given file C:\Users\VC\Downloads\Daily_progress\Day11\ShoppingFESoln\ShoppingBLTest\bin\Debug\net8.0\fine-code-coverage\build-output\ShoppingBLTest.dll is a full path.
TpTrace Verbose: 0 : 5876, 1, 2024/04/26, 09:16:34.154, 7570609731438, vstest.console.dll, TestPluginCache.DiscoverTestExtensions: finding test extensions in assemblies ends with: RuntimeProvider.dll TPluginInfo: Microsoft.VisualStudio.TestPlatform.Common.ExtensionFramework.Utilities.TestRuntimePluginInformation TExtension: Microsoft.VisualStudio.TestPlatform.ObjectModel.Host.ITestRuntimeProvider
TpTrace Verbose: 0 : 5876, 1, 2024/04/26, 09:16:34.155, 7570609733838, vstest.console.dll, TestPluginCache.GetExtensionPaths: Filtered extension paths: 
TpTrace Verbose: 0 : 5876, 1, 2024/04/26, 09:16:34.155, 7570609734451, vstest.console.dll, TestPluginCache.GetExtensionPaths: Added default extension paths: C:\Program Files\dotnet\sdk\8.0.204\Extensions\Microsoft.Diagnostics.NETCore.Client.dll
C:\Program Files\dotnet\sdk\8.0.204\Extensions\Microsoft.TestPlatform.Extensions.BlameDataCollector.dll
C:\Program Files\dotnet\sdk\8.0.204\Extensions\Microsoft.TestPlatform.Extensions.EventLogCollector.dll
C:\Program Files\dotnet\sdk\8.0.204\Extensions\Microsoft.TestPlatform.TestHostRuntimeProvider.dll
C:\Program Files\dotnet\sdk\8.0.204\Extensions\Microsoft.VisualStudio.TestPlatform.Extensions.Html.TestLogger.dll
C:\Program Files\dotnet\sdk\8.0.204\Extensions\Microsoft.VisualStudio.TestPlatform.Extensions.Trx.TestLogger.dll
TpTrace Verbose: 0 : 5876, 1, 2024/04/26, 09:16:34.155, 7570609734710, vstest.console.dll, TestPluginCache.GetExtensionPaths: Added unfilterableExtensionPaths: 
TpTrace Information: 0 : 5876, 1, 2024/04/26, 09:16:34.155, 7570609738080, vstest.console.dll, AssemblyResolver.ctor: Creating AssemblyResolver with searchDirectories C:\Program Files\dotnet\sdk\8.0.204\Extensions,C:\Program Files\dotnet\sdk\8.0.204
TpTrace Verbose: 0 : 5876, 1, 2024/04/26, 09:16:34.156, 7570609748423, vstest.console.dll, TestPluginCache.DiscoverTestExtensions: Discovering the extensions using extension path.
TpTrace Verbose: 0 : 5876, 1, 2024/04/26, 09:16:34.156, 7570609749568, vstest.console.dll, TestPluginCache.GetExtensionPaths: Filtered extension paths: 
TpTrace Verbose: 0 : 5876, 1, 2024/04/26, 09:16:34.156, 7570609749930, vstest.console.dll, TestPluginCache.GetExtensionPaths: Added default extension paths: C:\Program Files\dotnet\sdk\8.0.204\Extensions\Microsoft.Diagnostics.NETCore.Client.dll
C:\Program Files\dotnet\sdk\8.0.204\Extensions\Microsoft.TestPlatform.Extensions.BlameDataCollector.dll
C:\Program Files\dotnet\sdk\8.0.204\Extensions\Microsoft.TestPlatform.Extensions.EventLogCollector.dll
C:\Program Files\dotnet\sdk\8.0.204\Extensions\Microsoft.TestPlatform.TestHostRuntimeProvider.dll
C:\Program Files\dotnet\sdk\8.0.204\Extensions\Microsoft.VisualStudio.TestPlatform.Extensions.Html.TestLogger.dll
C:\Program Files\dotnet\sdk\8.0.204\Extensions\Microsoft.VisualStudio.TestPlatform.Extensions.Trx.TestLogger.dll
TpTrace Verbose: 0 : 5876, 1, 2024/04/26, 09:16:34.156, 7570609750158, vstest.console.dll, TestPluginCache.GetExtensionPaths: Added unfilterableExtensionPaths: 
TpTrace Verbose: 0 : 5876, 1, 2024/04/26, 09:16:34.156, 7570609750602, vstest.console.dll, TestPluginCache.DiscoverTestExtensions: Discovering the extensions using allExtensionPaths: C:\Program Files\dotnet\sdk\8.0.204\Extensions\Microsoft.Diagnostics.NETCore.Client.dll
C:\Program Files\dotnet\sdk\8.0.204\Extensions\Microsoft.TestPlatform.Extensions.BlameDataCollector.dll
C:\Program Files\dotnet\sdk\8.0.204\Extensions\Microsoft.TestPlatform.Extensions.EventLogCollector.dll
C:\Program Files\dotnet\sdk\8.0.204\Extensions\Microsoft.TestPlatform.TestHostRuntimeProvider.dll
C:\Program Files\dotnet\sdk\8.0.204\Extensions\Microsoft.VisualStudio.TestPlatform.Extensions.Html.TestLogger.dll
C:\Program Files\dotnet\sdk\8.0.204\Extensions\Microsoft.VisualStudio.TestPlatform.Extensions.Trx.TestLogger.dll
TpTrace Information: 0 : 5876, 1, 2024/04/26, 09:16:34.156, 7570609751615, vstest.console.dll, AssemblyResolver.AddSearchDirectories: Adding more searchDirectories C:\Program Files\dotnet\sdk\8.0.204\Extensions,C:\Program Files\dotnet\sdk\8.0.204
TpTrace Information: 0 : 5876, 1, 2024/04/26, 09:16:34.156, 7570609752025, vstest.console.dll, AssemblyResolver.AddSearchDirectories: Adding more searchDirectories C:\Program Files\dotnet\sdk\8.0.204\Extensions,C:\Program Files\dotnet\sdk\8.0.204
TpTrace Information: 0 : 5876, 1, 2024/04/26, 09:16:34.156, 7570609752249, vstest.console.dll, AssemblyResolver.AddSearchDirectories: Adding more searchDirectories C:\Program Files\dotnet\sdk\8.0.204\Extensions,C:\Program Files\dotnet\sdk\8.0.204
TpTrace Information: 0 : 5876, 1, 2024/04/26, 09:16:34.156, 7570609752457, vstest.console.dll, AssemblyResolver.AddSearchDirectories: Adding more searchDirectories C:\Program Files\dotnet\sdk\8.0.204\Extensions,C:\Program Files\dotnet\sdk\8.0.204
TpTrace Information: 0 : 5876, 1, 2024/04/26, 09:16:34.156, 7570609752697, vstest.console.dll, AssemblyResolver.AddSearchDirectories: Adding more searchDirectories C:\Program Files\dotnet\sdk\8.0.204\Extensions,C:\Program Files\dotnet\sdk\8.0.204
TpTrace Information: 0 : 5876, 1, 2024/04/26, 09:16:34.156, 7570609752907, vstest.console.dll, AssemblyResolver.AddSearchDirectories: Adding more searchDirectories C:\Program Files\dotnet\sdk\8.0.204\Extensions,C:\Program Files\dotnet\sdk\8.0.204
TpTrace Information: 0 : 5876, 1, 2024/04/26, 09:16:34.157, 7570609756286, vstest.console.dll, AssemblyResolver.OnResolve: Microsoft.Diagnostics.NETCore.Client: Resolving assembly.
TpTrace Information: 0 : 5876, 1, 2024/04/26, 09:16:34.157, 7570609756843, vstest.console.dll, AssemblyResolver.OnResolve: Microsoft.Diagnostics.NETCore.Client: Searching in: 'C:\Program Files\dotnet\sdk\8.0.204\Extensions'.
TpTrace Information: 0 : 5876, 1, 2024/04/26, 09:16:34.162, 7570609810412, vstest.console.dll, AssemblyResolver.OnResolve: Microsoft.Diagnostics.NETCore.Client: Loading assembly 'C:\Program Files\dotnet\sdk\8.0.204\Extensions\Microsoft.Diagnostics.NETCore.Client.dll'.
TpTrace Information: 0 : 5876, 1, 2024/04/26, 09:16:34.163, 7570609816521, vstest.console.dll, AssemblyResolver.OnResolve: Resolved assembly: Microsoft.Diagnostics.NETCore.Client, from path: C:\Program Files\dotnet\sdk\8.0.204\Extensions\Microsoft.Diagnostics.NETCore.Client.dll
TpTrace Verbose: 0 : 5876, 1, 2024/04/26, 09:16:34.166, 7570609851496, vstest.console.dll, MetadataReaderExtensionsHelper: Discovering extensions inside assembly 'Microsoft.Diagnostics.NETCore.Client, Version=0.2.9.2401, Culture=neutral, PublicKeyToken=31bf3856ad364e35' file path 'C:\Program Files\dotnet\sdk\8.0.204\Extensions\Microsoft.Diagnostics.NETCore.Client.dll'
TpTrace Information: 0 : 5876, 1, 2024/04/26, 09:16:34.169, 7570609881326, vstest.console.dll, AssemblyResolver.OnResolve: Microsoft.Bcl.AsyncInterfaces: Resolving assembly.
TpTrace Information: 0 : 5876, 1, 2024/04/26, 09:16:34.169, 7570609881940, vstest.console.dll, AssemblyResolver.OnResolve: Microsoft.Bcl.AsyncInterfaces: Searching in: 'C:\Program Files\dotnet\sdk\8.0.204\Extensions'.
TpTrace Information: 0 : 5876, 1, 2024/04/26, 09:16:34.169, 7570609882474, vstest.console.dll, AssemblyResolver.OnResolve: Microsoft.Bcl.AsyncInterfaces: Assembly path does not exist: 'C:\Program Files\dotnet\sdk\8.0.204\Extensions\Microsoft.Bcl.AsyncInterfaces.dll', returning.
TpTrace Information: 0 : 5876, 1, 2024/04/26, 09:16:34.170, 7570609883176, vstest.console.dll, AssemblyResolver.OnResolve: Microsoft.Bcl.AsyncInterfaces: Assembly path does not exist: 'C:\Program Files\dotnet\sdk\8.0.204\Extensions\Microsoft.Bcl.AsyncInterfaces.exe', returning.
TpTrace Information: 0 : 5876, 1, 2024/04/26, 09:16:34.170, 7570609883414, vstest.console.dll, AssemblyResolver.OnResolve: Microsoft.Bcl.AsyncInterfaces: Searching in: 'C:\Program Files\dotnet\sdk\8.0.204'.
TpTrace Information: 0 : 5876, 1, 2024/04/26, 09:16:34.170, 7570609883780, vstest.console.dll, AssemblyResolver.OnResolve: Microsoft.Bcl.AsyncInterfaces: Assembly path does not exist: 'C:\Program Files\dotnet\sdk\8.0.204\Microsoft.Bcl.AsyncInterfaces.dll', returning.
TpTrace Information: 0 : 5876, 1, 2024/04/26, 09:16:34.170, 7570609884092, vstest.console.dll, AssemblyResolver.OnResolve: Microsoft.Bcl.AsyncInterfaces: Assembly path does not exist: 'C:\Program Files\dotnet\sdk\8.0.204\Microsoft.Bcl.AsyncInterfaces.exe', returning.
TpTrace Information: 0 : 5876, 1, 2024/04/26, 09:16:34.170, 7570609884295, vstest.console.dll, AssemblyResolver.OnResolve: Microsoft.Bcl.AsyncInterfaces: Failed to load assembly.
TpTrace Verbose: 0 : 5876, 1, 2024/04/26, 09:16:34.170, 7570609884670, vstest.console.dll, CurrentDomainAssemblyResolve: Resolving assembly 'Microsoft.Bcl.AsyncInterfaces'.
TpTrace Information: 0 : 5876, 1, 2024/04/26, 09:16:34.170, 7570609885115, vstest.console.dll, AssemblyResolver.OnResolve: Microsoft.Bcl.AsyncInterfaces: Resolving assembly.
TpTrace Information: 0 : 5876, 1, 2024/04/26, 09:16:34.170, 7570609885376, vstest.console.dll, AssemblyResolver.OnResolve: Microsoft.Bcl.AsyncInterfaces: Resolved from cache.
TpTrace Verbose: 0 : 5876, 1, 2024/04/26, 09:16:34.170, 7570609885576, vstest.console.dll, CurrentDomainAssemblyResolve: Resolving assembly 'Microsoft.Bcl.AsyncInterfaces'.
TpTrace Verbose: 0 : 5876, 1, 2024/04/26, 09:16:34.170, 7570609885812, vstest.console.dll, CurrentDomainAssemblyResolve: Failed to resolve assembly 'Microsoft.Bcl.AsyncInterfaces'.
TpTrace Verbose: 0 : 5876, 1, 2024/04/26, 09:16:34.170, 7570609890364, vstest.console.dll, CurrentDomainAssemblyResolve: Failed to resolve assembly 'Microsoft.Bcl.AsyncInterfaces'.
TpTrace Warning: 0 : 5876, 1, 2024/04/26, 09:16:34.178, 7570609966028, vstest.console.dll, TestPluginDiscoverer: Failed to get types from assembly 'Microsoft.Diagnostics.NETCore.Client, Version=0.2.9.2401, Culture=neutral, PublicKeyToken=31bf3856ad364e35'. Error: System.Reflection.ReflectionTypeLoadException: Unable to load one or more of the requested types.
Could not load file or assembly 'Microsoft.Bcl.AsyncInterfaces, Version=6.0.0.0, Culture=neutral, PublicKeyToken=cc7b13ffcd2ddd51'. The system cannot find the file specified.
   at System.Reflection.RuntimeModule.GetTypes(RuntimeModule module)
   at System.Reflection.RuntimeModule.GetTypes()
   at Microsoft.VisualStudio.TestPlatform.Common.ExtensionFramework.TestPluginDiscoverer.GetTestExtensionsFromAssembly[TPluginInfo,TExtension](Assembly assembly, Dictionary`2 pluginInfos, String filePath) in /_/src/Microsoft.TestPlatform.Common/ExtensionFramework/TestPluginDiscoverer.cs:line 158
System.IO.FileNotFoundException: Could not load file or assembly 'Microsoft.Bcl.AsyncInterfaces, Version=6.0.0.0, Culture=neutral, PublicKeyToken=cc7b13ffcd2ddd51'. The system cannot find the file specified.
File name: 'Microsoft.Bcl.AsyncInterfaces, Version=6.0.0.0, Culture=neutral, PublicKeyToken=cc7b13ffcd2ddd51'
 ---> System.IO.FileNotFoundException: Could not load file or assembly 'Microsoft.Bcl.AsyncInterfaces, Culture=neutral, PublicKeyToken=null'. The system cannot find the file specified.
File name: 'Microsoft.Bcl.AsyncInterfaces, Culture=neutral, PublicKeyToken=null'
   at System.Reflection.RuntimeAssembly.InternalLoad(AssemblyName assemblyName, StackCrawlMark& stackMark, AssemblyLoadContext assemblyLoadContext, RuntimeAssembly requestingAssembly, Boolean throwOnFileNotFound)
   at System.Reflection.Assembly.Load(AssemblyName assemblyRef)
   at Microsoft.VisualStudio.TestPlatform.Common.ExtensionFramework.TestPluginCache.CurrentDomainAssemblyResolve(Object sender, AssemblyResolveEventArgs args) in /_/src/Microsoft.TestPlatform.Common/ExtensionFramework/TestPluginCache.cs:line 513
   at System.Runtime.Loader.AssemblyLoadContext.GetFirstResolvedAssemblyFromResolvingEvent(AssemblyName assemblyName)
   at System.Runtime.Loader.AssemblyLoadContext.ResolveUsingEvent(AssemblyName assemblyName)
   at System.Runtime.Loader.AssemblyLoadContext.ResolveUsingResolvingEvent(IntPtr gchManagedAssemblyLoadContext, AssemblyName assemblyName)
TpTrace Warning: 0 : 5876, 1, 2024/04/26, 09:16:34.178, 7570609968819, vstest.console.dll, LoaderExceptions: System.IO.FileNotFoundException: Could not load file or assembly 'Microsoft.Bcl.AsyncInterfaces, Version=6.0.0.0, Culture=neutral, PublicKeyToken=cc7b13ffcd2ddd51'. The system cannot find the file specified.
File name: 'Microsoft.Bcl.AsyncInterfaces, Version=6.0.0.0, Culture=neutral, PublicKeyToken=cc7b13ffcd2ddd51'
 ---> System.IO.FileNotFoundException: Could not load file or assembly 'Microsoft.Bcl.AsyncInterfaces, Culture=neutral, PublicKeyToken=null'. The system cannot find the file specified.
File name: 'Microsoft.Bcl.AsyncInterfaces, Culture=neutral, PublicKeyToken=null'
   at System.Reflection.RuntimeAssembly.InternalLoad(AssemblyName assemblyName, StackCrawlMark& stackMark, AssemblyLoadContext assemblyLoadContext, RuntimeAssembly requestingAssembly, Boolean throwOnFileNotFound)
   at System.Reflection.Assembly.Load(AssemblyName assemblyRef)
   at Microsoft.VisualStudio.TestPlatform.Common.ExtensionFramework.TestPluginCache.CurrentDomainAssemblyResolve(Object sender, AssemblyResolveEventArgs args) in /_/src/Microsoft.TestPlatform.Common/ExtensionFramework/TestPluginCache.cs:line 513
   at System.Runtime.Loader.AssemblyLoadContext.GetFirstResolvedAssemblyFromResolvingEvent(AssemblyName assemblyName)
   at System.Runtime.Loader.AssemblyLoadContext.ResolveUsingEvent(AssemblyName assemblyName)
   at System.Runtime.Loader.AssemblyLoadContext.ResolveUsingResolvingEvent(IntPtr gchManagedAssemblyLoadContext, AssemblyName assemblyName)
TpTrace Information: 0 : 5876, 1, 2024/04/26, 09:16:34.178, 7570609969925, vstest.console.dll, AssemblyResolver.OnResolve: Microsoft.TestPlatform.Extensions.BlameDataCollector: Resolving assembly.
TpTrace Information: 0 : 5876, 1, 2024/04/26, 09:16:34.178, 7570609970239, vstest.console.dll, AssemblyResolver.OnResolve: Microsoft.TestPlatform.Extensions.BlameDataCollector: Searching in: 'C:\Program Files\dotnet\sdk\8.0.204\Extensions'.
TpTrace Information: 0 : 5876, 1, 2024/04/26, 09:16:34.178, 7570609972663, vstest.console.dll, AssemblyResolver.OnResolve: Microsoft.TestPlatform.Extensions.BlameDataCollector: Loading assembly 'C:\Program Files\dotnet\sdk\8.0.204\Extensions\Microsoft.TestPlatform.Extensions.BlameDataCollector.dll'.
TpTrace Information: 0 : 5876, 1, 2024/04/26, 09:16:34.179, 7570609977577, vstest.console.dll, AssemblyResolver.OnResolve: Resolved assembly: Microsoft.TestPlatform.Extensions.BlameDataCollector, from path: C:\Program Files\dotnet\sdk\8.0.204\Extensions\Microsoft.TestPlatform.Extensions.BlameDataCollector.dll
TpTrace Verbose: 0 : 5876, 1, 2024/04/26, 09:16:34.179, 7570609978239, vstest.console.dll, MetadataReaderExtensionsHelper: Discovering extensions inside assembly 'Microsoft.TestPlatform.Extensions.BlameDataCollector, Version=15.0.0.0, Culture=neutral, PublicKeyToken=b03f5f7f11d50a3a' file path 'C:\Program Files\dotnet\sdk\8.0.204\Extensions\Microsoft.TestPlatform.Extensions.BlameDataCollector.dll'
TpTrace Information: 0 : 5876, 1, 2024/04/26, 09:16:34.180, 7570609988853, vstest.console.dll, AssemblyResolver.OnResolve: Microsoft.TestPlatform.Extensions.EventLogCollector: Resolving assembly.
TpTrace Information: 0 : 5876, 1, 2024/04/26, 09:16:34.180, 7570609989319, vstest.console.dll, AssemblyResolver.OnResolve: Microsoft.TestPlatform.Extensions.EventLogCollector: Searching in: 'C:\Program Files\dotnet\sdk\8.0.204\Extensions'.
TpTrace Information: 0 : 5876, 1, 2024/04/26, 09:16:34.180, 7570609991473, vstest.console.dll, AssemblyResolver.OnResolve: Microsoft.TestPlatform.Extensions.EventLogCollector: Loading assembly 'C:\Program Files\dotnet\sdk\8.0.204\Extensions\Microsoft.TestPlatform.Extensions.EventLogCollector.dll'.
TpTrace Information: 0 : 5876, 1, 2024/04/26, 09:16:34.181, 7570609995208, vstest.console.dll, AssemblyResolver.OnResolve: Resolved assembly: Microsoft.TestPlatform.Extensions.EventLogCollector, from path: C:\Program Files\dotnet\sdk\8.0.204\Extensions\Microsoft.TestPlatform.Extensions.EventLogCollector.dll
TpTrace Verbose: 0 : 5876, 1, 2024/04/26, 09:16:34.181, 7570609995778, vstest.console.dll, MetadataReaderExtensionsHelper: Discovering extensions inside assembly 'Microsoft.TestPlatform.Extensions.EventLogCollector, Version=15.0.0.0, Culture=neutral, PublicKeyToken=b03f5f7f11d50a3a' file path 'C:\Program Files\dotnet\sdk\8.0.204\Extensions\Microsoft.TestPlatform.Extensions.EventLogCollector.dll'
TpTrace Information: 0 : 5876, 1, 2024/04/26, 09:16:34.182, 7570610009912, vstest.console.dll, AssemblyResolver.OnResolve: Microsoft.TestPlatform.TestHostRuntimeProvider: Resolving assembly.
TpTrace Information: 0 : 5876, 1, 2024/04/26, 09:16:34.182, 7570610010387, vstest.console.dll, AssemblyResolver.OnResolve: Microsoft.TestPlatform.TestHostRuntimeProvider: Searching in: 'C:\Program Files\dotnet\sdk\8.0.204\Extensions'.
TpTrace Information: 0 : 5876, 1, 2024/04/26, 09:16:34.182, 7570610012130, vstest.console.dll, AssemblyResolver.OnResolve: Microsoft.TestPlatform.TestHostRuntimeProvider: Loading assembly 'C:\Program Files\dotnet\sdk\8.0.204\Extensions\Microsoft.TestPlatform.TestHostRuntimeProvider.dll'.
TpTrace Information: 0 : 5876, 1, 2024/04/26, 09:16:34.183, 7570610015924, vstest.console.dll, AssemblyResolver.OnResolve: Resolved assembly: Microsoft.TestPlatform.TestHostRuntimeProvider, from path: C:\Program Files\dotnet\sdk\8.0.204\Extensions\Microsoft.TestPlatform.TestHostRuntimeProvider.dll
TpTrace Verbose: 0 : 5876, 1, 2024/04/26, 09:16:34.183, 7570610016407, vstest.console.dll, MetadataReaderExtensionsHelper: Discovering extensions inside assembly 'Microsoft.TestPlatform.TestHostRuntimeProvider, Version=15.0.0.0, Culture=neutral, PublicKeyToken=b03f5f7f11d50a3a' file path 'C:\Program Files\dotnet\sdk\8.0.204\Extensions\Microsoft.TestPlatform.TestHostRuntimeProvider.dll'
TpTrace Information: 0 : 5876, 1, 2024/04/26, 09:16:34.184, 7570610025887, vstest.console.dll, GetTestExtensionFromType: Register extension with identifier data 'HostProvider://DefaultTestHost' and type 'Microsoft.VisualStudio.TestPlatform.CrossPlatEngine.Hosting.DefaultTestHostManager, Microsoft.TestPlatform.TestHostRuntimeProvider, Version=15.0.0.0, Culture=neutral, PublicKeyToken=b03f5f7f11d50a3a' inside file 'C:\Program Files\dotnet\sdk\8.0.204\Extensions\Microsoft.TestPlatform.TestHostRuntimeProvider.dll'
TpTrace Information: 0 : 5876, 1, 2024/04/26, 09:16:34.184, 7570610027727, vstest.console.dll, GetTestExtensionFromType: Register extension with identifier data 'HostProvider://DotnetTestHost' and type 'Microsoft.VisualStudio.TestPlatform.CrossPlatEngine.Hosting.DotnetTestHostManager, Microsoft.TestPlatform.TestHostRuntimeProvider, Version=15.0.0.0, Culture=neutral, PublicKeyToken=b03f5f7f11d50a3a' inside file 'C:\Program Files\dotnet\sdk\8.0.204\Extensions\Microsoft.TestPlatform.TestHostRuntimeProvider.dll'
TpTrace Information: 0 : 5876, 1, 2024/04/26, 09:16:34.184, 7570610028292, vstest.console.dll, AssemblyResolver.OnResolve: Microsoft.VisualStudio.TestPlatform.Extensions.Html.TestLogger: Resolving assembly.
TpTrace Information: 0 : 5876, 1, 2024/04/26, 09:16:34.184, 7570610028537, vstest.console.dll, AssemblyResolver.OnResolve: Microsoft.VisualStudio.TestPlatform.Extensions.Html.TestLogger: Searching in: 'C:\Program Files\dotnet\sdk\8.0.204\Extensions'.
TpTrace Information: 0 : 5876, 1, 2024/04/26, 09:16:34.184, 7570610030353, vstest.console.dll, AssemblyResolver.OnResolve: Microsoft.VisualStudio.TestPlatform.Extensions.Html.TestLogger: Loading assembly 'C:\Program Files\dotnet\sdk\8.0.204\Extensions\Microsoft.VisualStudio.TestPlatform.Extensions.Html.TestLogger.dll'.
TpTrace Information: 0 : 5876, 1, 2024/04/26, 09:16:34.185, 7570610034221, vstest.console.dll, AssemblyResolver.OnResolve: Resolved assembly: Microsoft.VisualStudio.TestPlatform.Extensions.Html.TestLogger, from path: C:\Program Files\dotnet\sdk\8.0.204\Extensions\Microsoft.VisualStudio.TestPlatform.Extensions.Html.TestLogger.dll
TpTrace Verbose: 0 : 5876, 1, 2024/04/26, 09:16:34.185, 7570610034799, vstest.console.dll, MetadataReaderExtensionsHelper: Discovering extensions inside assembly 'Microsoft.VisualStudio.TestPlatform.Extensions.Html.TestLogger, Version=15.0.0.0, Culture=neutral, PublicKeyToken=b03f5f7f11d50a3a' file path 'C:\Program Files\dotnet\sdk\8.0.204\Extensions\Microsoft.VisualStudio.TestPlatform.Extensions.Html.TestLogger.dll'
TpTrace Information: 0 : 5876, 1, 2024/04/26, 09:16:34.185, 7570610039212, vstest.console.dll, AssemblyResolver.OnResolve: Microsoft.VisualStudio.TestPlatform.Extensions.Trx.TestLogger: Resolving assembly.
TpTrace Information: 0 : 5876, 1, 2024/04/26, 09:16:34.185, 7570610039628, vstest.console.dll, AssemblyResolver.OnResolve: Microsoft.VisualStudio.TestPlatform.Extensions.Trx.TestLogger: Searching in: 'C:\Program Files\dotnet\sdk\8.0.204\Extensions'.
TpTrace Information: 0 : 5876, 1, 2024/04/26, 09:16:34.185, 7570610041238, vstest.console.dll, AssemblyResolver.OnResolve: Microsoft.VisualStudio.TestPlatform.Extensions.Trx.TestLogger: Loading assembly 'C:\Program Files\dotnet\sdk\8.0.204\Extensions\Microsoft.VisualStudio.TestPlatform.Extensions.Trx.TestLogger.dll'.
TpTrace Information: 0 : 5876, 1, 2024/04/26, 09:16:34.186, 7570610045405, vstest.console.dll, AssemblyResolver.OnResolve: Resolved assembly: Microsoft.VisualStudio.TestPlatform.Extensions.Trx.TestLogger, from path: C:\Program Files\dotnet\sdk\8.0.204\Extensions\Microsoft.VisualStudio.TestPlatform.Extensions.Trx.TestLogger.dll
TpTrace Verbose: 0 : 5876, 1, 2024/04/26, 09:16:34.186, 7570610045881, vstest.console.dll, MetadataReaderExtensionsHelper: Discovering extensions inside assembly 'Microsoft.VisualStudio.TestPlatform.Extensions.Trx.TestLogger, Version=15.0.0.0, Culture=neutral, PublicKeyToken=b03f5f7f11d50a3a' file path 'C:\Program Files\dotnet\sdk\8.0.204\Extensions\Microsoft.VisualStudio.TestPlatform.Extensions.Trx.TestLogger.dll'
TpTrace Verbose: 0 : 5876, 1, 2024/04/26, 09:16:34.186, 7570610051781, vstest.console.dll, TestPluginCache: Discovered the extensions using extension path ''.
TpTrace Verbose: 0 : 5876, 1, 2024/04/26, 09:16:34.186, 7570610052445, vstest.console.dll, TestPluginCache: Discoverers are ''.
TpTrace Verbose: 0 : 5876, 1, 2024/04/26, 09:16:34.186, 7570610052648, vstest.console.dll, TestPluginCache: Executors are ''.
TpTrace Verbose: 0 : 5876, 1, 2024/04/26, 09:16:34.186, 7570610052837, vstest.console.dll, TestPluginCache: Executors2 are ''.
TpTrace Verbose: 0 : 5876, 1, 2024/04/26, 09:16:34.187, 7570610053028, vstest.console.dll, TestPluginCache: Setting providers are ''.
TpTrace Verbose: 0 : 5876, 1, 2024/04/26, 09:16:34.187, 7570610053216, vstest.console.dll, TestPluginCache: Loggers are ''.
TpTrace Verbose: 0 : 5876, 1, 2024/04/26, 09:16:34.187, 7570610054326, vstest.console.dll, TestPluginCache: TestHosts are 'HostProvider://DefaultTestHost,HostProvider://DotnetTestHost'.
TpTrace Verbose: 0 : 5876, 1, 2024/04/26, 09:16:34.187, 7570610054675, vstest.console.dll, TestPluginCache: DataCollectors are ''.
TpTrace Information: 0 : 5876, 1, 2024/04/26, 09:16:34.197, 7570610162390, vstest.console.dll, RunTestsArgumentProcessor:Execute: Test run is starting.
TpTrace Verbose: 0 : 5876, 1, 2024/04/26, 09:16:34.198, 7570610163315, vstest.console.dll, RunTestsArgumentProcessor:Execute: Queuing Test run.
TpTrace Information: 0 : 5876, 1, 2024/04/26, 09:16:34.198, 7570610165876, vstest.console.dll, TestRequestManager.RunTests: run tests started.
TpTrace Information: 0 : 5876, 1, 2024/04/26, 09:16:34.199, 7570610177147, vstest.console.dll, AssemblyMetadataProvider.GetFrameworkName: Determined framework:'.NETCoreApp,Version=v8.0' for source: 'C:\Users\VC\Downloads\Daily_progress\Day11\ShoppingFESoln\ShoppingBLTest\bin\Debug\net8.0\fine-code-coverage\build-output\ShoppingBLTest.dll'
TpTrace Information: 0 : 5876, 1, 2024/04/26, 09:16:34.199, 7570610178481, vstest.console.dll, Determined framework for all sources: .NETCoreApp,Version=v8.0
TpTrace Verbose: 0 : 5876, 1, 2024/04/26, 09:16:34.199, 7570610180972, vstest.console.dll, TestRequestManager.UpdateRunSettingsIfRequired: Default architecture: X64 IsDefaultTargetArchitecture: True, Current process architecture: X64 OperatingSystem: Windows.
TpTrace Information: 0 : 5876, 1, 2024/04/26, 09:16:34.201, 7570610194033, vstest.console.dll, AssemblyMetadataProvider.GetArchitecture: Determined architecture:AnyCPU info for assembly: C:\Users\VC\Downloads\Daily_progress\Day11\ShoppingFESoln\ShoppingBLTest\bin\Debug\net8.0\fine-code-coverage\build-output\ShoppingBLTest.dll
TpTrace Information: 0 : 5876, 1, 2024/04/26, 09:16:34.201, 7570610194579, vstest.console.dll, Determined platform for source 'C:\Users\VC\Downloads\Daily_progress\Day11\ShoppingFESoln\ShoppingBLTest\bin\Debug\net8.0\fine-code-coverage\build-output\ShoppingBLTest.dll' was AnyCPU and it will use the default plaform X64.
TpTrace Information: 0 : 5876, 1, 2024/04/26, 09:16:34.201, 7570610194795, vstest.console.dll, None of the sources provided any runnable platform, using the default platform: X64
TpTrace Information: 0 : 5876, 1, 2024/04/26, 09:16:34.201, 7570610195504, vstest.console.dll, Platform was updated to 'X64'.
TpTrace Information: 0 : 5876, 1, 2024/04/26, 09:16:34.203, 7570610218143, vstest.console.dll, InferRunSettingsHelper.IsTestSettingsEnabled: Unable to navigate to RunSettings/MSTest. Current node: RunSettings
TpTrace Information: 0 : 5876, 1, 2024/04/26, 09:16:34.204, 7570610222980, vstest.console.dll, AssemblyResolver.OnResolve: Microsoft.VisualStudio.TestPlatform.Fakes: Resolving assembly.
TpTrace Information: 0 : 5876, 1, 2024/04/26, 09:16:34.204, 7570610223514, vstest.console.dll, AssemblyResolver.OnResolve: Microsoft.VisualStudio.TestPlatform.Fakes: Searching in: 'C:\Program Files\dotnet\sdk\8.0.204\Extensions'.
TpTrace Information: 0 : 5876, 1, 2024/04/26, 09:16:34.204, 7570610224173, vstest.console.dll, AssemblyResolver.OnResolve: Microsoft.VisualStudio.TestPlatform.Fakes: Assembly path does not exist: 'C:\Program Files\dotnet\sdk\8.0.204\Extensions\Microsoft.VisualStudio.TestPlatform.Fakes.dll', returning.
TpTrace Information: 0 : 5876, 1, 2024/04/26, 09:16:34.204, 7570610224516, vstest.console.dll, AssemblyResolver.OnResolve: Microsoft.VisualStudio.TestPlatform.Fakes: Assembly path does not exist: 'C:\Program Files\dotnet\sdk\8.0.204\Extensions\Microsoft.VisualStudio.TestPlatform.Fakes.exe', returning.
TpTrace Information: 0 : 5876, 1, 2024/04/26, 09:16:34.204, 7570610224738, vstest.console.dll, AssemblyResolver.OnResolve: Microsoft.VisualStudio.TestPlatform.Fakes: Searching in: 'C:\Program Files\dotnet\sdk\8.0.204'.
TpTrace Information: 0 : 5876, 1, 2024/04/26, 09:16:34.204, 7570610225161, vstest.console.dll, AssemblyResolver.OnResolve: Microsoft.VisualStudio.TestPlatform.Fakes: Assembly path does not exist: 'C:\Program Files\dotnet\sdk\8.0.204\Microsoft.VisualStudio.TestPlatform.Fakes.dll', returning.
TpTrace Information: 0 : 5876, 1, 2024/04/26, 09:16:34.204, 7570610225482, vstest.console.dll, AssemblyResolver.OnResolve: Microsoft.VisualStudio.TestPlatform.Fakes: Assembly path does not exist: 'C:\Program Files\dotnet\sdk\8.0.204\Microsoft.VisualStudio.TestPlatform.Fakes.exe', returning.
TpTrace Information: 0 : 5876, 1, 2024/04/26, 09:16:34.204, 7570610225690, vstest.console.dll, AssemblyResolver.OnResolve: Microsoft.VisualStudio.TestPlatform.Fakes: Failed to load assembly.
TpTrace Information: 0 : 5876, 1, 2024/04/26, 09:16:34.204, 7570610227677, vstest.console.dll, Failed to load assembly Microsoft.VisualStudio.TestPlatform.Fakes, Version=17.0.0.0, Culture=neutral. Reason:System.IO.FileNotFoundException: Could not load file or assembly 'Microsoft.VisualStudio.TestPlatform.Fakes, Version=17.0.0.0, Culture=neutral, PublicKeyToken=null'. The system cannot find the file specified.
File name: 'Microsoft.VisualStudio.TestPlatform.Fakes, Version=17.0.0.0, Culture=neutral, PublicKeyToken=null'
   at System.Reflection.RuntimeAssembly.InternalLoad(AssemblyName assemblyName, StackCrawlMark& stackMark, AssemblyLoadContext assemblyLoadContext, RuntimeAssembly requestingAssembly, Boolean throwOnFileNotFound)
   at System.Reflection.Assembly.Load(AssemblyName assemblyRef)
   at Microsoft.VisualStudio.TestPlatform.Common.Utilities.FakesUtilities.LoadTestPlatformAssembly() in /_/src/Microsoft.TestPlatform.Common/Utilities/FakesUtilities.cs:line 272
TpTrace Verbose: 0 : 5876, 1, 2024/04/26, 09:16:34.207, 7570610254133, vstest.console.dll, TestPluginCache.DiscoverTestExtensions: finding test extensions in assemblies ends with: TestLogger.dll TPluginInfo: Microsoft.VisualStudio.TestPlatform.Common.ExtensionFramework.Utilities.TestLoggerPluginInformation TExtension: Microsoft.VisualStudio.TestPlatform.ObjectModel.Client.ITestLogger
TpTrace Verbose: 0 : 5876, 1, 2024/04/26, 09:16:34.207, 7570610254991, vstest.console.dll, TestPluginCache.GetExtensionPaths: Filtered extension paths: 
TpTrace Verbose: 0 : 5876, 1, 2024/04/26, 09:16:34.207, 7570610255306, vstest.console.dll, TestPluginCache.GetExtensionPaths: Added default extension paths: C:\Program Files\dotnet\sdk\8.0.204\Extensions\Microsoft.Diagnostics.NETCore.Client.dll
C:\Program Files\dotnet\sdk\8.0.204\Extensions\Microsoft.TestPlatform.Extensions.BlameDataCollector.dll
C:\Program Files\dotnet\sdk\8.0.204\Extensions\Microsoft.TestPlatform.Extensions.EventLogCollector.dll
C:\Program Files\dotnet\sdk\8.0.204\Extensions\Microsoft.TestPlatform.TestHostRuntimeProvider.dll
C:\Program Files\dotnet\sdk\8.0.204\Extensions\Microsoft.VisualStudio.TestPlatform.Extensions.Html.TestLogger.dll
C:\Program Files\dotnet\sdk\8.0.204\Extensions\Microsoft.VisualStudio.TestPlatform.Extensions.Trx.TestLogger.dll
TpTrace Verbose: 0 : 5876, 1, 2024/04/26, 09:16:34.207, 7570610255532, vstest.console.dll, TestPluginCache.GetExtensionPaths: Added unfilterableExtensionPaths: 
TpTrace Information: 0 : 5876, 1, 2024/04/26, 09:16:34.207, 7570610256518, vstest.console.dll, AssemblyResolver.AddSearchDirectories: Adding more searchDirectories C:\Program Files\dotnet\sdk\8.0.204\Extensions,C:\Program Files\dotnet\sdk\8.0.204
TpTrace Verbose: 0 : 5876, 1, 2024/04/26, 09:16:34.207, 7570610256833, vstest.console.dll, TestPluginCache.DiscoverTestExtensions: Discovering the extensions using extension path.
TpTrace Verbose: 0 : 5876, 1, 2024/04/26, 09:16:34.207, 7570610257073, vstest.console.dll, TestPluginCache.GetExtensionPaths: Filtered extension paths: 
TpTrace Verbose: 0 : 5876, 1, 2024/04/26, 09:16:34.207, 7570610257382, vstest.console.dll, TestPluginCache.GetExtensionPaths: Added default extension paths: C:\Program Files\dotnet\sdk\8.0.204\Extensions\Microsoft.Diagnostics.NETCore.Client.dll
C:\Program Files\dotnet\sdk\8.0.204\Extensions\Microsoft.TestPlatform.Extensions.BlameDataCollector.dll
C:\Program Files\dotnet\sdk\8.0.204\Extensions\Microsoft.TestPlatform.Extensions.EventLogCollector.dll
C:\Program Files\dotnet\sdk\8.0.204\Extensions\Microsoft.TestPlatform.TestHostRuntimeProvider.dll
C:\Program Files\dotnet\sdk\8.0.204\Extensions\Microsoft.VisualStudio.TestPlatform.Extensions.Html.TestLogger.dll
C:\Program Files\dotnet\sdk\8.0.204\Extensions\Microsoft.VisualStudio.TestPlatform.Extensions.Trx.TestLogger.dll
TpTrace Verbose: 0 : 5876, 1, 2024/04/26, 09:16:34.207, 7570610257601, vstest.console.dll, TestPluginCache.GetExtensionPaths: Added unfilterableExtensionPaths: 
TpTrace Verbose: 0 : 5876, 1, 2024/04/26, 09:16:34.207, 7570610257828, vstest.console.dll, TestPluginCache.DiscoverTestExtensions: Discovering the extensions using allExtensionPaths: C:\Program Files\dotnet\sdk\8.0.204\Extensions\Microsoft.Diagnostics.NETCore.Client.dll
C:\Program Files\dotnet\sdk\8.0.204\Extensions\Microsoft.TestPlatform.Extensions.BlameDataCollector.dll
C:\Program Files\dotnet\sdk\8.0.204\Extensions\Microsoft.TestPlatform.Extensions.EventLogCollector.dll
C:\Program Files\dotnet\sdk\8.0.204\Extensions\Microsoft.TestPlatform.TestHostRuntimeProvider.dll
C:\Program Files\dotnet\sdk\8.0.204\Extensions\Microsoft.VisualStudio.TestPlatform.Extensions.Html.TestLogger.dll
C:\Program Files\dotnet\sdk\8.0.204\Extensions\Microsoft.VisualStudio.TestPlatform.Extensions.Trx.TestLogger.dll
TpTrace Information: 0 : 5876, 1, 2024/04/26, 09:16:34.207, 7570610258479, vstest.console.dll, AssemblyResolver.AddSearchDirectories: Adding more searchDirectories C:\Program Files\dotnet\sdk\8.0.204\Extensions,C:\Program Files\dotnet\sdk\8.0.204
TpTrace Information: 0 : 5876, 1, 2024/04/26, 09:16:34.207, 7570610258864, vstest.console.dll, AssemblyResolver.AddSearchDirectories: Adding more searchDirectories C:\Program Files\dotnet\sdk\8.0.204\Extensions,C:\Program Files\dotnet\sdk\8.0.204
TpTrace Information: 0 : 5876, 1, 2024/04/26, 09:16:34.207, 7570610259082, vstest.console.dll, AssemblyResolver.AddSearchDirectories: Adding more searchDirectories C:\Program Files\dotnet\sdk\8.0.204\Extensions,C:\Program Files\dotnet\sdk\8.0.204
TpTrace Information: 0 : 5876, 1, 2024/04/26, 09:16:34.207, 7570610259298, vstest.console.dll, AssemblyResolver.AddSearchDirectories: Adding more searchDirectories C:\Program Files\dotnet\sdk\8.0.204\Extensions,C:\Program Files\dotnet\sdk\8.0.204
TpTrace Information: 0 : 5876, 1, 2024/04/26, 09:16:34.207, 7570610259554, vstest.console.dll, AssemblyResolver.AddSearchDirectories: Adding more searchDirectories C:\Program Files\dotnet\sdk\8.0.204\Extensions,C:\Program Files\dotnet\sdk\8.0.204
TpTrace Information: 0 : 5876, 1, 2024/04/26, 09:16:34.207, 7570610259762, vstest.console.dll, AssemblyResolver.AddSearchDirectories: Adding more searchDirectories C:\Program Files\dotnet\sdk\8.0.204\Extensions,C:\Program Files\dotnet\sdk\8.0.204
TpTrace Verbose: 0 : 5876, 1, 2024/04/26, 09:16:34.207, 7570610260579, vstest.console.dll, MetadataReaderExtensionsHelper: Discovering extensions inside assembly 'Microsoft.Diagnostics.NETCore.Client, Version=0.2.9.2401, Culture=neutral, PublicKeyToken=31bf3856ad364e35' file path 'C:\Program Files\dotnet\sdk\8.0.204\Extensions\Microsoft.Diagnostics.NETCore.Client.dll'
TpTrace Information: 0 : 5876, 1, 2024/04/26, 09:16:34.208, 7570610266381, vstest.console.dll, AssemblyResolver.OnResolve: Microsoft.Bcl.AsyncInterfaces: Resolving assembly.
TpTrace Information: 0 : 5876, 1, 2024/04/26, 09:16:34.208, 7570610266906, vstest.console.dll, AssemblyResolver.OnResolve: Microsoft.Bcl.AsyncInterfaces: Resolved from cache.
TpTrace Verbose: 0 : 5876, 1, 2024/04/26, 09:16:34.208, 7570610267144, vstest.console.dll, CurrentDomainAssemblyResolve: Resolving assembly 'Microsoft.Bcl.AsyncInterfaces'.
TpTrace Information: 0 : 5876, 1, 2024/04/26, 09:16:34.208, 7570610267465, vstest.console.dll, AssemblyResolver.OnResolve: Microsoft.Bcl.AsyncInterfaces: Resolving assembly.
TpTrace Information: 0 : 5876, 1, 2024/04/26, 09:16:34.208, 7570610267741, vstest.console.dll, AssemblyResolver.OnResolve: Microsoft.Bcl.AsyncInterfaces: Resolved from cache.
TpTrace Verbose: 0 : 5876, 1, 2024/04/26, 09:16:34.208, 7570610267976, vstest.console.dll, CurrentDomainAssemblyResolve: Resolving assembly 'Microsoft.Bcl.AsyncInterfaces'.
TpTrace Verbose: 0 : 5876, 1, 2024/04/26, 09:16:34.208, 7570610268175, vstest.console.dll, CurrentDomainAssemblyResolve: Failed to resolve assembly 'Microsoft.Bcl.AsyncInterfaces'.
TpTrace Verbose: 0 : 5876, 1, 2024/04/26, 09:16:34.208, 7570610269199, vstest.console.dll, CurrentDomainAssemblyResolve: Failed to resolve assembly 'Microsoft.Bcl.AsyncInterfaces'.
TpTrace Warning: 0 : 5876, 1, 2024/04/26, 09:16:34.208, 7570610271820, vstest.console.dll, TestPluginDiscoverer: Failed to get types from assembly 'Microsoft.Diagnostics.NETCore.Client, Version=0.2.9.2401, Culture=neutral, PublicKeyToken=31bf3856ad364e35'. Error: System.Reflection.ReflectionTypeLoadException: Unable to load one or more of the requested types.
Could not load file or assembly 'Microsoft.Bcl.AsyncInterfaces, Version=6.0.0.0, Culture=neutral, PublicKeyToken=cc7b13ffcd2ddd51'. The system cannot find the file specified.
   at System.Reflection.RuntimeModule.GetTypes(RuntimeModule module)
   at System.Reflection.RuntimeModule.GetTypes()
   at Microsoft.VisualStudio.TestPlatform.Common.ExtensionFramework.TestPluginDiscoverer.GetTestExtensionsFromAssembly[TPluginInfo,TExtension](Assembly assembly, Dictionary`2 pluginInfos, String filePath) in /_/src/Microsoft.TestPlatform.Common/ExtensionFramework/TestPluginDiscoverer.cs:line 158
System.IO.FileNotFoundException: Could not load file or assembly 'Microsoft.Bcl.AsyncInterfaces, Version=6.0.0.0, Culture=neutral, PublicKeyToken=cc7b13ffcd2ddd51'. The system cannot find the file specified.
File name: 'Microsoft.Bcl.AsyncInterfaces, Version=6.0.0.0, Culture=neutral, PublicKeyToken=cc7b13ffcd2ddd51'
 ---> System.IO.FileNotFoundException: Could not load file or assembly 'Microsoft.Bcl.AsyncInterfaces, Culture=neutral, PublicKeyToken=null'. The system cannot find the file specified.
File name: 'Microsoft.Bcl.AsyncInterfaces, Culture=neutral, PublicKeyToken=null'
   at System.Reflection.RuntimeAssembly.InternalLoad(AssemblyName assemblyName, StackCrawlMark& stackMark, AssemblyLoadContext assemblyLoadContext, RuntimeAssembly requestingAssembly, Boolean throwOnFileNotFound)
   at System.Reflection.Assembly.Load(AssemblyName assemblyRef)
   at Microsoft.VisualStudio.TestPlatform.Common.ExtensionFramework.TestPluginCache.CurrentDomainAssemblyResolve(Object sender, AssemblyResolveEventArgs args) in /_/src/Microsoft.TestPlatform.Common/ExtensionFramework/TestPluginCache.cs:line 513
   at System.Runtime.Loader.AssemblyLoadContext.GetFirstResolvedAssemblyFromResolvingEvent(AssemblyName assemblyName)
   at System.Runtime.Loader.AssemblyLoadContext.ResolveUsingEvent(AssemblyName assemblyName)
   at System.Runtime.Loader.AssemblyLoadContext.ResolveUsingResolvingEvent(IntPtr gchManagedAssemblyLoadContext, AssemblyName assemblyName)
TpTrace Warning: 0 : 5876, 1, 2024/04/26, 09:16:34.209, 7570610273027, vstest.console.dll, LoaderExceptions: System.IO.FileNotFoundException: Could not load file or assembly 'Microsoft.Bcl.AsyncInterfaces, Version=6.0.0.0, Culture=neutral, PublicKeyToken=cc7b13ffcd2ddd51'. The system cannot find the file specified.
File name: 'Microsoft.Bcl.AsyncInterfaces, Version=6.0.0.0, Culture=neutral, PublicKeyToken=cc7b13ffcd2ddd51'
 ---> System.IO.FileNotFoundException: Could not load file or assembly 'Microsoft.Bcl.AsyncInterfaces, Culture=neutral, PublicKeyToken=null'. The system cannot find the file specified.
File name: 'Microsoft.Bcl.AsyncInterfaces, Culture=neutral, PublicKeyToken=null'
   at System.Reflection.RuntimeAssembly.InternalLoad(AssemblyName assemblyName, StackCrawlMark& stackMark, AssemblyLoadContext assemblyLoadContext, RuntimeAssembly requestingAssembly, Boolean throwOnFileNotFound)
   at System.Reflection.Assembly.Load(AssemblyName assemblyRef)
   at Microsoft.VisualStudio.TestPlatform.Common.ExtensionFramework.TestPluginCache.CurrentDomainAssemblyResolve(Object sender, AssemblyResolveEventArgs args) in /_/src/Microsoft.TestPlatform.Common/ExtensionFramework/TestPluginCache.cs:line 513
   at System.Runtime.Loader.AssemblyLoadContext.GetFirstResolvedAssemblyFromResolvingEvent(AssemblyName assemblyName)
   at System.Runtime.Loader.AssemblyLoadContext.ResolveUsingEvent(AssemblyName assemblyName)
   at System.Runtime.Loader.AssemblyLoadContext.ResolveUsingResolvingEvent(IntPtr gchManagedAssemblyLoadContext, AssemblyName assemblyName)
TpTrace Verbose: 0 : 5876, 1, 2024/04/26, 09:16:34.209, 7570610273588, vstest.console.dll, MetadataReaderExtensionsHelper: Discovering extensions inside assembly 'Microsoft.TestPlatform.Extensions.BlameDataCollector, Version=15.0.0.0, Culture=neutral, PublicKeyToken=b03f5f7f11d50a3a' file path 'C:\Program Files\dotnet\sdk\8.0.204\Extensions\Microsoft.TestPlatform.Extensions.BlameDataCollector.dll'
TpTrace Information: 0 : 5876, 1, 2024/04/26, 09:16:34.209, 7570610277677, vstest.console.dll, GetTestExtensionFromType: Register extension with identifier data 'logger://Microsoft/TestPlatform/Extensions/Blame/v1' and type 'Microsoft.TestPlatform.Extensions.BlameDataCollector.BlameLogger, Microsoft.TestPlatform.Extensions.BlameDataCollector, Version=15.0.0.0, Culture=neutral, PublicKeyToken=b03f5f7f11d50a3a' inside file 'C:\Program Files\dotnet\sdk\8.0.204\Extensions\Microsoft.TestPlatform.Extensions.BlameDataCollector.dll'
TpTrace Verbose: 0 : 5876, 1, 2024/04/26, 09:16:34.209, 7570610278327, vstest.console.dll, MetadataReaderExtensionsHelper: Discovering extensions inside assembly 'Microsoft.TestPlatform.Extensions.EventLogCollector, Version=15.0.0.0, Culture=neutral, PublicKeyToken=b03f5f7f11d50a3a' file path 'C:\Program Files\dotnet\sdk\8.0.204\Extensions\Microsoft.TestPlatform.Extensions.EventLogCollector.dll'
TpTrace Verbose: 0 : 5876, 1, 2024/04/26, 09:16:34.209, 7570610280822, vstest.console.dll, MetadataReaderExtensionsHelper: Discovering extensions inside assembly 'Microsoft.TestPlatform.TestHostRuntimeProvider, Version=15.0.0.0, Culture=neutral, PublicKeyToken=b03f5f7f11d50a3a' file path 'C:\Program Files\dotnet\sdk\8.0.204\Extensions\Microsoft.TestPlatform.TestHostRuntimeProvider.dll'
TpTrace Verbose: 0 : 5876, 1, 2024/04/26, 09:16:34.210, 7570610283123, vstest.console.dll, MetadataReaderExtensionsHelper: Discovering extensions inside assembly 'Microsoft.VisualStudio.TestPlatform.Extensions.Html.TestLogger, Version=15.0.0.0, Culture=neutral, PublicKeyToken=b03f5f7f11d50a3a' file path 'C:\Program Files\dotnet\sdk\8.0.204\Extensions\Microsoft.VisualStudio.TestPlatform.Extensions.Html.TestLogger.dll'
TpTrace Information: 0 : 5876, 1, 2024/04/26, 09:16:34.210, 7570610286833, vstest.console.dll, GetTestExtensionFromType: Register extension with identifier data 'logger://Microsoft/TestPlatform/HtmlLogger/v1' and type 'Microsoft.VisualStudio.TestPlatform.Extensions.HtmlLogger.HtmlLogger, Microsoft.VisualStudio.TestPlatform.Extensions.Html.TestLogger, Version=15.0.0.0, Culture=neutral, PublicKeyToken=b03f5f7f11d50a3a' inside file 'C:\Program Files\dotnet\sdk\8.0.204\Extensions\Microsoft.VisualStudio.TestPlatform.Extensions.Html.TestLogger.dll'
TpTrace Verbose: 0 : 5876, 1, 2024/04/26, 09:16:34.210, 7570610287371, vstest.console.dll, MetadataReaderExtensionsHelper: Discovering extensions inside assembly 'Microsoft.VisualStudio.TestPlatform.Extensions.Trx.TestLogger, Version=15.0.0.0, Culture=neutral, PublicKeyToken=b03f5f7f11d50a3a' file path 'C:\Program Files\dotnet\sdk\8.0.204\Extensions\Microsoft.VisualStudio.TestPlatform.Extensions.Trx.TestLogger.dll'
TpTrace Information: 0 : 5876, 1, 2024/04/26, 09:16:34.210, 7570610289740, vstest.console.dll, GetTestExtensionFromType: Register extension with identifier data 'logger://Microsoft/TestPlatform/TrxLogger/v1' and type 'Microsoft.VisualStudio.TestPlatform.Extensions.TrxLogger.TrxLogger, Microsoft.VisualStudio.TestPlatform.Extensions.Trx.TestLogger, Version=15.0.0.0, Culture=neutral, PublicKeyToken=b03f5f7f11d50a3a' inside file 'C:\Program Files\dotnet\sdk\8.0.204\Extensions\Microsoft.VisualStudio.TestPlatform.Extensions.Trx.TestLogger.dll'
TpTrace Verbose: 0 : 5876, 1, 2024/04/26, 09:16:34.210, 7570610290255, vstest.console.dll, TestPluginCache: Discovered the extensions using extension path ''.
TpTrace Verbose: 0 : 5876, 1, 2024/04/26, 09:16:34.210, 7570610290512, vstest.console.dll, TestPluginCache: Discoverers are ''.
TpTrace Verbose: 0 : 5876, 1, 2024/04/26, 09:16:34.210, 7570610290732, vstest.console.dll, TestPluginCache: Executors are ''.
TpTrace Verbose: 0 : 5876, 1, 2024/04/26, 09:16:34.210, 7570610290923, vstest.console.dll, TestPluginCache: Executors2 are ''.
TpTrace Verbose: 0 : 5876, 1, 2024/04/26, 09:16:34.210, 7570610291109, vstest.console.dll, TestPluginCache: Setting providers are ''.
TpTrace Verbose: 0 : 5876, 1, 2024/04/26, 09:16:34.210, 7570610291722, vstest.console.dll, TestPluginCache: Loggers are 'logger://Microsoft/TestPlatform/Extensions/Blame/v1,logger://Microsoft/TestPlatform/HtmlLogger/v1,logger://Microsoft/TestPlatform/TrxLogger/v1'.
TpTrace Verbose: 0 : 5876, 1, 2024/04/26, 09:16:34.210, 7570610292044, vstest.console.dll, TestPluginCache: TestHosts are 'HostProvider://DefaultTestHost,HostProvider://DotnetTestHost'.
TpTrace Verbose: 0 : 5876, 1, 2024/04/26, 09:16:34.210, 7570610292288, vstest.console.dll, TestPluginCache: DataCollectors are ''.
TpTrace Information: 0 : 5876, 1, 2024/04/26, 09:16:34.211, 7570610298358, vstest.console.dll, TestPluginManager.CreateTestExtension: Attempting to load test extension: Microsoft.TestPlatform.Extensions.BlameDataCollector.BlameLogger
TpTrace Verbose: 0 : 5876, 1, 2024/04/26, 09:16:34.216, 7570610351281, vstest.console.dll, TestEngine: Initializing Parallel Execution as MaxCpuCount is set to: 1
TpTrace Information: 0 : 5876, 1, 2024/04/26, 09:16:34.217, 7570610362400, vstest.console.dll, TestPluginManager.CreateTestExtension: Attempting to load test extension: Microsoft.VisualStudio.TestPlatform.CrossPlatEngine.Hosting.DefaultTestHostManager
TpTrace Information: 0 : 5876, 1, 2024/04/26, 09:16:34.218, 7570610369744, vstest.console.dll, TestPluginManager.CreateTestExtension: Attempting to load test extension: Microsoft.VisualStudio.TestPlatform.CrossPlatEngine.Hosting.DotnetTestHostManager
TpTrace Information: 0 : 5876, 1, 2024/04/26, 09:16:34.219, 7570610373502, vstest.console.dll, InferRunSettingsHelper.IsTestSettingsEnabled: Unable to navigate to RunSettings/MSTest. Current node: RunSettings
TpTrace Verbose: 0 : 5876, 1, 2024/04/26, 09:16:34.219, 7570610380887, vstest.console.dll, ParallelOperationManager.ClearSlots: Clearing all slots. Slots should accept more work: True
TpTrace Verbose: 0 : 5876, 1, 2024/04/26, 09:16:34.220, 7570610385721, vstest.console.dll, ParallelOperationManager.SetOccupiedSlotCount: Setting slot counts AvailableSlotCount = 1, OccupiedSlotCount = 0.
TpTrace Verbose: 0 : 5876, 1, 2024/04/26, 09:16:34.220, 7570610387883, vstest.console.dll, Occupied slots:

TpTrace Verbose: 0 : 5876, 1, 2024/04/26, 09:16:34.222, 7570610410485, vstest.console.dll, TestEngine.GetExecutionManager: Chosen execution manager 'Microsoft.VisualStudio.TestPlatform.CrossPlatEngine.Client.Parallel.ParallelProxyExecutionManager, Microsoft.TestPlatform.CrossPlatEngine, Version=15.0.0.0, Culture=neutral, PublicKeyToken=b03f5f7f11d50a3a' ParallelLevel '1'.
TpTrace Verbose: 0 : 5876, 1, 2024/04/26, 09:16:34.222, 7570610411490, vstest.console.dll, TestRunRequest.ExecuteAsync: Creating test run request.
TpTrace Verbose: 0 : 5876, 1, 2024/04/26, 09:16:34.223, 7570610413097, vstest.console.dll, TestRunRequest.ExecuteAsync: Starting.
TpTrace Information: 0 : 5876, 1, 2024/04/26, 09:16:34.223, 7570610422083, vstest.console.dll, TestRunRequest.ExecuteAsync: Starting run with settings:TestRunCriteria:
   KeepAlive=False,FrequencyOfRunStatsChangeEvent=10,RunStatsChangeEventTimeout=00:00:01.5000000,TestCaseFilter=,TestExecutorLauncher=
   Settingsxml=<RunSettings>
  <RunConfiguration>
    <ResultsDirectory>C:\Users\VC\Downloads\Daily_progress\Day11\ShoppingFESoln\ShoppingBLTest\bin\Debug\net8.0\fine-code-coverage\coverage-tool-output</ResultsDirectory>
    <TargetPlatform>X64</TargetPlatform>
    <TargetFrameworkVersion>.NETCoreApp,Version=v8.0</TargetFrameworkVersion>
    <DesignMode>False</DesignMode>
    <CollectSourceInformation>False</CollectSourceInformation>
  </RunConfiguration>
  <LoggerRunSettings>
    <Loggers>
      <Logger friendlyName="blame" enabled="True" />
      <Logger friendlyName="Console" uri="logger://microsoft/TestPlatform/ConsoleLogger/v1" assemblyQualifiedName="Microsoft.VisualStudio.TestPlatform.CommandLine.Internal.ConsoleLogger, vstest.console, Version=15.0.0.0, Culture=neutral, PublicKeyToken=b03f5f7f11d50a3a" codeBase="C:\Program Files\dotnet\sdk\8.0.204\vstest.console.dll" enabled="True" />
    </Loggers>
  </LoggerRunSettings>
  <DataCollectionRunSettings>
    <DataCollectors>
      <DataCollector friendlyName="blame" enabled="True">
        <Configuration>
          <ResultsDirectory>C:\Users\VC\Downloads\Daily_progress\Day11\ShoppingFESoln\ShoppingBLTest\bin\Debug\net8.0\fine-code-coverage\coverage-tool-output</ResultsDirectory>
        </Configuration>
      </DataCollector>
    </DataCollectors>
  </DataCollectionRunSettings>
</RunSettings>

TpTrace Verbose: 0 : 5876, 1, 2024/04/26, 09:16:34.223, 7570610422616, vstest.console.dll, TestRunRequest.ExecuteAsync: Wait for the first run request is over.
TpTrace Verbose: 0 : 5876, 1, 2024/04/26, 09:16:34.224, 7570610425118, vstest.console.dll, MulticastDelegateUtilities.SafeInvoke: TestRun.TestRunStart: Invoking callbacks was skipped because there are no subscribers.
TpTrace Verbose: 0 : 5876, 4, 2024/04/26, 09:16:34.224, 7570610427638, vstest.console.dll, MulticastDelegateUtilities.SafeInvoke: InternalTestLoggerEvents.SendTestRunStart: Invoking callback 1/1 for Microsoft.VisualStudio.TestPlatform.CommandLine.Internal.ConsoleLogger., took 0 ms.
TpTrace Verbose: 0 : 5876, 1, 2024/04/26, 09:16:34.225, 7570610434777, vstest.console.dll, ParallelProxyExecutionManager: Start execution. Total sources: 1
TpTrace Verbose: 0 : 5876, 1, 2024/04/26, 09:16:34.225, 7570610437974, vstest.console.dll, ParallelOperationManager.StartWork: Starting adding 1 workloads.
TpTrace Verbose: 0 : 5876, 1, 2024/04/26, 09:16:34.225, 7570610438578, vstest.console.dll, ParallelOperationManager.ClearSlots: Clearing all slots. Slots should accept more work: True
TpTrace Verbose: 0 : 5876, 1, 2024/04/26, 09:16:34.225, 7570610439227, vstest.console.dll, ParallelOperationManager.SetOccupiedSlotCount: Setting slot counts AvailableSlotCount = 1, OccupiedSlotCount = 0.
TpTrace Verbose: 0 : 5876, 1, 2024/04/26, 09:16:34.225, 7570610439607, vstest.console.dll, Occupied slots:

TpTrace Verbose: 0 : 5876, 1, 2024/04/26, 09:16:34.226, 7570610452294, vstest.console.dll, TestRequestSender is acting as server.
TpTrace Verbose: 0 : 5876, 1, 2024/04/26, 09:16:34.228, 7570610465011, vstest.console.dll, ParallelOperationManager.RunWorkInParallel: Adding 1 workload to slot, remaining workloads 0.
TpTrace Verbose: 0 : 5876, 1, 2024/04/26, 09:16:34.228, 7570610465565, vstest.console.dll, ParallelOperationManager.SetOccupiedSlotCount: Setting slot counts AvailableSlotCount = 0, OccupiedSlotCount = 1.
TpTrace Verbose: 0 : 5876, 1, 2024/04/26, 09:16:34.228, 7570610466402, vstest.console.dll, Occupied slots:
0: C:\Users\VC\Downloads\Daily_progress\Day11\ShoppingFESoln\ShoppingBLTest\bin\Debug\net8.0\fine-code-coverage\build-output\ShoppingBLTest.dll
TpTrace Verbose: 0 : 5876, 1, 2024/04/26, 09:16:34.229, 7570610475636, vstest.console.dll, ParallelOperationManager.RunWorkInParallel: Started host in slot number 0 for work (source): C:\Users\VC\Downloads\Daily_progress\Day11\ShoppingFESoln\ShoppingBLTest\bin\Debug\net8.0\fine-code-coverage\build-output\ShoppingBLTest.dll.
TpTrace Verbose: 0 : 5876, 1, 2024/04/26, 09:16:34.230, 7570610484757, vstest.console.dll, ParallelOperationManager.RunWorkInParallel: We started 1 work items, which is the max parallel level. Won't start more work.
TpTrace Verbose: 0 : 5876, 1, 2024/04/26, 09:16:34.230, 7570610485596, vstest.console.dll, ParallelOperationManager.RunWorkInParallel: We started 1 work items in here, returning True.
TpTrace Information: 0 : 5876, 1, 2024/04/26, 09:16:34.230, 7570610486011, vstest.console.dll, TestRunRequest.ExecuteAsync: Started.
TpTrace Verbose: 0 : 5876, 5, 2024/04/26, 09:16:34.230, 7570610486488, vstest.console.dll, ParallelProxyExecutionManager.StartTestRunOnConcurrentManager: Initializing uninitialized client. Started clients: 0
TpTrace Verbose: 0 : 5876, 5, 2024/04/26, 09:16:34.230, 7570610487855, vstest.console.dll, DataCollectionRequestSender.InitializeCommunication : Initialize communication. 
TpTrace Verbose: 0 : 5876, 1, 2024/04/26, 09:16:34.230, 7570610491302, vstest.console.dll, TestRunRequest.WaitForCompletion: Waiting with timeout -1.
TpTrace Information: 0 : 5876, 5, 2024/04/26, 09:16:34.237, 7570610556365, vstest.console.dll, Listening on Endpoint : 127.0.0.1:55019
TpTrace Verbose: 0 : 5876, 5, 2024/04/26, 09:16:34.242, 7570610606290, vstest.console.dll, DotnetDataCollectionLauncher: Adding  --runtimeconfig "C:\Program Files\dotnet\sdk\8.0.204\datacollector.runtimeconfig.json" in args
TpTrace Verbose: 0 : 5876, 5, 2024/04/26, 09:16:34.242, 7570610607377, vstest.console.dll, DotnetDataCollectionLauncher: Adding  --depsfile "C:\Program Files\dotnet\sdk\8.0.204\datacollector.deps.json" in args
TpTrace Verbose: 0 : 5876, 5, 2024/04/26, 09:16:34.243, 7570610613005, vstest.console.dll, DotnetDataCollectionLauncher: Full path of dotnet.exe is C:\Program Files\dotnet\dotnet.exe
TpTrace Information: 0 : 5876, 5, 2024/04/26, 09:16:34.248, 7570610671479, vstest.console.dll, ProxyDataCollectionManager.Initialize: Launched datacollector processId: 2376 port: 55019
TpTrace Information: 0 : 5876, 5, 2024/04/26, 09:16:34.248, 7570610672844, vstest.console.dll, ProxyDataCollectionManager.Initialize: waiting for connection with timeout: 90 seconds
TpTrace Verbose: 0 : 5876, 5, 2024/04/26, 09:16:34.249, 7570610673251, vstest.console.dll, DataCollectionRequestSender.WaitForRequestHandlerConnection : Waiting for connection with timeout: 90000
TpTrace Information: 0 : 5876, 7, 2024/04/26, 09:16:34.409, 7570612279430, vstest.console.dll, Using the buffer size of 16384 bytes
TpTrace Verbose: 0 : 5876, 5, 2024/04/26, 09:16:34.409, 7570612279605, vstest.console.dll, SocketCommunicationManager.WaitForClientConnection took: 160 ms, with 90000 ms timeout, and finished with True.
TpTrace Information: 0 : 5876, 7, 2024/04/26, 09:16:34.409, 7570612280671, vstest.console.dll, Accepted Client request and set the flag
TpTrace Verbose: 0 : 5876, 5, 2024/04/26, 09:16:34.409, 7570612281730, vstest.console.dll, ProxyDataCollectionManager.InvokeDataCollectionServiceAction: Starting.
TpTrace Information: 0 : 5876, 5, 2024/04/26, 09:16:34.409, 7570612282558, vstest.console.dll, ProxyDataCollectionManager.BeforeTestRunStart: Get environment variable and port for datacollector processId: 2376 port: 55019
TpTrace Verbose: 0 : 5876, 5, 2024/04/26, 09:16:34.410, 7570612283610, vstest.console.dll, DataCollectionRequestSender.SendBeforeTestRunStartAndGetResult: Send BeforeTestRunStart message with settingsXml <RunSettings><RunConfiguration><ResultsDirectory>C:\Users\VC\Downloads\Daily_progress\Day11\ShoppingFESoln\ShoppingBLTest\bin\Debug\net8.0\fine-code-coverage\coverage-tool-output</ResultsDirectory><TargetPlatform>X64</TargetPlatform><TargetFrameworkVersion>.NETCoreApp,Version=v8.0</TargetFrameworkVersion><DesignMode>False</DesignMode><CollectSourceInformation>False</CollectSourceInformation><TestAdaptersPaths>C:\Program Files\dotnet\sdk\8.0.204\Extensions</TestAdaptersPaths></RunConfiguration><LoggerRunSettings><Loggers><Logger friendlyName="blame" enabled="True" /><Logger friendlyName="Console" uri="logger://microsoft/TestPlatform/ConsoleLogger/v1" assemblyQualifiedName="Microsoft.VisualStudio.TestPlatform.CommandLine.Internal.ConsoleLogger, vstest.console, Version=15.0.0.0, Culture=neutral, PublicKeyToken=b03f5f7f11d50a3a" codeBase="C:\Program Files\dotnet\sdk\8.0.204\vstest.console.dll" enabled="True" /></Loggers></LoggerRunSettings><DataCollectionRunSettings><DataCollectors><DataCollector friendlyName="blame" enabled="True"><Configuration><ResultsDirectory>C:\Users\VC\Downloads\Daily_progress\Day11\ShoppingFESoln\ShoppingBLTest\bin\Debug\net8.0\fine-code-coverage\coverage-tool-output</ResultsDirectory></Configuration></DataCollector></DataCollectors></DataCollectionRunSettings></RunSettings> and sources System.Collections.Generic.List`1[System.String]: 
TpTrace Verbose: 0 : 5876, 5, 2024/04/26, 09:16:34.457, 7570612753475, vstest.console.dll, DataCollectionRequestSender.SendBeforeTestRunStartAndGetResult: Received message: (DataCollection.SendMessage) -> {"MessageType":"DataCollection.SendMessage","Payload":{"FriendlyName":null,"Uri":null,"TestCaseId":"00000000-0000-0000-0000-000000000000","Message":"Logging DataCollector Diagnostics in file: C:\\Users\\VC\\Downloads\\Daily_progress\\Day11\\ShoppingFESoln\\ShoppingBLTest\\bin\\Debug\\net8.0\\fine-code-coverage\\coverage-tool-output\\diagnostics.datacollector.24-04-26_09-16-34_24213_5.log","Level":0}}
TpTrace Verbose: 0 : 5876, 5, 2024/04/26, 09:16:34.515, 7570613336817, vstest.console.dll, DataCollectionRequestSender.SendBeforeTestRunStartAndGetResult: Received message: (DataCollection.BeforeTestRunStartResult) -> {"MessageType":"DataCollection.BeforeTestRunStartResult","Payload":{"EnvironmentVariables":{},"DataCollectionEventsPort":55021}}
TpTrace Information: 0 : 5876, 5, 2024/04/26, 09:16:34.518, 7570613367919, vstest.console.dll, ProxyDataCollectionManager.BeforeTestRunStart: SendBeforeTestRunStartAndGetResult successful, env variable from datacollector:   and testhost port: 55021
TpTrace Information: 0 : 5876, 5, 2024/04/26, 09:16:34.518, 7570613368691, vstest.console.dll, ProxyDataCollectionManager.InvokeDataCollectionServiceAction: Completed.
TpTrace Verbose: 0 : 5876, 5, 2024/04/26, 09:16:34.518, 7570613368998, vstest.console.dll, ParallelProxyExecutionManager.StartTestRunOnConcurrentManager: Initializing test run. Started clients: 0
TpTrace Verbose: 0 : 5876, 5, 2024/04/26, 09:16:34.518, 7570613369631, vstest.console.dll, ProxyExecutionManager: Test host is always Lazy initialize.
TpTrace Verbose: 0 : 5876, 5, 2024/04/26, 09:16:34.518, 7570613371024, vstest.console.dll, TestRequestSender.InitializeCommunication: initialize communication. 
TpTrace Information: 0 : 5876, 5, 2024/04/26, 09:16:34.519, 7570613375245, vstest.console.dll, SocketServer.Start: Listening on endpoint : 127.0.0.1:55022
TpTrace Verbose: 0 : 5876, 5, 2024/04/26, 09:16:34.519, 7570613381310, vstest.console.dll, DotnetTestHostmanager.GetTestHostProcessStartInfo: Platform environment 'X64' target architecture 'X64' framework '.NETCoreApp,Version=v8.0' OS 'Windows'
TpTrace Verbose: 0 : 5876, 5, 2024/04/26, 09:16:34.520, 7570613383875, vstest.console.dll, DotnetTestHostmanager: Adding  --runtimeconfig "C:\Users\VC\Downloads\Daily_progress\Day11\ShoppingFESoln\ShoppingBLTest\bin\Debug\net8.0\fine-code-coverage\build-output\ShoppingBLTest.runtimeconfig.json" in args
TpTrace Verbose: 0 : 5876, 5, 2024/04/26, 09:16:34.520, 7570613384994, vstest.console.dll, DotnetTestHostmanager: Adding  --depsfile "C:\Users\VC\Downloads\Daily_progress\Day11\ShoppingFESoln\ShoppingBLTest\bin\Debug\net8.0\fine-code-coverage\build-output\ShoppingBLTest.deps.json" in args
TpTrace Verbose: 0 : 5876, 5, 2024/04/26, 09:16:34.520, 7570613387205, vstest.console.dll, DotnetTestHostmanager.IsWinOnArm: Current PROCESSOR_ARCHITECTURE from environment variable 'AMD64'
TpTrace Verbose: 0 : 5876, 5, 2024/04/26, 09:16:34.520, 7570613387719, vstest.console.dll, DotnetTestHostmanager.IsWinOnArm: Is Windows on ARM 'False'
TpTrace Verbose: 0 : 5876, 5, 2024/04/26, 09:16:34.520, 7570613388433, vstest.console.dll, DotnetTestHostManager: testhost.exe found at path: C:\Users\VC\Downloads\Daily_progress\Day11\ShoppingFESoln\ShoppingBLTest\bin\Debug\net8.0\fine-code-coverage\build-output\testhost.exe
TpTrace Verbose: 0 : 5876, 5, 2024/04/26, 09:16:34.520, 7570613388774, vstest.console.dll, DotnetTestHostmanager: Full path of host exe is C:\Users\VC\Downloads\Daily_progress\Day11\ShoppingFESoln\ShoppingBLTest\bin\Debug\net8.0\fine-code-coverage\build-output\testhost.exe
TpTrace Verbose: 0 : 5876, 5, 2024/04/26, 09:16:34.520, 7570613389656, vstest.console.dll, DotnetTestHostmanager.LaunchTestHostAsync: Found 'VSTEST_WINAPPHOST_DOTNET_ROOT' in env variables, value 'C:\Program Files\dotnet', forwarding to 'DOTNET_ROOT'
TpTrace Verbose: 0 : 5876, 5, 2024/04/26, 09:16:34.520, 7570613390605, vstest.console.dll, DotnetTestHostManager: Starting process 'C:\Users\VC\Downloads\Daily_progress\Day11\ShoppingFESoln\ShoppingBLTest\bin\Debug\net8.0\fine-code-coverage\build-output\testhost.exe' with command line ' --runtimeconfig "C:\Users\VC\Downloads\Daily_progress\Day11\ShoppingFESoln\ShoppingBLTest\bin\Debug\net8.0\fine-code-coverage\build-output\ShoppingBLTest.runtimeconfig.json" --depsfile "C:\Users\VC\Downloads\Daily_progress\Day11\ShoppingFESoln\ShoppingBLTest\bin\Debug\net8.0\fine-code-coverage\build-output\ShoppingBLTest.deps.json" --port 55022 --endpoint 127.0.0.1:055022 --role client --parentprocessid 5876 --diag "C:\Users\VC\Downloads\Daily_progress\Day11\ShoppingFESoln\ShoppingBLTest\bin\Debug\net8.0\fine-code-coverage\coverage-tool-output\diagnostics.host.24-04-26_09-16-34_51956_5.log" --tracelevel 4 --datacollectionport 55021 --telemetryoptedin false'
TpTrace Verbose: 0 : 5876, 5, 2024/04/26, 09:16:34.529, 7570613481456, vstest.console.dll, MulticastDelegateUtilities.SafeInvoke: HostProviderEvents.OnHostLaunched: Invoking callback 1/2 for Microsoft.VisualStudio.TestPlatform.CrossPlatEngine.Client.ProxyExecutionManagerWithDataCollection., took 1 ms.
TpTrace Verbose: 0 : 5876, 5, 2024/04/26, 09:16:34.530, 7570613485007, vstest.console.dll, Test Runtime launched
TpTrace Verbose: 0 : 5876, 5, 2024/04/26, 09:16:34.530, 7570613485899, vstest.console.dll, MulticastDelegateUtilities.SafeInvoke: HostProviderEvents.OnHostLaunched: Invoking callback 2/2 for Microsoft.VisualStudio.TestPlatform.CrossPlatEngine.Client.ProxyOperationManager., took 0 ms.
TpTrace Verbose: 0 : 5876, 5, 2024/04/26, 09:16:34.530, 7570613487570, vstest.console.dll, TestRequestSender.WaitForRequestHandlerConnection: waiting for connection with timeout: 90000.
TpTrace Verbose: 0 : 5876, 7, 2024/04/26, 09:16:34.726, 7570615452219, vstest.console.dll, MulticastDelegateUtilities.SafeInvoke: SocketServer: ClientConnected: Invoking callback 1/1 for Microsoft.VisualStudio.TestPlatform.CommunicationUtilities.TestRequestSender., took 0 ms.
TpTrace Verbose: 0 : 5876, 5, 2024/04/26, 09:16:34.726, 7570615452261, vstest.console.dll, TestRequestSender.WaitForRequestHandlerConnection: waiting took 196 ms, with timeout 90000 ms, and result 0, which is success.
TpTrace Verbose: 0 : 5876, 7, 2024/04/26, 09:16:34.727, 7570615453624, vstest.console.dll, SocketServer.OnClientConnected: Client connected for endPoint: 127.0.0.1:55022, starting MessageLoopAsync:
TpTrace Verbose: 0 : 5876, 13, 2024/04/26, 09:16:34.727, 7570615459579, vstest.console.dll, TcpClientExtensions.MessageLoopAsync: Polling on remoteEndPoint: 127.0.0.1:55023 localEndPoint: 127.0.0.1:55022 after 0 ms
TpTrace Verbose: 0 : 5876, 5, 2024/04/26, 09:16:34.728, 7570615463504, vstest.console.dll, TestRequestSender.CheckVersionWithTestHost: Sending check version message: {"MessageType":"ProtocolVersion","Payload":7}
TpTrace Verbose: 0 : 5876, 13, 2024/04/26, 09:16:34.802, 7570616211992, vstest.console.dll, TcpClientExtensions.MessageLoopAsync: NotifyDataAvailable remoteEndPoint: 127.0.0.1:55023 localEndPoint: 127.0.0.1:55022
TpTrace Verbose: 0 : 5876, 13, 2024/04/26, 09:16:34.803, 7570616214380, vstest.console.dll, TestRequestSender.CheckVersionWithTestHost: onMessageReceived received message: (ProtocolVersion) -> {"MessageType":"ProtocolVersion","Payload":7}
TpTrace Verbose: 0 : 5876, 13, 2024/04/26, 09:16:34.803, 7570616218959, vstest.console.dll, MulticastDelegateUtilities.SafeInvoke: LengthPrefixCommunicationChannel: MessageReceived: Invoking callback 1/1 for Microsoft.VisualStudio.TestPlatform.CommunicationUtilities.TestRequestSender+<>c__DisplayClass29_0., took 0 ms.
TpTrace Verbose: 0 : 5876, 13, 2024/04/26, 09:16:34.803, 7570616219912, vstest.console.dll, TcpClientExtensions.MessageLoopAsync: Polling on remoteEndPoint: 127.0.0.1:55023 localEndPoint: 127.0.0.1:55022 after 75 ms
TpTrace Verbose: 0 : 5876, 5, 2024/04/26, 09:16:34.803, 7570616220972, vstest.console.dll, TestPluginCache.GetExtensionPaths: Filtered extension paths: 
TpTrace Verbose: 0 : 5876, 5, 2024/04/26, 09:16:34.803, 7570616221619, vstest.console.dll, TestPluginCache.GetExtensionPaths: Added default extension paths: C:\Program Files\dotnet\sdk\8.0.204\Extensions\Microsoft.Diagnostics.NETCore.Client.dll
C:\Program Files\dotnet\sdk\8.0.204\Extensions\Microsoft.TestPlatform.Extensions.BlameDataCollector.dll
C:\Program Files\dotnet\sdk\8.0.204\Extensions\Microsoft.TestPlatform.Extensions.EventLogCollector.dll
C:\Program Files\dotnet\sdk\8.0.204\Extensions\Microsoft.TestPlatform.TestHostRuntimeProvider.dll
C:\Program Files\dotnet\sdk\8.0.204\Extensions\Microsoft.VisualStudio.TestPlatform.Extensions.Html.TestLogger.dll
C:\Program Files\dotnet\sdk\8.0.204\Extensions\Microsoft.VisualStudio.TestPlatform.Extensions.Trx.TestLogger.dll
TpTrace Verbose: 0 : 5876, 5, 2024/04/26, 09:16:34.803, 7570616222398, vstest.console.dll, TestPluginCache.GetExtensionPaths: Added unfilterableExtensionPaths: 
TpTrace Verbose: 0 : 5876, 5, 2024/04/26, 09:16:34.805, 7570616240843, vstest.console.dll, TestRequestSender.InitializeExecution: Sending initialize execution with message: {"Version":7,"MessageType":"TestExecution.Initialize","Payload":["C:\\Users\\VC\\Downloads\\Daily_progress\\Day11\\ShoppingFESoln\\ShoppingBLTest\\bin\\Debug\\net8.0\\fine-code-coverage\\build-output\\NUnit3.TestAdapter.dll"]}
TpTrace Verbose: 0 : 5876, 5, 2024/04/26, 09:16:34.805, 7570616242290, vstest.console.dll, ParallelProxyExecutionManager.StartTestRunOnConcurrentManager: Execution starting. Started clients: 1
TpTrace Verbose: 0 : 5876, 5, 2024/04/26, 09:16:34.806, 7570616244123, vstest.console.dll, TestRunRequest:SendTestRunMessage: Starting.
TpTrace Verbose: 0 : 5876, 5, 2024/04/26, 09:16:34.806, 7570616245452, vstest.console.dll, MulticastDelegateUtilities.SafeInvoke: TestRun.LogMessages: Invoking callback 1/1 for Microsoft.VisualStudio.TestPlatform.CommandLine.TestRunResultAggregator., took 0 ms.
TpTrace Information: 0 : 5876, 5, 2024/04/26, 09:16:34.806, 7570616245804, vstest.console.dll, TestRunRequest:SendTestRunMessage: Completed.
TpTrace Verbose: 0 : 5876, 4, 2024/04/26, 09:16:34.806, 7570616247950, vstest.console.dll, MulticastDelegateUtilities.SafeInvoke: InternalTestLoggerEvents.SendTestRunMessage: Invoking callback 1/1 for Microsoft.VisualStudio.TestPlatform.CommandLine.Internal.ConsoleLogger., took 0 ms.
TpTrace Warning: 0 : 5876, 5, 2024/04/26, 09:16:34.806, 7570616248765, vstest.console.dll, InferRunSettingsHelper.MakeRunsettingsCompatible: Removing the following settings: TargetPlatform from RunSettings file. To use those settings please move to latest version of Microsoft.NET.Test.Sdk
TpTrace Verbose: 0 : 5876, 13, 2024/04/26, 09:16:34.806, 7570616252942, vstest.console.dll, TcpClientExtensions.MessageLoopAsync: NotifyDataAvailable remoteEndPoint: 127.0.0.1:55023 localEndPoint: 127.0.0.1:55022
TpTrace Verbose: 0 : 5876, 13, 2024/04/26, 09:16:34.807, 7570616255388, vstest.console.dll, TestRequestSender.OnExecutionMessageReceived: Received message: {"Version":7,"MessageType":"TestSession.Message","Payload":{"MessageLevel":0,"Message":"Logging TestHost Diagnostics in file: C:\\Users\\VC\\Downloads\\Daily_progress\\Day11\\ShoppingFESoln\\ShoppingBLTest\\bin\\Debug\\net8.0\\fine-code-coverage\\coverage-tool-output\\diagnostics.host.24-04-26_09-16-34_51956_5.log"}}
TpTrace Verbose: 0 : 5876, 13, 2024/04/26, 09:16:34.809, 7570616273512, vstest.console.dll, TestRunRequest:SendTestRunMessage: Starting.
TpTrace Verbose: 0 : 5876, 13, 2024/04/26, 09:16:34.809, 7570616274732, vstest.console.dll, MulticastDelegateUtilities.SafeInvoke: TestRun.LogMessages: Invoking callback 1/1 for Microsoft.VisualStudio.TestPlatform.CommandLine.TestRunResultAggregator., took 0 ms.
TpTrace Information: 0 : 5876, 13, 2024/04/26, 09:16:34.809, 7570616275008, vstest.console.dll, TestRunRequest:SendTestRunMessage: Completed.
TpTrace Verbose: 0 : 5876, 13, 2024/04/26, 09:16:34.809, 7570616275397, vstest.console.dll, MulticastDelegateUtilities.SafeInvoke: LengthPrefixCommunicationChannel: MessageReceived: Invoking callback 1/1 for Microsoft.VisualStudio.TestPlatform.CommunicationUtilities.TestRequestSender+<>c__DisplayClass34_0., took 2 ms.
TpTrace Verbose: 0 : 5876, 13, 2024/04/26, 09:16:34.809, 7570616275692, vstest.console.dll, TcpClientExtensions.MessageLoopAsync: Polling on remoteEndPoint: 127.0.0.1:55023 localEndPoint: 127.0.0.1:55022 after 5 ms
TpTrace Verbose: 0 : 5876, 4, 2024/04/26, 09:16:34.809, 7570616276018, vstest.console.dll, MulticastDelegateUtilities.SafeInvoke: InternalTestLoggerEvents.SendTestRunMessage: Invoking callback 1/1 for Microsoft.VisualStudio.TestPlatform.CommandLine.Internal.ConsoleLogger., took 0 ms.
TpTrace Verbose: 0 : 5876, 5, 2024/04/26, 09:16:34.813, 7570616322042, vstest.console.dll, TestRequestSender.StartTestRun: Sending test run with message: {"Version":7,"MessageType":"TestExecution.StartWithSources","Payload":{"AdapterSourceMap":{"_none_":["C:\\Users\\VC\\Downloads\\Daily_progress\\Day11\\ShoppingFESoln\\ShoppingBLTest\\bin\\Debug\\net8.0\\fine-code-coverage\\build-output\\ShoppingBLTest.dll"]},"RunSettings":"<RunSettings>\r\n  <RunConfiguration>\r\n    <ResultsDirectory>C:\\Users\\VC\\Downloads\\Daily_progress\\Day11\\ShoppingFESoln\\ShoppingBLTest\\bin\\Debug\\net8.0\\fine-code-coverage\\coverage-tool-output</ResultsDirectory>\r\n    <TargetFrameworkVersion>.NETCoreApp,Version=v8.0</TargetFrameworkVersion>\r\n    <DesignMode>False</DesignMode>\r\n    <CollectSourceInformation>False</CollectSourceInformation>\r\n  </RunConfiguration>\r\n  <LoggerRunSettings>\r\n    <Loggers>\r\n      <Logger friendlyName=\"blame\" enabled=\"True\" />\r\n      <Logger friendlyName=\"Console\" uri=\"logger://microsoft/TestPlatform/ConsoleLogger/v1\" assemblyQualifiedName=\"Microsoft.VisualStudio.TestPlatform.CommandLine.Internal.ConsoleLogger, vstest.console, Version=15.0.0.0, Culture=neutral, PublicKeyToken=b03f5f7f11d50a3a\" codeBase=\"C:\\Program Files\\dotnet\\sdk\\8.0.204\\vstest.console.dll\" enabled=\"True\" />\r\n    </Loggers>\r\n  </LoggerRunSettings>\r\n  <DataCollectionRunSettings>\r\n    <DataCollectors>\r\n      <DataCollector friendlyName=\"blame\" enabled=\"True\">\r\n        <Configuration>\r\n          <ResultsDirectory>C:\\Users\\VC\\Downloads\\Daily_progress\\Day11\\ShoppingFESoln\\ShoppingBLTest\\bin\\Debug\\net8.0\\fine-code-coverage\\coverage-tool-output</ResultsDirectory>\r\n        </Configuration>\r\n      </DataCollector>\r\n    </DataCollectors>\r\n  </DataCollectionRunSettings>\r\n</RunSettings>","TestExecutionContext":{"FrequencyOfRunStatsChangeEvent":10,"RunStatsChangeEventTimeout":"00:00:01.5000000","InIsolation":false,"KeepAlive":false,"AreTestCaseLevelEventsRequired":false,"IsDebug":false,"TestCaseFilter":null,"FilterOptions":null},"Package":null}}
TpTrace Verbose: 0 : 5876, 5, 2024/04/26, 09:16:34.814, 7570616323998, vstest.console.dll, ParallelProxyExecutionManager.StartTestRunOnConcurrentManager: Execution started. Started clients: 1
TpTrace Verbose: 0 : 5876, 13, 2024/04/26, 09:16:34.911, 7570617297615, vstest.console.dll, TcpClientExtensions.MessageLoopAsync: NotifyDataAvailable remoteEndPoint: 127.0.0.1:55023 localEndPoint: 127.0.0.1:55022
TpTrace Verbose: 0 : 5876, 13, 2024/04/26, 09:16:34.911, 7570617299236, vstest.console.dll, TestRequestSender.OnExecutionMessageReceived: Received message: {"Version":7,"MessageType":"TestSession.Message","Payload":{"MessageLevel":0,"Message":"NUnit Adapter 4.5.0.0: Test execution started"}}
TpTrace Verbose: 0 : 5876, 13, 2024/04/26, 09:16:34.911, 7570617301098, vstest.console.dll, TestRunRequest:SendTestRunMessage: Starting.
TpTrace Verbose: 0 : 5876, 13, 2024/04/26, 09:16:34.911, 7570617301734, vstest.console.dll, MulticastDelegateUtilities.SafeInvoke: TestRun.LogMessages: Invoking callback 1/1 for Microsoft.VisualStudio.TestPlatform.CommandLine.TestRunResultAggregator., took 0 ms.
TpTrace Information: 0 : 5876, 13, 2024/04/26, 09:16:34.911, 7570617302111, vstest.console.dll, TestRunRequest:SendTestRunMessage: Completed.
TpTrace Verbose: 0 : 5876, 13, 2024/04/26, 09:16:34.911, 7570617302384, vstest.console.dll, MulticastDelegateUtilities.SafeInvoke: LengthPrefixCommunicationChannel: MessageReceived: Invoking callback 1/1 for Microsoft.VisualStudio.TestPlatform.CommunicationUtilities.TestRequestSender+<>c__DisplayClass34_0., took 0 ms.
TpTrace Verbose: 0 : 5876, 13, 2024/04/26, 09:16:34.911, 7570617302654, vstest.console.dll, TcpClientExtensions.MessageLoopAsync: Polling on remoteEndPoint: 127.0.0.1:55023 localEndPoint: 127.0.0.1:55022 after 102 ms
TpTrace Verbose: 0 : 5876, 4, 2024/04/26, 09:16:34.912, 7570617303016, vstest.console.dll, MulticastDelegateUtilities.SafeInvoke: InternalTestLoggerEvents.SendTestRunMessage: Invoking callback 1/1 for Microsoft.VisualStudio.TestPlatform.CommandLine.Internal.ConsoleLogger., took 0 ms.
TpTrace Verbose: 0 : 5876, 13, 2024/04/26, 09:16:34.926, 7570617452782, vstest.console.dll, TcpClientExtensions.MessageLoopAsync: NotifyDataAvailable remoteEndPoint: 127.0.0.1:55023 localEndPoint: 127.0.0.1:55022
TpTrace Verbose: 0 : 5876, 13, 2024/04/26, 09:16:34.927, 7570617454331, vstest.console.dll, TestRequestSender.OnExecutionMessageReceived: Received message: {"Version":7,"MessageType":"TestSession.Message","Payload":{"MessageLevel":0,"Message":"Running all tests in C:\\Users\\VC\\Downloads\\Daily_progress\\Day11\\ShoppingFESoln\\ShoppingBLTest\\bin\\Debug\\net8.0\\fine-code-coverage\\build-output\\ShoppingBLTest.dll"}}
TpTrace Verbose: 0 : 5876, 13, 2024/04/26, 09:16:34.927, 7570617455464, vstest.console.dll, TestRunRequest:SendTestRunMessage: Starting.
TpTrace Verbose: 0 : 5876, 13, 2024/04/26, 09:16:34.927, 7570617455961, vstest.console.dll, MulticastDelegateUtilities.SafeInvoke: TestRun.LogMessages: Invoking callback 1/1 for Microsoft.VisualStudio.TestPlatform.CommandLine.TestRunResultAggregator., took 0 ms.
TpTrace Information: 0 : 5876, 13, 2024/04/26, 09:16:34.927, 7570617456326, vstest.console.dll, TestRunRequest:SendTestRunMessage: Completed.
TpTrace Verbose: 0 : 5876, 13, 2024/04/26, 09:16:34.927, 7570617456568, vstest.console.dll, MulticastDelegateUtilities.SafeInvoke: LengthPrefixCommunicationChannel: MessageReceived: Invoking callback 1/1 for Microsoft.VisualStudio.TestPlatform.CommunicationUtilities.TestRequestSender+<>c__DisplayClass34_0., took 0 ms.
TpTrace Verbose: 0 : 5876, 13, 2024/04/26, 09:16:34.927, 7570617456835, vstest.console.dll, TcpClientExtensions.MessageLoopAsync: Polling on remoteEndPoint: 127.0.0.1:55023 localEndPoint: 127.0.0.1:55022 after 15 ms
TpTrace Verbose: 0 : 5876, 4, 2024/04/26, 09:16:34.927, 7570617457325, vstest.console.dll, MulticastDelegateUtilities.SafeInvoke: InternalTestLoggerEvents.SendTestRunMessage: Invoking callback 1/1 for Microsoft.VisualStudio.TestPlatform.CommandLine.Internal.ConsoleLogger., took 0 ms.
TpTrace Verbose: 0 : 5876, 13, 2024/04/26, 09:16:35.002, 7570618205333, vstest.console.dll, TcpClientExtensions.MessageLoopAsync: NotifyDataAvailable remoteEndPoint: 127.0.0.1:55023 localEndPoint: 127.0.0.1:55022
TpTrace Verbose: 0 : 5876, 13, 2024/04/26, 09:16:35.002, 7570618207254, vstest.console.dll, TestRequestSender.OnExecutionMessageReceived: Received message: {"Version":7,"MessageType":"TestSession.Message","Payload":{"MessageLevel":0,"Message":"   NUnit3TestExecutor discovered 7 of 7 NUnit test cases using Current Discovery mode, Non-Explicit run"}}
TpTrace Verbose: 0 : 5876, 13, 2024/04/26, 09:16:35.002, 7570618208491, vstest.console.dll, TestRunRequest:SendTestRunMessage: Starting.
TpTrace Verbose: 0 : 5876, 13, 2024/04/26, 09:16:35.002, 7570618209128, vstest.console.dll, MulticastDelegateUtilities.SafeInvoke: TestRun.LogMessages: Invoking callback 1/1 for Microsoft.VisualStudio.TestPlatform.CommandLine.TestRunResultAggregator., took 0 ms.
TpTrace Information: 0 : 5876, 13, 2024/04/26, 09:16:35.002, 7570618209394, vstest.console.dll, TestRunRequest:SendTestRunMessage: Completed.
TpTrace Verbose: 0 : 5876, 13, 2024/04/26, 09:16:35.002, 7570618209745, vstest.console.dll, MulticastDelegateUtilities.SafeInvoke: LengthPrefixCommunicationChannel: MessageReceived: Invoking callback 1/1 for Microsoft.VisualStudio.TestPlatform.CommunicationUtilities.TestRequestSender+<>c__DisplayClass34_0., took 0 ms.
TpTrace Verbose: 0 : 5876, 4, 2024/04/26, 09:16:35.002, 7570618209888, vstest.console.dll, MulticastDelegateUtilities.SafeInvoke: InternalTestLoggerEvents.SendTestRunMessage: Invoking callback 1/1 for Microsoft.VisualStudio.TestPlatform.CommandLine.Internal.ConsoleLogger., took 0 ms.
TpTrace Verbose: 0 : 5876, 13, 2024/04/26, 09:16:35.002, 7570618210034, vstest.console.dll, TcpClientExtensions.MessageLoopAsync: Polling on remoteEndPoint: 127.0.0.1:55023 localEndPoint: 127.0.0.1:55022 after 75 ms
TpTrace Verbose: 0 : 5876, 13, 2024/04/26, 09:16:35.099, 7570619181378, vstest.console.dll, TcpClientExtensions.MessageLoopAsync: NotifyDataAvailable remoteEndPoint: 127.0.0.1:55023 localEndPoint: 127.0.0.1:55022
TpTrace Verbose: 0 : 5876, 13, 2024/04/26, 09:16:35.100, 7570619183100, vstest.console.dll, TestRequestSender.OnExecutionMessageReceived: Received message: {"Version":7,"MessageType":"TestSession.Message","Payload":{"MessageLevel":0,"Message":"NUnit Adapter 4.5.0.0: Test execution complete"}}
TpTrace Verbose: 0 : 5876, 13, 2024/04/26, 09:16:35.100, 7570619184275, vstest.console.dll, TestRunRequest:SendTestRunMessage: Starting.
TpTrace Verbose: 0 : 5876, 13, 2024/04/26, 09:16:35.100, 7570619184789, vstest.console.dll, MulticastDelegateUtilities.SafeInvoke: TestRun.LogMessages: Invoking callback 1/1 for Microsoft.VisualStudio.TestPlatform.CommandLine.TestRunResultAggregator., took 0 ms.
TpTrace Information: 0 : 5876, 13, 2024/04/26, 09:16:35.100, 7570619185060, vstest.console.dll, TestRunRequest:SendTestRunMessage: Completed.
TpTrace Verbose: 0 : 5876, 13, 2024/04/26, 09:16:35.100, 7570619185344, vstest.console.dll, MulticastDelegateUtilities.SafeInvoke: LengthPrefixCommunicationChannel: MessageReceived: Invoking callback 1/1 for Microsoft.VisualStudio.TestPlatform.CommunicationUtilities.TestRequestSender+<>c__DisplayClass34_0., took 0 ms.
TpTrace Verbose: 0 : 5876, 4, 2024/04/26, 09:16:35.100, 7570619185423, vstest.console.dll, MulticastDelegateUtilities.SafeInvoke: InternalTestLoggerEvents.SendTestRunMessage: Invoking callback 1/1 for Microsoft.VisualStudio.TestPlatform.CommandLine.Internal.ConsoleLogger., took 0 ms.
TpTrace Verbose: 0 : 5876, 13, 2024/04/26, 09:16:35.100, 7570619185634, vstest.console.dll, TcpClientExtensions.MessageLoopAsync: Polling on remoteEndPoint: 127.0.0.1:55023 localEndPoint: 127.0.0.1:55022 after 97 ms
TpTrace Verbose: 0 : 5876, 13, 2024/04/26, 09:16:35.126, 7570619445389, vstest.console.dll, TcpClientExtensions.MessageLoopAsync: NotifyDataAvailable remoteEndPoint: 127.0.0.1:55023 localEndPoint: 127.0.0.1:55022
TpTrace Verbose: 0 : 5876, 13, 2024/04/26, 09:16:35.126, 7570619448355, vstest.console.dll, TestRequestSender.OnExecutionMessageReceived: Received message: {"Version":7,"MessageType":"TestExecution.Completed","Payload":{"TestRunCompleteArgs":{"TestRunStatistics":{"ExecutedTests":7,"Stats":{"Passed":5,"Failed":2}},"IsCanceled":false,"IsAborted":false,"Error":null,"AttachmentSets":[],"InvokedDataCollectors":[],"ElapsedTimeInRunningTests":"00:00:00.2067130","Metrics":{},"DiscoveredExtensions":{"TestDiscoverers":["NUnit.VisualStudio.TestAdapter.NUnit3TestDiscoverer, NUnit3.TestAdapter, Version=4.5.0.0, Culture=neutral, PublicKeyToken=4cb40d35494691ac"],"TestExecutors":["executor://NUnit3TestExecutor"],"TestExecutors2":[],"TestSettingsProviders":[]}},"LastRunTests":{"NewTestResults":[{"TestCase":{"Id":"803134d0-c8b9-6db1-185e-5ac611543e2d","FullyQualifiedName":"ShoppingBLLibrary.Tests.ShoppingBLTests.ApplyDiscount_EmptyProductList_Exception","DisplayName":"ApplyDiscount_EmptyProductList_Exception","ExecutorUri":"executor://NUnit3TestExecutor","Source":"C:\\Users\\VC\\Downloads\\Daily_progress\\Day11\\ShoppingFESoln\\ShoppingBLTest\\bin\\Debug\\net8.0\\fine-code-coverage\\build-output\\ShoppingBLTest.dll","CodeFilePath":null,"LineNumber":0,"Properties":[{"Key":{"Id":"NUnit.Seed","Label":"Seed","Category":"","Description":"","Attributes":0,"ValueType":"System.String"},"Value":"889368452"}]},"Attachments":[],"Outcome":1,"ErrorMessage":null,"ErrorStackTrace":null,"DisplayName":"ApplyDiscount_EmptyProductList_Exception","Messages":[],"ComputerName":"DESKTOP-CSTE29I","Duration":"00:00:00.0124110","StartTime":"2024-04-26T03:46:35.0220846+00:00","EndTime":"2024-04-26T03:46:35.0344406+00:00","Properties":[{"Key":{"Id":"NUnit.Seed","Label":"Seed","Category":"","Description":"","Attributes":0,"ValueType":"System.String"},"Value":"889368452"}]},{"TestCase":{"Id":"7e20e1b0-75e2-2258-7a5e-6bf414a66a28","FullyQualifiedName":"ShoppingBLLibrary.Tests.ShoppingBLTests.ApplyDiscount_NotEnoughProducts_NoDiscount","DisplayName":"ApplyDiscount_NotEnoughProducts_NoDiscount","ExecutorUri":"executor://NUnit3TestExecutor","Source":"C:\\Users\\VC\\Downloads\\Daily_progress\\Day11\\ShoppingFESoln\\ShoppingBLTest\\bin\\Debug\\net8.0\\fine-code-coverage\\build-output\\ShoppingBLTest.dll","CodeFilePath":null,"LineNumber":0,"Properties":[{"Key":{"Id":"NUnit.Seed","Label":"Seed","Category":"","Description":"","Attributes":0,"ValueType":"System.String"},"Value":"30889467"}]},"Attachments":[],"Outcome":1,"ErrorMessage":null,"ErrorStackTrace":null,"DisplayName":"ApplyDiscount_NotEnoughProducts_NoDiscount","Messages":[],"ComputerName":"DESKTOP-CSTE29I","Duration":"00:00:00.0058820","StartTime":"2024-04-26T03:46:35.0357135+00:00","EndTime":"2024-04-26T03:46:35.0415953+00:00","Properties":[{"Key":{"Id":"NUnit.Seed","Label":"Seed","Category":"","Description":"","Attributes":0,"ValueType":"System.String"},"Value":"30889467"}]},{"TestCase":{"Id":"f663016a-f478-fb8a-7826-ed6fd7f36229","FullyQualifiedName":"ShoppingBLLibrary.Tests.ShoppingBLTests.ApplyDiscount_Success","DisplayName":"ApplyDiscount_Success","ExecutorUri":"executor://NUnit3TestExecutor","Source":"C:\\Users\\VC\\Downloads\\Daily_progress\\Day11\\ShoppingFESoln\\ShoppingBLTest\\bin\\Debug\\net8.0\\fine-code-coverage\\build-output\\ShoppingBLTest.dll","CodeFilePath":null,"LineNumber":0,"Properties":[{"Key":{"Id":"NUnit.Seed","Label":"Seed","Category":"","Description":"","Attributes":0,"ValueType":"System.String"},"Value":"658745642"}]},"Attachments":[],"Outcome":2,"ErrorMessage":"  Expected: 60\r\n  But was:  80m\r\n","ErrorStackTrace":"   at ShoppingBLLibrary.Tests.ShoppingBLTests.ApplyDiscount_Success() in C:\\Users\\VC\\Downloads\\Daily_progress\\Day11\\ShoppingFESoln\\ShoppingBLTest\\ShoppingTest.cs:line 84\r\n\n1)    at ShoppingBLLibrary.Tests.ShoppingBLTests.ApplyDiscount_Success() in C:\\Users\\VC\\Downloads\\Daily_progress\\Day11\\ShoppingFESoln\\ShoppingBLTest\\ShoppingTest.cs:line 84\r\n\n","DisplayName":"ApplyDiscount_Success","Messages":[],"ComputerName":"DESKTOP-CSTE29I","Duration":"00:00:00.0225920","StartTime":"2024-04-26T03:46:35.041626+00:00","EndTime":"2024-04-26T03:46:35.0642173+00:00","Properties":[{"Key":{"Id":"NUnit.Seed","Label":"Seed","Category":"","Description":"","Attributes":0,"ValueType":"System.String"},"Value":"658745642"}]},{"TestCase":{"Id":"9b753561-25db-aa83-f5d8-b12a6495aa6b","FullyQualifiedName":"ShoppingBLLibrary.Tests.ShoppingBLTests.CalculateShippingCharge_Success","DisplayName":"CalculateShippingCharge_Success","ExecutorUri":"executor://NUnit3TestExecutor","Source":"C:\\Users\\VC\\Downloads\\Daily_progress\\Day11\\ShoppingFESoln\\ShoppingBLTest\\bin\\Debug\\net8.0\\fine-code-coverage\\build-output\\ShoppingBLTest.dll","CodeFilePath":null,"LineNumber":0,"Properties":[{"Key":{"Id":"NUnit.Seed","Label":"Seed","Category":"","Description":"","Attributes":0,"ValueType":"System.String"},"Value":"943360459"}]},"Attachments":[],"Outcome":1,"ErrorMessage":null,"ErrorStackTrace":null,"DisplayName":"CalculateShippingCharge_Success","Messages":[],"ComputerName":"DESKTOP-CSTE29I","Duration":"00:00:00.0002709","StartTime":"2024-04-26T03:46:35.0642925+00:00","EndTime":"2024-04-26T03:46:35.0645632+00:00","Properties":[{"Key":{"Id":"NUnit.Seed","Label":"Seed","Category":"","Description":"","Attributes":0,"ValueType":"System.String"},"Value":"943360459"}]},{"TestCase":{"Id":"1da013b2-79d5-1052-bbe7-41481957abed","FullyQualifiedName":"ShoppingBLLibrary.Tests.ShoppingBLTests.CalculateShippingCharge_ZeroTotalAmount_Exception","DisplayName":"CalculateShippingCharge_ZeroTotalAmount_Exception","ExecutorUri":"executor://NUnit3TestExecutor","Source":"C:\\Users\\VC\\Downloads\\Daily_progress\\Day11\\ShoppingFESoln\\ShoppingBLTest\\bin\\Debug\\net8.0\\fine-code-coverage\\build-output\\ShoppingBLTest.dll","CodeFilePath":null,"LineNumber":0,"Properties":[{"Key":{"Id":"NUnit.Seed","Label":"Seed","Category":"","Description":"","Attributes":0,"ValueType":"System.String"},"Value":"170452279"}]},"Attachments":[],"Outcome":1,"ErrorMessage":null,"ErrorStackTrace":null,"DisplayName":"CalculateShippingCharge_ZeroTotalAmount_Exception","Messages":[],"ComputerName":"DESKTOP-CSTE29I","Duration":"00:00:00.0002120","StartTime":"2024-04-26T03:46:35.0645749+00:00","EndTime":"2024-04-26T03:46:35.064787+00:00","Properties":[{"Key":{"Id":"NUnit.Seed","Label":"Seed","Category":"","Description":"","Attributes":0,"ValueType":"System.String"},"Value":"170452279"}]},{"TestCase":{"Id":"bf831680-0e02-316d-f257-0807445c0a6d","FullyQualifiedName":"ShoppingBLLibrary.Tests.ShoppingBLTests.CalculateTotalAmount_EmptyCart_Exception","DisplayName":"CalculateTotalAmount_EmptyCart_Exception","ExecutorUri":"executor://NUnit3TestExecutor","Source":"C:\\Users\\VC\\Downloads\\Daily_progress\\Day11\\ShoppingFESoln\\ShoppingBLTest\\bin\\Debug\\net8.0\\fine-code-coverage\\build-output\\ShoppingBLTest.dll","CodeFilePath":null,"LineNumber":0,"Properties":[{"Key":{"Id":"NUnit.Seed","Label":"Seed","Category":"","Description":"","Attributes":0,"ValueType":"System.String"},"Value":"2019588448"}]},"Attachments":[],"Outcome":1,"ErrorMessage":null,"ErrorStackTrace":null,"DisplayName":"CalculateTotalAmount_EmptyCart_Exception","Messages":[],"ComputerName":"DESKTOP-CSTE29I","Duration":"00:00:00.0004570","StartTime":"2024-04-26T03:46:35.0647971+00:00","EndTime":"2024-04-26T03:46:35.0652533+00:00","Properties":[{"Key":{"Id":"NUnit.Seed","Label":"Seed","Category":"","Description":"","Attributes":0,"ValueType":"System.String"},"Value":"2019588448"}]},{"TestCase":{"Id":"8106fa4c-3714-7929-c923-b225568d203e","FullyQualifiedName":"ShoppingBLLibrary.Tests.ShoppingBLTests.CalculateTotalAmount_Success","DisplayName":"CalculateTotalAmount_Success","ExecutorUri":"executor://NUnit3TestExecutor","Source":"C:\\Users\\VC\\Downloads\\Daily_progress\\Day11\\ShoppingFESoln\\ShoppingBLTest\\bin\\Debug\\net8.0\\fine-code-coverage\\build-output\\ShoppingBLTest.dll","CodeFilePath":null,"LineNumber":0,"Properties":[{"Key":{"Id":"NUnit.Seed","Label":"Seed","Category":"","Description":"","Attributes":0,"ValueType":"System.String"},"Value":"1916744516"}]},"Attachments":[],"Outcome":2,"ErrorMessage":"  Expected: 100\r\n  But was:  80m\r\n","ErrorStackTrace":"   at ShoppingBLLibrary.Tests.ShoppingBLTests.CalculateTotalAmount_Success() in C:\\Users\\VC\\Downloads\\Daily_progress\\Day11\\ShoppingFESoln\\ShoppingBLTest\\ShoppingTest.cs:line 33\r\n\n1)    at ShoppingBLLibrary.Tests.ShoppingBLTests.CalculateTotalAmount_Success() in C:\\Users\\VC\\Downloads\\Daily_progress\\Day11\\ShoppingFESoln\\ShoppingBLTest\\ShoppingTest.cs:line 33\r\n\n","DisplayName":"CalculateTotalAmount_Success","Messages":[],"ComputerName":"DESKTOP-CSTE29I","Duration":"00:00:00.0005300","StartTime":"2024-04-26T03:46:35.0652654+00:00","EndTime":"2024-04-26T03:46:35.0657955+00:00","Properties":[{"Key":{"Id":"NUnit.Seed","Label":"Seed","Category":"","Description":"","Attributes":0,"ValueType":"System.String"},"Value":"1916744516"}]}],"TestRunStatistics":{"ExecutedTests":7,"Stats":{"Passed":5,"Failed":2}},"ActiveTests":[]},"RunAttachments":[],"ExecutorUris":["executor://nunit3testexecutor/"]}}
TpTrace Verbose: 0 : 5876, 13, 2024/04/26, 09:16:35.126, 7570619450231, vstest.console.dll, TestRequestSender.EndSession: Sending end session.
TpTrace Verbose: 0 : 5876, 13, 2024/04/26, 09:16:35.126, 7570619451529, vstest.console.dll, ProxyOperationManager.Close: waiting for test host to exit for 100 ms
TpTrace Verbose: 0 : 5876, 11, 2024/04/26, 09:16:35.137, 7570619554241, vstest.console.dll, TestHostManagerCallbacks.ctor: Experimental forwarding output is disabled.
TpTrace Warning: 0 : 5876, 11, 2024/04/26, 09:16:35.137, 7570619555897, vstest.console.dll, TestHostManagerCallbacks.ErrorReceivedCallback Test host standard error line: 
TpTrace Verbose: 0 : 5876, 11, 2024/04/26, 09:16:35.144, 7570619628738, vstest.console.dll, TestHostProvider.ExitCallBack: Host exited starting callback.
TpTrace Information: 0 : 5876, 11, 2024/04/26, 09:16:35.144, 7570619630195, vstest.console.dll, TestHostManagerCallbacks.ExitCallBack: Testhost processId: 11624 exited with exitcode: 0 error: ''
TpTrace Verbose: 0 : 5876, 11, 2024/04/26, 09:16:35.144, 7570619630911, vstest.console.dll, DotnetTestHostManager.OnHostExited: invoking OnHostExited callback
TpTrace Verbose: 0 : 5876, 11, 2024/04/26, 09:16:35.144, 7570619631406, vstest.console.dll, CrossPlatEngine.TestHostManagerHostExited: calling on client process exit callback.
TpTrace Information: 0 : 5876, 11, 2024/04/26, 09:16:35.144, 7570619631841, vstest.console.dll, TestRequestSender.OnClientProcessExit: Test host process exited. Standard error: 
TpTrace Information: 0 : 5876, 11, 2024/04/26, 09:16:35.144, 7570619632137, vstest.console.dll, SocketServer.Stop: Stop server endPoint: 127.0.0.1:55022
TpTrace Information: 0 : 5876, 11, 2024/04/26, 09:16:35.144, 7570619632352, vstest.console.dll, SocketServer.Stop: Cancellation requested. Stopping message loop.
TpTrace Verbose: 0 : 5876, 11, 2024/04/26, 09:16:35.145, 7570619633055, vstest.console.dll, MulticastDelegateUtilities.SafeInvoke: HostProviderEvents.OnHostExited: Invoking callback 1/1 for Microsoft.VisualStudio.TestPlatform.CrossPlatEngine.Client.ProxyOperationManager., took 0 ms.
TpTrace Information: 0 : 5876, 13, 2024/04/26, 09:16:35.145, 7570619633168, vstest.console.dll, SocketServer.Stop: Stop server endPoint: 127.0.0.1:55022
TpTrace Information: 0 : 5876, 13, 2024/04/26, 09:16:35.145, 7570619633921, vstest.console.dll, SocketServer.Stop: Cancellation requested. Stopping message loop.
TpTrace Information: 0 : 5876, 13, 2024/04/26, 09:16:35.145, 7570619634274, vstest.console.dll, Closing the connection
TpTrace Verbose: 0 : 5876, 13, 2024/04/26, 09:16:35.145, 7570619635996, vstest.console.dll, ProxyDataCollectionManager.InvokeDataCollectionServiceAction: Starting.
TpTrace Information: 0 : 5876, 13, 2024/04/26, 09:16:35.145, 7570619636358, vstest.console.dll, ProxyDataCollectionManager.AfterTestRunEnd: Get attachment set and invoked data collectors processId: 2376 port: 55019
TpTrace Verbose: 0 : 5876, 13, 2024/04/26, 09:16:35.145, 7570619636720, vstest.console.dll, DataCollectionRequestSender.SendAfterTestRunStartAndGetResult: Send AfterTestRunEnd message with isCancelled: False
TpTrace Verbose: 0 : 5876, 13, 2024/04/26, 09:16:35.150, 7570619683241, vstest.console.dll, DataCollectionRequestSender.SendAfterTestRunStartAndGetResult: Received message: (DataCollection.AfterTestRunEndResult) -> {"MessageType":"DataCollection.AfterTestRunEndResult","Payload":{"AttachmentSets":[],"InvokedDataCollectors":[{"Uri":"datacollector://Microsoft/TestPlatform/Extensions/Blame/v1","FriendlyName":"Blame","AssemblyQualifiedName":"Microsoft.TestPlatform.Extensions.BlameDataCollector.BlameCollector, Microsoft.TestPlatform.Extensions.BlameDataCollector, Version=15.0.0.0, Culture=neutral, PublicKeyToken=b03f5f7f11d50a3a","FilePath":"C:\\Program Files\\dotnet\\sdk\\8.0.204\\Extensions\\Microsoft.TestPlatform.Extensions.BlameDataCollector.dll","HasAttachmentProcessor":false}],"Metrics":{}}}
TpTrace Warning: 0 : 5876, 10, 2024/04/26, 09:16:35.154, 7570619726015, vstest.console.dll, DataCollectionLauncher.ErrorReceivedCallback datacollector standard error line: 
TpTrace Information: 0 : 5876, 13, 2024/04/26, 09:16:35.155, 7570619735781, vstest.console.dll, ProxyDataCollectionManager.InvokeDataCollectionServiceAction: Completed.
TpTrace Information: 0 : 5876, 10, 2024/04/26, 09:16:35.160, 7570619791428, vstest.console.dll, DataCollectionLauncher.ExitCallBack: Data collector exited with exitcode: 0 error: ''
TpTrace Verbose: 0 : 5876, 13, 2024/04/26, 09:16:35.202, 7570620203912, vstest.console.dll, TestRunRequest:SendTestRunStatsChange: Starting.
TpTrace Verbose: 0 : 5876, 13, 2024/04/26, 09:16:35.202, 7570620206396, vstest.console.dll, MulticastDelegateUtilities.SafeInvoke: TestRun.RunStatsChanged: Invoking callbacks was skipped because there are no subscribers.
TpTrace Information: 0 : 5876, 13, 2024/04/26, 09:16:35.202, 7570620206802, vstest.console.dll, TestRunRequest:SendTestRunStatsChange: Completed.
TpTrace Verbose: 0 : 5876, 13, 2024/04/26, 09:16:35.202, 7570620209166, vstest.console.dll, ParallelProxyExecutionManager: HandlePartialRunComplete: Total workloads = 1, Total started clients = 1 Total completed clients = 1, Run complete = True, Run canceled: False.
TpTrace Verbose: 0 : 5876, 13, 2024/04/26, 09:16:35.202, 7570620209953, vstest.console.dll, ParallelProxyExecutionManager: HandlePartialRunComplete: All runs completed stopping all managers.
TpTrace Verbose: 0 : 5876, 13, 2024/04/26, 09:16:35.202, 7570620210329, vstest.console.dll, ParallelOperationManager.StopAllManagers: Stopping all managers.
TpTrace Verbose: 0 : 5876, 13, 2024/04/26, 09:16:35.202, 7570620210599, vstest.console.dll, ParallelOperationManager.ClearSlots: Clearing all slots. Slots should accept more work: False
TpTrace Verbose: 0 : 5876, 13, 2024/04/26, 09:16:35.202, 7570620210975, vstest.console.dll, ParallelOperationManager.SetOccupiedSlotCount: Setting slot counts AvailableSlotCount = 1, OccupiedSlotCount = 0.
TpTrace Verbose: 0 : 5876, 13, 2024/04/26, 09:16:35.202, 7570620211514, vstest.console.dll, Occupied slots:

TpTrace Verbose: 0 : 5876, 4, 2024/04/26, 09:16:35.205, 7570620235119, vstest.console.dll, MulticastDelegateUtilities.SafeInvoke: InternalTestLoggerEvents.SendTestResult: Invoking callback 1/1 for Microsoft.VisualStudio.TestPlatform.CommandLine.Internal.ConsoleLogger., took 2 ms.
TpTrace Verbose: 0 : 5876, 4, 2024/04/26, 09:16:35.205, 7570620240845, vstest.console.dll, MulticastDelegateUtilities.SafeInvoke: InternalTestLoggerEvents.SendTestResult: Invoking callback 1/1 for Microsoft.VisualStudio.TestPlatform.CommandLine.Internal.ConsoleLogger., took 0 ms.
TpTrace Verbose: 0 : 5876, 4, 2024/04/26, 09:16:35.206, 7570620248645, vstest.console.dll, MulticastDelegateUtilities.SafeInvoke: InternalTestLoggerEvents.SendTestResult: Invoking callback 1/1 for Microsoft.VisualStudio.TestPlatform.CommandLine.Internal.ConsoleLogger., took 0 ms.
TpTrace Verbose: 0 : 5876, 4, 2024/04/26, 09:16:35.206, 7570620250195, vstest.console.dll, MulticastDelegateUtilities.SafeInvoke: InternalTestLoggerEvents.SendTestResult: Invoking callback 1/1 for Microsoft.VisualStudio.TestPlatform.CommandLine.Internal.ConsoleLogger., took 0 ms.
TpTrace Verbose: 0 : 5876, 4, 2024/04/26, 09:16:35.206, 7570620250858, vstest.console.dll, MulticastDelegateUtilities.SafeInvoke: InternalTestLoggerEvents.SendTestResult: Invoking callback 1/1 for Microsoft.VisualStudio.TestPlatform.CommandLine.Internal.ConsoleLogger., took 0 ms.
TpTrace Verbose: 0 : 5876, 4, 2024/04/26, 09:16:35.206, 7570620251425, vstest.console.dll, MulticastDelegateUtilities.SafeInvoke: InternalTestLoggerEvents.SendTestResult: Invoking callback 1/1 for Microsoft.VisualStudio.TestPlatform.CommandLine.Internal.ConsoleLogger., took 0 ms.
TpTrace Verbose: 0 : 5876, 4, 2024/04/26, 09:16:35.207, 7570620254222, vstest.console.dll, MulticastDelegateUtilities.SafeInvoke: InternalTestLoggerEvents.SendTestResult: Invoking callback 1/1 for Microsoft.VisualStudio.TestPlatform.CommandLine.Internal.ConsoleLogger., took 0 ms.
TpTrace Verbose: 0 : 5876, 4, 2024/04/26, 09:16:35.212, 7570620309260, vstest.console.dll, MulticastDelegateUtilities.SafeInvoke: InternalTestLoggerEvents.SendTestRunComplete: Invoking callback 1/2 for Microsoft.TestPlatform.Extensions.BlameDataCollector.BlameLogger., took 0 ms.
TpTrace Verbose: 0 : 5876, 4, 2024/04/26, 09:16:35.216, 7570620351710, vstest.console.dll, MulticastDelegateUtilities.SafeInvoke: InternalTestLoggerEvents.SendTestRunComplete: Invoking callback 2/2 for Microsoft.VisualStudio.TestPlatform.CommandLine.Internal.ConsoleLogger., took 4 ms.
TpTrace Verbose: 0 : 5876, 13, 2024/04/26, 09:16:35.217, 7570620355678, vstest.console.dll, TestRunRequest:TestRunComplete: Starting. IsAborted:False IsCanceled:False.
TpTrace Verbose: 0 : 5876, 13, 2024/04/26, 09:16:35.217, 7570620358359, vstest.console.dll, ParallelOperationManager.DoActionOnAllManagers: Calling an action on all managers.
TpTrace Verbose: 0 : 5876, 13, 2024/04/26, 09:16:35.218, 7570620369650, vstest.console.dll, TestLoggerManager.HandleTestRunComplete: Ignoring as the object is disposed.
TpTrace Verbose: 0 : 5876, 13, 2024/04/26, 09:16:35.218, 7570620372382, vstest.console.dll, MulticastDelegateUtilities.SafeInvoke: TestRun.TestRunComplete: Invoking callback 1/2 for Microsoft.VisualStudio.TestPlatform.CommandLine.TestRunResultAggregator., took 0 ms.
TpTrace Verbose: 0 : 5876, 13, 2024/04/26, 09:16:35.219, 7570620373672, vstest.console.dll, MulticastDelegateUtilities.SafeInvoke: TestRun.TestRunComplete: Invoking callback 2/2 for Microsoft.VisualStudio.TestPlatform.CommandLine.Processors.RunTestsArgumentExecutor+TestRunRequestEventsRegistrar., took 0 ms.
TpTrace Information: 0 : 5876, 13, 2024/04/26, 09:16:35.219, 7570620374820, vstest.console.dll, TestRunRequest:TestRunComplete: Completed.
TpTrace Verbose: 0 : 5876, 13, 2024/04/26, 09:16:35.219, 7570620375274, vstest.console.dll, TestRequestSender.SetOperationComplete: Setting operation complete.
TpTrace Information: 0 : 5876, 13, 2024/04/26, 09:16:35.219, 7570620375621, vstest.console.dll, SocketServer.Stop: Stop server endPoint: 127.0.0.1:55022
TpTrace Verbose: 0 : 5876, 1, 2024/04/26, 09:16:35.219, 7570620375672, vstest.console.dll, TestRunRequest.Dispose: Starting.
TpTrace Information: 0 : 5876, 1, 2024/04/26, 09:16:35.219, 7570620376765, vstest.console.dll, TestRunRequest.Dispose: Completed.
TpTrace Information: 0 : 5876, 1, 2024/04/26, 09:16:35.219, 7570620377188, vstest.console.dll, TestRequestManager.RunTests: run tests completed.
TpTrace Information: 0 : 5876, 13, 2024/04/26, 09:16:35.219, 7570620376008, vstest.console.dll, SocketServer.Stop: Cancellation requested. Stopping message loop.
TpTrace Information: 0 : 5876, 1, 2024/04/26, 09:16:35.219, 7570620378051, vstest.console.dll, RunTestsArgumentProcessor:Execute: Test run is completed.
TpTrace Verbose: 0 : 5876, 13, 2024/04/26, 09:16:35.219, 7570620378278, vstest.console.dll, MulticastDelegateUtilities.SafeInvoke: LengthPrefixCommunicationChannel: MessageReceived: Invoking callback 1/1 for Microsoft.VisualStudio.TestPlatform.CommunicationUtilities.TestRequestSender+<>c__DisplayClass34_0., took 93 ms.
TpTrace Information: 0 : 5876, 13, 2024/04/26, 09:16:35.219, 7570620378797, vstest.console.dll, SocketServer.PrivateStop: Stopping server endPoint: 127.0.0.1:55022 error: 
TpTrace Verbose: 0 : 5876, 1, 2024/04/26, 09:16:35.219, 7570620379941, vstest.console.dll, Executor.Execute: Exiting with exit code of 1
TpTrace Verbose: 0 : 5876, 13, 2024/04/26, 09:16:35.219, 7570620382118, vstest.console.dll, LengthPrefixCommunicationChannel.Dispose: Dispose reader and writer.
TpTrace Information: 0 : 5876, 13, 2024/04/26, 09:16:35.219, 7570620382892, vstest.console.dll, SocketServer.Stop: Raise disconnected event endPoint: 127.0.0.1:55022 error: 
TpTrace Verbose: 0 : 5876, 13, 2024/04/26, 09:16:35.220, 7570620383612, vstest.console.dll, TestRequestSender: OnTestRunAbort: Operation is already complete. Skip error message.
TpTrace Verbose: 0 : 5876, 13, 2024/04/26, 09:16:35.220, 7570620384013, vstest.console.dll, MulticastDelegateUtilities.SafeInvoke: SocketServer: ClientDisconnected: Invoking callback 1/1 for Microsoft.VisualStudio.TestPlatform.CommunicationUtilities.TestRequestSender., took 0 ms.
TpTrace Verbose: 0 : 5876, 13, 2024/04/26, 09:16:35.220, 7570620384277, vstest.console.dll, TcpClientExtensions.MessageLoopAsync: exiting MessageLoopAsync remoteEndPoint: 127.0.0.1:55023 localEndPoint: 127.0.0.1:55022
