TpTrace Verbose: 0 : 28052, 1, 2024/04/26, 09:16:31.798, 7570586165012, vstest.console.dll, Version: 17.9.0-release-24072-02 Current process architecture: X64
TpTrace Verbose: 0 : 28052, 1, 2024/04/26, 09:16:31.801, 7570586192999, vstest.console.dll, Runtime location: C:\Program Files\dotnet\shared\Microsoft.NETCore.App\8.0.4
TpTrace Verbose: 0 : 28052, 1, 2024/04/26, 09:16:31.804, 7570586229237, vstest.console.dll, ArtifactProcessingPostProcessModeProcessorExecutor.Initialize: ArtifactProcessingMode.Collect
TpTrace Verbose: 0 : 28052, 1, 2024/04/26, 09:16:31.804, 7570586230418, vstest.console.dll, TestSessionCorrelationIdProcessorModeProcessorExecutor.Initialize: TestSessionCorrelationId '25012_af17dfb8-222b-4781-b808-67d9d21bf124'
TpTrace Information: 0 : 28052, 1, 2024/04/26, 09:16:31.810, 7570586292140, vstest.console.dll, FilePatternParser: The given file C:\Users\VC\Downloads\Daily_progress\Day11\ShoppingFESoln\ShoppingDALTest\bin\Debug\net8.0\fine-code-coverage\build-output\ShoppingDALTest.dll is a full path.
TpTrace Verbose: 0 : 28052, 1, 2024/04/26, 09:16:31.819, 7570586380061, vstest.console.dll, TestPluginCache.DiscoverTestExtensions: finding test extensions in assemblies ends with: RuntimeProvider.dll TPluginInfo: Microsoft.VisualStudio.TestPlatform.Common.ExtensionFramework.Utilities.TestRuntimePluginInformation TExtension: Microsoft.VisualStudio.TestPlatform.ObjectModel.Host.ITestRuntimeProvider
TpTrace Verbose: 0 : 28052, 1, 2024/04/26, 09:16:31.819, 7570586382772, vstest.console.dll, TestPluginCache.GetExtensionPaths: Filtered extension paths: 
TpTrace Verbose: 0 : 28052, 1, 2024/04/26, 09:16:31.820, 7570586383427, vstest.console.dll, TestPluginCache.GetExtensionPaths: Added default extension paths: C:\Program Files\dotnet\sdk\8.0.204\Extensions\Microsoft.Diagnostics.NETCore.Client.dll
C:\Program Files\dotnet\sdk\8.0.204\Extensions\Microsoft.TestPlatform.Extensions.BlameDataCollector.dll
C:\Program Files\dotnet\sdk\8.0.204\Extensions\Microsoft.TestPlatform.Extensions.EventLogCollector.dll
C:\Program Files\dotnet\sdk\8.0.204\Extensions\Microsoft.TestPlatform.TestHostRuntimeProvider.dll
C:\Program Files\dotnet\sdk\8.0.204\Extensions\Microsoft.VisualStudio.TestPlatform.Extensions.Html.TestLogger.dll
C:\Program Files\dotnet\sdk\8.0.204\Extensions\Microsoft.VisualStudio.TestPlatform.Extensions.Trx.TestLogger.dll
TpTrace Verbose: 0 : 28052, 1, 2024/04/26, 09:16:31.820, 7570586383683, vstest.console.dll, TestPluginCache.GetExtensionPaths: Added unfilterableExtensionPaths: 
TpTrace Information: 0 : 28052, 1, 2024/04/26, 09:16:31.820, 7570586387369, vstest.console.dll, AssemblyResolver.ctor: Creating AssemblyResolver with searchDirectories C:\Program Files\dotnet\sdk\8.0.204\Extensions,C:\Program Files\dotnet\sdk\8.0.204
TpTrace Verbose: 0 : 28052, 1, 2024/04/26, 09:16:31.821, 7570586402177, vstest.console.dll, TestPluginCache.DiscoverTestExtensions: Discovering the extensions using extension path.
TpTrace Verbose: 0 : 28052, 1, 2024/04/26, 09:16:31.822, 7570586403457, vstest.console.dll, TestPluginCache.GetExtensionPaths: Filtered extension paths: 
TpTrace Verbose: 0 : 28052, 1, 2024/04/26, 09:16:31.822, 7570586403850, vstest.console.dll, TestPluginCache.GetExtensionPaths: Added default extension paths: C:\Program Files\dotnet\sdk\8.0.204\Extensions\Microsoft.Diagnostics.NETCore.Client.dll
C:\Program Files\dotnet\sdk\8.0.204\Extensions\Microsoft.TestPlatform.Extensions.BlameDataCollector.dll
C:\Program Files\dotnet\sdk\8.0.204\Extensions\Microsoft.TestPlatform.Extensions.EventLogCollector.dll
C:\Program Files\dotnet\sdk\8.0.204\Extensions\Microsoft.TestPlatform.TestHostRuntimeProvider.dll
C:\Program Files\dotnet\sdk\8.0.204\Extensions\Microsoft.VisualStudio.TestPlatform.Extensions.Html.TestLogger.dll
C:\Program Files\dotnet\sdk\8.0.204\Extensions\Microsoft.VisualStudio.TestPlatform.Extensions.Trx.TestLogger.dll
TpTrace Verbose: 0 : 28052, 1, 2024/04/26, 09:16:31.822, 7570586404081, vstest.console.dll, TestPluginCache.GetExtensionPaths: Added unfilterableExtensionPaths: 
TpTrace Verbose: 0 : 28052, 1, 2024/04/26, 09:16:31.822, 7570586404546, vstest.console.dll, TestPluginCache.DiscoverTestExtensions: Discovering the extensions using allExtensionPaths: C:\Program Files\dotnet\sdk\8.0.204\Extensions\Microsoft.Diagnostics.NETCore.Client.dll
C:\Program Files\dotnet\sdk\8.0.204\Extensions\Microsoft.TestPlatform.Extensions.BlameDataCollector.dll
C:\Program Files\dotnet\sdk\8.0.204\Extensions\Microsoft.TestPlatform.Extensions.EventLogCollector.dll
C:\Program Files\dotnet\sdk\8.0.204\Extensions\Microsoft.TestPlatform.TestHostRuntimeProvider.dll
C:\Program Files\dotnet\sdk\8.0.204\Extensions\Microsoft.VisualStudio.TestPlatform.Extensions.Html.TestLogger.dll
C:\Program Files\dotnet\sdk\8.0.204\Extensions\Microsoft.VisualStudio.TestPlatform.Extensions.Trx.TestLogger.dll
TpTrace Information: 0 : 28052, 1, 2024/04/26, 09:16:31.822, 7570586405611, vstest.console.dll, AssemblyResolver.AddSearchDirectories: Adding more searchDirectories C:\Program Files\dotnet\sdk\8.0.204\Extensions,C:\Program Files\dotnet\sdk\8.0.204
TpTrace Information: 0 : 28052, 1, 2024/04/26, 09:16:31.822, 7570586406067, vstest.console.dll, AssemblyResolver.AddSearchDirectories: Adding more searchDirectories C:\Program Files\dotnet\sdk\8.0.204\Extensions,C:\Program Files\dotnet\sdk\8.0.204
TpTrace Information: 0 : 28052, 1, 2024/04/26, 09:16:31.822, 7570586406295, vstest.console.dll, AssemblyResolver.AddSearchDirectories: Adding more searchDirectories C:\Program Files\dotnet\sdk\8.0.204\Extensions,C:\Program Files\dotnet\sdk\8.0.204
TpTrace Information: 0 : 28052, 1, 2024/04/26, 09:16:31.822, 7570586406508, vstest.console.dll, AssemblyResolver.AddSearchDirectories: Adding more searchDirectories C:\Program Files\dotnet\sdk\8.0.204\Extensions,C:\Program Files\dotnet\sdk\8.0.204
TpTrace Information: 0 : 28052, 1, 2024/04/26, 09:16:31.822, 7570586406758, vstest.console.dll, AssemblyResolver.AddSearchDirectories: Adding more searchDirectories C:\Program Files\dotnet\sdk\8.0.204\Extensions,C:\Program Files\dotnet\sdk\8.0.204
TpTrace Information: 0 : 28052, 1, 2024/04/26, 09:16:31.822, 7570586406969, vstest.console.dll, AssemblyResolver.AddSearchDirectories: Adding more searchDirectories C:\Program Files\dotnet\sdk\8.0.204\Extensions,C:\Program Files\dotnet\sdk\8.0.204
TpTrace Information: 0 : 28052, 1, 2024/04/26, 09:16:31.822, 7570586410475, vstest.console.dll, AssemblyResolver.OnResolve: Microsoft.Diagnostics.NETCore.Client: Resolving assembly.
TpTrace Information: 0 : 28052, 1, 2024/04/26, 09:16:31.822, 7570586411050, vstest.console.dll, AssemblyResolver.OnResolve: Microsoft.Diagnostics.NETCore.Client: Searching in: 'C:\Program Files\dotnet\sdk\8.0.204\Extensions'.
TpTrace Information: 0 : 28052, 1, 2024/04/26, 09:16:31.829, 7570586476527, vstest.console.dll, AssemblyResolver.OnResolve: Microsoft.Diagnostics.NETCore.Client: Loading assembly 'C:\Program Files\dotnet\sdk\8.0.204\Extensions\Microsoft.Diagnostics.NETCore.Client.dll'.
TpTrace Information: 0 : 28052, 1, 2024/04/26, 09:16:31.831, 7570586495468, vstest.console.dll, AssemblyResolver.OnResolve: Resolved assembly: Microsoft.Diagnostics.NETCore.Client, from path: C:\Program Files\dotnet\sdk\8.0.204\Extensions\Microsoft.Diagnostics.NETCore.Client.dll
TpTrace Verbose: 0 : 28052, 1, 2024/04/26, 09:16:31.834, 7570586531103, vstest.console.dll, MetadataReaderExtensionsHelper: Discovering extensions inside assembly 'Microsoft.Diagnostics.NETCore.Client, Version=0.2.9.2401, Culture=neutral, PublicKeyToken=31bf3856ad364e35' file path 'C:\Program Files\dotnet\sdk\8.0.204\Extensions\Microsoft.Diagnostics.NETCore.Client.dll'
TpTrace Information: 0 : 28052, 1, 2024/04/26, 09:16:31.837, 7570586562198, vstest.console.dll, AssemblyResolver.OnResolve: Microsoft.Bcl.AsyncInterfaces: Resolving assembly.
TpTrace Information: 0 : 28052, 1, 2024/04/26, 09:16:31.837, 7570586562861, vstest.console.dll, AssemblyResolver.OnResolve: Microsoft.Bcl.AsyncInterfaces: Searching in: 'C:\Program Files\dotnet\sdk\8.0.204\Extensions'.
TpTrace Information: 0 : 28052, 1, 2024/04/26, 09:16:31.838, 7570586563390, vstest.console.dll, AssemblyResolver.OnResolve: Microsoft.Bcl.AsyncInterfaces: Assembly path does not exist: 'C:\Program Files\dotnet\sdk\8.0.204\Extensions\Microsoft.Bcl.AsyncInterfaces.dll', returning.
TpTrace Information: 0 : 28052, 1, 2024/04/26, 09:16:31.838, 7570586564065, vstest.console.dll, AssemblyResolver.OnResolve: Microsoft.Bcl.AsyncInterfaces: Assembly path does not exist: 'C:\Program Files\dotnet\sdk\8.0.204\Extensions\Microsoft.Bcl.AsyncInterfaces.exe', returning.
TpTrace Information: 0 : 28052, 1, 2024/04/26, 09:16:31.838, 7570586564307, vstest.console.dll, AssemblyResolver.OnResolve: Microsoft.Bcl.AsyncInterfaces: Searching in: 'C:\Program Files\dotnet\sdk\8.0.204'.
TpTrace Information: 0 : 28052, 1, 2024/04/26, 09:16:31.838, 7570586564682, vstest.console.dll, AssemblyResolver.OnResolve: Microsoft.Bcl.AsyncInterfaces: Assembly path does not exist: 'C:\Program Files\dotnet\sdk\8.0.204\Microsoft.Bcl.AsyncInterfaces.dll', returning.
TpTrace Information: 0 : 28052, 1, 2024/04/26, 09:16:31.838, 7570586564992, vstest.console.dll, AssemblyResolver.OnResolve: Microsoft.Bcl.AsyncInterfaces: Assembly path does not exist: 'C:\Program Files\dotnet\sdk\8.0.204\Microsoft.Bcl.AsyncInterfaces.exe', returning.
TpTrace Information: 0 : 28052, 1, 2024/04/26, 09:16:31.838, 7570586565192, vstest.console.dll, AssemblyResolver.OnResolve: Microsoft.Bcl.AsyncInterfaces: Failed to load assembly.
TpTrace Verbose: 0 : 28052, 1, 2024/04/26, 09:16:31.838, 7570586565585, vstest.console.dll, CurrentDomainAssemblyResolve: Resolving assembly 'Microsoft.Bcl.AsyncInterfaces'.
TpTrace Information: 0 : 28052, 1, 2024/04/26, 09:16:31.838, 7570586566028, vstest.console.dll, AssemblyResolver.OnResolve: Microsoft.Bcl.AsyncInterfaces: Resolving assembly.
TpTrace Information: 0 : 28052, 1, 2024/04/26, 09:16:31.838, 7570586566295, vstest.console.dll, AssemblyResolver.OnResolve: Microsoft.Bcl.AsyncInterfaces: Resolved from cache.
TpTrace Verbose: 0 : 28052, 1, 2024/04/26, 09:16:31.838, 7570586566493, vstest.console.dll, CurrentDomainAssemblyResolve: Resolving assembly 'Microsoft.Bcl.AsyncInterfaces'.
TpTrace Verbose: 0 : 28052, 1, 2024/04/26, 09:16:31.838, 7570586566728, vstest.console.dll, CurrentDomainAssemblyResolve: Failed to resolve assembly 'Microsoft.Bcl.AsyncInterfaces'.
TpTrace Verbose: 0 : 28052, 1, 2024/04/26, 09:16:31.840, 7570586592754, vstest.console.dll, CurrentDomainAssemblyResolve: Failed to resolve assembly 'Microsoft.Bcl.AsyncInterfaces'.
TpTrace Warning: 0 : 28052, 1, 2024/04/26, 09:16:31.855, 7570586738325, vstest.console.dll, TestPluginDiscoverer: Failed to get types from assembly 'Microsoft.Diagnostics.NETCore.Client, Version=0.2.9.2401, Culture=neutral, PublicKeyToken=31bf3856ad364e35'. Error: System.Reflection.ReflectionTypeLoadException: Unable to load one or more of the requested types.
Could not load file or assembly 'Microsoft.Bcl.AsyncInterfaces, Version=6.0.0.0, Culture=neutral, PublicKeyToken=cc7b13ffcd2ddd51'. The system cannot find the file specified.
   at System.Reflection.RuntimeModule.GetTypes(RuntimeModule module)
   at System.Reflection.RuntimeModule.GetTypes()
   at Microsoft.VisualStudio.TestPlatform.Common.ExtensionFramework.TestPluginDiscoverer.GetTestExtensionsFromAssembly[TPluginInfo,TExtension](Assembly assembly, Dictionary`2 pluginInfos, String filePath) in /_/src/Microsoft.TestPlatform.Common/ExtensionFramework/TestPluginDiscoverer.cs:line 158
System.IO.FileNotFoundException: Could not load file or assembly 'Microsoft.Bcl.AsyncInterfaces, Version=6.0.0.0, Culture=neutral, PublicKeyToken=cc7b13ffcd2ddd51'. The system cannot find the file specified.
File name: 'Microsoft.Bcl.AsyncInterfaces, Version=6.0.0.0, Culture=neutral, PublicKeyToken=cc7b13ffcd2ddd51'
 ---> System.IO.FileNotFoundException: Could not load file or assembly 'Microsoft.Bcl.AsyncInterfaces, Culture=neutral, PublicKeyToken=null'. The system cannot find the file specified.
File name: 'Microsoft.Bcl.AsyncInterfaces, Culture=neutral, PublicKeyToken=null'
   at System.Reflection.RuntimeAssembly.InternalLoad(AssemblyName assemblyName, StackCrawlMark& stackMark, AssemblyLoadContext assemblyLoadContext, RuntimeAssembly requestingAssembly, Boolean throwOnFileNotFound)
   at System.Reflection.Assembly.Load(AssemblyName assemblyRef)
   at Microsoft.VisualStudio.TestPlatform.Common.ExtensionFramework.TestPluginCache.CurrentDomainAssemblyResolve(Object sender, AssemblyResolveEventArgs args) in /_/src/Microsoft.TestPlatform.Common/ExtensionFramework/TestPluginCache.cs:line 513
   at System.Runtime.Loader.AssemblyLoadContext.GetFirstResolvedAssemblyFromResolvingEvent(AssemblyName assemblyName)
   at System.Runtime.Loader.AssemblyLoadContext.ResolveUsingEvent(AssemblyName assemblyName)
   at System.Runtime.Loader.AssemblyLoadContext.ResolveUsingResolvingEvent(IntPtr gchManagedAssemblyLoadContext, AssemblyName assemblyName)
TpTrace Warning: 0 : 28052, 1, 2024/04/26, 09:16:31.855, 7570586741707, vstest.console.dll, LoaderExceptions: System.IO.FileNotFoundException: Could not load file or assembly 'Microsoft.Bcl.AsyncInterfaces, Version=6.0.0.0, Culture=neutral, PublicKeyToken=cc7b13ffcd2ddd51'. The system cannot find the file specified.
File name: 'Microsoft.Bcl.AsyncInterfaces, Version=6.0.0.0, Culture=neutral, PublicKeyToken=cc7b13ffcd2ddd51'
 ---> System.IO.FileNotFoundException: Could not load file or assembly 'Microsoft.Bcl.AsyncInterfaces, Culture=neutral, PublicKeyToken=null'. The system cannot find the file specified.
File name: 'Microsoft.Bcl.AsyncInterfaces, Culture=neutral, PublicKeyToken=null'
   at System.Reflection.RuntimeAssembly.InternalLoad(AssemblyName assemblyName, StackCrawlMark& stackMark, AssemblyLoadContext assemblyLoadContext, RuntimeAssembly requestingAssembly, Boolean throwOnFileNotFound)
   at System.Reflection.Assembly.Load(AssemblyName assemblyRef)
   at Microsoft.VisualStudio.TestPlatform.Common.ExtensionFramework.TestPluginCache.CurrentDomainAssemblyResolve(Object sender, AssemblyResolveEventArgs args) in /_/src/Microsoft.TestPlatform.Common/ExtensionFramework/TestPluginCache.cs:line 513
   at System.Runtime.Loader.AssemblyLoadContext.GetFirstResolvedAssemblyFromResolvingEvent(AssemblyName assemblyName)
   at System.Runtime.Loader.AssemblyLoadContext.ResolveUsingEvent(AssemblyName assemblyName)
   at System.Runtime.Loader.AssemblyLoadContext.ResolveUsingResolvingEvent(IntPtr gchManagedAssemblyLoadContext, AssemblyName assemblyName)
TpTrace Information: 0 : 28052, 1, 2024/04/26, 09:16:31.856, 7570586743017, vstest.console.dll, AssemblyResolver.OnResolve: Microsoft.TestPlatform.Extensions.BlameDataCollector: Resolving assembly.
TpTrace Information: 0 : 28052, 1, 2024/04/26, 09:16:31.856, 7570586743436, vstest.console.dll, AssemblyResolver.OnResolve: Microsoft.TestPlatform.Extensions.BlameDataCollector: Searching in: 'C:\Program Files\dotnet\sdk\8.0.204\Extensions'.
TpTrace Information: 0 : 28052, 1, 2024/04/26, 09:16:31.856, 7570586746848, vstest.console.dll, AssemblyResolver.OnResolve: Microsoft.TestPlatform.Extensions.BlameDataCollector: Loading assembly 'C:\Program Files\dotnet\sdk\8.0.204\Extensions\Microsoft.TestPlatform.Extensions.BlameDataCollector.dll'.
TpTrace Information: 0 : 28052, 1, 2024/04/26, 09:16:31.856, 7570586751967, vstest.console.dll, AssemblyResolver.OnResolve: Resolved assembly: Microsoft.TestPlatform.Extensions.BlameDataCollector, from path: C:\Program Files\dotnet\sdk\8.0.204\Extensions\Microsoft.TestPlatform.Extensions.BlameDataCollector.dll
TpTrace Verbose: 0 : 28052, 1, 2024/04/26, 09:16:31.856, 7570586752682, vstest.console.dll, MetadataReaderExtensionsHelper: Discovering extensions inside assembly 'Microsoft.TestPlatform.Extensions.BlameDataCollector, Version=15.0.0.0, Culture=neutral, PublicKeyToken=b03f5f7f11d50a3a' file path 'C:\Program Files\dotnet\sdk\8.0.204\Extensions\Microsoft.TestPlatform.Extensions.BlameDataCollector.dll'
TpTrace Information: 0 : 28052, 1, 2024/04/26, 09:16:31.858, 7570586763573, vstest.console.dll, AssemblyResolver.OnResolve: Microsoft.TestPlatform.Extensions.EventLogCollector: Resolving assembly.
TpTrace Information: 0 : 28052, 1, 2024/04/26, 09:16:31.858, 7570586764049, vstest.console.dll, AssemblyResolver.OnResolve: Microsoft.TestPlatform.Extensions.EventLogCollector: Searching in: 'C:\Program Files\dotnet\sdk\8.0.204\Extensions'.
TpTrace Information: 0 : 28052, 1, 2024/04/26, 09:16:31.858, 7570586766461, vstest.console.dll, AssemblyResolver.OnResolve: Microsoft.TestPlatform.Extensions.EventLogCollector: Loading assembly 'C:\Program Files\dotnet\sdk\8.0.204\Extensions\Microsoft.TestPlatform.Extensions.EventLogCollector.dll'.
TpTrace Information: 0 : 28052, 1, 2024/04/26, 09:16:31.858, 7570586770453, vstest.console.dll, AssemblyResolver.OnResolve: Resolved assembly: Microsoft.TestPlatform.Extensions.EventLogCollector, from path: C:\Program Files\dotnet\sdk\8.0.204\Extensions\Microsoft.TestPlatform.Extensions.EventLogCollector.dll
TpTrace Verbose: 0 : 28052, 1, 2024/04/26, 09:16:31.858, 7570586771055, vstest.console.dll, MetadataReaderExtensionsHelper: Discovering extensions inside assembly 'Microsoft.TestPlatform.Extensions.EventLogCollector, Version=15.0.0.0, Culture=neutral, PublicKeyToken=b03f5f7f11d50a3a' file path 'C:\Program Files\dotnet\sdk\8.0.204\Extensions\Microsoft.TestPlatform.Extensions.EventLogCollector.dll'
TpTrace Information: 0 : 28052, 1, 2024/04/26, 09:16:31.860, 7570586787158, vstest.console.dll, AssemblyResolver.OnResolve: Microsoft.TestPlatform.TestHostRuntimeProvider: Resolving assembly.
TpTrace Information: 0 : 28052, 1, 2024/04/26, 09:16:31.860, 7570586787642, vstest.console.dll, AssemblyResolver.OnResolve: Microsoft.TestPlatform.TestHostRuntimeProvider: Searching in: 'C:\Program Files\dotnet\sdk\8.0.204\Extensions'.
TpTrace Information: 0 : 28052, 1, 2024/04/26, 09:16:31.861, 7570586793680, vstest.console.dll, AssemblyResolver.OnResolve: Microsoft.TestPlatform.TestHostRuntimeProvider: Loading assembly 'C:\Program Files\dotnet\sdk\8.0.204\Extensions\Microsoft.TestPlatform.TestHostRuntimeProvider.dll'.
TpTrace Information: 0 : 28052, 1, 2024/04/26, 09:16:31.862, 7570586805188, vstest.console.dll, AssemblyResolver.OnResolve: Resolved assembly: Microsoft.TestPlatform.TestHostRuntimeProvider, from path: C:\Program Files\dotnet\sdk\8.0.204\Extensions\Microsoft.TestPlatform.TestHostRuntimeProvider.dll
TpTrace Verbose: 0 : 28052, 1, 2024/04/26, 09:16:31.862, 7570586805738, vstest.console.dll, MetadataReaderExtensionsHelper: Discovering extensions inside assembly 'Microsoft.TestPlatform.TestHostRuntimeProvider, Version=15.0.0.0, Culture=neutral, PublicKeyToken=b03f5f7f11d50a3a' file path 'C:\Program Files\dotnet\sdk\8.0.204\Extensions\Microsoft.TestPlatform.TestHostRuntimeProvider.dll'
TpTrace Information: 0 : 28052, 1, 2024/04/26, 09:16:31.863, 7570586821546, vstest.console.dll, GetTestExtensionFromType: Register extension with identifier data 'HostProvider://DefaultTestHost' and type 'Microsoft.VisualStudio.TestPlatform.CrossPlatEngine.Hosting.DefaultTestHostManager, Microsoft.TestPlatform.TestHostRuntimeProvider, Version=15.0.0.0, Culture=neutral, PublicKeyToken=b03f5f7f11d50a3a' inside file 'C:\Program Files\dotnet\sdk\8.0.204\Extensions\Microsoft.TestPlatform.TestHostRuntimeProvider.dll'
TpTrace Information: 0 : 28052, 1, 2024/04/26, 09:16:31.864, 7570586823471, vstest.console.dll, GetTestExtensionFromType: Register extension with identifier data 'HostProvider://DotnetTestHost' and type 'Microsoft.VisualStudio.TestPlatform.CrossPlatEngine.Hosting.DotnetTestHostManager, Microsoft.TestPlatform.TestHostRuntimeProvider, Version=15.0.0.0, Culture=neutral, PublicKeyToken=b03f5f7f11d50a3a' inside file 'C:\Program Files\dotnet\sdk\8.0.204\Extensions\Microsoft.TestPlatform.TestHostRuntimeProvider.dll'
TpTrace Information: 0 : 28052, 1, 2024/04/26, 09:16:31.864, 7570586824063, vstest.console.dll, AssemblyResolver.OnResolve: Microsoft.VisualStudio.TestPlatform.Extensions.Html.TestLogger: Resolving assembly.
TpTrace Information: 0 : 28052, 1, 2024/04/26, 09:16:31.864, 7570586824318, vstest.console.dll, AssemblyResolver.OnResolve: Microsoft.VisualStudio.TestPlatform.Extensions.Html.TestLogger: Searching in: 'C:\Program Files\dotnet\sdk\8.0.204\Extensions'.
TpTrace Information: 0 : 28052, 1, 2024/04/26, 09:16:31.864, 7570586830081, vstest.console.dll, AssemblyResolver.OnResolve: Microsoft.VisualStudio.TestPlatform.Extensions.Html.TestLogger: Loading assembly 'C:\Program Files\dotnet\sdk\8.0.204\Extensions\Microsoft.VisualStudio.TestPlatform.Extensions.Html.TestLogger.dll'.
TpTrace Information: 0 : 28052, 1, 2024/04/26, 09:16:31.865, 7570586838009, vstest.console.dll, AssemblyResolver.OnResolve: Resolved assembly: Microsoft.VisualStudio.TestPlatform.Extensions.Html.TestLogger, from path: C:\Program Files\dotnet\sdk\8.0.204\Extensions\Microsoft.VisualStudio.TestPlatform.Extensions.Html.TestLogger.dll
TpTrace Verbose: 0 : 28052, 1, 2024/04/26, 09:16:31.865, 7570586838666, vstest.console.dll, MetadataReaderExtensionsHelper: Discovering extensions inside assembly 'Microsoft.VisualStudio.TestPlatform.Extensions.Html.TestLogger, Version=15.0.0.0, Culture=neutral, PublicKeyToken=b03f5f7f11d50a3a' file path 'C:\Program Files\dotnet\sdk\8.0.204\Extensions\Microsoft.VisualStudio.TestPlatform.Extensions.Html.TestLogger.dll'
TpTrace Information: 0 : 28052, 1, 2024/04/26, 09:16:31.866, 7570586845784, vstest.console.dll, AssemblyResolver.OnResolve: Microsoft.VisualStudio.TestPlatform.Extensions.Trx.TestLogger: Resolving assembly.
TpTrace Information: 0 : 28052, 1, 2024/04/26, 09:16:31.866, 7570586846224, vstest.console.dll, AssemblyResolver.OnResolve: Microsoft.VisualStudio.TestPlatform.Extensions.Trx.TestLogger: Searching in: 'C:\Program Files\dotnet\sdk\8.0.204\Extensions'.
TpTrace Information: 0 : 28052, 1, 2024/04/26, 09:16:31.867, 7570586855167, vstest.console.dll, AssemblyResolver.OnResolve: Microsoft.VisualStudio.TestPlatform.Extensions.Trx.TestLogger: Loading assembly 'C:\Program Files\dotnet\sdk\8.0.204\Extensions\Microsoft.VisualStudio.TestPlatform.Extensions.Trx.TestLogger.dll'.
TpTrace Information: 0 : 28052, 1, 2024/04/26, 09:16:31.868, 7570586869718, vstest.console.dll, AssemblyResolver.OnResolve: Resolved assembly: Microsoft.VisualStudio.TestPlatform.Extensions.Trx.TestLogger, from path: C:\Program Files\dotnet\sdk\8.0.204\Extensions\Microsoft.VisualStudio.TestPlatform.Extensions.Trx.TestLogger.dll
TpTrace Verbose: 0 : 28052, 1, 2024/04/26, 09:16:31.868, 7570586870233, vstest.console.dll, MetadataReaderExtensionsHelper: Discovering extensions inside assembly 'Microsoft.VisualStudio.TestPlatform.Extensions.Trx.TestLogger, Version=15.0.0.0, Culture=neutral, PublicKeyToken=b03f5f7f11d50a3a' file path 'C:\Program Files\dotnet\sdk\8.0.204\Extensions\Microsoft.VisualStudio.TestPlatform.Extensions.Trx.TestLogger.dll'
TpTrace Verbose: 0 : 28052, 1, 2024/04/26, 09:16:31.870, 7570586883543, vstest.console.dll, TestPluginCache: Discovered the extensions using extension path ''.
TpTrace Verbose: 0 : 28052, 1, 2024/04/26, 09:16:31.870, 7570586884155, vstest.console.dll, TestPluginCache: Discoverers are ''.
TpTrace Verbose: 0 : 28052, 1, 2024/04/26, 09:16:31.870, 7570586884364, vstest.console.dll, TestPluginCache: Executors are ''.
TpTrace Verbose: 0 : 28052, 1, 2024/04/26, 09:16:31.870, 7570586884552, vstest.console.dll, TestPluginCache: Executors2 are ''.
TpTrace Verbose: 0 : 28052, 1, 2024/04/26, 09:16:31.870, 7570586884739, vstest.console.dll, TestPluginCache: Setting providers are ''.
TpTrace Verbose: 0 : 28052, 1, 2024/04/26, 09:16:31.870, 7570586884926, vstest.console.dll, TestPluginCache: Loggers are ''.
TpTrace Verbose: 0 : 28052, 1, 2024/04/26, 09:16:31.870, 7570586886066, vstest.console.dll, TestPluginCache: TestHosts are 'HostProvider://DefaultTestHost,HostProvider://DotnetTestHost'.
TpTrace Verbose: 0 : 28052, 1, 2024/04/26, 09:16:31.870, 7570586886476, vstest.console.dll, TestPluginCache: DataCollectors are ''.
TpTrace Information: 0 : 28052, 1, 2024/04/26, 09:16:31.881, 7570587000037, vstest.console.dll, RunTestsArgumentProcessor:Execute: Test run is starting.
TpTrace Verbose: 0 : 28052, 1, 2024/04/26, 09:16:31.881, 7570587000900, vstest.console.dll, RunTestsArgumentProcessor:Execute: Queuing Test run.
TpTrace Information: 0 : 28052, 1, 2024/04/26, 09:16:31.882, 7570587007159, vstest.console.dll, TestRequestManager.RunTests: run tests started.
TpTrace Information: 0 : 28052, 1, 2024/04/26, 09:16:31.883, 7570587018248, vstest.console.dll, AssemblyMetadataProvider.GetFrameworkName: Determined framework:'.NETCoreApp,Version=v8.0' for source: 'C:\Users\VC\Downloads\Daily_progress\Day11\ShoppingFESoln\ShoppingDALTest\bin\Debug\net8.0\fine-code-coverage\build-output\ShoppingDALTest.dll'
TpTrace Information: 0 : 28052, 1, 2024/04/26, 09:16:31.883, 7570587019650, vstest.console.dll, Determined framework for all sources: .NETCoreApp,Version=v8.0
TpTrace Verbose: 0 : 28052, 1, 2024/04/26, 09:16:31.883, 7570587022464, vstest.console.dll, TestRequestManager.UpdateRunSettingsIfRequired: Default architecture: X64 IsDefaultTargetArchitecture: True, Current process architecture: X64 OperatingSystem: Windows.
TpTrace Information: 0 : 28052, 1, 2024/04/26, 09:16:31.885, 7570587035516, vstest.console.dll, AssemblyMetadataProvider.GetArchitecture: Determined architecture:AnyCPU info for assembly: C:\Users\VC\Downloads\Daily_progress\Day11\ShoppingFESoln\ShoppingDALTest\bin\Debug\net8.0\fine-code-coverage\build-output\ShoppingDALTest.dll
TpTrace Information: 0 : 28052, 1, 2024/04/26, 09:16:31.885, 7570587035988, vstest.console.dll, Determined platform for source 'C:\Users\VC\Downloads\Daily_progress\Day11\ShoppingFESoln\ShoppingDALTest\bin\Debug\net8.0\fine-code-coverage\build-output\ShoppingDALTest.dll' was AnyCPU and it will use the default plaform X64.
TpTrace Information: 0 : 28052, 1, 2024/04/26, 09:16:31.885, 7570587036204, vstest.console.dll, None of the sources provided any runnable platform, using the default platform: X64
TpTrace Information: 0 : 28052, 1, 2024/04/26, 09:16:31.885, 7570587036873, vstest.console.dll, Platform was updated to 'X64'.
TpTrace Information: 0 : 28052, 1, 2024/04/26, 09:16:31.889, 7570587073309, vstest.console.dll, InferRunSettingsHelper.IsTestSettingsEnabled: Unable to navigate to RunSettings/MSTest. Current node: RunSettings
TpTrace Information: 0 : 28052, 1, 2024/04/26, 09:16:31.889, 7570587078358, vstest.console.dll, AssemblyResolver.OnResolve: Microsoft.VisualStudio.TestPlatform.Fakes: Resolving assembly.
TpTrace Information: 0 : 28052, 1, 2024/04/26, 09:16:31.889, 7570587078946, vstest.console.dll, AssemblyResolver.OnResolve: Microsoft.VisualStudio.TestPlatform.Fakes: Searching in: 'C:\Program Files\dotnet\sdk\8.0.204\Extensions'.
TpTrace Information: 0 : 28052, 1, 2024/04/26, 09:16:31.889, 7570587079657, vstest.console.dll, AssemblyResolver.OnResolve: Microsoft.VisualStudio.TestPlatform.Fakes: Assembly path does not exist: 'C:\Program Files\dotnet\sdk\8.0.204\Extensions\Microsoft.VisualStudio.TestPlatform.Fakes.dll', returning.
TpTrace Information: 0 : 28052, 1, 2024/04/26, 09:16:31.889, 7570587080000, vstest.console.dll, AssemblyResolver.OnResolve: Microsoft.VisualStudio.TestPlatform.Fakes: Assembly path does not exist: 'C:\Program Files\dotnet\sdk\8.0.204\Extensions\Microsoft.VisualStudio.TestPlatform.Fakes.exe', returning.
TpTrace Information: 0 : 28052, 1, 2024/04/26, 09:16:31.889, 7570587080259, vstest.console.dll, AssemblyResolver.OnResolve: Microsoft.VisualStudio.TestPlatform.Fakes: Searching in: 'C:\Program Files\dotnet\sdk\8.0.204'.
TpTrace Information: 0 : 28052, 1, 2024/04/26, 09:16:31.889, 7570587080634, vstest.console.dll, AssemblyResolver.OnResolve: Microsoft.VisualStudio.TestPlatform.Fakes: Assembly path does not exist: 'C:\Program Files\dotnet\sdk\8.0.204\Microsoft.VisualStudio.TestPlatform.Fakes.dll', returning.
TpTrace Information: 0 : 28052, 1, 2024/04/26, 09:16:31.889, 7570587080958, vstest.console.dll, AssemblyResolver.OnResolve: Microsoft.VisualStudio.TestPlatform.Fakes: Assembly path does not exist: 'C:\Program Files\dotnet\sdk\8.0.204\Microsoft.VisualStudio.TestPlatform.Fakes.exe', returning.
TpTrace Information: 0 : 28052, 1, 2024/04/26, 09:16:31.889, 7570587081162, vstest.console.dll, AssemblyResolver.OnResolve: Microsoft.VisualStudio.TestPlatform.Fakes: Failed to load assembly.
TpTrace Information: 0 : 28052, 1, 2024/04/26, 09:16:31.890, 7570587083178, vstest.console.dll, Failed to load assembly Microsoft.VisualStudio.TestPlatform.Fakes, Version=17.0.0.0, Culture=neutral. Reason:System.IO.FileNotFoundException: Could not load file or assembly 'Microsoft.VisualStudio.TestPlatform.Fakes, Version=17.0.0.0, Culture=neutral, PublicKeyToken=null'. The system cannot find the file specified.
File name: 'Microsoft.VisualStudio.TestPlatform.Fakes, Version=17.0.0.0, Culture=neutral, PublicKeyToken=null'
   at System.Reflection.RuntimeAssembly.InternalLoad(AssemblyName assemblyName, StackCrawlMark& stackMark, AssemblyLoadContext assemblyLoadContext, RuntimeAssembly requestingAssembly, Boolean throwOnFileNotFound)
   at System.Reflection.Assembly.Load(AssemblyName assemblyRef)
   at Microsoft.VisualStudio.TestPlatform.Common.Utilities.FakesUtilities.LoadTestPlatformAssembly() in /_/src/Microsoft.TestPlatform.Common/Utilities/FakesUtilities.cs:line 272
TpTrace Verbose: 0 : 28052, 1, 2024/04/26, 09:16:31.893, 7570587119939, vstest.console.dll, TestPluginCache.DiscoverTestExtensions: finding test extensions in assemblies ends with: TestLogger.dll TPluginInfo: Microsoft.VisualStudio.TestPlatform.Common.ExtensionFramework.Utilities.TestLoggerPluginInformation TExtension: Microsoft.VisualStudio.TestPlatform.ObjectModel.Client.ITestLogger
TpTrace Verbose: 0 : 28052, 1, 2024/04/26, 09:16:31.893, 7570587120815, vstest.console.dll, TestPluginCache.GetExtensionPaths: Filtered extension paths: 
TpTrace Verbose: 0 : 28052, 1, 2024/04/26, 09:16:31.893, 7570587121064, vstest.console.dll, TestPluginCache.GetExtensionPaths: Added default extension paths: C:\Program Files\dotnet\sdk\8.0.204\Extensions\Microsoft.Diagnostics.NETCore.Client.dll
C:\Program Files\dotnet\sdk\8.0.204\Extensions\Microsoft.TestPlatform.Extensions.BlameDataCollector.dll
C:\Program Files\dotnet\sdk\8.0.204\Extensions\Microsoft.TestPlatform.Extensions.EventLogCollector.dll
C:\Program Files\dotnet\sdk\8.0.204\Extensions\Microsoft.TestPlatform.TestHostRuntimeProvider.dll
C:\Program Files\dotnet\sdk\8.0.204\Extensions\Microsoft.VisualStudio.TestPlatform.Extensions.Html.TestLogger.dll
C:\Program Files\dotnet\sdk\8.0.204\Extensions\Microsoft.VisualStudio.TestPlatform.Extensions.Trx.TestLogger.dll
TpTrace Verbose: 0 : 28052, 1, 2024/04/26, 09:16:31.893, 7570587121285, vstest.console.dll, TestPluginCache.GetExtensionPaths: Added unfilterableExtensionPaths: 
TpTrace Information: 0 : 28052, 1, 2024/04/26, 09:16:31.893, 7570587122271, vstest.console.dll, AssemblyResolver.AddSearchDirectories: Adding more searchDirectories C:\Program Files\dotnet\sdk\8.0.204\Extensions,C:\Program Files\dotnet\sdk\8.0.204
TpTrace Verbose: 0 : 28052, 1, 2024/04/26, 09:16:31.893, 7570587122581, vstest.console.dll, TestPluginCache.DiscoverTestExtensions: Discovering the extensions using extension path.
TpTrace Verbose: 0 : 28052, 1, 2024/04/26, 09:16:31.893, 7570587122822, vstest.console.dll, TestPluginCache.GetExtensionPaths: Filtered extension paths: 
TpTrace Verbose: 0 : 28052, 1, 2024/04/26, 09:16:31.894, 7570587123081, vstest.console.dll, TestPluginCache.GetExtensionPaths: Added default extension paths: C:\Program Files\dotnet\sdk\8.0.204\Extensions\Microsoft.Diagnostics.NETCore.Client.dll
C:\Program Files\dotnet\sdk\8.0.204\Extensions\Microsoft.TestPlatform.Extensions.BlameDataCollector.dll
C:\Program Files\dotnet\sdk\8.0.204\Extensions\Microsoft.TestPlatform.Extensions.EventLogCollector.dll
C:\Program Files\dotnet\sdk\8.0.204\Extensions\Microsoft.TestPlatform.TestHostRuntimeProvider.dll
C:\Program Files\dotnet\sdk\8.0.204\Extensions\Microsoft.VisualStudio.TestPlatform.Extensions.Html.TestLogger.dll
C:\Program Files\dotnet\sdk\8.0.204\Extensions\Microsoft.VisualStudio.TestPlatform.Extensions.Trx.TestLogger.dll
TpTrace Verbose: 0 : 28052, 1, 2024/04/26, 09:16:31.894, 7570587123303, vstest.console.dll, TestPluginCache.GetExtensionPaths: Added unfilterableExtensionPaths: 
TpTrace Verbose: 0 : 28052, 1, 2024/04/26, 09:16:31.894, 7570587123536, vstest.console.dll, TestPluginCache.DiscoverTestExtensions: Discovering the extensions using allExtensionPaths: C:\Program Files\dotnet\sdk\8.0.204\Extensions\Microsoft.Diagnostics.NETCore.Client.dll
C:\Program Files\dotnet\sdk\8.0.204\Extensions\Microsoft.TestPlatform.Extensions.BlameDataCollector.dll
C:\Program Files\dotnet\sdk\8.0.204\Extensions\Microsoft.TestPlatform.Extensions.EventLogCollector.dll
C:\Program Files\dotnet\sdk\8.0.204\Extensions\Microsoft.TestPlatform.TestHostRuntimeProvider.dll
C:\Program Files\dotnet\sdk\8.0.204\Extensions\Microsoft.VisualStudio.TestPlatform.Extensions.Html.TestLogger.dll
C:\Program Files\dotnet\sdk\8.0.204\Extensions\Microsoft.VisualStudio.TestPlatform.Extensions.Trx.TestLogger.dll
TpTrace Information: 0 : 28052, 1, 2024/04/26, 09:16:31.894, 7570587124306, vstest.console.dll, AssemblyResolver.AddSearchDirectories: Adding more searchDirectories C:\Program Files\dotnet\sdk\8.0.204\Extensions,C:\Program Files\dotnet\sdk\8.0.204
TpTrace Information: 0 : 28052, 1, 2024/04/26, 09:16:31.894, 7570587124709, vstest.console.dll, AssemblyResolver.AddSearchDirectories: Adding more searchDirectories C:\Program Files\dotnet\sdk\8.0.204\Extensions,C:\Program Files\dotnet\sdk\8.0.204
TpTrace Information: 0 : 28052, 1, 2024/04/26, 09:16:31.894, 7570587124924, vstest.console.dll, AssemblyResolver.AddSearchDirectories: Adding more searchDirectories C:\Program Files\dotnet\sdk\8.0.204\Extensions,C:\Program Files\dotnet\sdk\8.0.204
TpTrace Information: 0 : 28052, 1, 2024/04/26, 09:16:31.894, 7570587125130, vstest.console.dll, AssemblyResolver.AddSearchDirectories: Adding more searchDirectories C:\Program Files\dotnet\sdk\8.0.204\Extensions,C:\Program Files\dotnet\sdk\8.0.204
TpTrace Information: 0 : 28052, 1, 2024/04/26, 09:16:31.894, 7570587125417, vstest.console.dll, AssemblyResolver.AddSearchDirectories: Adding more searchDirectories C:\Program Files\dotnet\sdk\8.0.204\Extensions,C:\Program Files\dotnet\sdk\8.0.204
TpTrace Information: 0 : 28052, 1, 2024/04/26, 09:16:31.894, 7570587125627, vstest.console.dll, AssemblyResolver.AddSearchDirectories: Adding more searchDirectories C:\Program Files\dotnet\sdk\8.0.204\Extensions,C:\Program Files\dotnet\sdk\8.0.204
TpTrace Verbose: 0 : 28052, 1, 2024/04/26, 09:16:31.894, 7570587126431, vstest.console.dll, MetadataReaderExtensionsHelper: Discovering extensions inside assembly 'Microsoft.Diagnostics.NETCore.Client, Version=0.2.9.2401, Culture=neutral, PublicKeyToken=31bf3856ad364e35' file path 'C:\Program Files\dotnet\sdk\8.0.204\Extensions\Microsoft.Diagnostics.NETCore.Client.dll'
TpTrace Information: 0 : 28052, 1, 2024/04/26, 09:16:31.894, 7570587132284, vstest.console.dll, AssemblyResolver.OnResolve: Microsoft.Bcl.AsyncInterfaces: Resolving assembly.
TpTrace Information: 0 : 28052, 1, 2024/04/26, 09:16:31.894, 7570587132785, vstest.console.dll, AssemblyResolver.OnResolve: Microsoft.Bcl.AsyncInterfaces: Resolved from cache.
TpTrace Verbose: 0 : 28052, 1, 2024/04/26, 09:16:31.895, 7570587133005, vstest.console.dll, CurrentDomainAssemblyResolve: Resolving assembly 'Microsoft.Bcl.AsyncInterfaces'.
TpTrace Information: 0 : 28052, 1, 2024/04/26, 09:16:31.895, 7570587133318, vstest.console.dll, AssemblyResolver.OnResolve: Microsoft.Bcl.AsyncInterfaces: Resolving assembly.
TpTrace Information: 0 : 28052, 1, 2024/04/26, 09:16:31.895, 7570587133585, vstest.console.dll, AssemblyResolver.OnResolve: Microsoft.Bcl.AsyncInterfaces: Resolved from cache.
TpTrace Verbose: 0 : 28052, 1, 2024/04/26, 09:16:31.895, 7570587133783, vstest.console.dll, CurrentDomainAssemblyResolve: Resolving assembly 'Microsoft.Bcl.AsyncInterfaces'.
TpTrace Verbose: 0 : 28052, 1, 2024/04/26, 09:16:31.895, 7570587133975, vstest.console.dll, CurrentDomainAssemblyResolve: Failed to resolve assembly 'Microsoft.Bcl.AsyncInterfaces'.
TpTrace Verbose: 0 : 28052, 1, 2024/04/26, 09:16:31.895, 7570587134951, vstest.console.dll, CurrentDomainAssemblyResolve: Failed to resolve assembly 'Microsoft.Bcl.AsyncInterfaces'.
TpTrace Warning: 0 : 28052, 1, 2024/04/26, 09:16:31.895, 7570587137651, vstest.console.dll, TestPluginDiscoverer: Failed to get types from assembly 'Microsoft.Diagnostics.NETCore.Client, Version=0.2.9.2401, Culture=neutral, PublicKeyToken=31bf3856ad364e35'. Error: System.Reflection.ReflectionTypeLoadException: Unable to load one or more of the requested types.
Could not load file or assembly 'Microsoft.Bcl.AsyncInterfaces, Version=6.0.0.0, Culture=neutral, PublicKeyToken=cc7b13ffcd2ddd51'. The system cannot find the file specified.
   at System.Reflection.RuntimeModule.GetTypes(RuntimeModule module)
   at System.Reflection.RuntimeModule.GetTypes()
   at Microsoft.VisualStudio.TestPlatform.Common.ExtensionFramework.TestPluginDiscoverer.GetTestExtensionsFromAssembly[TPluginInfo,TExtension](Assembly assembly, Dictionary`2 pluginInfos, String filePath) in /_/src/Microsoft.TestPlatform.Common/ExtensionFramework/TestPluginDiscoverer.cs:line 158
System.IO.FileNotFoundException: Could not load file or assembly 'Microsoft.Bcl.AsyncInterfaces, Version=6.0.0.0, Culture=neutral, PublicKeyToken=cc7b13ffcd2ddd51'. The system cannot find the file specified.
File name: 'Microsoft.Bcl.AsyncInterfaces, Version=6.0.0.0, Culture=neutral, PublicKeyToken=cc7b13ffcd2ddd51'
 ---> System.IO.FileNotFoundException: Could not load file or assembly 'Microsoft.Bcl.AsyncInterfaces, Culture=neutral, PublicKeyToken=null'. The system cannot find the file specified.
File name: 'Microsoft.Bcl.AsyncInterfaces, Culture=neutral, PublicKeyToken=null'
   at System.Reflection.RuntimeAssembly.InternalLoad(AssemblyName assemblyName, StackCrawlMark& stackMark, AssemblyLoadContext assemblyLoadContext, RuntimeAssembly requestingAssembly, Boolean throwOnFileNotFound)
   at System.Reflection.Assembly.Load(AssemblyName assemblyRef)
   at Microsoft.VisualStudio.TestPlatform.Common.ExtensionFramework.TestPluginCache.CurrentDomainAssemblyResolve(Object sender, AssemblyResolveEventArgs args) in /_/src/Microsoft.TestPlatform.Common/ExtensionFramework/TestPluginCache.cs:line 513
   at System.Runtime.Loader.AssemblyLoadContext.GetFirstResolvedAssemblyFromResolvingEvent(AssemblyName assemblyName)
   at System.Runtime.Loader.AssemblyLoadContext.ResolveUsingEvent(AssemblyName assemblyName)
   at System.Runtime.Loader.AssemblyLoadContext.ResolveUsingResolvingEvent(IntPtr gchManagedAssemblyLoadContext, AssemblyName assemblyName)
TpTrace Warning: 0 : 28052, 1, 2024/04/26, 09:16:31.895, 7570587139237, vstest.console.dll, LoaderExceptions: System.IO.FileNotFoundException: Could not load file or assembly 'Microsoft.Bcl.AsyncInterfaces, Version=6.0.0.0, Culture=neutral, PublicKeyToken=cc7b13ffcd2ddd51'. The system cannot find the file specified.
File name: 'Microsoft.Bcl.AsyncInterfaces, Version=6.0.0.0, Culture=neutral, PublicKeyToken=cc7b13ffcd2ddd51'
 ---> System.IO.FileNotFoundException: Could not load file or assembly 'Microsoft.Bcl.AsyncInterfaces, Culture=neutral, PublicKeyToken=null'. The system cannot find the file specified.
File name: 'Microsoft.Bcl.AsyncInterfaces, Culture=neutral, PublicKeyToken=null'
   at System.Reflection.RuntimeAssembly.InternalLoad(AssemblyName assemblyName, StackCrawlMark& stackMark, AssemblyLoadContext assemblyLoadContext, RuntimeAssembly requestingAssembly, Boolean throwOnFileNotFound)
   at System.Reflection.Assembly.Load(AssemblyName assemblyRef)
   at Microsoft.VisualStudio.TestPlatform.Common.ExtensionFramework.TestPluginCache.CurrentDomainAssemblyResolve(Object sender, AssemblyResolveEventArgs args) in /_/src/Microsoft.TestPlatform.Common/ExtensionFramework/TestPluginCache.cs:line 513
   at System.Runtime.Loader.AssemblyLoadContext.GetFirstResolvedAssemblyFromResolvingEvent(AssemblyName assemblyName)
   at System.Runtime.Loader.AssemblyLoadContext.ResolveUsingEvent(AssemblyName assemblyName)
   at System.Runtime.Loader.AssemblyLoadContext.ResolveUsingResolvingEvent(IntPtr gchManagedAssemblyLoadContext, AssemblyName assemblyName)
TpTrace Verbose: 0 : 28052, 1, 2024/04/26, 09:16:31.895, 7570587139855, vstest.console.dll, MetadataReaderExtensionsHelper: Discovering extensions inside assembly 'Microsoft.TestPlatform.Extensions.BlameDataCollector, Version=15.0.0.0, Culture=neutral, PublicKeyToken=b03f5f7f11d50a3a' file path 'C:\Program Files\dotnet\sdk\8.0.204\Extensions\Microsoft.TestPlatform.Extensions.BlameDataCollector.dll'
TpTrace Information: 0 : 28052, 1, 2024/04/26, 09:16:31.896, 7570587143125, vstest.console.dll, GetTestExtensionFromType: Register extension with identifier data 'logger://Microsoft/TestPlatform/Extensions/Blame/v1' and type 'Microsoft.TestPlatform.Extensions.BlameDataCollector.BlameLogger, Microsoft.TestPlatform.Extensions.BlameDataCollector, Version=15.0.0.0, Culture=neutral, PublicKeyToken=b03f5f7f11d50a3a' inside file 'C:\Program Files\dotnet\sdk\8.0.204\Extensions\Microsoft.TestPlatform.Extensions.BlameDataCollector.dll'
TpTrace Verbose: 0 : 28052, 1, 2024/04/26, 09:16:31.896, 7570587143670, vstest.console.dll, MetadataReaderExtensionsHelper: Discovering extensions inside assembly 'Microsoft.TestPlatform.Extensions.EventLogCollector, Version=15.0.0.0, Culture=neutral, PublicKeyToken=b03f5f7f11d50a3a' file path 'C:\Program Files\dotnet\sdk\8.0.204\Extensions\Microsoft.TestPlatform.Extensions.EventLogCollector.dll'
TpTrace Verbose: 0 : 28052, 1, 2024/04/26, 09:16:31.896, 7570587145671, vstest.console.dll, MetadataReaderExtensionsHelper: Discovering extensions inside assembly 'Microsoft.TestPlatform.TestHostRuntimeProvider, Version=15.0.0.0, Culture=neutral, PublicKeyToken=b03f5f7f11d50a3a' file path 'C:\Program Files\dotnet\sdk\8.0.204\Extensions\Microsoft.TestPlatform.TestHostRuntimeProvider.dll'
TpTrace Verbose: 0 : 28052, 1, 2024/04/26, 09:16:31.896, 7570587147713, vstest.console.dll, MetadataReaderExtensionsHelper: Discovering extensions inside assembly 'Microsoft.VisualStudio.TestPlatform.Extensions.Html.TestLogger, Version=15.0.0.0, Culture=neutral, PublicKeyToken=b03f5f7f11d50a3a' file path 'C:\Program Files\dotnet\sdk\8.0.204\Extensions\Microsoft.VisualStudio.TestPlatform.Extensions.Html.TestLogger.dll'
TpTrace Information: 0 : 28052, 1, 2024/04/26, 09:16:31.896, 7570587151122, vstest.console.dll, GetTestExtensionFromType: Register extension with identifier data 'logger://Microsoft/TestPlatform/HtmlLogger/v1' and type 'Microsoft.VisualStudio.TestPlatform.Extensions.HtmlLogger.HtmlLogger, Microsoft.VisualStudio.TestPlatform.Extensions.Html.TestLogger, Version=15.0.0.0, Culture=neutral, PublicKeyToken=b03f5f7f11d50a3a' inside file 'C:\Program Files\dotnet\sdk\8.0.204\Extensions\Microsoft.VisualStudio.TestPlatform.Extensions.Html.TestLogger.dll'
TpTrace Verbose: 0 : 28052, 1, 2024/04/26, 09:16:31.896, 7570587151638, vstest.console.dll, MetadataReaderExtensionsHelper: Discovering extensions inside assembly 'Microsoft.VisualStudio.TestPlatform.Extensions.Trx.TestLogger, Version=15.0.0.0, Culture=neutral, PublicKeyToken=b03f5f7f11d50a3a' file path 'C:\Program Files\dotnet\sdk\8.0.204\Extensions\Microsoft.VisualStudio.TestPlatform.Extensions.Trx.TestLogger.dll'
TpTrace Information: 0 : 28052, 1, 2024/04/26, 09:16:31.897, 7570587153974, vstest.console.dll, GetTestExtensionFromType: Register extension with identifier data 'logger://Microsoft/TestPlatform/TrxLogger/v1' and type 'Microsoft.VisualStudio.TestPlatform.Extensions.TrxLogger.TrxLogger, Microsoft.VisualStudio.TestPlatform.Extensions.Trx.TestLogger, Version=15.0.0.0, Culture=neutral, PublicKeyToken=b03f5f7f11d50a3a' inside file 'C:\Program Files\dotnet\sdk\8.0.204\Extensions\Microsoft.VisualStudio.TestPlatform.Extensions.Trx.TestLogger.dll'
TpTrace Verbose: 0 : 28052, 1, 2024/04/26, 09:16:31.897, 7570587154482, vstest.console.dll, TestPluginCache: Discovered the extensions using extension path ''.
TpTrace Verbose: 0 : 28052, 1, 2024/04/26, 09:16:31.897, 7570587154808, vstest.console.dll, TestPluginCache: Discoverers are ''.
TpTrace Verbose: 0 : 28052, 1, 2024/04/26, 09:16:31.897, 7570587155002, vstest.console.dll, TestPluginCache: Executors are ''.
TpTrace Verbose: 0 : 28052, 1, 2024/04/26, 09:16:31.897, 7570587155189, vstest.console.dll, TestPluginCache: Executors2 are ''.
TpTrace Verbose: 0 : 28052, 1, 2024/04/26, 09:16:31.897, 7570587155376, vstest.console.dll, TestPluginCache: Setting providers are ''.
TpTrace Verbose: 0 : 28052, 1, 2024/04/26, 09:16:31.897, 7570587155978, vstest.console.dll, TestPluginCache: Loggers are 'logger://Microsoft/TestPlatform/Extensions/Blame/v1,logger://Microsoft/TestPlatform/HtmlLogger/v1,logger://Microsoft/TestPlatform/TrxLogger/v1'.
TpTrace Verbose: 0 : 28052, 1, 2024/04/26, 09:16:31.897, 7570587156283, vstest.console.dll, TestPluginCache: TestHosts are 'HostProvider://DefaultTestHost,HostProvider://DotnetTestHost'.
TpTrace Verbose: 0 : 28052, 1, 2024/04/26, 09:16:31.897, 7570587156537, vstest.console.dll, TestPluginCache: DataCollectors are ''.
TpTrace Information: 0 : 28052, 1, 2024/04/26, 09:16:31.897, 7570587162399, vstest.console.dll, TestPluginManager.CreateTestExtension: Attempting to load test extension: Microsoft.TestPlatform.Extensions.BlameDataCollector.BlameLogger
TpTrace Verbose: 0 : 28052, 1, 2024/04/26, 09:16:31.907, 7570587254946, vstest.console.dll, TestEngine: Initializing Parallel Execution as MaxCpuCount is set to: 1
TpTrace Information: 0 : 28052, 1, 2024/04/26, 09:16:31.908, 7570587268925, vstest.console.dll, TestPluginManager.CreateTestExtension: Attempting to load test extension: Microsoft.VisualStudio.TestPlatform.CrossPlatEngine.Hosting.DefaultTestHostManager
TpTrace Information: 0 : 28052, 1, 2024/04/26, 09:16:31.909, 7570587276824, vstest.console.dll, TestPluginManager.CreateTestExtension: Attempting to load test extension: Microsoft.VisualStudio.TestPlatform.CrossPlatEngine.Hosting.DotnetTestHostManager
TpTrace Information: 0 : 28052, 1, 2024/04/26, 09:16:31.909, 7570587280807, vstest.console.dll, InferRunSettingsHelper.IsTestSettingsEnabled: Unable to navigate to RunSettings/MSTest. Current node: RunSettings
TpTrace Verbose: 0 : 28052, 1, 2024/04/26, 09:16:31.910, 7570587290747, vstest.console.dll, ParallelOperationManager.ClearSlots: Clearing all slots. Slots should accept more work: True
TpTrace Verbose: 0 : 28052, 1, 2024/04/26, 09:16:31.911, 7570587295845, vstest.console.dll, ParallelOperationManager.SetOccupiedSlotCount: Setting slot counts AvailableSlotCount = 1, OccupiedSlotCount = 0.
TpTrace Verbose: 0 : 28052, 1, 2024/04/26, 09:16:31.911, 7570587297992, vstest.console.dll, Occupied slots:

TpTrace Verbose: 0 : 28052, 1, 2024/04/26, 09:16:31.913, 7570587320810, vstest.console.dll, TestEngine.GetExecutionManager: Chosen execution manager 'Microsoft.VisualStudio.TestPlatform.CrossPlatEngine.Client.Parallel.ParallelProxyExecutionManager, Microsoft.TestPlatform.CrossPlatEngine, Version=15.0.0.0, Culture=neutral, PublicKeyToken=b03f5f7f11d50a3a' ParallelLevel '1'.
TpTrace Verbose: 0 : 28052, 1, 2024/04/26, 09:16:31.913, 7570587321823, vstest.console.dll, TestRunRequest.ExecuteAsync: Creating test run request.
TpTrace Verbose: 0 : 28052, 1, 2024/04/26, 09:16:31.914, 7570587323360, vstest.console.dll, TestRunRequest.ExecuteAsync: Starting.
TpTrace Information: 0 : 28052, 1, 2024/04/26, 09:16:31.914, 7570587332337, vstest.console.dll, TestRunRequest.ExecuteAsync: Starting run with settings:TestRunCriteria:
   KeepAlive=False,FrequencyOfRunStatsChangeEvent=10,RunStatsChangeEventTimeout=00:00:01.5000000,TestCaseFilter=,TestExecutorLauncher=
   Settingsxml=<RunSettings>
  <RunConfiguration>
    <ResultsDirectory>C:\Users\VC\Downloads\Daily_progress\Day11\ShoppingFESoln\ShoppingDALTest\bin\Debug\net8.0\fine-code-coverage\coverage-tool-output</ResultsDirectory>
    <TargetPlatform>X64</TargetPlatform>
    <TargetFrameworkVersion>.NETCoreApp,Version=v8.0</TargetFrameworkVersion>
    <DesignMode>False</DesignMode>
    <CollectSourceInformation>False</CollectSourceInformation>
  </RunConfiguration>
  <LoggerRunSettings>
    <Loggers>
      <Logger friendlyName="blame" enabled="True" />
      <Logger friendlyName="Console" uri="logger://microsoft/TestPlatform/ConsoleLogger/v1" assemblyQualifiedName="Microsoft.VisualStudio.TestPlatform.CommandLine.Internal.ConsoleLogger, vstest.console, Version=15.0.0.0, Culture=neutral, PublicKeyToken=b03f5f7f11d50a3a" codeBase="C:\Program Files\dotnet\sdk\8.0.204\vstest.console.dll" enabled="True" />
    </Loggers>
  </LoggerRunSettings>
  <DataCollectionRunSettings>
    <DataCollectors>
      <DataCollector friendlyName="blame" enabled="True">
        <Configuration>
          <ResultsDirectory>C:\Users\VC\Downloads\Daily_progress\Day11\ShoppingFESoln\ShoppingDALTest\bin\Debug\net8.0\fine-code-coverage\coverage-tool-output</ResultsDirectory>
        </Configuration>
      </DataCollector>
    </DataCollectors>
  </DataCollectionRunSettings>
</RunSettings>

TpTrace Verbose: 0 : 28052, 1, 2024/04/26, 09:16:31.914, 7570587332891, vstest.console.dll, TestRunRequest.ExecuteAsync: Wait for the first run request is over.
TpTrace Verbose: 0 : 28052, 1, 2024/04/26, 09:16:31.915, 7570587335088, vstest.console.dll, MulticastDelegateUtilities.SafeInvoke: TestRun.TestRunStart: Invoking callbacks was skipped because there are no subscribers.
TpTrace Verbose: 0 : 28052, 4, 2024/04/26, 09:16:31.915, 7570587338120, vstest.console.dll, MulticastDelegateUtilities.SafeInvoke: InternalTestLoggerEvents.SendTestRunStart: Invoking callback 1/1 for Microsoft.VisualStudio.TestPlatform.CommandLine.Internal.ConsoleLogger., took 0 ms.
TpTrace Verbose: 0 : 28052, 1, 2024/04/26, 09:16:31.916, 7570587344087, vstest.console.dll, ParallelProxyExecutionManager: Start execution. Total sources: 1
TpTrace Verbose: 0 : 28052, 1, 2024/04/26, 09:16:31.916, 7570587346487, vstest.console.dll, ParallelOperationManager.StartWork: Starting adding 1 workloads.
TpTrace Verbose: 0 : 28052, 1, 2024/04/26, 09:16:31.916, 7570587346954, vstest.console.dll, ParallelOperationManager.ClearSlots: Clearing all slots. Slots should accept more work: True
TpTrace Verbose: 0 : 28052, 1, 2024/04/26, 09:16:31.916, 7570587347485, vstest.console.dll, ParallelOperationManager.SetOccupiedSlotCount: Setting slot counts AvailableSlotCount = 1, OccupiedSlotCount = 0.
TpTrace Verbose: 0 : 28052, 1, 2024/04/26, 09:16:31.916, 7570587347753, vstest.console.dll, Occupied slots:

TpTrace Verbose: 0 : 28052, 1, 2024/04/26, 09:16:31.917, 7570587360572, vstest.console.dll, TestRequestSender is acting as server.
TpTrace Verbose: 0 : 28052, 1, 2024/04/26, 09:16:31.919, 7570587373096, vstest.console.dll, ParallelOperationManager.RunWorkInParallel: Adding 1 workload to slot, remaining workloads 0.
TpTrace Verbose: 0 : 28052, 1, 2024/04/26, 09:16:31.919, 7570587373565, vstest.console.dll, ParallelOperationManager.SetOccupiedSlotCount: Setting slot counts AvailableSlotCount = 0, OccupiedSlotCount = 1.
TpTrace Verbose: 0 : 28052, 1, 2024/04/26, 09:16:31.919, 7570587374290, vstest.console.dll, Occupied slots:
0: C:\Users\VC\Downloads\Daily_progress\Day11\ShoppingFESoln\ShoppingDALTest\bin\Debug\net8.0\fine-code-coverage\build-output\ShoppingDALTest.dll
TpTrace Verbose: 0 : 28052, 1, 2024/04/26, 09:16:31.919, 7570587382143, vstest.console.dll, ParallelOperationManager.RunWorkInParallel: Started host in slot number 0 for work (source): C:\Users\VC\Downloads\Daily_progress\Day11\ShoppingFESoln\ShoppingDALTest\bin\Debug\net8.0\fine-code-coverage\build-output\ShoppingDALTest.dll.
TpTrace Verbose: 0 : 28052, 1, 2024/04/26, 09:16:31.921, 7570587393788, vstest.console.dll, ParallelOperationManager.RunWorkInParallel: We started 1 work items, which is the max parallel level. Won't start more work.
TpTrace Verbose: 0 : 28052, 1, 2024/04/26, 09:16:31.921, 7570587394389, vstest.console.dll, ParallelOperationManager.RunWorkInParallel: We started 1 work items in here, returning True.
TpTrace Verbose: 0 : 28052, 5, 2024/04/26, 09:16:31.921, 7570587394493, vstest.console.dll, ParallelProxyExecutionManager.StartTestRunOnConcurrentManager: Initializing uninitialized client. Started clients: 0
TpTrace Information: 0 : 28052, 1, 2024/04/26, 09:16:31.921, 7570587394794, vstest.console.dll, TestRunRequest.ExecuteAsync: Started.
TpTrace Verbose: 0 : 28052, 5, 2024/04/26, 09:16:31.921, 7570587396385, vstest.console.dll, DataCollectionRequestSender.InitializeCommunication : Initialize communication. 
TpTrace Verbose: 0 : 28052, 1, 2024/04/26, 09:16:31.921, 7570587400270, vstest.console.dll, TestRunRequest.WaitForCompletion: Waiting with timeout -1.
TpTrace Information: 0 : 28052, 5, 2024/04/26, 09:16:31.927, 7570587462245, vstest.console.dll, Listening on Endpoint : 127.0.0.1:55008
TpTrace Verbose: 0 : 28052, 5, 2024/04/26, 09:16:31.933, 7570587514999, vstest.console.dll, DotnetDataCollectionLauncher: Adding  --runtimeconfig "C:\Program Files\dotnet\sdk\8.0.204\datacollector.runtimeconfig.json" in args
TpTrace Verbose: 0 : 28052, 5, 2024/04/26, 09:16:31.933, 7570587519658, vstest.console.dll, DotnetDataCollectionLauncher: Adding  --depsfile "C:\Program Files\dotnet\sdk\8.0.204\datacollector.deps.json" in args
TpTrace Verbose: 0 : 28052, 5, 2024/04/26, 09:16:31.934, 7570587525011, vstest.console.dll, DotnetDataCollectionLauncher: Full path of dotnet.exe is C:\Program Files\dotnet\dotnet.exe
TpTrace Information: 0 : 28052, 5, 2024/04/26, 09:16:31.941, 7570587595719, vstest.console.dll, ProxyDataCollectionManager.Initialize: Launched datacollector processId: 29084 port: 55008
TpTrace Information: 0 : 28052, 5, 2024/04/26, 09:16:31.941, 7570587597145, vstest.console.dll, ProxyDataCollectionManager.Initialize: waiting for connection with timeout: 90 seconds
TpTrace Verbose: 0 : 28052, 5, 2024/04/26, 09:16:31.941, 7570587597556, vstest.console.dll, DataCollectionRequestSender.WaitForRequestHandlerConnection : Waiting for connection with timeout: 90000
TpTrace Information: 0 : 28052, 7, 2024/04/26, 09:16:32.094, 7570589131531, vstest.console.dll, Using the buffer size of 16384 bytes
TpTrace Information: 0 : 28052, 7, 2024/04/26, 09:16:32.094, 7570589132608, vstest.console.dll, Accepted Client request and set the flag
TpTrace Verbose: 0 : 28052, 5, 2024/04/26, 09:16:32.094, 7570589131993, vstest.console.dll, SocketCommunicationManager.WaitForClientConnection took: 153 ms, with 90000 ms timeout, and finished with True.
TpTrace Verbose: 0 : 28052, 5, 2024/04/26, 09:16:32.095, 7570589133838, vstest.console.dll, ProxyDataCollectionManager.InvokeDataCollectionServiceAction: Starting.
TpTrace Information: 0 : 28052, 5, 2024/04/26, 09:16:32.095, 7570589134586, vstest.console.dll, ProxyDataCollectionManager.BeforeTestRunStart: Get environment variable and port for datacollector processId: 29084 port: 55008
TpTrace Verbose: 0 : 28052, 5, 2024/04/26, 09:16:32.095, 7570589135331, vstest.console.dll, DataCollectionRequestSender.SendBeforeTestRunStartAndGetResult: Send BeforeTestRunStart message with settingsXml <RunSettings><RunConfiguration><ResultsDirectory>C:\Users\VC\Downloads\Daily_progress\Day11\ShoppingFESoln\ShoppingDALTest\bin\Debug\net8.0\fine-code-coverage\coverage-tool-output</ResultsDirectory><TargetPlatform>X64</TargetPlatform><TargetFrameworkVersion>.NETCoreApp,Version=v8.0</TargetFrameworkVersion><DesignMode>False</DesignMode><CollectSourceInformation>False</CollectSourceInformation><TestAdaptersPaths>C:\Program Files\dotnet\sdk\8.0.204\Extensions</TestAdaptersPaths></RunConfiguration><LoggerRunSettings><Loggers><Logger friendlyName="blame" enabled="True" /><Logger friendlyName="Console" uri="logger://microsoft/TestPlatform/ConsoleLogger/v1" assemblyQualifiedName="Microsoft.VisualStudio.TestPlatform.CommandLine.Internal.ConsoleLogger, vstest.console, Version=15.0.0.0, Culture=neutral, PublicKeyToken=b03f5f7f11d50a3a" codeBase="C:\Program Files\dotnet\sdk\8.0.204\vstest.console.dll" enabled="True" /></Loggers></LoggerRunSettings><DataCollectionRunSettings><DataCollectors><DataCollector friendlyName="blame" enabled="True"><Configuration><ResultsDirectory>C:\Users\VC\Downloads\Daily_progress\Day11\ShoppingFESoln\ShoppingDALTest\bin\Debug\net8.0\fine-code-coverage\coverage-tool-output</ResultsDirectory></Configuration></DataCollector></DataCollectors></DataCollectionRunSettings></RunSettings> and sources System.Collections.Generic.List`1[System.String]: 
TpTrace Verbose: 0 : 28052, 5, 2024/04/26, 09:16:32.138, 7570589572840, vstest.console.dll, DataCollectionRequestSender.SendBeforeTestRunStartAndGetResult: Received message: (DataCollection.SendMessage) -> {"MessageType":"DataCollection.SendMessage","Payload":{"FriendlyName":null,"Uri":null,"TestCaseId":"00000000-0000-0000-0000-000000000000","Message":"Logging DataCollector Diagnostics in file: C:\\Users\\VC\\Downloads\\Daily_progress\\Day11\\ShoppingFESoln\\ShoppingDALTest\\bin\\Debug\\net8.0\\fine-code-coverage\\coverage-tool-output\\diagnostics.datacollector.24-04-26_09-16-31_93231_5.log","Level":0}}
TpTrace Verbose: 0 : 28052, 5, 2024/04/26, 09:16:32.227, 7570590461924, vstest.console.dll, DataCollectionRequestSender.SendBeforeTestRunStartAndGetResult: Received message: (DataCollection.BeforeTestRunStartResult) -> {"MessageType":"DataCollection.BeforeTestRunStartResult","Payload":{"EnvironmentVariables":{},"DataCollectionEventsPort":55010}}
TpTrace Information: 0 : 28052, 5, 2024/04/26, 09:16:32.233, 7570590520220, vstest.console.dll, ProxyDataCollectionManager.BeforeTestRunStart: SendBeforeTestRunStartAndGetResult successful, env variable from datacollector:   and testhost port: 55010
TpTrace Information: 0 : 28052, 5, 2024/04/26, 09:16:32.233, 7570590521529, vstest.console.dll, ProxyDataCollectionManager.InvokeDataCollectionServiceAction: Completed.
TpTrace Verbose: 0 : 28052, 5, 2024/04/26, 09:16:32.233, 7570590521884, vstest.console.dll, ParallelProxyExecutionManager.StartTestRunOnConcurrentManager: Initializing test run. Started clients: 0
TpTrace Verbose: 0 : 28052, 5, 2024/04/26, 09:16:32.233, 7570590522612, vstest.console.dll, ProxyExecutionManager: Test host is always Lazy initialize.
TpTrace Verbose: 0 : 28052, 5, 2024/04/26, 09:16:32.234, 7570590524196, vstest.console.dll, TestRequestSender.InitializeCommunication: initialize communication. 
TpTrace Information: 0 : 28052, 5, 2024/04/26, 09:16:32.234, 7570590530512, vstest.console.dll, SocketServer.Start: Listening on endpoint : 127.0.0.1:55011
TpTrace Verbose: 0 : 28052, 5, 2024/04/26, 09:16:32.235, 7570590538182, vstest.console.dll, DotnetTestHostmanager.GetTestHostProcessStartInfo: Platform environment 'X64' target architecture 'X64' framework '.NETCoreApp,Version=v8.0' OS 'Windows'
TpTrace Verbose: 0 : 28052, 5, 2024/04/26, 09:16:32.235, 7570590540920, vstest.console.dll, DotnetTestHostmanager: Adding  --runtimeconfig "C:\Users\VC\Downloads\Daily_progress\Day11\ShoppingFESoln\ShoppingDALTest\bin\Debug\net8.0\fine-code-coverage\build-output\ShoppingDALTest.runtimeconfig.json" in args
TpTrace Verbose: 0 : 28052, 5, 2024/04/26, 09:16:32.235, 7570590542203, vstest.console.dll, DotnetTestHostmanager: Adding  --depsfile "C:\Users\VC\Downloads\Daily_progress\Day11\ShoppingFESoln\ShoppingDALTest\bin\Debug\net8.0\fine-code-coverage\build-output\ShoppingDALTest.deps.json" in args
TpTrace Verbose: 0 : 28052, 5, 2024/04/26, 09:16:32.236, 7570590544517, vstest.console.dll, DotnetTestHostmanager.IsWinOnArm: Current PROCESSOR_ARCHITECTURE from environment variable 'AMD64'
TpTrace Verbose: 0 : 28052, 5, 2024/04/26, 09:16:32.236, 7570590545043, vstest.console.dll, DotnetTestHostmanager.IsWinOnArm: Is Windows on ARM 'False'
TpTrace Verbose: 0 : 28052, 5, 2024/04/26, 09:16:32.236, 7570590545739, vstest.console.dll, DotnetTestHostManager: testhost.exe found at path: C:\Users\VC\Downloads\Daily_progress\Day11\ShoppingFESoln\ShoppingDALTest\bin\Debug\net8.0\fine-code-coverage\build-output\testhost.exe
TpTrace Verbose: 0 : 28052, 5, 2024/04/26, 09:16:32.236, 7570590546229, vstest.console.dll, DotnetTestHostmanager: Full path of host exe is C:\Users\VC\Downloads\Daily_progress\Day11\ShoppingFESoln\ShoppingDALTest\bin\Debug\net8.0\fine-code-coverage\build-output\testhost.exe
TpTrace Verbose: 0 : 28052, 5, 2024/04/26, 09:16:32.236, 7570590547130, vstest.console.dll, DotnetTestHostmanager.LaunchTestHostAsync: Found 'VSTEST_WINAPPHOST_DOTNET_ROOT' in env variables, value 'C:\Program Files\dotnet', forwarding to 'DOTNET_ROOT'
TpTrace Verbose: 0 : 28052, 5, 2024/04/26, 09:16:32.236, 7570590548208, vstest.console.dll, DotnetTestHostManager: Starting process 'C:\Users\VC\Downloads\Daily_progress\Day11\ShoppingFESoln\ShoppingDALTest\bin\Debug\net8.0\fine-code-coverage\build-output\testhost.exe' with command line ' --runtimeconfig "C:\Users\VC\Downloads\Daily_progress\Day11\ShoppingFESoln\ShoppingDALTest\bin\Debug\net8.0\fine-code-coverage\build-output\ShoppingDALTest.runtimeconfig.json" --depsfile "C:\Users\VC\Downloads\Daily_progress\Day11\ShoppingFESoln\ShoppingDALTest\bin\Debug\net8.0\fine-code-coverage\build-output\ShoppingDALTest.deps.json" --port 55011 --endpoint 127.0.0.1:055011 --role client --parentprocessid 28052 --diag "C:\Users\VC\Downloads\Daily_progress\Day11\ShoppingFESoln\ShoppingDALTest\bin\Debug\net8.0\fine-code-coverage\coverage-tool-output\diagnostics.host.24-04-26_09-16-32_23521_5.log" --tracelevel 4 --datacollectionport 55010 --telemetryoptedin false'
TpTrace Verbose: 0 : 28052, 5, 2024/04/26, 09:16:32.243, 7570590619163, vstest.console.dll, MulticastDelegateUtilities.SafeInvoke: HostProviderEvents.OnHostLaunched: Invoking callback 1/2 for Microsoft.VisualStudio.TestPlatform.CrossPlatEngine.Client.ProxyExecutionManagerWithDataCollection., took 0 ms.
TpTrace Verbose: 0 : 28052, 5, 2024/04/26, 09:16:32.243, 7570590622773, vstest.console.dll, Test Runtime launched
TpTrace Verbose: 0 : 28052, 5, 2024/04/26, 09:16:32.244, 7570590624080, vstest.console.dll, MulticastDelegateUtilities.SafeInvoke: HostProviderEvents.OnHostLaunched: Invoking callback 2/2 for Microsoft.VisualStudio.TestPlatform.CrossPlatEngine.Client.ProxyOperationManager., took 0 ms.
TpTrace Verbose: 0 : 28052, 5, 2024/04/26, 09:16:32.244, 7570590625644, vstest.console.dll, TestRequestSender.WaitForRequestHandlerConnection: waiting for connection with timeout: 90000.
TpTrace Verbose: 0 : 28052, 5, 2024/04/26, 09:16:32.465, 7570592837982, vstest.console.dll, TestRequestSender.WaitForRequestHandlerConnection: waiting took 221 ms, with timeout 90000 ms, and result 0, which is success.
TpTrace Verbose: 0 : 28052, 7, 2024/04/26, 09:16:32.465, 7570592837982, vstest.console.dll, MulticastDelegateUtilities.SafeInvoke: SocketServer: ClientConnected: Invoking callback 1/1 for Microsoft.VisualStudio.TestPlatform.CommunicationUtilities.TestRequestSender., took 0 ms.
TpTrace Verbose: 0 : 28052, 7, 2024/04/26, 09:16:32.465, 7570592840471, vstest.console.dll, SocketServer.OnClientConnected: Client connected for endPoint: 127.0.0.1:55011, starting MessageLoopAsync:
TpTrace Verbose: 0 : 28052, 7, 2024/04/26, 09:16:32.466, 7570592846230, vstest.console.dll, TcpClientExtensions.MessageLoopAsync: Polling on remoteEndPoint: 127.0.0.1:55012 localEndPoint: 127.0.0.1:55011 after 0 ms
TpTrace Verbose: 0 : 28052, 5, 2024/04/26, 09:16:32.466, 7570592849147, vstest.console.dll, TestRequestSender.CheckVersionWithTestHost: Sending check version message: {"MessageType":"ProtocolVersion","Payload":7}
TpTrace Verbose: 0 : 28052, 7, 2024/04/26, 09:16:32.548, 7570593670263, vstest.console.dll, TcpClientExtensions.MessageLoopAsync: NotifyDataAvailable remoteEndPoint: 127.0.0.1:55012 localEndPoint: 127.0.0.1:55011
TpTrace Verbose: 0 : 28052, 7, 2024/04/26, 09:16:32.548, 7570593672465, vstest.console.dll, TestRequestSender.CheckVersionWithTestHost: onMessageReceived received message: (ProtocolVersion) -> {"MessageType":"ProtocolVersion","Payload":7}
TpTrace Verbose: 0 : 28052, 7, 2024/04/26, 09:16:32.549, 7570593676567, vstest.console.dll, MulticastDelegateUtilities.SafeInvoke: LengthPrefixCommunicationChannel: MessageReceived: Invoking callback 1/1 for Microsoft.VisualStudio.TestPlatform.CommunicationUtilities.TestRequestSender+<>c__DisplayClass29_0., took 0 ms.
TpTrace Verbose: 0 : 28052, 7, 2024/04/26, 09:16:32.549, 7570593677477, vstest.console.dll, TcpClientExtensions.MessageLoopAsync: Polling on remoteEndPoint: 127.0.0.1:55012 localEndPoint: 127.0.0.1:55011 after 83 ms
TpTrace Verbose: 0 : 28052, 5, 2024/04/26, 09:16:32.549, 7570593678388, vstest.console.dll, TestPluginCache.GetExtensionPaths: Filtered extension paths: 
TpTrace Verbose: 0 : 28052, 5, 2024/04/26, 09:16:32.549, 7570593679061, vstest.console.dll, TestPluginCache.GetExtensionPaths: Added default extension paths: C:\Program Files\dotnet\sdk\8.0.204\Extensions\Microsoft.Diagnostics.NETCore.Client.dll
C:\Program Files\dotnet\sdk\8.0.204\Extensions\Microsoft.TestPlatform.Extensions.BlameDataCollector.dll
C:\Program Files\dotnet\sdk\8.0.204\Extensions\Microsoft.TestPlatform.Extensions.EventLogCollector.dll
C:\Program Files\dotnet\sdk\8.0.204\Extensions\Microsoft.TestPlatform.TestHostRuntimeProvider.dll
C:\Program Files\dotnet\sdk\8.0.204\Extensions\Microsoft.VisualStudio.TestPlatform.Extensions.Html.TestLogger.dll
C:\Program Files\dotnet\sdk\8.0.204\Extensions\Microsoft.VisualStudio.TestPlatform.Extensions.Trx.TestLogger.dll
TpTrace Verbose: 0 : 28052, 5, 2024/04/26, 09:16:32.549, 7570593679331, vstest.console.dll, TestPluginCache.GetExtensionPaths: Added unfilterableExtensionPaths: 
TpTrace Verbose: 0 : 28052, 7, 2024/04/26, 09:16:32.553, 7570593713406, vstest.console.dll, TcpClientExtensions.MessageLoopAsync: NotifyDataAvailable remoteEndPoint: 127.0.0.1:55012 localEndPoint: 127.0.0.1:55011
TpTrace Verbose: 0 : 28052, 5, 2024/04/26, 09:16:32.553, 7570593713951, vstest.console.dll, TestRequestSender.InitializeExecution: Sending initialize execution with message: {"Version":7,"MessageType":"TestExecution.Initialize","Payload":["C:\\Users\\VC\\Downloads\\Daily_progress\\Day11\\ShoppingFESoln\\ShoppingDALTest\\bin\\Debug\\net8.0\\fine-code-coverage\\build-output\\NUnit3.TestAdapter.dll"]}
TpTrace Verbose: 0 : 28052, 5, 2024/04/26, 09:16:32.553, 7570593715556, vstest.console.dll, ParallelProxyExecutionManager.StartTestRunOnConcurrentManager: Execution starting. Started clients: 1
TpTrace Verbose: 0 : 28052, 5, 2024/04/26, 09:16:32.553, 7570593717532, vstest.console.dll, TestRunRequest:SendTestRunMessage: Starting.
TpTrace Verbose: 0 : 28052, 5, 2024/04/26, 09:16:32.553, 7570593718643, vstest.console.dll, MulticastDelegateUtilities.SafeInvoke: TestRun.LogMessages: Invoking callback 1/1 for Microsoft.VisualStudio.TestPlatform.CommandLine.TestRunResultAggregator., took 0 ms.
TpTrace Information: 0 : 28052, 5, 2024/04/26, 09:16:32.553, 7570593718981, vstest.console.dll, TestRunRequest:SendTestRunMessage: Completed.
TpTrace Verbose: 0 : 28052, 4, 2024/04/26, 09:16:32.553, 7570593721024, vstest.console.dll, MulticastDelegateUtilities.SafeInvoke: InternalTestLoggerEvents.SendTestRunMessage: Invoking callback 1/1 for Microsoft.VisualStudio.TestPlatform.CommandLine.Internal.ConsoleLogger., took 0 ms.
TpTrace Warning: 0 : 28052, 5, 2024/04/26, 09:16:32.553, 7570593721826, vstest.console.dll, InferRunSettingsHelper.MakeRunsettingsCompatible: Removing the following settings: TargetPlatform from RunSettings file. To use those settings please move to latest version of Microsoft.NET.Test.Sdk
TpTrace Verbose: 0 : 28052, 7, 2024/04/26, 09:16:32.554, 7570593727488, vstest.console.dll, TestRequestSender.OnExecutionMessageReceived: Received message: {"Version":7,"MessageType":"TestSession.Message","Payload":{"MessageLevel":0,"Message":"Logging TestHost Diagnostics in file: C:\\Users\\VC\\Downloads\\Daily_progress\\Day11\\ShoppingFESoln\\ShoppingDALTest\\bin\\Debug\\net8.0\\fine-code-coverage\\coverage-tool-output\\diagnostics.host.24-04-26_09-16-32_23521_5.log"}}
TpTrace Verbose: 0 : 28052, 7, 2024/04/26, 09:16:32.556, 7570593744601, vstest.console.dll, TestRunRequest:SendTestRunMessage: Starting.
TpTrace Verbose: 0 : 28052, 7, 2024/04/26, 09:16:32.556, 7570593745796, vstest.console.dll, MulticastDelegateUtilities.SafeInvoke: TestRun.LogMessages: Invoking callback 1/1 for Microsoft.VisualStudio.TestPlatform.CommandLine.TestRunResultAggregator., took 0 ms.
TpTrace Information: 0 : 28052, 7, 2024/04/26, 09:16:32.556, 7570593746058, vstest.console.dll, TestRunRequest:SendTestRunMessage: Completed.
TpTrace Verbose: 0 : 28052, 7, 2024/04/26, 09:16:32.556, 7570593746346, vstest.console.dll, MulticastDelegateUtilities.SafeInvoke: LengthPrefixCommunicationChannel: MessageReceived: Invoking callback 1/1 for Microsoft.VisualStudio.TestPlatform.CommunicationUtilities.TestRequestSender+<>c__DisplayClass34_0., took 2 ms.
TpTrace Verbose: 0 : 28052, 7, 2024/04/26, 09:16:32.556, 7570593746611, vstest.console.dll, TcpClientExtensions.MessageLoopAsync: Polling on remoteEndPoint: 127.0.0.1:55012 localEndPoint: 127.0.0.1:55011 after 6 ms
TpTrace Verbose: 0 : 28052, 4, 2024/04/26, 09:16:32.556, 7570593746963, vstest.console.dll, MulticastDelegateUtilities.SafeInvoke: InternalTestLoggerEvents.SendTestRunMessage: Invoking callback 1/1 for Microsoft.VisualStudio.TestPlatform.CommandLine.Internal.ConsoleLogger., took 0 ms.
TpTrace Verbose: 0 : 28052, 5, 2024/04/26, 09:16:32.561, 7570593801955, vstest.console.dll, TestRequestSender.StartTestRun: Sending test run with message: {"Version":7,"MessageType":"TestExecution.StartWithSources","Payload":{"AdapterSourceMap":{"_none_":["C:\\Users\\VC\\Downloads\\Daily_progress\\Day11\\ShoppingFESoln\\ShoppingDALTest\\bin\\Debug\\net8.0\\fine-code-coverage\\build-output\\ShoppingDALTest.dll"]},"RunSettings":"<RunSettings>\r\n  <RunConfiguration>\r\n    <ResultsDirectory>C:\\Users\\VC\\Downloads\\Daily_progress\\Day11\\ShoppingFESoln\\ShoppingDALTest\\bin\\Debug\\net8.0\\fine-code-coverage\\coverage-tool-output</ResultsDirectory>\r\n    <TargetFrameworkVersion>.NETCoreApp,Version=v8.0</TargetFrameworkVersion>\r\n    <DesignMode>False</DesignMode>\r\n    <CollectSourceInformation>False</CollectSourceInformation>\r\n  </RunConfiguration>\r\n  <LoggerRunSettings>\r\n    <Loggers>\r\n      <Logger friendlyName=\"blame\" enabled=\"True\" />\r\n      <Logger friendlyName=\"Console\" uri=\"logger://microsoft/TestPlatform/ConsoleLogger/v1\" assemblyQualifiedName=\"Microsoft.VisualStudio.TestPlatform.CommandLine.Internal.ConsoleLogger, vstest.console, Version=15.0.0.0, Culture=neutral, PublicKeyToken=b03f5f7f11d50a3a\" codeBase=\"C:\\Program Files\\dotnet\\sdk\\8.0.204\\vstest.console.dll\" enabled=\"True\" />\r\n    </Loggers>\r\n  </LoggerRunSettings>\r\n  <DataCollectionRunSettings>\r\n    <DataCollectors>\r\n      <DataCollector friendlyName=\"blame\" enabled=\"True\">\r\n        <Configuration>\r\n          <ResultsDirectory>C:\\Users\\VC\\Downloads\\Daily_progress\\Day11\\ShoppingFESoln\\ShoppingDALTest\\bin\\Debug\\net8.0\\fine-code-coverage\\coverage-tool-output</ResultsDirectory>\r\n        </Configuration>\r\n      </DataCollector>\r\n    </DataCollectors>\r\n  </DataCollectionRunSettings>\r\n</RunSettings>","TestExecutionContext":{"FrequencyOfRunStatsChangeEvent":10,"RunStatsChangeEventTimeout":"00:00:01.5000000","InIsolation":false,"KeepAlive":false,"AreTestCaseLevelEventsRequired":false,"IsDebug":false,"TestCaseFilter":null,"FilterOptions":null},"Package":null}}
TpTrace Verbose: 0 : 28052, 5, 2024/04/26, 09:16:32.562, 7570593803937, vstest.console.dll, ParallelProxyExecutionManager.StartTestRunOnConcurrentManager: Execution started. Started clients: 1
TpTrace Verbose: 0 : 28052, 7, 2024/04/26, 09:16:32.661, 7570594801400, vstest.console.dll, TcpClientExtensions.MessageLoopAsync: NotifyDataAvailable remoteEndPoint: 127.0.0.1:55012 localEndPoint: 127.0.0.1:55011
TpTrace Verbose: 0 : 28052, 7, 2024/04/26, 09:16:32.661, 7570594802829, vstest.console.dll, TestRequestSender.OnExecutionMessageReceived: Received message: {"Version":7,"MessageType":"TestSession.Message","Payload":{"MessageLevel":0,"Message":"NUnit Adapter 4.5.0.0: Test execution started"}}
TpTrace Verbose: 0 : 28052, 7, 2024/04/26, 09:16:32.662, 7570594804528, vstest.console.dll, TestRunRequest:SendTestRunMessage: Starting.
TpTrace Verbose: 0 : 28052, 7, 2024/04/26, 09:16:32.662, 7570594805078, vstest.console.dll, MulticastDelegateUtilities.SafeInvoke: TestRun.LogMessages: Invoking callback 1/1 for Microsoft.VisualStudio.TestPlatform.CommandLine.TestRunResultAggregator., took 0 ms.
TpTrace Information: 0 : 28052, 7, 2024/04/26, 09:16:32.662, 7570594805471, vstest.console.dll, TestRunRequest:SendTestRunMessage: Completed.
TpTrace Verbose: 0 : 28052, 7, 2024/04/26, 09:16:32.662, 7570594805726, vstest.console.dll, MulticastDelegateUtilities.SafeInvoke: LengthPrefixCommunicationChannel: MessageReceived: Invoking callback 1/1 for Microsoft.VisualStudio.TestPlatform.CommunicationUtilities.TestRequestSender+<>c__DisplayClass34_0., took 0 ms.
TpTrace Verbose: 0 : 28052, 7, 2024/04/26, 09:16:32.662, 7570594806028, vstest.console.dll, TcpClientExtensions.MessageLoopAsync: Polling on remoteEndPoint: 127.0.0.1:55012 localEndPoint: 127.0.0.1:55011 after 105 ms
TpTrace Verbose: 0 : 28052, 4, 2024/04/26, 09:16:32.662, 7570594806330, vstest.console.dll, MulticastDelegateUtilities.SafeInvoke: InternalTestLoggerEvents.SendTestRunMessage: Invoking callback 1/1 for Microsoft.VisualStudio.TestPlatform.CommandLine.Internal.ConsoleLogger., took 0 ms.
TpTrace Verbose: 0 : 28052, 7, 2024/04/26, 09:16:32.678, 7570594964398, vstest.console.dll, TcpClientExtensions.MessageLoopAsync: NotifyDataAvailable remoteEndPoint: 127.0.0.1:55012 localEndPoint: 127.0.0.1:55011
TpTrace Verbose: 0 : 28052, 7, 2024/04/26, 09:16:32.678, 7570594965890, vstest.console.dll, TestRequestSender.OnExecutionMessageReceived: Received message: {"Version":7,"MessageType":"TestSession.Message","Payload":{"MessageLevel":0,"Message":"Running all tests in C:\\Users\\VC\\Downloads\\Daily_progress\\Day11\\ShoppingFESoln\\ShoppingDALTest\\bin\\Debug\\net8.0\\fine-code-coverage\\build-output\\ShoppingDALTest.dll"}}
TpTrace Verbose: 0 : 28052, 7, 2024/04/26, 09:16:32.678, 7570594966916, vstest.console.dll, TestRunRequest:SendTestRunMessage: Starting.
TpTrace Verbose: 0 : 28052, 7, 2024/04/26, 09:16:32.678, 7570594967382, vstest.console.dll, MulticastDelegateUtilities.SafeInvoke: TestRun.LogMessages: Invoking callback 1/1 for Microsoft.VisualStudio.TestPlatform.CommandLine.TestRunResultAggregator., took 0 ms.
TpTrace Information: 0 : 28052, 7, 2024/04/26, 09:16:32.678, 7570594967619, vstest.console.dll, TestRunRequest:SendTestRunMessage: Completed.
TpTrace Verbose: 0 : 28052, 7, 2024/04/26, 09:16:32.678, 7570594967858, vstest.console.dll, MulticastDelegateUtilities.SafeInvoke: LengthPrefixCommunicationChannel: MessageReceived: Invoking callback 1/1 for Microsoft.VisualStudio.TestPlatform.CommunicationUtilities.TestRequestSender+<>c__DisplayClass34_0., took 0 ms.
TpTrace Verbose: 0 : 28052, 4, 2024/04/26, 09:16:32.678, 7570594967823, vstest.console.dll, MulticastDelegateUtilities.SafeInvoke: InternalTestLoggerEvents.SendTestRunMessage: Invoking callback 1/1 for Microsoft.VisualStudio.TestPlatform.CommandLine.Internal.ConsoleLogger., took 0 ms.
TpTrace Verbose: 0 : 28052, 7, 2024/04/26, 09:16:32.678, 7570594968154, vstest.console.dll, TcpClientExtensions.MessageLoopAsync: Polling on remoteEndPoint: 127.0.0.1:55012 localEndPoint: 127.0.0.1:55011 after 16 ms
TpTrace Verbose: 0 : 28052, 7, 2024/04/26, 09:16:32.758, 7570595767739, vstest.console.dll, TcpClientExtensions.MessageLoopAsync: NotifyDataAvailable remoteEndPoint: 127.0.0.1:55012 localEndPoint: 127.0.0.1:55011
TpTrace Verbose: 0 : 28052, 7, 2024/04/26, 09:16:32.758, 7570595769248, vstest.console.dll, TestRequestSender.OnExecutionMessageReceived: Received message: {"Version":7,"MessageType":"TestSession.Message","Payload":{"MessageLevel":0,"Message":"   NUnit3TestExecutor discovered 49 of 49 NUnit test cases using Current Discovery mode, Non-Explicit run"}}
TpTrace Verbose: 0 : 28052, 7, 2024/04/26, 09:16:32.758, 7570595770217, vstest.console.dll, TestRunRequest:SendTestRunMessage: Starting.
TpTrace Verbose: 0 : 28052, 7, 2024/04/26, 09:16:32.758, 7570595770679, vstest.console.dll, MulticastDelegateUtilities.SafeInvoke: TestRun.LogMessages: Invoking callback 1/1 for Microsoft.VisualStudio.TestPlatform.CommandLine.TestRunResultAggregator., took 0 ms.
TpTrace Information: 0 : 28052, 7, 2024/04/26, 09:16:32.758, 7570595770914, vstest.console.dll, TestRunRequest:SendTestRunMessage: Completed.
TpTrace Verbose: 0 : 28052, 7, 2024/04/26, 09:16:32.758, 7570595771141, vstest.console.dll, MulticastDelegateUtilities.SafeInvoke: LengthPrefixCommunicationChannel: MessageReceived: Invoking callback 1/1 for Microsoft.VisualStudio.TestPlatform.CommunicationUtilities.TestRequestSender+<>c__DisplayClass34_0., took 0 ms.
TpTrace Verbose: 0 : 28052, 7, 2024/04/26, 09:16:32.758, 7570595771392, vstest.console.dll, TcpClientExtensions.MessageLoopAsync: Polling on remoteEndPoint: 127.0.0.1:55012 localEndPoint: 127.0.0.1:55011 after 80 ms
TpTrace Verbose: 0 : 28052, 4, 2024/04/26, 09:16:32.758, 7570595771328, vstest.console.dll, MulticastDelegateUtilities.SafeInvoke: InternalTestLoggerEvents.SendTestRunMessage: Invoking callback 1/1 for Microsoft.VisualStudio.TestPlatform.CommandLine.Internal.ConsoleLogger., took 0 ms.
TpTrace Verbose: 0 : 28052, 7, 2024/04/26, 09:16:32.893, 7570597120739, vstest.console.dll, TcpClientExtensions.MessageLoopAsync: NotifyDataAvailable remoteEndPoint: 127.0.0.1:55012 localEndPoint: 127.0.0.1:55011
TpTrace Verbose: 0 : 28052, 7, 2024/04/26, 09:16:32.894, 7570597126441, vstest.console.dll, TestRequestSender.OnExecutionMessageReceived: Received message: {"Version":7,"MessageType":"TestExecution.StatsChange","Payload":{"NewTestResults":[{"TestCase":{"Id":"0247a3a4-a177-921e-f610-b47658046fa3","FullyQualifiedName":"ShoppingDALLibrary.Tests.CustomerRepositoryTests.Add_Customer_Exception(0,\"Invalid Customer\")","DisplayName":"Add_Customer_Exception(0,\"Invalid Customer\")","ExecutorUri":"executor://NUnit3TestExecutor","Source":"C:\\Users\\VC\\Downloads\\Daily_progress\\Day11\\ShoppingFESoln\\ShoppingDALTest\\bin\\Debug\\net8.0\\fine-code-coverage\\build-output\\ShoppingDALTest.dll","CodeFilePath":null,"LineNumber":0,"Properties":[{"Key":{"Id":"NUnit.Seed","Label":"Seed","Category":"","Description":"","Attributes":0,"ValueType":"System.String"},"Value":"1821059582"}]},"Attachments":[],"Outcome":2,"ErrorMessage":"  Expected: <System.Exception>\r\n  But was:  null\r\n","ErrorStackTrace":"   at ShoppingDALLibrary.Tests.CustomerRepositoryTests.Add_Customer_Exception(Int32 id, String name) in C:\\Users\\VC\\Downloads\\Daily_progress\\Day11\\ShoppingFESoln\\ShoppingDALTest\\CustomerTest.cs:line 55\r\n\n1)    at ShoppingDALLibrary.Tests.CustomerRepositoryTests.Add_Customer_Exception(Int32 id, String name) in C:\\Users\\VC\\Downloads\\Daily_progress\\Day11\\ShoppingFESoln\\ShoppingDALTest\\CustomerTest.cs:line 55\r\n\n","DisplayName":"Add_Customer_Exception(0,\"Invalid Customer\")","Messages":[],"ComputerName":"DESKTOP-CSTE29I","Duration":"00:00:00.0453850","StartTime":"2024-04-26T03:46:32.7770529+00:00","EndTime":"2024-04-26T03:46:32.8223535+00:00","Properties":[{"Key":{"Id":"NUnit.Seed","Label":"Seed","Category":"","Description":"","Attributes":0,"ValueType":"System.String"},"Value":"1821059582"}]},{"TestCase":{"Id":"7138dc82-9b45-bb9e-70b7-9b4b454af96b","FullyQualifiedName":"ShoppingDALLibrary.Tests.CustomerRepositoryTests.Add_Customer_Fail(1,\"Jane Smith\")","DisplayName":"Add_Customer_Fail(1,\"Jane Smith\")","ExecutorUri":"executor://NUnit3TestExecutor","Source":"C:\\Users\\VC\\Downloads\\Daily_progress\\Day11\\ShoppingFESoln\\ShoppingDALTest\\bin\\Debug\\net8.0\\fine-code-coverage\\build-output\\ShoppingDALTest.dll","CodeFilePath":null,"LineNumber":0,"Properties":[{"Key":{"Id":"NUnit.Seed","Label":"Seed","Category":"","Description":"","Attributes":0,"ValueType":"System.String"},"Value":"367774856"}]},"Attachments":[],"Outcome":2,"ErrorMessage":"  Expected: null\r\n  But was:  <1 Jane Smith 0 >\r\n","ErrorStackTrace":"   at ShoppingDALLibrary.Tests.CustomerRepositoryTests.Add_Customer_Fail(Int32 id, String name) in C:\\Users\\VC\\Downloads\\Daily_progress\\Day11\\ShoppingFESoln\\ShoppingDALTest\\CustomerTest.cs:line 45\r\n\n1)    at ShoppingDALLibrary.Tests.CustomerRepositoryTests.Add_Customer_Fail(Int32 id, String name) in C:\\Users\\VC\\Downloads\\Daily_progress\\Day11\\ShoppingFESoln\\ShoppingDALTest\\CustomerTest.cs:line 45\r\n\n","DisplayName":"Add_Customer_Fail(1,\"Jane Smith\")","Messages":[],"ComputerName":"DESKTOP-CSTE29I","Duration":"00:00:00.0010950","StartTime":"2024-04-26T03:46:32.8245803+00:00","EndTime":"2024-04-26T03:46:32.8256751+00:00","Properties":[{"Key":{"Id":"NUnit.Seed","Label":"Seed","Category":"","Description":"","Attributes":0,"ValueType":"System.String"},"Value":"367774856"}]},{"TestCase":{"Id":"870931b2-9835-df64-6df8-c34a5cc8cac7","FullyQualifiedName":"ShoppingDALLibrary.Tests.CustomerRepositoryTests.Add_Customer_Fail(2,\" Smith\")","DisplayName":"Add_Customer_Fail(2,\" Smith\")","ExecutorUri":"executor://NUnit3TestExecutor","Source":"C:\\Users\\VC\\Downloads\\Daily_progress\\Day11\\ShoppingFESoln\\ShoppingDALTest\\bin\\Debug\\net8.0\\fine-code-coverage\\build-output\\ShoppingDALTest.dll","CodeFilePath":null,"LineNumber":0,"Properties":[{"Key":{"Id":"NUnit.Seed","Label":"Seed","Category":"","Description":"","Attributes":0,"ValueType":"System.String"},"Value":"1308695379"}]},"Attachments":[],"Outcome":2,"ErrorMessage":"  Expected: null\r\n  But was:  <2  Smith 0 >\r\n","ErrorStackTrace":"   at ShoppingDALLibrary.Tests.CustomerRepositoryTests.Add_Customer_Fail(Int32 id, String name) in C:\\Users\\VC\\Downloads\\Daily_progress\\Day11\\ShoppingFESoln\\ShoppingDALTest\\CustomerTest.cs:line 45\r\n   at InvokeStub_CustomerRepositoryTests.Add_Customer_Fail(Object, Span`1)\r\n\n1)    at ShoppingDALLibrary.Tests.CustomerRepositoryTests.Add_Customer_Fail(Int32 id, String name) in C:\\Users\\VC\\Downloads\\Daily_progress\\Day11\\ShoppingFESoln\\ShoppingDALTest\\CustomerTest.cs:line 45\r\n   at InvokeStub_CustomerRepositoryTests.Add_Customer_Fail(Object, Span`1)\r\n\n","DisplayName":"Add_Customer_Fail(2,\" Smith\")","Messages":[],"ComputerName":"DESKTOP-CSTE29I","Duration":"00:00:00.0005630","StartTime":"2024-04-26T03:46:32.8256983+00:00","EndTime":"2024-04-26T03:46:32.8262613+00:00","Properties":[{"Key":{"Id":"NUnit.Seed","Label":"Seed","Category":"","Description":"","Attributes":0,"ValueType":"System.String"},"Value":"1308695379"}]},{"TestCase":{"Id":"eae353d5-43cf-eff8-fd85-25986f1dda10","FullyQualifiedName":"ShoppingDALLibrary.Tests.CustomerRepositoryTests.Add_Customer_Success(1,\"John Doe\")","DisplayName":"Add_Customer_Success(1,\"John Doe\")","ExecutorUri":"executor://NUnit3TestExecutor","Source":"C:\\Users\\VC\\Downloads\\Daily_progress\\Day11\\ShoppingFESoln\\ShoppingDALTest\\bin\\Debug\\net8.0\\fine-code-coverage\\build-output\\ShoppingDALTest.dll","CodeFilePath":null,"LineNumber":0,"Properties":[{"Key":{"Id":"NUnit.Seed","Label":"Seed","Category":"","Description":"","Attributes":0,"ValueType":"System.String"},"Value":"1298779923"}]},"Attachments":[],"Outcome":1,"ErrorMessage":null,"ErrorStackTrace":null,"DisplayName":"Add_Customer_Success(1,\"John Doe\")","Messages":[],"ComputerName":"DESKTOP-CSTE29I","Duration":"00:00:00.0021490","StartTime":"2024-04-26T03:46:32.8263277+00:00","EndTime":"2024-04-26T03:46:32.828476+00:00","Properties":[{"Key":{"Id":"NUnit.Seed","Label":"Seed","Category":"","Description":"","Attributes":0,"ValueType":"System.String"},"Value":"1298779923"}]},{"TestCase":{"Id":"297fd626-f181-1478-76d6-b8ebbc8dde4b","FullyQualifiedName":"ShoppingDALLibrary.Tests.CustomerRepositoryTests.Add_Customer_Success(2,\"Ram\")","DisplayName":"Add_Customer_Success(2,\"Ram\")","ExecutorUri":"executor://NUnit3TestExecutor","Source":"C:\\Users\\VC\\Downloads\\Daily_progress\\Day11\\ShoppingFESoln\\ShoppingDALTest\\bin\\Debug\\net8.0\\fine-code-coverage\\build-output\\ShoppingDALTest.dll","CodeFilePath":null,"LineNumber":0,"Properties":[{"Key":{"Id":"NUnit.Seed","Label":"Seed","Category":"","Description":"","Attributes":0,"ValueType":"System.String"},"Value":"946563731"}]},"Attachments":[],"Outcome":1,"ErrorMessage":null,"ErrorStackTrace":null,"DisplayName":"Add_Customer_Success(2,\"Ram\")","Messages":[],"ComputerName":"DESKTOP-CSTE29I","Duration":"00:00:00.0001960","StartTime":"2024-04-26T03:46:32.8284953+00:00","EndTime":"2024-04-26T03:46:32.8286912+00:00","Properties":[{"Key":{"Id":"NUnit.Seed","Label":"Seed","Category":"","Description":"","Attributes":0,"ValueType":"System.String"},"Value":"946563731"}]},{"TestCase":{"Id":"bfa435e4-5e4a-a04c-6434-fca5809ef5a0","FullyQualifiedName":"ShoppingDALLibrary.Tests.CustomerRepositoryTests.Delete_Customer(1)","DisplayName":"Delete_Customer(1)","ExecutorUri":"executor://NUnit3TestExecutor","Source":"C:\\Users\\VC\\Downloads\\Daily_progress\\Day11\\ShoppingFESoln\\ShoppingDALTest\\bin\\Debug\\net8.0\\fine-code-coverage\\build-output\\ShoppingDALTest.dll","CodeFilePath":null,"LineNumber":0,"Properties":[{"Key":{"Id":"NUnit.Seed","Label":"Seed","Category":"","Description":"","Attributes":0,"ValueType":"System.String"},"Value":"104263879"}]},"Attachments":[],"Outcome":1,"ErrorMessage":null,"ErrorStackTrace":null,"DisplayName":"Delete_Customer(1)","Messages":[],"ComputerName":"DESKTOP-CSTE29I","Duration":"00:00:00.0022960","StartTime":"2024-04-26T03:46:32.828736+00:00","EndTime":"2024-04-26T03:46:32.8310318+00:00","Properties":[{"Key":{"Id":"NUnit.Seed","Label":"Seed","Category":"","Description":"","Attributes":0,"ValueType":"System.String"},"Value":"104263879"}]},{"TestCase":{"Id":"b9a54492-7137-9377-f9c2-6872e22c47a6","FullyQualifiedName":"ShoppingDALLibrary.Tests.CustomerRepositoryTests.Delete_Customer(999)","DisplayName":"Delete_Customer(999)","ExecutorUri":"executor://NUnit3TestExecutor","Source":"C:\\Users\\VC\\Downloads\\Daily_progress\\Day11\\ShoppingFESoln\\ShoppingDALTest\\bin\\Debug\\net8.0\\fine-code-coverage\\build-output\\ShoppingDALTest.dll","CodeFilePath":null,"LineNumber":0,"Properties":[{"Key":{"Id":"NUnit.Seed","Label":"Seed","Category":"","Description":"","Attributes":0,"ValueType":"System.String"},"Value":"874156835"}]},"Attachments":[],"Outcome":2,"ErrorMessage":"ShoppingModelLibrary.Exceptions.NoCustomerWithGiveIdException : Customer with the given Id is not present","ErrorStackTrace":"   at ShoppingDALLibrary.CustomerRepository.GetByKey(Int32 key) in C:\\Users\\VC\\Downloads\\Daily_progress\\Day11\\ShoppingFESoln\\ShoppingDALLibrary\\CustomerRepository.cs:line 25\r\n   at ShoppingDALLibrary.CustomerRepository.Delete(Int32 key) in C:\\Users\\VC\\Downloads\\Daily_progress\\Day11\\ShoppingFESoln\\ShoppingDALLibrary\\CustomerRepository.cs:line 10\r\n   at ShoppingDALLibrary.Tests.CustomerRepositoryTests.Delete_Customer(Int32 customerId) in C:\\Users\\VC\\Downloads\\Daily_progress\\Day11\\ShoppingFESoln\\ShoppingDALTest\\CustomerTest.cs:line 87\r\n   at InvokeStub_CustomerRepositoryTests.Delete_Customer(Object, Span`1)\r\n   at System.Reflection.MethodBaseInvoker.InvokeWithOneArg(Object obj, BindingFlags invokeAttr, Binder binder, Object[] parameters, CultureInfo culture)\n","DisplayName":"Delete_Customer(999)","Messages":[],"ComputerName":"DESKTOP-CSTE29I","Duration":"00:00:00.0022269","StartTime":"2024-04-26T03:46:32.831056+00:00","EndTime":"2024-04-26T03:46:32.8332831+00:00","Properties":[{"Key":{"Id":"NUnit.Seed","Label":"Seed","Category":"","Description":"","Attributes":0,"ValueType":"System.String"},"Value":"874156835"}]},{"TestCase":{"Id":"8c5b6468-1747-c133-a7a1-07191cb85bf9","FullyQualifiedName":"ShoppingDALLibrary.Tests.CustomerRepositoryTests.GetAll_Customers_Success","DisplayName":"GetAll_Customers_Success","ExecutorUri":"executor://NUnit3TestExecutor","Source":"C:\\Users\\VC\\Downloads\\Daily_progress\\Day11\\ShoppingFESoln\\ShoppingDALTest\\bin\\Debug\\net8.0\\fine-code-coverage\\build-output\\ShoppingDALTest.dll","CodeFilePath":null,"LineNumber":0,"Properties":[{"Key":{"Id":"NUnit.Seed","Label":"Seed","Category":"","Description":"","Attributes":0,"ValueType":"System.String"},"Value":"650474915"}]},"Attachments":[],"Outcome":1,"ErrorMessage":null,"ErrorStackTrace":null,"DisplayName":"GetAll_Customers_Success","Messages":[],"ComputerName":"DESKTOP-CSTE29I","Duration":"00:00:00.0045059","StartTime":"2024-04-26T03:46:32.8333167+00:00","EndTime":"2024-04-26T03:46:32.8378219+00:00","Properties":[{"Key":{"Id":"NUnit.Seed","Label":"Seed","Category":"","Description":"","Attributes":0,"ValueType":"System.String"},"Value":"650474915"}]},{"TestCase":{"Id":"35c76e86-75fc-66a8-ba82-ddf9372a51b8","FullyQualifiedName":"ShoppingDALLibrary.Tests.CustomerRepositoryTests.GetByKey_Customer(1,\"John Doe\")","DisplayName":"GetByKey_Customer(1,\"John Doe\")","ExecutorUri":"executor://NUnit3TestExecutor","Source":"C:\\Users\\VC\\Downloads\\Daily_progress\\Day11\\ShoppingFESoln\\ShoppingDALTest\\bin\\Debug\\net8.0\\fine-code-coverage\\build-output\\ShoppingDALTest.dll","CodeFilePath":null,"LineNumber":0,"Properties":[{"Key":{"Id":"NUnit.Seed","Label":"Seed","Category":"","Description":"","Attributes":0,"ValueType":"System.String"},"Value":"664079339"}]},"Attachments":[],"Outcome":1,"ErrorMessage":null,"ErrorStackTrace":null,"DisplayName":"GetByKey_Customer(1,\"John Doe\")","Messages":[],"ComputerName":"DESKTOP-CSTE29I","Duration":"00:00:00.0002020","StartTime":"2024-04-26T03:46:32.8378699+00:00","EndTime":"2024-04-26T03:46:32.8380714+00:00","Properties":[{"Key":{"Id":"NUnit.Seed","Label":"Seed","Category":"","Description":"","Attributes":0,"ValueType":"System.String"},"Value":"664079339"}]}],"TestRunStatistics":{"ExecutedTests":9,"Stats":{"Failed":4,"Passed":5}},"ActiveTests":[{"Id":"12d618e3-a080-5121-44d6-91361674ab23","FullyQualifiedName":"ShoppingDALLibrary.Tests.CustomerRepositoryTests.GetByKey_Customer(999,\"kk\")","DisplayName":"GetByKey_Customer(999,\"kk\")","ExecutorUri":"executor://NUnit3TestExecutor","Source":"C:\\Users\\VC\\Downloads\\Daily_progress\\Day11\\ShoppingFESoln\\ShoppingDALTest\\bin\\Debug\\net8.0\\fine-code-coverage\\build-output\\ShoppingDALTest.dll","CodeFilePath":null,"LineNumber":0,"Properties":[{"Key":{"Id":"NUnit.Seed","Label":"Seed","Category":"","Description":"","Attributes":0,"ValueType":"System.String"},"Value":"852485795"}]}]}}
TpTrace Verbose: 0 : 28052, 7, 2024/04/26, 09:16:32.914, 7570597332666, vstest.console.dll, TestRunRequest:SendTestRunStatsChange: Starting.
TpTrace Verbose: 0 : 28052, 7, 2024/04/26, 09:16:32.915, 7570597333976, vstest.console.dll, InProgress is GetByKey_Customer(999,"kk")
TpTrace Verbose: 0 : 28052, 7, 2024/04/26, 09:16:32.915, 7570597335877, vstest.console.dll, MulticastDelegateUtilities.SafeInvoke: TestRun.RunStatsChanged: Invoking callbacks was skipped because there are no subscribers.
TpTrace Information: 0 : 28052, 7, 2024/04/26, 09:16:32.915, 7570597336256, vstest.console.dll, TestRunRequest:SendTestRunStatsChange: Completed.
TpTrace Verbose: 0 : 28052, 7, 2024/04/26, 09:16:32.915, 7570597336710, vstest.console.dll, MulticastDelegateUtilities.SafeInvoke: LengthPrefixCommunicationChannel: MessageReceived: Invoking callback 1/1 for Microsoft.VisualStudio.TestPlatform.CommunicationUtilities.TestRequestSender+<>c__DisplayClass34_0., took 21 ms.
TpTrace Verbose: 0 : 28052, 7, 2024/04/26, 09:16:32.915, 7570597337046, vstest.console.dll, TcpClientExtensions.MessageLoopAsync: Polling on remoteEndPoint: 127.0.0.1:55012 localEndPoint: 127.0.0.1:55011 after 156 ms
TpTrace Verbose: 0 : 28052, 4, 2024/04/26, 09:16:32.917, 7570597356223, vstest.console.dll, MulticastDelegateUtilities.SafeInvoke: InternalTestLoggerEvents.SendTestResult: Invoking callback 1/1 for Microsoft.VisualStudio.TestPlatform.CommandLine.Internal.ConsoleLogger., took 1 ms.
TpTrace Verbose: 0 : 28052, 4, 2024/04/26, 09:16:32.917, 7570597361430, vstest.console.dll, MulticastDelegateUtilities.SafeInvoke: InternalTestLoggerEvents.SendTestResult: Invoking callback 1/1 for Microsoft.VisualStudio.TestPlatform.CommandLine.Internal.ConsoleLogger., took 0 ms.
TpTrace Verbose: 0 : 28052, 4, 2024/04/26, 09:16:32.918, 7570597364121, vstest.console.dll, MulticastDelegateUtilities.SafeInvoke: InternalTestLoggerEvents.SendTestResult: Invoking callback 1/1 for Microsoft.VisualStudio.TestPlatform.CommandLine.Internal.ConsoleLogger., took 0 ms.
TpTrace Verbose: 0 : 28052, 4, 2024/04/26, 09:16:32.918, 7570597364766, vstest.console.dll, MulticastDelegateUtilities.SafeInvoke: InternalTestLoggerEvents.SendTestResult: Invoking callback 1/1 for Microsoft.VisualStudio.TestPlatform.CommandLine.Internal.ConsoleLogger., took 0 ms.
TpTrace Verbose: 0 : 28052, 4, 2024/04/26, 09:16:32.918, 7570597365270, vstest.console.dll, MulticastDelegateUtilities.SafeInvoke: InternalTestLoggerEvents.SendTestResult: Invoking callback 1/1 for Microsoft.VisualStudio.TestPlatform.CommandLine.Internal.ConsoleLogger., took 0 ms.
TpTrace Verbose: 0 : 28052, 4, 2024/04/26, 09:16:32.918, 7570597365700, vstest.console.dll, MulticastDelegateUtilities.SafeInvoke: InternalTestLoggerEvents.SendTestResult: Invoking callback 1/1 for Microsoft.VisualStudio.TestPlatform.CommandLine.Internal.ConsoleLogger., took 0 ms.
TpTrace Verbose: 0 : 28052, 4, 2024/04/26, 09:16:32.918, 7570597367423, vstest.console.dll, MulticastDelegateUtilities.SafeInvoke: InternalTestLoggerEvents.SendTestResult: Invoking callback 1/1 for Microsoft.VisualStudio.TestPlatform.CommandLine.Internal.ConsoleLogger., took 0 ms.
TpTrace Verbose: 0 : 28052, 4, 2024/04/26, 09:16:32.918, 7570597368261, vstest.console.dll, MulticastDelegateUtilities.SafeInvoke: InternalTestLoggerEvents.SendTestResult: Invoking callback 1/1 for Microsoft.VisualStudio.TestPlatform.CommandLine.Internal.ConsoleLogger., took 0 ms.
TpTrace Verbose: 0 : 28052, 4, 2024/04/26, 09:16:32.918, 7570597368891, vstest.console.dll, MulticastDelegateUtilities.SafeInvoke: InternalTestLoggerEvents.SendTestResult: Invoking callback 1/1 for Microsoft.VisualStudio.TestPlatform.CommandLine.Internal.ConsoleLogger., took 0 ms.
TpTrace Verbose: 0 : 28052, 7, 2024/04/26, 09:16:32.926, 7570597449446, vstest.console.dll, TcpClientExtensions.MessageLoopAsync: NotifyDataAvailable remoteEndPoint: 127.0.0.1:55012 localEndPoint: 127.0.0.1:55011
TpTrace Verbose: 0 : 28052, 7, 2024/04/26, 09:16:32.927, 7570597453155, vstest.console.dll, TestRequestSender.OnExecutionMessageReceived: Received message: {"Version":7,"MessageType":"TestExecution.StatsChange","Payload":{"NewTestResults":[{"TestCase":{"Id":"12d618e3-a080-5121-44d6-91361674ab23","FullyQualifiedName":"ShoppingDALLibrary.Tests.CustomerRepositoryTests.GetByKey_Customer(999,\"kk\")","DisplayName":"GetByKey_Customer(999,\"kk\")","ExecutorUri":"executor://NUnit3TestExecutor","Source":"C:\\Users\\VC\\Downloads\\Daily_progress\\Day11\\ShoppingFESoln\\ShoppingDALTest\\bin\\Debug\\net8.0\\fine-code-coverage\\build-output\\ShoppingDALTest.dll","CodeFilePath":null,"LineNumber":0,"Properties":[{"Key":{"Id":"NUnit.Seed","Label":"Seed","Category":"","Description":"","Attributes":0,"ValueType":"System.String"},"Value":"852485795"}]},"Attachments":[],"Outcome":2,"ErrorMessage":"ShoppingModelLibrary.Exceptions.NoCustomerWithGiveIdException : Customer with the given Id is not present","ErrorStackTrace":"   at ShoppingDALLibrary.CustomerRepository.GetByKey(Int32 key) in C:\\Users\\VC\\Downloads\\Daily_progress\\Day11\\ShoppingFESoln\\ShoppingDALLibrary\\CustomerRepository.cs:line 25\r\n   at ShoppingDALLibrary.Tests.CustomerRepositoryTests.GetByKey_Customer(Int32 customerId, String expectedName) in C:\\Users\\VC\\Downloads\\Daily_progress\\Day11\\ShoppingFESoln\\ShoppingDALTest\\CustomerTest.cs:line 108\r\n   at InvokeStub_CustomerRepositoryTests.GetByKey_Customer(Object, Span`1)\r\n   at System.Reflection.MethodBaseInvoker.InvokeWithFewArgs(Object obj, BindingFlags invokeAttr, Binder binder, Object[] parameters, CultureInfo culture)\n","DisplayName":"GetByKey_Customer(999,\"kk\")","Messages":[],"ComputerName":"DESKTOP-CSTE29I","Duration":"00:00:00.0003690","StartTime":"2024-04-26T03:46:32.8380815+00:00","EndTime":"2024-04-26T03:46:32.8384504+00:00","Properties":[{"Key":{"Id":"NUnit.Seed","Label":"Seed","Category":"","Description":"","Attributes":0,"ValueType":"System.String"},"Value":"852485795"}]},{"TestCase":{"Id":"01bf56b1-9b69-cd3b-5c76-5dc37ffe6dc1","FullyQualifiedName":"ShoppingDALLibrary.Tests.CustomerRepositoryTests.Update_Customer(1,\"Updated Name\")","DisplayName":"Update_Customer(1,\"Updated Name\")","ExecutorUri":"executor://NUnit3TestExecutor","Source":"C:\\Users\\VC\\Downloads\\Daily_progress\\Day11\\ShoppingFESoln\\ShoppingDALTest\\bin\\Debug\\net8.0\\fine-code-coverage\\build-output\\ShoppingDALTest.dll","CodeFilePath":null,"LineNumber":0,"Properties":[{"Key":{"Id":"NUnit.Seed","Label":"Seed","Category":"","Description":"","Attributes":0,"ValueType":"System.String"},"Value":"785921345"}]},"Attachments":[],"Outcome":1,"ErrorMessage":null,"ErrorStackTrace":null,"DisplayName":"Update_Customer(1,\"Updated Name\")","Messages":[],"ComputerName":"DESKTOP-CSTE29I","Duration":"00:00:00.0002860","StartTime":"2024-04-26T03:46:32.8384872+00:00","EndTime":"2024-04-26T03:46:32.8387732+00:00","Properties":[{"Key":{"Id":"NUnit.Seed","Label":"Seed","Category":"","Description":"","Attributes":0,"ValueType":"System.String"},"Value":"785921345"}]},{"TestCase":{"Id":"769e520b-7869-4606-c54e-a0f4f5634994","FullyQualifiedName":"ShoppingDALLibrary.Tests.CustomerRepositoryTests.Update_Customer(999,\"New Customer\")","DisplayName":"Update_Customer(999,\"New Customer\")","ExecutorUri":"executor://NUnit3TestExecutor","Source":"C:\\Users\\VC\\Downloads\\Daily_progress\\Day11\\ShoppingFESoln\\ShoppingDALTest\\bin\\Debug\\net8.0\\fine-code-coverage\\build-output\\ShoppingDALTest.dll","CodeFilePath":null,"LineNumber":0,"Properties":[{"Key":{"Id":"NUnit.Seed","Label":"Seed","Category":"","Description":"","Attributes":0,"ValueType":"System.String"},"Value":"1547193374"}]},"Attachments":[],"Outcome":2,"ErrorMessage":"ShoppingModelLibrary.Exceptions.NoCustomerWithGiveIdException : Customer with the given Id is not present","ErrorStackTrace":"   at ShoppingDALLibrary.CustomerRepository.GetByKey(Int32 key) in C:\\Users\\VC\\Downloads\\Daily_progress\\Day11\\ShoppingFESoln\\ShoppingDALLibrary\\CustomerRepository.cs:line 25\r\n   at ShoppingDALLibrary.CustomerRepository.Update(Customer item) in C:\\Users\\VC\\Downloads\\Daily_progress\\Day11\\ShoppingFESoln\\ShoppingDALLibrary\\CustomerRepository.cs:line 31\r\n   at ShoppingDALLibrary.Tests.CustomerRepositoryTests.Update_Customer(Int32 customerId, String updatedName) in C:\\Users\\VC\\Downloads\\Daily_progress\\Day11\\ShoppingFESoln\\ShoppingDALTest\\CustomerTest.cs:line 131\r\n   at InvokeStub_CustomerRepositoryTests.Update_Customer(Object, Span`1)\r\n   at System.Reflection.MethodBaseInvoker.InvokeWithFewArgs(Object obj, BindingFlags invokeAttr, Binder binder, Object[] parameters, CultureInfo culture)\n","DisplayName":"Update_Customer(999,\"New Customer\")","Messages":[],"ComputerName":"DESKTOP-CSTE29I","Duration":"00:00:00.0002970","StartTime":"2024-04-26T03:46:32.8387833+00:00","EndTime":"2024-04-26T03:46:32.8390807+00:00","Properties":[{"Key":{"Id":"NUnit.Seed","Label":"Seed","Category":"","Description":"","Attributes":0,"ValueType":"System.String"},"Value":"1547193374"}]},{"TestCase":{"Id":"ff75a5bb-0605-6b4b-1e26-e0941e8ca1a8","FullyQualifiedName":"ShoppingDALTest.CartItemRepositoryTests.Add_CartItem_Failure","DisplayName":"Add_CartItem_Failure","ExecutorUri":"executor://NUnit3TestExecutor","Source":"C:\\Users\\VC\\Downloads\\Daily_progress\\Day11\\ShoppingFESoln\\ShoppingDALTest\\bin\\Debug\\net8.0\\fine-code-coverage\\build-output\\ShoppingDALTest.dll","CodeFilePath":null,"LineNumber":0,"Properties":[{"Key":{"Id":"NUnit.Seed","Label":"Seed","Category":"","Description":"","Attributes":0,"ValueType":"System.String"},"Value":"968434215"}]},"Attachments":[],"Outcome":2,"ErrorMessage":"  Expected: <ShoppingModelLibrary.Exceptions.NoCartItemWithGivenIDException>\r\n  But was:  null\r\n","ErrorStackTrace":"   at ShoppingDALTest.CartItemRepositoryTests.Add_CartItem_Failure() in C:\\Users\\VC\\Downloads\\Daily_progress\\Day11\\ShoppingFESoln\\ShoppingDALTest\\CartItemTest.cs:line 129\r\n\n1)    at ShoppingDALTest.CartItemRepositoryTests.Add_CartItem_Failure() in C:\\Users\\VC\\Downloads\\Daily_progress\\Day11\\ShoppingFESoln\\ShoppingDALTest\\CartItemTest.cs:line 129\r\n\n","DisplayName":"Add_CartItem_Failure","Messages":[],"ComputerName":"DESKTOP-CSTE29I","Duration":"00:00:00.0008660","StartTime":"2024-04-26T03:46:32.8399262+00:00","EndTime":"2024-04-26T03:46:32.840792+00:00","Properties":[{"Key":{"Id":"NUnit.Seed","Label":"Seed","Category":"","Description":"","Attributes":0,"ValueType":"System.String"},"Value":"968434215"}]},{"TestCase":{"Id":"b54165d5-255b-255b-801b-5d65745e4d74","FullyQualifiedName":"ShoppingDALTest.CartItemRepositoryTests.Add_CartItem_Success","DisplayName":"Add_CartItem_Success","ExecutorUri":"executor://NUnit3TestExecutor","Source":"C:\\Users\\VC\\Downloads\\Daily_progress\\Day11\\ShoppingFESoln\\ShoppingDALTest\\bin\\Debug\\net8.0\\fine-code-coverage\\build-output\\ShoppingDALTest.dll","CodeFilePath":null,"LineNumber":0,"Properties":[{"Key":{"Id":"NUnit.Seed","Label":"Seed","Category":"","Description":"","Attributes":0,"ValueType":"System.String"},"Value":"1437361054"}]},"Attachments":[],"Outcome":1,"ErrorMessage":null,"ErrorStackTrace":null,"DisplayName":"Add_CartItem_Success","Messages":[],"ComputerName":"DESKTOP-CSTE29I","Duration":"00:00:00.0001870","StartTime":"2024-04-26T03:46:32.8408061+00:00","EndTime":"2024-04-26T03:46:32.8409928+00:00","Properties":[{"Key":{"Id":"NUnit.Seed","Label":"Seed","Category":"","Description":"","Attributes":0,"ValueType":"System.String"},"Value":"1437361054"}]},{"TestCase":{"Id":"2d9605a4-d88f-42c1-1153-1b791b4d7dfa","FullyQualifiedName":"ShoppingDALTest.CartItemRepositoryTests.Delete_CartItem_Exception(0)","DisplayName":"Delete_CartItem_Exception(0)","ExecutorUri":"executor://NUnit3TestExecutor","Source":"C:\\Users\\VC\\Downloads\\Daily_progress\\Day11\\ShoppingFESoln\\ShoppingDALTest\\bin\\Debug\\net8.0\\fine-code-coverage\\build-output\\ShoppingDALTest.dll","CodeFilePath":null,"LineNumber":0,"Properties":[{"Key":{"Id":"NUnit.Seed","Label":"Seed","Category":"","Description":"","Attributes":0,"ValueType":"System.String"},"Value":"1773516224"}]},"Attachments":[],"Outcome":1,"ErrorMessage":null,"ErrorStackTrace":null,"DisplayName":"Delete_CartItem_Exception(0)","Messages":[],"ComputerName":"DESKTOP-CSTE29I","Duration":"00:00:00.0005630","StartTime":"2024-04-26T03:46:32.8410172+00:00","EndTime":"2024-04-26T03:46:32.8415796+00:00","Properties":[{"Key":{"Id":"NUnit.Seed","Label":"Seed","Category":"","Description":"","Attributes":0,"ValueType":"System.String"},"Value":"1773516224"}]},{"TestCase":{"Id":"b37aa2f1-e5d1-7691-c7c3-7dbbb55a82de","FullyQualifiedName":"ShoppingDALTest.CartItemRepositoryTests.Delete_CartItem_Failure(999)","DisplayName":"Delete_CartItem_Failure(999)","ExecutorUri":"executor://NUnit3TestExecutor","Source":"C:\\Users\\VC\\Downloads\\Daily_progress\\Day11\\ShoppingFESoln\\ShoppingDALTest\\bin\\Debug\\net8.0\\fine-code-coverage\\build-output\\ShoppingDALTest.dll","CodeFilePath":null,"LineNumber":0,"Properties":[{"Key":{"Id":"NUnit.Seed","Label":"Seed","Category":"","Description":"","Attributes":0,"ValueType":"System.String"},"Value":"1446391880"}]},"Attachments":[],"Outcome":1,"ErrorMessage":null,"ErrorStackTrace":null,"DisplayName":"Delete_CartItem_Failure(999)","Messages":[],"ComputerName":"DESKTOP-CSTE29I","Duration":"00:00:00.0001720","StartTime":"2024-04-26T03:46:32.8416137+00:00","EndTime":"2024-04-26T03:46:32.8417852+00:00","Properties":[{"Key":{"Id":"NUnit.Seed","Label":"Seed","Category":"","Description":"","Attributes":0,"ValueType":"System.String"},"Value":"1446391880"}]},{"TestCase":{"Id":"09bcb180-91cd-af71-2ee8-882af86e4689","FullyQualifiedName":"ShoppingDALTest.CartItemRepositoryTests.Delete_CartItem_Success(1)","DisplayName":"Delete_CartItem_Success(1)","ExecutorUri":"executor://NUnit3TestExecutor","Source":"C:\\Users\\VC\\Downloads\\Daily_progress\\Day11\\ShoppingFESoln\\ShoppingDALTest\\bin\\Debug\\net8.0\\fine-code-coverage\\build-output\\ShoppingDALTest.dll","CodeFilePath":null,"LineNumber":0,"Properties":[{"Key":{"Id":"NUnit.Seed","Label":"Seed","Category":"","Description":"","Attributes":0,"ValueType":"System.String"},"Value":"1160120435"}]},"Attachments":[],"Outcome":2,"ErrorMessage":"ShoppingModelLibrary.Exceptions.NoCartItemWithGivenIDException : CartItem with the given Id is not present","ErrorStackTrace":"   at ShoppingDALLibrary.CartItemRepository.Delete(Int32 key) in C:\\Users\\VC\\Downloads\\Daily_progress\\Day11\\ShoppingFESoln\\ShoppingDALLibrary\\CartItemRepository.cs:line 23\r\n   at ShoppingDALTest.CartItemRepositoryTests.Delete_CartItem_Success(Int32 cartItemId) in C:\\Users\\VC\\Downloads\\Daily_progress\\Day11\\ShoppingFESoln\\ShoppingDALTest\\CartItemTest.cs:line 31\r\n   at System.RuntimeMethodHandle.InvokeMethod(Object target, Void** arguments, Signature sig, Boolean isConstructor)\r\n   at System.Reflection.MethodBaseInvoker.InvokeDirectByRefWithFewArgs(Object obj, Span`1 copyOfArgs, BindingFlags invokeAttr)\n","DisplayName":"Delete_CartItem_Success(1)","Messages":[],"ComputerName":"DESKTOP-CSTE29I","Duration":"00:00:00.0002760","StartTime":"2024-04-26T03:46:32.8418183+00:00","EndTime":"2024-04-26T03:46:32.8420939+00:00","Properties":[{"Key":{"Id":"NUnit.Seed","Label":"Seed","Category":"","Description":"","Attributes":0,"ValueType":"System.String"},"Value":"1160120435"}]},{"TestCase":{"Id":"bd784d83-2966-5657-0d77-eef686d1ae1a","FullyQualifiedName":"ShoppingDALTest.CartItemRepositoryTests.GetAll_CartItems_EmptyList","DisplayName":"GetAll_CartItems_EmptyList","ExecutorUri":"executor://NUnit3TestExecutor","Source":"C:\\Users\\VC\\Downloads\\Daily_progress\\Day11\\ShoppingFESoln\\ShoppingDALTest\\bin\\Debug\\net8.0\\fine-code-coverage\\build-output\\ShoppingDALTest.dll","CodeFilePath":null,"LineNumber":0,"Properties":[{"Key":{"Id":"NUnit.Seed","Label":"Seed","Category":"","Description":"","Attributes":0,"ValueType":"System.String"},"Value":"1057962572"}]},"Attachments":[],"Outcome":1,"ErrorMessage":null,"ErrorStackTrace":null,"DisplayName":"GetAll_CartItems_EmptyList","Messages":[],"ComputerName":"DESKTOP-CSTE29I","Duration":"00:00:00.0010090","StartTime":"2024-04-26T03:46:32.8421122+00:00","EndTime":"2024-04-26T03:46:32.8431206+00:00","Properties":[{"Key":{"Id":"NUnit.Seed","Label":"Seed","Category":"","Description":"","Attributes":0,"ValueType":"System.String"},"Value":"1057962572"}]}],"TestRunStatistics":{"ExecutedTests":18,"Stats":{"Failed":8,"Passed":10}},"ActiveTests":[{"Id":"c38f98ac-b630-a81a-71c5-0bade52ced98","FullyQualifiedName":"ShoppingDALTest.CartItemRepositoryTests.GetAll_CartItems_Success","DisplayName":"GetAll_CartItems_Success","ExecutorUri":"executor://NUnit3TestExecutor","Source":"C:\\Users\\VC\\Downloads\\Daily_progress\\Day11\\ShoppingFESoln\\ShoppingDALTest\\bin\\Debug\\net8.0\\fine-code-coverage\\build-output\\ShoppingDALTest.dll","CodeFilePath":null,"LineNumber":0,"Properties":[{"Key":{"Id":"NUnit.Seed","Label":"Seed","Category":"","Description":"","Attributes":0,"ValueType":"System.String"},"Value":"1497934347"}]}]}}
TpTrace Verbose: 0 : 28052, 7, 2024/04/26, 09:16:32.928, 7570597464714, vstest.console.dll, TestRunRequest:SendTestRunStatsChange: Starting.
TpTrace Verbose: 0 : 28052, 7, 2024/04/26, 09:16:32.928, 7570597465605, vstest.console.dll, InProgress is GetAll_CartItems_Success
TpTrace Verbose: 0 : 28052, 7, 2024/04/26, 09:16:32.928, 7570597466222, vstest.console.dll, MulticastDelegateUtilities.SafeInvoke: TestRun.RunStatsChanged: Invoking callbacks was skipped because there are no subscribers.
TpTrace Information: 0 : 28052, 7, 2024/04/26, 09:16:32.928, 7570597466464, vstest.console.dll, TestRunRequest:SendTestRunStatsChange: Completed.
TpTrace Verbose: 0 : 28052, 7, 2024/04/26, 09:16:32.928, 7570597466726, vstest.console.dll, MulticastDelegateUtilities.SafeInvoke: LengthPrefixCommunicationChannel: MessageReceived: Invoking callback 1/1 for Microsoft.VisualStudio.TestPlatform.CommunicationUtilities.TestRequestSender+<>c__DisplayClass34_0., took 1 ms.
TpTrace Verbose: 0 : 28052, 7, 2024/04/26, 09:16:32.928, 7570597467062, vstest.console.dll, TcpClientExtensions.MessageLoopAsync: Polling on remoteEndPoint: 127.0.0.1:55012 localEndPoint: 127.0.0.1:55011 after 12 ms
TpTrace Verbose: 0 : 28052, 4, 2024/04/26, 09:16:32.928, 7570597468863, vstest.console.dll, MulticastDelegateUtilities.SafeInvoke: InternalTestLoggerEvents.SendTestResult: Invoking callback 1/1 for Microsoft.VisualStudio.TestPlatform.CommandLine.Internal.ConsoleLogger., took 0 ms.
TpTrace Verbose: 0 : 28052, 4, 2024/04/26, 09:16:32.928, 7570597469531, vstest.console.dll, MulticastDelegateUtilities.SafeInvoke: InternalTestLoggerEvents.SendTestResult: Invoking callback 1/1 for Microsoft.VisualStudio.TestPlatform.CommandLine.Internal.ConsoleLogger., took 0 ms.
TpTrace Verbose: 0 : 28052, 4, 2024/04/26, 09:16:32.928, 7570597471364, vstest.console.dll, MulticastDelegateUtilities.SafeInvoke: InternalTestLoggerEvents.SendTestResult: Invoking callback 1/1 for Microsoft.VisualStudio.TestPlatform.CommandLine.Internal.ConsoleLogger., took 0 ms.
TpTrace Verbose: 0 : 28052, 4, 2024/04/26, 09:16:32.929, 7570597474171, vstest.console.dll, MulticastDelegateUtilities.SafeInvoke: InternalTestLoggerEvents.SendTestResult: Invoking callback 1/1 for Microsoft.VisualStudio.TestPlatform.CommandLine.Internal.ConsoleLogger., took 0 ms.
TpTrace Verbose: 0 : 28052, 4, 2024/04/26, 09:16:32.929, 7570597475411, vstest.console.dll, MulticastDelegateUtilities.SafeInvoke: InternalTestLoggerEvents.SendTestResult: Invoking callback 1/1 for Microsoft.VisualStudio.TestPlatform.CommandLine.Internal.ConsoleLogger., took 0 ms.
TpTrace Verbose: 0 : 28052, 4, 2024/04/26, 09:16:32.929, 7570597476242, vstest.console.dll, MulticastDelegateUtilities.SafeInvoke: InternalTestLoggerEvents.SendTestResult: Invoking callback 1/1 for Microsoft.VisualStudio.TestPlatform.CommandLine.Internal.ConsoleLogger., took 0 ms.
TpTrace Verbose: 0 : 28052, 4, 2024/04/26, 09:16:32.929, 7570597476590, vstest.console.dll, MulticastDelegateUtilities.SafeInvoke: InternalTestLoggerEvents.SendTestResult: Invoking callback 1/1 for Microsoft.VisualStudio.TestPlatform.CommandLine.Internal.ConsoleLogger., took 0 ms.
TpTrace Verbose: 0 : 28052, 4, 2024/04/26, 09:16:32.929, 7570597478509, vstest.console.dll, MulticastDelegateUtilities.SafeInvoke: InternalTestLoggerEvents.SendTestResult: Invoking callback 1/1 for Microsoft.VisualStudio.TestPlatform.CommandLine.Internal.ConsoleLogger., took 0 ms.
TpTrace Verbose: 0 : 28052, 4, 2024/04/26, 09:16:32.930, 7570597490217, vstest.console.dll, MulticastDelegateUtilities.SafeInvoke: InternalTestLoggerEvents.SendTestResult: Invoking callback 1/1 for Microsoft.VisualStudio.TestPlatform.CommandLine.Internal.ConsoleLogger., took 1 ms.
TpTrace Verbose: 0 : 28052, 7, 2024/04/26, 09:16:32.948, 7570597667612, vstest.console.dll, TcpClientExtensions.MessageLoopAsync: NotifyDataAvailable remoteEndPoint: 127.0.0.1:55012 localEndPoint: 127.0.0.1:55011
TpTrace Verbose: 0 : 28052, 7, 2024/04/26, 09:16:32.948, 7570597671419, vstest.console.dll, TestRequestSender.OnExecutionMessageReceived: Received message: {"Version":7,"MessageType":"TestExecution.StatsChange","Payload":{"NewTestResults":[{"TestCase":{"Id":"c38f98ac-b630-a81a-71c5-0bade52ced98","FullyQualifiedName":"ShoppingDALTest.CartItemRepositoryTests.GetAll_CartItems_Success","DisplayName":"GetAll_CartItems_Success","ExecutorUri":"executor://NUnit3TestExecutor","Source":"C:\\Users\\VC\\Downloads\\Daily_progress\\Day11\\ShoppingFESoln\\ShoppingDALTest\\bin\\Debug\\net8.0\\fine-code-coverage\\build-output\\ShoppingDALTest.dll","CodeFilePath":null,"LineNumber":0,"Properties":[{"Key":{"Id":"NUnit.Seed","Label":"Seed","Category":"","Description":"","Attributes":0,"ValueType":"System.String"},"Value":"1497934347"}]},"Attachments":[],"Outcome":2,"ErrorMessage":"System.InvalidOperationException : Failed to compare two elements in the array.\r\n  ----> System.ArgumentException : At least one object must implement IComparable.","ErrorStackTrace":"   at System.Collections.Generic.ArraySortHelper`1.Sort(Span`1 keys, IComparer`1 comparer)\r\n   at System.Array.Sort[T](T[] array, Int32 index, Int32 length, IComparer`1 comparer)\r\n   at System.Collections.Generic.List`1.Sort(Int32 index, Int32 count, IComparer`1 comparer)\r\n   at ShoppingDALLibrary.AbstractRepository`2.GetAll() in C:\\Users\\VC\\Downloads\\Daily_progress\\Day11\\ShoppingFESoln\\ShoppingDALLibrary\\AbstractRepository.cs:line 32\r\n   at ShoppingDALTest.CartItemRepositoryTests.GetAll_CartItems_Success() in C:\\Users\\VC\\Downloads\\Daily_progress\\Day11\\ShoppingFESoln\\ShoppingDALTest\\CartItemTest.cs:line 142\r\n   at System.RuntimeMethodHandle.InvokeMethod(Object target, Void** arguments, Signature sig, Boolean isConstructor)\r\n   at System.Reflection.MethodBaseInvoker.InvokeWithNoArgs(Object obj, BindingFlags invokeAttr)\r\n--ArgumentException\r\n   at System.Collections.Comparer.Compare(Object a, Object b)\r\n   at System.Collections.Generic.ArraySortHelper`1.SwapIfGreater(Span`1 keys, Comparison`1 comparer, Int32 i, Int32 j)\r\n   at System.Collections.Generic.ArraySortHelper`1.IntroSort(Span`1 keys, Int32 depthLimit, Comparison`1 comparer)\r\n   at System.Collections.Generic.ArraySortHelper`1.IntrospectiveSort(Span`1 keys, Comparison`1 comparer)\r\n   at System.Collections.Generic.ArraySortHelper`1.Sort(Span`1 keys, IComparer`1 comparer)\n","DisplayName":"GetAll_CartItems_Success","Messages":[],"ComputerName":"DESKTOP-CSTE29I","Duration":"00:00:00.0010920","StartTime":"2024-04-26T03:46:32.8431362+00:00","EndTime":"2024-04-26T03:46:32.8442283+00:00","Properties":[{"Key":{"Id":"NUnit.Seed","Label":"Seed","Category":"","Description":"","Attributes":0,"ValueType":"System.String"},"Value":"1497934347"}]},{"TestCase":{"Id":"a01bbbb1-6297-32bc-7288-e009af2235ec","FullyQualifiedName":"ShoppingDALTest.CartItemRepositoryTests.GetByKey_CartItem_Failure(999)","DisplayName":"GetByKey_CartItem_Failure(999)","ExecutorUri":"executor://NUnit3TestExecutor","Source":"C:\\Users\\VC\\Downloads\\Daily_progress\\Day11\\ShoppingFESoln\\ShoppingDALTest\\bin\\Debug\\net8.0\\fine-code-coverage\\build-output\\ShoppingDALTest.dll","CodeFilePath":null,"LineNumber":0,"Properties":[{"Key":{"Id":"NUnit.Seed","Label":"Seed","Category":"","Description":"","Attributes":0,"ValueType":"System.String"},"Value":"1049396270"}]},"Attachments":[],"Outcome":1,"ErrorMessage":null,"ErrorStackTrace":null,"DisplayName":"GetByKey_CartItem_Failure(999)","Messages":[],"ComputerName":"DESKTOP-CSTE29I","Duration":"00:00:00.0002230","StartTime":"2024-04-26T03:46:32.8442624+00:00","EndTime":"2024-04-26T03:46:32.8444853+00:00","Properties":[{"Key":{"Id":"NUnit.Seed","Label":"Seed","Category":"","Description":"","Attributes":0,"ValueType":"System.String"},"Value":"1049396270"}]},{"TestCase":{"Id":"99be4635-860b-8e64-5d81-d7c9228fe354","FullyQualifiedName":"ShoppingDALTest.CartItemRepositoryTests.GetByKey_CartItem_Success(1)","DisplayName":"GetByKey_CartItem_Success(1)","ExecutorUri":"executor://NUnit3TestExecutor","Source":"C:\\Users\\VC\\Downloads\\Daily_progress\\Day11\\ShoppingFESoln\\ShoppingDALTest\\bin\\Debug\\net8.0\\fine-code-coverage\\build-output\\ShoppingDALTest.dll","CodeFilePath":null,"LineNumber":0,"Properties":[{"Key":{"Id":"NUnit.Seed","Label":"Seed","Category":"","Description":"","Attributes":0,"ValueType":"System.String"},"Value":"228807748"}]},"Attachments":[],"Outcome":1,"ErrorMessage":null,"ErrorStackTrace":null,"DisplayName":"GetByKey_CartItem_Success(1)","Messages":[],"ComputerName":"DESKTOP-CSTE29I","Duration":"00:00:00.0001060","StartTime":"2024-04-26T03:46:32.8445169+00:00","EndTime":"2024-04-26T03:46:32.8446231+00:00","Properties":[{"Key":{"Id":"NUnit.Seed","Label":"Seed","Category":"","Description":"","Attributes":0,"ValueType":"System.String"},"Value":"228807748"}]},{"TestCase":{"Id":"0500928c-e7a0-3fc2-dcfc-d6d2d90dc5b7","FullyQualifiedName":"ShoppingDALTest.CartItemRepositoryTests.Update_CartItem_Failure(999)","DisplayName":"Update_CartItem_Failure(999)","ExecutorUri":"executor://NUnit3TestExecutor","Source":"C:\\Users\\VC\\Downloads\\Daily_progress\\Day11\\ShoppingFESoln\\ShoppingDALTest\\bin\\Debug\\net8.0\\fine-code-coverage\\build-output\\ShoppingDALTest.dll","CodeFilePath":null,"LineNumber":0,"Properties":[{"Key":{"Id":"NUnit.Seed","Label":"Seed","Category":"","Description":"","Attributes":0,"ValueType":"System.String"},"Value":"1106754935"}]},"Attachments":[],"Outcome":1,"ErrorMessage":null,"ErrorStackTrace":null,"DisplayName":"Update_CartItem_Failure(999)","Messages":[],"ComputerName":"DESKTOP-CSTE29I","Duration":"00:00:00.0002620","StartTime":"2024-04-26T03:46:32.8446451+00:00","EndTime":"2024-04-26T03:46:32.8449066+00:00","Properties":[{"Key":{"Id":"NUnit.Seed","Label":"Seed","Category":"","Description":"","Attributes":0,"ValueType":"System.String"},"Value":"1106754935"}]},{"TestCase":{"Id":"85174083-c344-368b-75f6-34dc2ca582ac","FullyQualifiedName":"ShoppingDALTest.CartItemRepositoryTests.Update_CartItem_Success(1)","DisplayName":"Update_CartItem_Success(1)","ExecutorUri":"executor://NUnit3TestExecutor","Source":"C:\\Users\\VC\\Downloads\\Daily_progress\\Day11\\ShoppingFESoln\\ShoppingDALTest\\bin\\Debug\\net8.0\\fine-code-coverage\\build-output\\ShoppingDALTest.dll","CodeFilePath":null,"LineNumber":0,"Properties":[{"Key":{"Id":"NUnit.Seed","Label":"Seed","Category":"","Description":"","Attributes":0,"ValueType":"System.String"},"Value":"1124075793"}]},"Attachments":[],"Outcome":1,"ErrorMessage":null,"ErrorStackTrace":null,"DisplayName":"Update_CartItem_Success(1)","Messages":[],"ComputerName":"DESKTOP-CSTE29I","Duration":"00:00:00.0002020","StartTime":"2024-04-26T03:46:32.8449334+00:00","EndTime":"2024-04-26T03:46:32.8451358+00:00","Properties":[{"Key":{"Id":"NUnit.Seed","Label":"Seed","Category":"","Description":"","Attributes":0,"ValueType":"System.String"},"Value":"1124075793"}]},{"TestCase":{"Id":"3cb99cdb-bcb0-d258-8514-71f2ce1eeec5","FullyQualifiedName":"ShoppingDALTest.CartItemRepositoryTests.Update_NonExistingCartItem_ThrowsException","DisplayName":"Update_NonExistingCartItem_ThrowsException","ExecutorUri":"executor://NUnit3TestExecutor","Source":"C:\\Users\\VC\\Downloads\\Daily_progress\\Day11\\ShoppingFESoln\\ShoppingDALTest\\bin\\Debug\\net8.0\\fine-code-coverage\\build-output\\ShoppingDALTest.dll","CodeFilePath":null,"LineNumber":0,"Properties":[{"Key":{"Id":"NUnit.Seed","Label":"Seed","Category":"","Description":"","Attributes":0,"ValueType":"System.String"},"Value":"484799921"}]},"Attachments":[],"Outcome":1,"ErrorMessage":null,"ErrorStackTrace":null,"DisplayName":"Update_NonExistingCartItem_ThrowsException","Messages":[],"ComputerName":"DESKTOP-CSTE29I","Duration":"00:00:00.0002509","StartTime":"2024-04-26T03:46:32.8451522+00:00","EndTime":"2024-04-26T03:46:32.8454029+00:00","Properties":[{"Key":{"Id":"NUnit.Seed","Label":"Seed","Category":"","Description":"","Attributes":0,"ValueType":"System.String"},"Value":"484799921"}]},{"TestCase":{"Id":"1ba38474-95b7-706d-2f28-8c29cc58bc33","FullyQualifiedName":"ShoppingDALTest.CartRepositoryTests.Add_Cart_Failure","DisplayName":"Add_Cart_Failure","ExecutorUri":"executor://NUnit3TestExecutor","Source":"C:\\Users\\VC\\Downloads\\Daily_progress\\Day11\\ShoppingFESoln\\ShoppingDALTest\\bin\\Debug\\net8.0\\fine-code-coverage\\build-output\\ShoppingDALTest.dll","CodeFilePath":null,"LineNumber":0,"Properties":[{"Key":{"Id":"NUnit.Seed","Label":"Seed","Category":"","Description":"","Attributes":0,"ValueType":"System.String"},"Value":"657089956"}]},"Attachments":[],"Outcome":2,"ErrorMessage":"  Expected: <ShoppingModelLibrary.Exceptions.NoCartWithGivenIDException>\r\n  But was:  null\r\n","ErrorStackTrace":"   at ShoppingDALTest.CartRepositoryTests.Add_Cart_Failure() in C:\\Users\\VC\\Downloads\\Daily_progress\\Day11\\ShoppingFESoln\\ShoppingDALTest\\CartTest.cs:line 134\r\n\n1)    at ShoppingDALTest.CartRepositoryTests.Add_Cart_Failure() in C:\\Users\\VC\\Downloads\\Daily_progress\\Day11\\ShoppingFESoln\\ShoppingDALTest\\CartTest.cs:line 134\r\n\n","DisplayName":"Add_Cart_Failure","Messages":[],"ComputerName":"DESKTOP-CSTE29I","Duration":"00:00:00.0007190","StartTime":"2024-04-26T03:46:32.845495+00:00","EndTime":"2024-04-26T03:46:32.8462141+00:00","Properties":[{"Key":{"Id":"NUnit.Seed","Label":"Seed","Category":"","Description":"","Attributes":0,"ValueType":"System.String"},"Value":"657089956"}]},{"TestCase":{"Id":"2c808c75-dcb5-a079-6e41-f2b7d831bad9","FullyQualifiedName":"ShoppingDALTest.CartRepositoryTests.Add_Cart_Success","DisplayName":"Add_Cart_Success","ExecutorUri":"executor://NUnit3TestExecutor","Source":"C:\\Users\\VC\\Downloads\\Daily_progress\\Day11\\ShoppingFESoln\\ShoppingDALTest\\bin\\Debug\\net8.0\\fine-code-coverage\\build-output\\ShoppingDALTest.dll","CodeFilePath":null,"LineNumber":0,"Properties":[{"Key":{"Id":"NUnit.Seed","Label":"Seed","Category":"","Description":"","Attributes":0,"ValueType":"System.String"},"Value":"830945075"}]},"Attachments":[],"Outcome":1,"ErrorMessage":null,"ErrorStackTrace":null,"DisplayName":"Add_Cart_Success","Messages":[],"ComputerName":"DESKTOP-CSTE29I","Duration":"00:00:00.0002370","StartTime":"2024-04-26T03:46:32.8462251+00:00","EndTime":"2024-04-26T03:46:32.8464623+00:00","Properties":[{"Key":{"Id":"NUnit.Seed","Label":"Seed","Category":"","Description":"","Attributes":0,"ValueType":"System.String"},"Value":"830945075"}]},{"TestCase":{"Id":"f364e271-6df4-a670-fb34-fbeaaf719deb","FullyQualifiedName":"ShoppingDALTest.CartRepositoryTests.Delete_Cart_Success","DisplayName":"Delete_Cart_Success","ExecutorUri":"executor://NUnit3TestExecutor","Source":"C:\\Users\\VC\\Downloads\\Daily_progress\\Day11\\ShoppingFESoln\\ShoppingDALTest\\bin\\Debug\\net8.0\\fine-code-coverage\\build-output\\ShoppingDALTest.dll","CodeFilePath":null,"LineNumber":0,"Properties":[{"Key":{"Id":"NUnit.Seed","Label":"Seed","Category":"","Description":"","Attributes":0,"ValueType":"System.String"},"Value":"297424469"}]},"Attachments":[],"Outcome":1,"ErrorMessage":null,"ErrorStackTrace":null,"DisplayName":"Delete_Cart_Success","Messages":[],"ComputerName":"DESKTOP-CSTE29I","Duration":"00:00:00.0003869","StartTime":"2024-04-26T03:46:32.846474+00:00","EndTime":"2024-04-26T03:46:32.8468612+00:00","Properties":[{"Key":{"Id":"NUnit.Seed","Label":"Seed","Category":"","Description":"","Attributes":0,"ValueType":"System.String"},"Value":"297424469"}]}],"TestRunStatistics":{"ExecutedTests":27,"Stats":{"Failed":10,"Passed":17}},"ActiveTests":[{"Id":"aa78dfd6-1ca3-b771-59f4-75eb8ca6a09a","FullyQualifiedName":"ShoppingDALTest.CartRepositoryTests.Delete_NonExistingCart_ThrowsException","DisplayName":"Delete_NonExistingCart_ThrowsException","ExecutorUri":"executor://NUnit3TestExecutor","Source":"C:\\Users\\VC\\Downloads\\Daily_progress\\Day11\\ShoppingFESoln\\ShoppingDALTest\\bin\\Debug\\net8.0\\fine-code-coverage\\build-output\\ShoppingDALTest.dll","CodeFilePath":null,"LineNumber":0,"Properties":[{"Key":{"Id":"NUnit.Seed","Label":"Seed","Category":"","Description":"","Attributes":0,"ValueType":"System.String"},"Value":"81415222"}]}]}}
TpTrace Verbose: 0 : 28052, 7, 2024/04/26, 09:16:32.949, 7570597682252, vstest.console.dll, TestRunRequest:SendTestRunStatsChange: Starting.
TpTrace Verbose: 0 : 28052, 7, 2024/04/26, 09:16:32.949, 7570597682764, vstest.console.dll, InProgress is Delete_NonExistingCart_ThrowsException
TpTrace Verbose: 0 : 28052, 7, 2024/04/26, 09:16:32.950, 7570597683254, vstest.console.dll, MulticastDelegateUtilities.SafeInvoke: TestRun.RunStatsChanged: Invoking callbacks was skipped because there are no subscribers.
TpTrace Information: 0 : 28052, 7, 2024/04/26, 09:16:32.950, 7570597683577, vstest.console.dll, TestRunRequest:SendTestRunStatsChange: Completed.
TpTrace Verbose: 0 : 28052, 7, 2024/04/26, 09:16:32.950, 7570597683839, vstest.console.dll, MulticastDelegateUtilities.SafeInvoke: LengthPrefixCommunicationChannel: MessageReceived: Invoking callback 1/1 for Microsoft.VisualStudio.TestPlatform.CommunicationUtilities.TestRequestSender+<>c__DisplayClass34_0., took 1 ms.
TpTrace Verbose: 0 : 28052, 7, 2024/04/26, 09:16:32.950, 7570597684362, vstest.console.dll, TcpClientExtensions.MessageLoopAsync: Polling on remoteEndPoint: 127.0.0.1:55012 localEndPoint: 127.0.0.1:55011 after 21 ms
TpTrace Verbose: 0 : 28052, 4, 2024/04/26, 09:16:32.950, 7570597687034, vstest.console.dll, MulticastDelegateUtilities.SafeInvoke: InternalTestLoggerEvents.SendTestResult: Invoking callback 1/1 for Microsoft.VisualStudio.TestPlatform.CommandLine.Internal.ConsoleLogger., took 0 ms.
TpTrace Verbose: 0 : 28052, 4, 2024/04/26, 09:16:32.950, 7570597687807, vstest.console.dll, MulticastDelegateUtilities.SafeInvoke: InternalTestLoggerEvents.SendTestResult: Invoking callback 1/1 for Microsoft.VisualStudio.TestPlatform.CommandLine.Internal.ConsoleLogger., took 0 ms.
TpTrace Verbose: 0 : 28052, 4, 2024/04/26, 09:16:32.950, 7570597688164, vstest.console.dll, MulticastDelegateUtilities.SafeInvoke: InternalTestLoggerEvents.SendTestResult: Invoking callback 1/1 for Microsoft.VisualStudio.TestPlatform.CommandLine.Internal.ConsoleLogger., took 0 ms.
TpTrace Verbose: 0 : 28052, 4, 2024/04/26, 09:16:32.950, 7570597688494, vstest.console.dll, MulticastDelegateUtilities.SafeInvoke: InternalTestLoggerEvents.SendTestResult: Invoking callback 1/1 for Microsoft.VisualStudio.TestPlatform.CommandLine.Internal.ConsoleLogger., took 0 ms.
TpTrace Verbose: 0 : 28052, 4, 2024/04/26, 09:16:32.950, 7570597688856, vstest.console.dll, MulticastDelegateUtilities.SafeInvoke: InternalTestLoggerEvents.SendTestResult: Invoking callback 1/1 for Microsoft.VisualStudio.TestPlatform.CommandLine.Internal.ConsoleLogger., took 0 ms.
TpTrace Verbose: 0 : 28052, 4, 2024/04/26, 09:16:32.950, 7570597689330, vstest.console.dll, MulticastDelegateUtilities.SafeInvoke: InternalTestLoggerEvents.SendTestResult: Invoking callback 1/1 for Microsoft.VisualStudio.TestPlatform.CommandLine.Internal.ConsoleLogger., took 0 ms.
TpTrace Verbose: 0 : 28052, 4, 2024/04/26, 09:16:32.950, 7570597691341, vstest.console.dll, MulticastDelegateUtilities.SafeInvoke: InternalTestLoggerEvents.SendTestResult: Invoking callback 1/1 for Microsoft.VisualStudio.TestPlatform.CommandLine.Internal.ConsoleLogger., took 0 ms.
TpTrace Verbose: 0 : 28052, 4, 2024/04/26, 09:16:32.950, 7570597691874, vstest.console.dll, MulticastDelegateUtilities.SafeInvoke: InternalTestLoggerEvents.SendTestResult: Invoking callback 1/1 for Microsoft.VisualStudio.TestPlatform.CommandLine.Internal.ConsoleLogger., took 0 ms.
TpTrace Verbose: 0 : 28052, 4, 2024/04/26, 09:16:32.950, 7570597692316, vstest.console.dll, MulticastDelegateUtilities.SafeInvoke: InternalTestLoggerEvents.SendTestResult: Invoking callback 1/1 for Microsoft.VisualStudio.TestPlatform.CommandLine.Internal.ConsoleLogger., took 0 ms.
TpTrace Verbose: 0 : 28052, 7, 2024/04/26, 09:16:32.967, 7570597862230, vstest.console.dll, TcpClientExtensions.MessageLoopAsync: NotifyDataAvailable remoteEndPoint: 127.0.0.1:55012 localEndPoint: 127.0.0.1:55011
TpTrace Verbose: 0 : 28052, 7, 2024/04/26, 09:16:32.968, 7570597866005, vstest.console.dll, TestRequestSender.OnExecutionMessageReceived: Received message: {"Version":7,"MessageType":"TestExecution.StatsChange","Payload":{"NewTestResults":[{"TestCase":{"Id":"aa78dfd6-1ca3-b771-59f4-75eb8ca6a09a","FullyQualifiedName":"ShoppingDALTest.CartRepositoryTests.Delete_NonExistingCart_ThrowsException","DisplayName":"Delete_NonExistingCart_ThrowsException","ExecutorUri":"executor://NUnit3TestExecutor","Source":"C:\\Users\\VC\\Downloads\\Daily_progress\\Day11\\ShoppingFESoln\\ShoppingDALTest\\bin\\Debug\\net8.0\\fine-code-coverage\\build-output\\ShoppingDALTest.dll","CodeFilePath":null,"LineNumber":0,"Properties":[{"Key":{"Id":"NUnit.Seed","Label":"Seed","Category":"","Description":"","Attributes":0,"ValueType":"System.String"},"Value":"81415222"}]},"Attachments":[],"Outcome":1,"ErrorMessage":null,"ErrorStackTrace":null,"DisplayName":"Delete_NonExistingCart_ThrowsException","Messages":[],"ComputerName":"DESKTOP-CSTE29I","Duration":"00:00:00.0002200","StartTime":"2024-04-26T03:46:32.8468725+00:00","EndTime":"2024-04-26T03:46:32.8470927+00:00","Properties":[{"Key":{"Id":"NUnit.Seed","Label":"Seed","Category":"","Description":"","Attributes":0,"ValueType":"System.String"},"Value":"81415222"}]},{"TestCase":{"Id":"e4f4561a-2963-7d76-e862-33ae8c2a5dda","FullyQualifiedName":"ShoppingDALTest.CartRepositoryTests.DeleteNonExistingCartThrowsException","DisplayName":"DeleteNonExistingCartThrowsException","ExecutorUri":"executor://NUnit3TestExecutor","Source":"C:\\Users\\VC\\Downloads\\Daily_progress\\Day11\\ShoppingFESoln\\ShoppingDALTest\\bin\\Debug\\net8.0\\fine-code-coverage\\build-output\\ShoppingDALTest.dll","CodeFilePath":null,"LineNumber":0,"Properties":[{"Key":{"Id":"NUnit.Seed","Label":"Seed","Category":"","Description":"","Attributes":0,"ValueType":"System.String"},"Value":"405594936"}]},"Attachments":[],"Outcome":1,"ErrorMessage":null,"ErrorStackTrace":null,"DisplayName":"DeleteNonExistingCartThrowsException","Messages":[],"ComputerName":"DESKTOP-CSTE29I","Duration":"00:00:00.0002170","StartTime":"2024-04-26T03:46:32.8471029+00:00","EndTime":"2024-04-26T03:46:32.8473201+00:00","Properties":[{"Key":{"Id":"NUnit.Seed","Label":"Seed","Category":"","Description":"","Attributes":0,"ValueType":"System.String"},"Value":"405594936"}]},{"TestCase":{"Id":"59d75e7a-205f-60cf-c66d-59e0b389ed99","FullyQualifiedName":"ShoppingDALTest.CartRepositoryTests.GetAll_Carts_Success","DisplayName":"GetAll_Carts_Success","ExecutorUri":"executor://NUnit3TestExecutor","Source":"C:\\Users\\VC\\Downloads\\Daily_progress\\Day11\\ShoppingFESoln\\ShoppingDALTest\\bin\\Debug\\net8.0\\fine-code-coverage\\build-output\\ShoppingDALTest.dll","CodeFilePath":null,"LineNumber":0,"Properties":[{"Key":{"Id":"NUnit.Seed","Label":"Seed","Category":"","Description":"","Attributes":0,"ValueType":"System.String"},"Value":"372901187"}]},"Attachments":[],"Outcome":2,"ErrorMessage":"System.InvalidOperationException : Failed to compare two elements in the array.\r\n  ----> System.ArgumentException : At least one object must implement IComparable.","ErrorStackTrace":"   at System.Collections.Generic.ArraySortHelper`1.Sort(Span`1 keys, IComparer`1 comparer)\r\n   at System.Array.Sort[T](T[] array, Int32 index, Int32 length, IComparer`1 comparer)\r\n   at System.Collections.Generic.List`1.Sort(Int32 index, Int32 count, IComparer`1 comparer)\r\n   at ShoppingDALLibrary.AbstractRepository`2.GetAll() in C:\\Users\\VC\\Downloads\\Daily_progress\\Day11\\ShoppingFESoln\\ShoppingDALLibrary\\AbstractRepository.cs:line 32\r\n   at ShoppingDALTest.CartRepositoryTests.GetAll_Carts_Success() in C:\\Users\\VC\\Downloads\\Daily_progress\\Day11\\ShoppingFESoln\\ShoppingDALTest\\CartTest.cs:line 46\r\n   at System.RuntimeMethodHandle.InvokeMethod(Object target, Void** arguments, Signature sig, Boolean isConstructor)\r\n   at System.Reflection.MethodBaseInvoker.InvokeWithNoArgs(Object obj, BindingFlags invokeAttr)\r\n--ArgumentException\r\n   at System.Collections.Comparer.Compare(Object a, Object b)\r\n   at System.Collections.Generic.ArraySortHelper`1.SwapIfGreater(Span`1 keys, Comparison`1 comparer, Int32 i, Int32 j)\r\n   at System.Collections.Generic.ArraySortHelper`1.IntroSort(Span`1 keys, Int32 depthLimit, Comparison`1 comparer)\r\n   at System.Collections.Generic.ArraySortHelper`1.IntrospectiveSort(Span`1 keys, Comparison`1 comparer)\r\n   at System.Collections.Generic.ArraySortHelper`1.Sort(Span`1 keys, IComparer`1 comparer)\n","DisplayName":"GetAll_Carts_Success","Messages":[],"ComputerName":"DESKTOP-CSTE29I","Duration":"00:00:00.0004890","StartTime":"2024-04-26T03:46:32.8473332+00:00","EndTime":"2024-04-26T03:46:32.8478224+00:00","Properties":[{"Key":{"Id":"NUnit.Seed","Label":"Seed","Category":"","Description":"","Attributes":0,"ValueType":"System.String"},"Value":"372901187"}]},{"TestCase":{"Id":"218e0133-e5fd-38ef-eeb2-f640bbdd50a4","FullyQualifiedName":"ShoppingDALTest.CartRepositoryTests.GetByKey_Cart_Success","DisplayName":"GetByKey_Cart_Success","ExecutorUri":"executor://NUnit3TestExecutor","Source":"C:\\Users\\VC\\Downloads\\Daily_progress\\Day11\\ShoppingFESoln\\ShoppingDALTest\\bin\\Debug\\net8.0\\fine-code-coverage\\build-output\\ShoppingDALTest.dll","CodeFilePath":null,"LineNumber":0,"Properties":[{"Key":{"Id":"NUnit.Seed","Label":"Seed","Category":"","Description":"","Attributes":0,"ValueType":"System.String"},"Value":"867847315"}]},"Attachments":[],"Outcome":1,"ErrorMessage":null,"ErrorStackTrace":null,"DisplayName":"GetByKey_Cart_Success","Messages":[],"ComputerName":"DESKTOP-CSTE29I","Duration":"00:00:00.0001280","StartTime":"2024-04-26T03:46:32.8478346+00:00","EndTime":"2024-04-26T03:46:32.8479625+00:00","Properties":[{"Key":{"Id":"NUnit.Seed","Label":"Seed","Category":"","Description":"","Attributes":0,"ValueType":"System.String"},"Value":"867847315"}]},{"TestCase":{"Id":"17a84578-7d7d-a055-58ad-a6d9af40dd67","FullyQualifiedName":"ShoppingDALTest.CartRepositoryTests.GetByKey_NonExistingCart_ThrowsException","DisplayName":"GetByKey_NonExistingCart_ThrowsException","ExecutorUri":"executor://NUnit3TestExecutor","Source":"C:\\Users\\VC\\Downloads\\Daily_progress\\Day11\\ShoppingFESoln\\ShoppingDALTest\\bin\\Debug\\net8.0\\fine-code-coverage\\build-output\\ShoppingDALTest.dll","CodeFilePath":null,"LineNumber":0,"Properties":[{"Key":{"Id":"NUnit.Seed","Label":"Seed","Category":"","Description":"","Attributes":0,"ValueType":"System.String"},"Value":"74046810"}]},"Attachments":[],"Outcome":1,"ErrorMessage":null,"ErrorStackTrace":null,"DisplayName":"GetByKey_NonExistingCart_ThrowsException","Messages":[],"ComputerName":"DESKTOP-CSTE29I","Duration":"00:00:00.0001320","StartTime":"2024-04-26T03:46:32.847971+00:00","EndTime":"2024-04-26T03:46:32.8481025+00:00","Properties":[{"Key":{"Id":"NUnit.Seed","Label":"Seed","Category":"","Description":"","Attributes":0,"ValueType":"System.String"},"Value":"74046810"}]},{"TestCase":{"Id":"c68ec5c1-5f6b-e928-303f-80f5c8aba1b2","FullyQualifiedName":"ShoppingDALTest.CartRepositoryTests.GetByKeyNonExistingCartThrowsException","DisplayName":"GetByKeyNonExistingCartThrowsException","ExecutorUri":"executor://NUnit3TestExecutor","Source":"C:\\Users\\VC\\Downloads\\Daily_progress\\Day11\\ShoppingFESoln\\ShoppingDALTest\\bin\\Debug\\net8.0\\fine-code-coverage\\build-output\\ShoppingDALTest.dll","CodeFilePath":null,"LineNumber":0,"Properties":[{"Key":{"Id":"NUnit.Seed","Label":"Seed","Category":"","Description":"","Attributes":0,"ValueType":"System.String"},"Value":"1779942171"}]},"Attachments":[],"Outcome":1,"ErrorMessage":null,"ErrorStackTrace":null,"DisplayName":"GetByKeyNonExistingCartThrowsException","Messages":[],"ComputerName":"DESKTOP-CSTE29I","Duration":"00:00:00.0001120","StartTime":"2024-04-26T03:46:32.8481108+00:00","EndTime":"2024-04-26T03:46:32.8482231+00:00","Properties":[{"Key":{"Id":"NUnit.Seed","Label":"Seed","Category":"","Description":"","Attributes":0,"ValueType":"System.String"},"Value":"1779942171"}]},{"TestCase":{"Id":"5860deae-4509-c6cd-fe90-9a820afde2a2","FullyQualifiedName":"ShoppingDALTest.CartRepositoryTests.Update_Cart_Success","DisplayName":"Update_Cart_Success","ExecutorUri":"executor://NUnit3TestExecutor","Source":"C:\\Users\\VC\\Downloads\\Daily_progress\\Day11\\ShoppingFESoln\\ShoppingDALTest\\bin\\Debug\\net8.0\\fine-code-coverage\\build-output\\ShoppingDALTest.dll","CodeFilePath":null,"LineNumber":0,"Properties":[{"Key":{"Id":"NUnit.Seed","Label":"Seed","Category":"","Description":"","Attributes":0,"ValueType":"System.String"},"Value":"1950337929"}]},"Attachments":[],"Outcome":1,"ErrorMessage":null,"ErrorStackTrace":null,"DisplayName":"Update_Cart_Success","Messages":[],"ComputerName":"DESKTOP-CSTE29I","Duration":"00:00:00.0001760","StartTime":"2024-04-26T03:46:32.8482315+00:00","EndTime":"2024-04-26T03:46:32.8484077+00:00","Properties":[{"Key":{"Id":"NUnit.Seed","Label":"Seed","Category":"","Description":"","Attributes":0,"ValueType":"System.String"},"Value":"1950337929"}]},{"TestCase":{"Id":"338db013-51df-8ea5-21c0-45174ece418a","FullyQualifiedName":"ShoppingDALTest.CartRepositoryTests.Update_NonExistingCart_ThrowsException","DisplayName":"Update_NonExistingCart_ThrowsException","ExecutorUri":"executor://NUnit3TestExecutor","Source":"C:\\Users\\VC\\Downloads\\Daily_progress\\Day11\\ShoppingFESoln\\ShoppingDALTest\\bin\\Debug\\net8.0\\fine-code-coverage\\build-output\\ShoppingDALTest.dll","CodeFilePath":null,"LineNumber":0,"Properties":[{"Key":{"Id":"NUnit.Seed","Label":"Seed","Category":"","Description":"","Attributes":0,"ValueType":"System.String"},"Value":"1747119125"}]},"Attachments":[],"Outcome":1,"ErrorMessage":null,"ErrorStackTrace":null,"DisplayName":"Update_NonExistingCart_ThrowsException","Messages":[],"ComputerName":"DESKTOP-CSTE29I","Duration":"00:00:00.0002770","StartTime":"2024-04-26T03:46:32.8484207+00:00","EndTime":"2024-04-26T03:46:32.8486977+00:00","Properties":[{"Key":{"Id":"NUnit.Seed","Label":"Seed","Category":"","Description":"","Attributes":0,"ValueType":"System.String"},"Value":"1747119125"}]},{"TestCase":{"Id":"2cd4fd78-2c9f-5c49-f440-96746de00458","FullyQualifiedName":"ShoppingDALTest.CartRepositoryTests.UpdateNonExistingCartThrowsException","DisplayName":"UpdateNonExistingCartThrowsException","ExecutorUri":"executor://NUnit3TestExecutor","Source":"C:\\Users\\VC\\Downloads\\Daily_progress\\Day11\\ShoppingFESoln\\ShoppingDALTest\\bin\\Debug\\net8.0\\fine-code-coverage\\build-output\\ShoppingDALTest.dll","CodeFilePath":null,"LineNumber":0,"Properties":[{"Key":{"Id":"NUnit.Seed","Label":"Seed","Category":"","Description":"","Attributes":0,"ValueType":"System.String"},"Value":"405362267"}]},"Attachments":[],"Outcome":1,"ErrorMessage":null,"ErrorStackTrace":null,"DisplayName":"UpdateNonExistingCartThrowsException","Messages":[],"ComputerName":"DESKTOP-CSTE29I","Duration":"00:00:00.0001740","StartTime":"2024-04-26T03:46:32.848708+00:00","EndTime":"2024-04-26T03:46:32.8488815+00:00","Properties":[{"Key":{"Id":"NUnit.Seed","Label":"Seed","Category":"","Description":"","Attributes":0,"ValueType":"System.String"},"Value":"405362267"}]}],"TestRunStatistics":{"ExecutedTests":36,"Stats":{"Failed":11,"Passed":25}},"ActiveTests":[{"Id":"789be716-1908-5ba9-2bcd-9c9cfd4d63d9","FullyQualifiedName":"ShoppingDALTest.ProducTest.Add_Customer_Success(1,\"PenDrive\")","DisplayName":"Add_Customer_Success(1,\"PenDrive\")","ExecutorUri":"executor://NUnit3TestExecutor","Source":"C:\\Users\\VC\\Downloads\\Daily_progress\\Day11\\ShoppingFESoln\\ShoppingDALTest\\bin\\Debug\\net8.0\\fine-code-coverage\\build-output\\ShoppingDALTest.dll","CodeFilePath":null,"LineNumber":0,"Properties":[{"Key":{"Id":"NUnit.Seed","Label":"Seed","Category":"","Description":"","Attributes":0,"ValueType":"System.String"},"Value":"989957752"}]}]}}
TpTrace Verbose: 0 : 28052, 7, 2024/04/26, 09:16:32.969, 7570597877026, vstest.console.dll, TestRunRequest:SendTestRunStatsChange: Starting.
TpTrace Verbose: 0 : 28052, 7, 2024/04/26, 09:16:32.969, 7570597877655, vstest.console.dll, InProgress is Add_Customer_Success(1,"PenDrive")
TpTrace Verbose: 0 : 28052, 7, 2024/04/26, 09:16:32.969, 7570597878249, vstest.console.dll, MulticastDelegateUtilities.SafeInvoke: TestRun.RunStatsChanged: Invoking callbacks was skipped because there are no subscribers.
TpTrace Information: 0 : 28052, 7, 2024/04/26, 09:16:32.969, 7570597878624, vstest.console.dll, TestRunRequest:SendTestRunStatsChange: Completed.
TpTrace Verbose: 0 : 28052, 7, 2024/04/26, 09:16:32.969, 7570597878885, vstest.console.dll, MulticastDelegateUtilities.SafeInvoke: LengthPrefixCommunicationChannel: MessageReceived: Invoking callback 1/1 for Microsoft.VisualStudio.TestPlatform.CommunicationUtilities.TestRequestSender+<>c__DisplayClass34_0., took 1 ms.
TpTrace Verbose: 0 : 28052, 7, 2024/04/26, 09:16:32.969, 7570597879191, vstest.console.dll, TcpClientExtensions.MessageLoopAsync: Polling on remoteEndPoint: 127.0.0.1:55012 localEndPoint: 127.0.0.1:55011 after 19 ms
TpTrace Verbose: 0 : 28052, 4, 2024/04/26, 09:16:32.969, 7570597879821, vstest.console.dll, MulticastDelegateUtilities.SafeInvoke: InternalTestLoggerEvents.SendTestResult: Invoking callback 1/1 for Microsoft.VisualStudio.TestPlatform.CommandLine.Internal.ConsoleLogger., took 0 ms.
TpTrace Verbose: 0 : 28052, 4, 2024/04/26, 09:16:32.969, 7570597880551, vstest.console.dll, MulticastDelegateUtilities.SafeInvoke: InternalTestLoggerEvents.SendTestResult: Invoking callback 1/1 for Microsoft.VisualStudio.TestPlatform.CommandLine.Internal.ConsoleLogger., took 0 ms.
TpTrace Verbose: 0 : 28052, 4, 2024/04/26, 09:16:32.969, 7570597882706, vstest.console.dll, MulticastDelegateUtilities.SafeInvoke: InternalTestLoggerEvents.SendTestResult: Invoking callback 1/1 for Microsoft.VisualStudio.TestPlatform.CommandLine.Internal.ConsoleLogger., took 0 ms.
TpTrace Verbose: 0 : 28052, 4, 2024/04/26, 09:16:32.970, 7570597883105, vstest.console.dll, MulticastDelegateUtilities.SafeInvoke: InternalTestLoggerEvents.SendTestResult: Invoking callback 1/1 for Microsoft.VisualStudio.TestPlatform.CommandLine.Internal.ConsoleLogger., took 0 ms.
TpTrace Verbose: 0 : 28052, 4, 2024/04/26, 09:16:32.970, 7570597883532, vstest.console.dll, MulticastDelegateUtilities.SafeInvoke: InternalTestLoggerEvents.SendTestResult: Invoking callback 1/1 for Microsoft.VisualStudio.TestPlatform.CommandLine.Internal.ConsoleLogger., took 0 ms.
TpTrace Verbose: 0 : 28052, 4, 2024/04/26, 09:16:32.970, 7570597883939, vstest.console.dll, MulticastDelegateUtilities.SafeInvoke: InternalTestLoggerEvents.SendTestResult: Invoking callback 1/1 for Microsoft.VisualStudio.TestPlatform.CommandLine.Internal.ConsoleLogger., took 0 ms.
TpTrace Verbose: 0 : 28052, 4, 2024/04/26, 09:16:32.970, 7570597884269, vstest.console.dll, MulticastDelegateUtilities.SafeInvoke: InternalTestLoggerEvents.SendTestResult: Invoking callback 1/1 for Microsoft.VisualStudio.TestPlatform.CommandLine.Internal.ConsoleLogger., took 0 ms.
TpTrace Verbose: 0 : 28052, 4, 2024/04/26, 09:16:32.970, 7570597884897, vstest.console.dll, MulticastDelegateUtilities.SafeInvoke: InternalTestLoggerEvents.SendTestResult: Invoking callback 1/1 for Microsoft.VisualStudio.TestPlatform.CommandLine.Internal.ConsoleLogger., took 0 ms.
TpTrace Verbose: 0 : 28052, 4, 2024/04/26, 09:16:32.970, 7570597886282, vstest.console.dll, MulticastDelegateUtilities.SafeInvoke: InternalTestLoggerEvents.SendTestResult: Invoking callback 1/1 for Microsoft.VisualStudio.TestPlatform.CommandLine.Internal.ConsoleLogger., took 0 ms.
TpTrace Verbose: 0 : 28052, 7, 2024/04/26, 09:16:32.989, 7570598078101, vstest.console.dll, TcpClientExtensions.MessageLoopAsync: NotifyDataAvailable remoteEndPoint: 127.0.0.1:55012 localEndPoint: 127.0.0.1:55011
TpTrace Verbose: 0 : 28052, 7, 2024/04/26, 09:16:32.989, 7570598081892, vstest.console.dll, TestRequestSender.OnExecutionMessageReceived: Received message: {"Version":7,"MessageType":"TestExecution.StatsChange","Payload":{"NewTestResults":[{"TestCase":{"Id":"789be716-1908-5ba9-2bcd-9c9cfd4d63d9","FullyQualifiedName":"ShoppingDALTest.ProducTest.Add_Customer_Success(1,\"PenDrive\")","DisplayName":"Add_Customer_Success(1,\"PenDrive\")","ExecutorUri":"executor://NUnit3TestExecutor","Source":"C:\\Users\\VC\\Downloads\\Daily_progress\\Day11\\ShoppingFESoln\\ShoppingDALTest\\bin\\Debug\\net8.0\\fine-code-coverage\\build-output\\ShoppingDALTest.dll","CodeFilePath":null,"LineNumber":0,"Properties":[{"Key":{"Id":"NUnit.Seed","Label":"Seed","Category":"","Description":"","Attributes":0,"ValueType":"System.String"},"Value":"989957752"}]},"Attachments":[],"Outcome":1,"ErrorMessage":null,"ErrorStackTrace":null,"DisplayName":"Add_Customer_Success(1,\"PenDrive\")","Messages":[],"ComputerName":"DESKTOP-CSTE29I","Duration":"00:00:00.0002940","StartTime":"2024-04-26T03:46:32.8490823+00:00","EndTime":"2024-04-26T03:46:32.8493759+00:00","Properties":[{"Key":{"Id":"NUnit.Seed","Label":"Seed","Category":"","Description":"","Attributes":0,"ValueType":"System.String"},"Value":"989957752"}]},{"TestCase":{"Id":"202907d7-2a02-126c-8be6-52b9f80cb1ec","FullyQualifiedName":"ShoppingDALTest.ProducTest.Add_Customer_Success(2,\"Kite\")","DisplayName":"Add_Customer_Success(2,\"Kite\")","ExecutorUri":"executor://NUnit3TestExecutor","Source":"C:\\Users\\VC\\Downloads\\Daily_progress\\Day11\\ShoppingFESoln\\ShoppingDALTest\\bin\\Debug\\net8.0\\fine-code-coverage\\build-output\\ShoppingDALTest.dll","CodeFilePath":null,"LineNumber":0,"Properties":[{"Key":{"Id":"NUnit.Seed","Label":"Seed","Category":"","Description":"","Attributes":0,"ValueType":"System.String"},"Value":"1989200755"}]},"Attachments":[],"Outcome":1,"ErrorMessage":null,"ErrorStackTrace":null,"DisplayName":"Add_Customer_Success(2,\"Kite\")","Messages":[],"ComputerName":"DESKTOP-CSTE29I","Duration":"00:00:00.0002490","StartTime":"2024-04-26T03:46:32.8493854+00:00","EndTime":"2024-04-26T03:46:32.8496342+00:00","Properties":[{"Key":{"Id":"NUnit.Seed","Label":"Seed","Category":"","Description":"","Attributes":0,"ValueType":"System.String"},"Value":"1989200755"}]},{"TestCase":{"Id":"0846f253-7787-54d0-63f6-f41b68144ad7","FullyQualifiedName":"ShoppingDALTest.ProducTest.Add_Product_Exception(0,\"Invalid Product\")","DisplayName":"Add_Product_Exception(0,\"Invalid Product\")","ExecutorUri":"executor://NUnit3TestExecutor","Source":"C:\\Users\\VC\\Downloads\\Daily_progress\\Day11\\ShoppingFESoln\\ShoppingDALTest\\bin\\Debug\\net8.0\\fine-code-coverage\\build-output\\ShoppingDALTest.dll","CodeFilePath":null,"LineNumber":0,"Properties":[{"Key":{"Id":"NUnit.Seed","Label":"Seed","Category":"","Description":"","Attributes":0,"ValueType":"System.String"},"Value":"152113650"}]},"Attachments":[],"Outcome":2,"ErrorMessage":"  Expected: <System.Exception>\r\n  But was:  null\r\n","ErrorStackTrace":"   at ShoppingDALTest.ProducTest.Add_Product_Exception(Int32 id, String name) in C:\\Users\\VC\\Downloads\\Daily_progress\\Day11\\ShoppingFESoln\\ShoppingDALTest\\ProducTest.cs:line 58\r\n\n1)    at ShoppingDALTest.ProducTest.Add_Product_Exception(Int32 id, String name) in C:\\Users\\VC\\Downloads\\Daily_progress\\Day11\\ShoppingFESoln\\ShoppingDALTest\\ProducTest.cs:line 58\r\n\n","DisplayName":"Add_Product_Exception(0,\"Invalid Product\")","Messages":[],"ComputerName":"DESKTOP-CSTE29I","Duration":"00:00:00.0004790","StartTime":"2024-04-26T03:46:32.8496671+00:00","EndTime":"2024-04-26T03:46:32.8501459+00:00","Properties":[{"Key":{"Id":"NUnit.Seed","Label":"Seed","Category":"","Description":"","Attributes":0,"ValueType":"System.String"},"Value":"152113650"}]},{"TestCase":{"Id":"4fe6ed32-4431-2d15-79bb-297daff934dc","FullyQualifiedName":"ShoppingDALTest.ProducTest.Add_Product_Exception(1,\"1\")","DisplayName":"Add_Product_Exception(1,\"1\")","ExecutorUri":"executor://NUnit3TestExecutor","Source":"C:\\Users\\VC\\Downloads\\Daily_progress\\Day11\\ShoppingFESoln\\ShoppingDALTest\\bin\\Debug\\net8.0\\fine-code-coverage\\build-output\\ShoppingDALTest.dll","CodeFilePath":null,"LineNumber":0,"Properties":[{"Key":{"Id":"NUnit.Seed","Label":"Seed","Category":"","Description":"","Attributes":0,"ValueType":"System.String"},"Value":"1746970998"}]},"Attachments":[],"Outcome":2,"ErrorMessage":"  Expected: <System.Exception>\r\n  But was:  null\r\n","ErrorStackTrace":"   at ShoppingDALTest.ProducTest.Add_Product_Exception(Int32 id, String name) in C:\\Users\\VC\\Downloads\\Daily_progress\\Day11\\ShoppingFESoln\\ShoppingDALTest\\ProducTest.cs:line 58\r\n   at InvokeStub_ProducTest.Add_Product_Exception(Object, Span`1)\r\n\n1)    at ShoppingDALTest.ProducTest.Add_Product_Exception(Int32 id, String name) in C:\\Users\\VC\\Downloads\\Daily_progress\\Day11\\ShoppingFESoln\\ShoppingDALTest\\ProducTest.cs:line 58\r\n   at InvokeStub_ProducTest.Add_Product_Exception(Object, Span`1)\r\n\n","DisplayName":"Add_Product_Exception(1,\"1\")","Messages":[],"ComputerName":"DESKTOP-CSTE29I","Duration":"00:00:00.0004070","StartTime":"2024-04-26T03:46:32.8501565+00:00","EndTime":"2024-04-26T03:46:32.8505633+00:00","Properties":[{"Key":{"Id":"NUnit.Seed","Label":"Seed","Category":"","Description":"","Attributes":0,"ValueType":"System.String"},"Value":"1746970998"}]},{"TestCase":{"Id":"bbf22a77-6085-6ba5-f290-f9bf560dc7a2","FullyQualifiedName":"ShoppingDALTest.ProducTest.Add_Product_Fail(1,\"Jane Smith\")","DisplayName":"Add_Product_Fail(1,\"Jane Smith\")","ExecutorUri":"executor://NUnit3TestExecutor","Source":"C:\\Users\\VC\\Downloads\\Daily_progress\\Day11\\ShoppingFESoln\\ShoppingDALTest\\bin\\Debug\\net8.0\\fine-code-coverage\\build-output\\ShoppingDALTest.dll","CodeFilePath":null,"LineNumber":0,"Properties":[{"Key":{"Id":"NUnit.Seed","Label":"Seed","Category":"","Description":"","Attributes":0,"ValueType":"System.String"},"Value":"163286505"}]},"Attachments":[],"Outcome":2,"ErrorMessage":"  Expected: null\r\n  But was:  <Id : 1\r\nName : Jane Smith\r\nPrice : $0\r\nNos in Stock : 0>\r\n","ErrorStackTrace":"   at ShoppingDALTest.ProducTest.Add_Product_Fail(Int32 id, String name) in C:\\Users\\VC\\Downloads\\Daily_progress\\Day11\\ShoppingFESoln\\ShoppingDALTest\\ProducTest.cs:line 47\r\n\n1)    at ShoppingDALTest.ProducTest.Add_Product_Fail(Int32 id, String name) in C:\\Users\\VC\\Downloads\\Daily_progress\\Day11\\ShoppingFESoln\\ShoppingDALTest\\ProducTest.cs:line 47\r\n\n","DisplayName":"Add_Product_Fail(1,\"Jane Smith\")","Messages":[],"ComputerName":"DESKTOP-CSTE29I","Duration":"00:00:00.0013080","StartTime":"2024-04-26T03:46:32.8505955+00:00","EndTime":"2024-04-26T03:46:32.8519035+00:00","Properties":[{"Key":{"Id":"NUnit.Seed","Label":"Seed","Category":"","Description":"","Attributes":0,"ValueType":"System.String"},"Value":"163286505"}]},{"TestCase":{"Id":"52039cc7-d73c-f43b-20c3-83aeb188c0c5","FullyQualifiedName":"ShoppingDALTest.ProducTest.Add_Product_Fail(1,\" Smith\")","DisplayName":"Add_Product_Fail(1,\" Smith\")","ExecutorUri":"executor://NUnit3TestExecutor","Source":"C:\\Users\\VC\\Downloads\\Daily_progress\\Day11\\ShoppingFESoln\\ShoppingDALTest\\bin\\Debug\\net8.0\\fine-code-coverage\\build-output\\ShoppingDALTest.dll","CodeFilePath":null,"LineNumber":0,"Properties":[{"Key":{"Id":"NUnit.Seed","Label":"Seed","Category":"","Description":"","Attributes":0,"ValueType":"System.String"},"Value":"1824319177"}]},"Attachments":[],"Outcome":2,"ErrorMessage":"  Expected: null\r\n  But was:  <Id : 1\r\nName :  Smith\r\nPrice : $0\r\nNos in Stock : 0>\r\n","ErrorStackTrace":"   at ShoppingDALTest.ProducTest.Add_Product_Fail(Int32 id, String name) in C:\\Users\\VC\\Downloads\\Daily_progress\\Day11\\ShoppingFESoln\\ShoppingDALTest\\ProducTest.cs:line 47\r\n   at InvokeStub_ProducTest.Add_Product_Fail(Object, Span`1)\r\n\n1)    at ShoppingDALTest.ProducTest.Add_Product_Fail(Int32 id, String name) in C:\\Users\\VC\\Downloads\\Daily_progress\\Day11\\ShoppingFESoln\\ShoppingDALTest\\ProducTest.cs:line 47\r\n   at InvokeStub_ProducTest.Add_Product_Fail(Object, Span`1)\r\n\n","DisplayName":"Add_Product_Fail(1,\" Smith\")","Messages":[],"ComputerName":"DESKTOP-CSTE29I","Duration":"00:00:00.0003710","StartTime":"2024-04-26T03:46:32.851916+00:00","EndTime":"2024-04-26T03:46:32.8522866+00:00","Properties":[{"Key":{"Id":"NUnit.Seed","Label":"Seed","Category":"","Description":"","Attributes":0,"ValueType":"System.String"},"Value":"1824319177"}]},{"TestCase":{"Id":"18abb429-4163-a673-7e0b-f959740201d4","FullyQualifiedName":"ShoppingDALTest.ProducTest.Delete_Product(1)","DisplayName":"Delete_Product(1)","ExecutorUri":"executor://NUnit3TestExecutor","Source":"C:\\Users\\VC\\Downloads\\Daily_progress\\Day11\\ShoppingFESoln\\ShoppingDALTest\\bin\\Debug\\net8.0\\fine-code-coverage\\build-output\\ShoppingDALTest.dll","CodeFilePath":null,"LineNumber":0,"Properties":[{"Key":{"Id":"NUnit.Seed","Label":"Seed","Category":"","Description":"","Attributes":0,"ValueType":"System.String"},"Value":"1448883557"}]},"Attachments":[],"Outcome":1,"ErrorMessage":null,"ErrorStackTrace":null,"DisplayName":"Delete_Product(1)","Messages":[],"ComputerName":"DESKTOP-CSTE29I","Duration":"00:00:00.0004530","StartTime":"2024-04-26T03:46:32.8523175+00:00","EndTime":"2024-04-26T03:46:32.8527703+00:00","Properties":[{"Key":{"Id":"NUnit.Seed","Label":"Seed","Category":"","Description":"","Attributes":0,"ValueType":"System.String"},"Value":"1448883557"}]},{"TestCase":{"Id":"62ee8de3-6964-1466-e994-aac522e29255","FullyQualifiedName":"ShoppingDALTest.ProducTest.Delete_Product(999)","DisplayName":"Delete_Product(999)","ExecutorUri":"executor://NUnit3TestExecutor","Source":"C:\\Users\\VC\\Downloads\\Daily_progress\\Day11\\ShoppingFESoln\\ShoppingDALTest\\bin\\Debug\\net8.0\\fine-code-coverage\\build-output\\ShoppingDALTest.dll","CodeFilePath":null,"LineNumber":0,"Properties":[{"Key":{"Id":"NUnit.Seed","Label":"Seed","Category":"","Description":"","Attributes":0,"ValueType":"System.String"},"Value":"300015864"}]},"Attachments":[],"Outcome":2,"ErrorMessage":"ShoppingModelLibrary.Exceptions.NoProductWithGiveIdException : Product with the given Id is not present","ErrorStackTrace":"   at ShoppingDALLibrary.ProductRepository.GetByKey(Int32 key) in C:\\Users\\VC\\Downloads\\Daily_progress\\Day11\\ShoppingFESoln\\ShoppingDALLibrary\\ProductRepository.cs:line 30\r\n   at ShoppingDALLibrary.ProductRepository.Delete(Int32 key) in C:\\Users\\VC\\Downloads\\Daily_progress\\Day11\\ShoppingFESoln\\ShoppingDALLibrary\\ProductRepository.cs:line 15\r\n   at ShoppingDALTest.ProducTest.Delete_Product(Int32 productId) in C:\\Users\\VC\\Downloads\\Daily_progress\\Day11\\ShoppingFESoln\\ShoppingDALTest\\ProducTest.cs:line 90\r\n   at InvokeStub_ProducTest.Delete_Product(Object, Span`1)\r\n   at System.Reflection.MethodBaseInvoker.InvokeWithOneArg(Object obj, BindingFlags invokeAttr, Binder binder, Object[] parameters, CultureInfo culture)\n","DisplayName":"Delete_Product(999)","Messages":[],"ComputerName":"DESKTOP-CSTE29I","Duration":"00:00:00.0003730","StartTime":"2024-04-26T03:46:32.8527852+00:00","EndTime":"2024-04-26T03:46:32.8531583+00:00","Properties":[{"Key":{"Id":"NUnit.Seed","Label":"Seed","Category":"","Description":"","Attributes":0,"ValueType":"System.String"},"Value":"300015864"}]},{"TestCase":{"Id":"db3948f1-4d08-d587-cad4-6f0b48a80fb6","FullyQualifiedName":"ShoppingDALTest.ProducTest.GetAll_Product_Success","DisplayName":"GetAll_Product_Success","ExecutorUri":"executor://NUnit3TestExecutor","Source":"C:\\Users\\VC\\Downloads\\Daily_progress\\Day11\\ShoppingFESoln\\ShoppingDALTest\\bin\\Debug\\net8.0\\fine-code-coverage\\build-output\\ShoppingDALTest.dll","CodeFilePath":null,"LineNumber":0,"Properties":[{"Key":{"Id":"NUnit.Seed","Label":"Seed","Category":"","Description":"","Attributes":0,"ValueType":"System.String"},"Value":"1133639209"}]},"Attachments":[],"Outcome":2,"ErrorMessage":"System.InvalidOperationException : Failed to compare two elements in the array.\r\n  ----> System.ArgumentException : At least one object must implement IComparable.","ErrorStackTrace":"   at System.Collections.Generic.ArraySortHelper`1.Sort(Span`1 keys, IComparer`1 comparer)\r\n   at System.Array.Sort[T](T[] array, Int32 index, Int32 length, IComparer`1 comparer)\r\n   at System.Collections.Generic.List`1.Sort(Int32 index, Int32 count, IComparer`1 comparer)\r\n   at ShoppingDALLibrary.AbstractRepository`2.GetAll() in C:\\Users\\VC\\Downloads\\Daily_progress\\Day11\\ShoppingFESoln\\ShoppingDALLibrary\\AbstractRepository.cs:line 32\r\n   at ShoppingDALTest.ProducTest.GetAll_Product_Success() in C:\\Users\\VC\\Downloads\\Daily_progress\\Day11\\ShoppingFESoln\\ShoppingDALTest\\ProducTest.cs:line 76\r\n   at System.RuntimeMethodHandle.InvokeMethod(Object target, Void** arguments, Signature sig, Boolean isConstructor)\r\n   at System.Reflection.MethodBaseInvoker.InvokeWithNoArgs(Object obj, BindingFlags invokeAttr)\r\n--ArgumentException\r\n   at System.Collections.Comparer.Compare(Object a, Object b)\r\n   at System.Collections.Generic.ArraySortHelper`1.SwapIfGreater(Span`1 keys, Comparison`1 comparer, Int32 i, Int32 j)\r\n   at System.Collections.Generic.ArraySortHelper`1.IntroSort(Span`1 keys, Int32 depthLimit, Comparison`1 comparer)\r\n   at System.Collections.Generic.ArraySortHelper`1.IntrospectiveSort(Span`1 keys, Comparison`1 comparer)\r\n   at System.Collections.Generic.ArraySortHelper`1.Sort(Span`1 keys, IComparer`1 comparer)\n","DisplayName":"GetAll_Product_Success","Messages":[],"ComputerName":"DESKTOP-CSTE29I","Duration":"00:00:00.0005019","StartTime":"2024-04-26T03:46:32.8531801+00:00","EndTime":"2024-04-26T03:46:32.8536813+00:00","Properties":[{"Key":{"Id":"NUnit.Seed","Label":"Seed","Category":"","Description":"","Attributes":0,"ValueType":"System.String"},"Value":"1133639209"}]}],"TestRunStatistics":{"ExecutedTests":45,"Stats":{"Failed":17,"Passed":28}},"ActiveTests":[{"Id":"2b98606f-c8c5-3a8d-5387-e4114e979e40","FullyQualifiedName":"ShoppingDALTest.ProducTest.GetByKey_Product(1,\"Drums\")","DisplayName":"GetByKey_Product(1,\"Drums\")","ExecutorUri":"executor://NUnit3TestExecutor","Source":"C:\\Users\\VC\\Downloads\\Daily_progress\\Day11\\ShoppingFESoln\\ShoppingDALTest\\bin\\Debug\\net8.0\\fine-code-coverage\\build-output\\ShoppingDALTest.dll","CodeFilePath":null,"LineNumber":0,"Properties":[{"Key":{"Id":"NUnit.Seed","Label":"Seed","Category":"","Description":"","Attributes":0,"ValueType":"System.String"},"Value":"577691832"}]}]}}
TpTrace Verbose: 0 : 28052, 7, 2024/04/26, 09:16:32.990, 7570598091838, vstest.console.dll, TestRunRequest:SendTestRunStatsChange: Starting.
TpTrace Verbose: 0 : 28052, 7, 2024/04/26, 09:16:32.990, 7570598092334, vstest.console.dll, InProgress is GetByKey_Product(1,"Drums")
TpTrace Verbose: 0 : 28052, 7, 2024/04/26, 09:16:32.990, 7570598092813, vstest.console.dll, MulticastDelegateUtilities.SafeInvoke: TestRun.RunStatsChanged: Invoking callbacks was skipped because there are no subscribers.
TpTrace Information: 0 : 28052, 7, 2024/04/26, 09:16:32.991, 7570598093178, vstest.console.dll, TestRunRequest:SendTestRunStatsChange: Completed.
TpTrace Verbose: 0 : 28052, 7, 2024/04/26, 09:16:32.991, 7570598093438, vstest.console.dll, MulticastDelegateUtilities.SafeInvoke: LengthPrefixCommunicationChannel: MessageReceived: Invoking callback 1/1 for Microsoft.VisualStudio.TestPlatform.CommunicationUtilities.TestRequestSender+<>c__DisplayClass34_0., took 1 ms.
TpTrace Verbose: 0 : 28052, 7, 2024/04/26, 09:16:32.991, 7570598093749, vstest.console.dll, TcpClientExtensions.MessageLoopAsync: Polling on remoteEndPoint: 127.0.0.1:55012 localEndPoint: 127.0.0.1:55011 after 21 ms
TpTrace Verbose: 0 : 28052, 4, 2024/04/26, 09:16:32.991, 7570598094466, vstest.console.dll, MulticastDelegateUtilities.SafeInvoke: InternalTestLoggerEvents.SendTestResult: Invoking callback 1/1 for Microsoft.VisualStudio.TestPlatform.CommandLine.Internal.ConsoleLogger., took 0 ms.
TpTrace Verbose: 0 : 28052, 4, 2024/04/26, 09:16:32.991, 7570598097405, vstest.console.dll, MulticastDelegateUtilities.SafeInvoke: InternalTestLoggerEvents.SendTestResult: Invoking callback 1/1 for Microsoft.VisualStudio.TestPlatform.CommandLine.Internal.ConsoleLogger., took 0 ms.
TpTrace Verbose: 0 : 28052, 4, 2024/04/26, 09:16:32.991, 7570598099738, vstest.console.dll, MulticastDelegateUtilities.SafeInvoke: InternalTestLoggerEvents.SendTestResult: Invoking callback 1/1 for Microsoft.VisualStudio.TestPlatform.CommandLine.Internal.ConsoleLogger., took 0 ms.
TpTrace Verbose: 0 : 28052, 4, 2024/04/26, 09:16:32.991, 7570598101322, vstest.console.dll, MulticastDelegateUtilities.SafeInvoke: InternalTestLoggerEvents.SendTestResult: Invoking callback 1/1 for Microsoft.VisualStudio.TestPlatform.CommandLine.Internal.ConsoleLogger., took 0 ms.
TpTrace Verbose: 0 : 28052, 4, 2024/04/26, 09:16:32.992, 7570598103038, vstest.console.dll, MulticastDelegateUtilities.SafeInvoke: InternalTestLoggerEvents.SendTestResult: Invoking callback 1/1 for Microsoft.VisualStudio.TestPlatform.CommandLine.Internal.ConsoleLogger., took 0 ms.
TpTrace Verbose: 0 : 28052, 4, 2024/04/26, 09:16:32.992, 7570598104826, vstest.console.dll, MulticastDelegateUtilities.SafeInvoke: InternalTestLoggerEvents.SendTestResult: Invoking callback 1/1 for Microsoft.VisualStudio.TestPlatform.CommandLine.Internal.ConsoleLogger., took 0 ms.
TpTrace Verbose: 0 : 28052, 4, 2024/04/26, 09:16:32.992, 7570598105311, vstest.console.dll, MulticastDelegateUtilities.SafeInvoke: InternalTestLoggerEvents.SendTestResult: Invoking callback 1/1 for Microsoft.VisualStudio.TestPlatform.CommandLine.Internal.ConsoleLogger., took 0 ms.
TpTrace Verbose: 0 : 28052, 4, 2024/04/26, 09:16:32.992, 7570598107011, vstest.console.dll, MulticastDelegateUtilities.SafeInvoke: InternalTestLoggerEvents.SendTestResult: Invoking callback 1/1 for Microsoft.VisualStudio.TestPlatform.CommandLine.Internal.ConsoleLogger., took 0 ms.
TpTrace Verbose: 0 : 28052, 4, 2024/04/26, 09:16:32.992, 7570598108994, vstest.console.dll, MulticastDelegateUtilities.SafeInvoke: InternalTestLoggerEvents.SendTestResult: Invoking callback 1/1 for Microsoft.VisualStudio.TestPlatform.CommandLine.Internal.ConsoleLogger., took 0 ms.
TpTrace Verbose: 0 : 28052, 7, 2024/04/26, 09:16:33.009, 7570598276713, vstest.console.dll, TcpClientExtensions.MessageLoopAsync: NotifyDataAvailable remoteEndPoint: 127.0.0.1:55012 localEndPoint: 127.0.0.1:55011
TpTrace Verbose: 0 : 28052, 7, 2024/04/26, 09:16:33.009, 7570598278317, vstest.console.dll, TestRequestSender.OnExecutionMessageReceived: Received message: {"Version":7,"MessageType":"TestSession.Message","Payload":{"MessageLevel":0,"Message":"NUnit Adapter 4.5.0.0: Test execution complete"}}
TpTrace Verbose: 0 : 28052, 7, 2024/04/26, 09:16:33.009, 7570598279496, vstest.console.dll, TestRunRequest:SendTestRunMessage: Starting.
TpTrace Verbose: 0 : 28052, 7, 2024/04/26, 09:16:33.009, 7570598279998, vstest.console.dll, MulticastDelegateUtilities.SafeInvoke: TestRun.LogMessages: Invoking callback 1/1 for Microsoft.VisualStudio.TestPlatform.CommandLine.TestRunResultAggregator., took 0 ms.
TpTrace Information: 0 : 28052, 7, 2024/04/26, 09:16:33.009, 7570598280390, vstest.console.dll, TestRunRequest:SendTestRunMessage: Completed.
TpTrace Verbose: 0 : 28052, 7, 2024/04/26, 09:16:33.009, 7570598280631, vstest.console.dll, MulticastDelegateUtilities.SafeInvoke: LengthPrefixCommunicationChannel: MessageReceived: Invoking callback 1/1 for Microsoft.VisualStudio.TestPlatform.CommunicationUtilities.TestRequestSender+<>c__DisplayClass34_0., took 0 ms.
TpTrace Verbose: 0 : 28052, 7, 2024/04/26, 09:16:33.009, 7570598280949, vstest.console.dll, TcpClientExtensions.MessageLoopAsync: Polling on remoteEndPoint: 127.0.0.1:55012 localEndPoint: 127.0.0.1:55011 after 18 ms
TpTrace Verbose: 0 : 28052, 4, 2024/04/26, 09:16:33.009, 7570598281454, vstest.console.dll, MulticastDelegateUtilities.SafeInvoke: InternalTestLoggerEvents.SendTestRunMessage: Invoking callback 1/1 for Microsoft.VisualStudio.TestPlatform.CommandLine.Internal.ConsoleLogger., took 0 ms.
TpTrace Verbose: 0 : 28052, 7, 2024/04/26, 09:16:33.021, 7570598399240, vstest.console.dll, TcpClientExtensions.MessageLoopAsync: NotifyDataAvailable remoteEndPoint: 127.0.0.1:55012 localEndPoint: 127.0.0.1:55011
TpTrace Verbose: 0 : 28052, 7, 2024/04/26, 09:16:33.021, 7570598401825, vstest.console.dll, TestRequestSender.OnExecutionMessageReceived: Received message: {"Version":7,"MessageType":"TestExecution.Completed","Payload":{"TestRunCompleteArgs":{"TestRunStatistics":{"ExecutedTests":49,"Stats":{"Failed":19,"Passed":30}},"IsCanceled":false,"IsAborted":false,"Error":null,"AttachmentSets":[],"InvokedDataCollectors":[],"ElapsedTimeInRunningTests":"00:00:00.3645121","Metrics":{},"DiscoveredExtensions":{"TestDiscoverers":["NUnit.VisualStudio.TestAdapter.NUnit3TestDiscoverer, NUnit3.TestAdapter, Version=4.5.0.0, Culture=neutral, PublicKeyToken=4cb40d35494691ac"],"TestExecutors":["executor://NUnit3TestExecutor"],"TestExecutors2":[],"TestSettingsProviders":[]}},"LastRunTests":{"NewTestResults":[{"TestCase":{"Id":"2b98606f-c8c5-3a8d-5387-e4114e979e40","FullyQualifiedName":"ShoppingDALTest.ProducTest.GetByKey_Product(1,\"Drums\")","DisplayName":"GetByKey_Product(1,\"Drums\")","ExecutorUri":"executor://NUnit3TestExecutor","Source":"C:\\Users\\VC\\Downloads\\Daily_progress\\Day11\\ShoppingFESoln\\ShoppingDALTest\\bin\\Debug\\net8.0\\fine-code-coverage\\build-output\\ShoppingDALTest.dll","CodeFilePath":null,"LineNumber":0,"Properties":[{"Key":{"Id":"NUnit.Seed","Label":"Seed","Category":"","Description":"","Attributes":0,"ValueType":"System.String"},"Value":"577691832"}]},"Attachments":[],"Outcome":1,"ErrorMessage":null,"ErrorStackTrace":null,"DisplayName":"GetByKey_Product(1,\"Drums\")","Messages":[],"ComputerName":"DESKTOP-CSTE29I","Duration":"00:00:00.0001750","StartTime":"2024-04-26T03:46:32.8537047+00:00","EndTime":"2024-04-26T03:46:32.8538794+00:00","Properties":[{"Key":{"Id":"NUnit.Seed","Label":"Seed","Category":"","Description":"","Attributes":0,"ValueType":"System.String"},"Value":"577691832"}]},{"TestCase":{"Id":"ec563c39-8f6f-ee11-fd0d-e1828a64f920","FullyQualifiedName":"ShoppingDALTest.ProducTest.GetByKey_Product(999,\"Kite\")","DisplayName":"GetByKey_Product(999,\"Kite\")","ExecutorUri":"executor://NUnit3TestExecutor","Source":"C:\\Users\\VC\\Downloads\\Daily_progress\\Day11\\ShoppingFESoln\\ShoppingDALTest\\bin\\Debug\\net8.0\\fine-code-coverage\\build-output\\ShoppingDALTest.dll","CodeFilePath":null,"LineNumber":0,"Properties":[{"Key":{"Id":"NUnit.Seed","Label":"Seed","Category":"","Description":"","Attributes":0,"ValueType":"System.String"},"Value":"532804618"}]},"Attachments":[],"Outcome":2,"ErrorMessage":"ShoppingModelLibrary.Exceptions.NoProductWithGiveIdException : Product with the given Id is not present","ErrorStackTrace":"   at ShoppingDALLibrary.ProductRepository.GetByKey(Int32 key) in C:\\Users\\VC\\Downloads\\Daily_progress\\Day11\\ShoppingFESoln\\ShoppingDALLibrary\\ProductRepository.cs:line 30\r\n   at ShoppingDALTest.ProducTest.GetByKey_Product(Int32 productId, String expectedName) in C:\\Users\\VC\\Downloads\\Daily_progress\\Day11\\ShoppingFESoln\\ShoppingDALTest\\ProducTest.cs:line 111\r\n   at InvokeStub_ProducTest.GetByKey_Product(Object, Span`1)\r\n   at System.Reflection.MethodBaseInvoker.InvokeWithFewArgs(Object obj, BindingFlags invokeAttr, Binder binder, Object[] parameters, CultureInfo culture)\n","DisplayName":"GetByKey_Product(999,\"Kite\")","Messages":[],"ComputerName":"DESKTOP-CSTE29I","Duration":"00:00:00.0002670","StartTime":"2024-04-26T03:46:32.8538886+00:00","EndTime":"2024-04-26T03:46:32.8541556+00:00","Properties":[{"Key":{"Id":"NUnit.Seed","Label":"Seed","Category":"","Description":"","Attributes":0,"ValueType":"System.String"},"Value":"532804618"}]},{"TestCase":{"Id":"52832f42-0e73-395d-2ba9-b92cb1930986","FullyQualifiedName":"ShoppingDALTest.ProducTest.Update_Product(1,\"Updated Name\")","DisplayName":"Update_Product(1,\"Updated Name\")","ExecutorUri":"executor://NUnit3TestExecutor","Source":"C:\\Users\\VC\\Downloads\\Daily_progress\\Day11\\ShoppingFESoln\\ShoppingDALTest\\bin\\Debug\\net8.0\\fine-code-coverage\\build-output\\ShoppingDALTest.dll","CodeFilePath":null,"LineNumber":0,"Properties":[{"Key":{"Id":"NUnit.Seed","Label":"Seed","Category":"","Description":"","Attributes":0,"ValueType":"System.String"},"Value":"223014836"}]},"Attachments":[],"Outcome":1,"ErrorMessage":null,"ErrorStackTrace":null,"DisplayName":"Update_Product(1,\"Updated Name\")","Messages":[],"ComputerName":"DESKTOP-CSTE29I","Duration":"00:00:00.0002360","StartTime":"2024-04-26T03:46:32.8541858+00:00","EndTime":"2024-04-26T03:46:32.8544216+00:00","Properties":[{"Key":{"Id":"NUnit.Seed","Label":"Seed","Category":"","Description":"","Attributes":0,"ValueType":"System.String"},"Value":"223014836"}]},{"TestCase":{"Id":"bd53289e-8726-c791-32ea-0772c0cdd868","FullyQualifiedName":"ShoppingDALTest.ProducTest.Update_Product(999,\"New Product\")","DisplayName":"Update_Product(999,\"New Product\")","ExecutorUri":"executor://NUnit3TestExecutor","Source":"C:\\Users\\VC\\Downloads\\Daily_progress\\Day11\\ShoppingFESoln\\ShoppingDALTest\\bin\\Debug\\net8.0\\fine-code-coverage\\build-output\\ShoppingDALTest.dll","CodeFilePath":null,"LineNumber":0,"Properties":[{"Key":{"Id":"NUnit.Seed","Label":"Seed","Category":"","Description":"","Attributes":0,"ValueType":"System.String"},"Value":"504451310"}]},"Attachments":[],"Outcome":2,"ErrorMessage":"ShoppingModelLibrary.Exceptions.NoProductWithGiveIdException : Product with the given Id is not present","ErrorStackTrace":"   at ShoppingDALLibrary.ProductRepository.GetByKey(Int32 key) in C:\\Users\\VC\\Downloads\\Daily_progress\\Day11\\ShoppingFESoln\\ShoppingDALLibrary\\ProductRepository.cs:line 30\r\n   at ShoppingDALLibrary.ProductRepository.Update(Product item) in C:\\Users\\VC\\Downloads\\Daily_progress\\Day11\\ShoppingFESoln\\ShoppingDALLibrary\\ProductRepository.cs:line 36\r\n   at ShoppingDALTest.ProducTest.Update_Product(Int32 productId, String updatedName) in C:\\Users\\VC\\Downloads\\Daily_progress\\Day11\\ShoppingFESoln\\ShoppingDALTest\\ProducTest.cs:line 134\r\n   at InvokeStub_ProducTest.Update_Product(Object, Span`1)\r\n   at System.Reflection.MethodBaseInvoker.InvokeWithFewArgs(Object obj, BindingFlags invokeAttr, Binder binder, Object[] parameters, CultureInfo culture)\n","DisplayName":"Update_Product(999,\"New Product\")","Messages":[],"ComputerName":"DESKTOP-CSTE29I","Duration":"00:00:00.0002500","StartTime":"2024-04-26T03:46:32.8544302+00:00","EndTime":"2024-04-26T03:46:32.8546798+00:00","Properties":[{"Key":{"Id":"NUnit.Seed","Label":"Seed","Category":"","Description":"","Attributes":0,"ValueType":"System.String"},"Value":"504451310"}]}],"TestRunStatistics":{"ExecutedTests":49,"Stats":{"Failed":19,"Passed":30}},"ActiveTests":[]},"RunAttachments":[],"ExecutorUris":["executor://nunit3testexecutor/"]}}
TpTrace Verbose: 0 : 28052, 7, 2024/04/26, 09:16:33.022, 7570598402989, vstest.console.dll, TestRequestSender.EndSession: Sending end session.
TpTrace Verbose: 0 : 28052, 7, 2024/04/26, 09:16:33.022, 7570598404432, vstest.console.dll, ProxyOperationManager.Close: waiting for test host to exit for 100 ms
TpTrace Verbose: 0 : 28052, 12, 2024/04/26, 09:16:33.032, 7570598509043, vstest.console.dll, TestHostManagerCallbacks.ctor: Experimental forwarding output is disabled.
TpTrace Warning: 0 : 28052, 12, 2024/04/26, 09:16:33.032, 7570598510395, vstest.console.dll, TestHostManagerCallbacks.ErrorReceivedCallback Test host standard error line: 
TpTrace Verbose: 0 : 28052, 12, 2024/04/26, 09:16:33.040, 7570598590656, vstest.console.dll, TestHostProvider.ExitCallBack: Host exited starting callback.
TpTrace Information: 0 : 28052, 12, 2024/04/26, 09:16:33.040, 7570598592168, vstest.console.dll, TestHostManagerCallbacks.ExitCallBack: Testhost processId: 23156 exited with exitcode: 0 error: ''
TpTrace Verbose: 0 : 28052, 12, 2024/04/26, 09:16:33.040, 7570598592497, vstest.console.dll, DotnetTestHostManager.OnHostExited: invoking OnHostExited callback
TpTrace Verbose: 0 : 28052, 12, 2024/04/26, 09:16:33.040, 7570598592936, vstest.console.dll, CrossPlatEngine.TestHostManagerHostExited: calling on client process exit callback.
TpTrace Information: 0 : 28052, 12, 2024/04/26, 09:16:33.041, 7570598593342, vstest.console.dll, TestRequestSender.OnClientProcessExit: Test host process exited. Standard error: 
TpTrace Information: 0 : 28052, 12, 2024/04/26, 09:16:33.041, 7570598593632, vstest.console.dll, SocketServer.Stop: Stop server endPoint: 127.0.0.1:55011
TpTrace Information: 0 : 28052, 12, 2024/04/26, 09:16:33.041, 7570598593844, vstest.console.dll, SocketServer.Stop: Cancellation requested. Stopping message loop.
TpTrace Information: 0 : 28052, 7, 2024/04/26, 09:16:33.041, 7570598594559, vstest.console.dll, SocketServer.Stop: Stop server endPoint: 127.0.0.1:55011
TpTrace Verbose: 0 : 28052, 12, 2024/04/26, 09:16:33.041, 7570598594713, vstest.console.dll, MulticastDelegateUtilities.SafeInvoke: HostProviderEvents.OnHostExited: Invoking callback 1/1 for Microsoft.VisualStudio.TestPlatform.CrossPlatEngine.Client.ProxyOperationManager., took 0 ms.
TpTrace Information: 0 : 28052, 7, 2024/04/26, 09:16:33.041, 7570598595223, vstest.console.dll, SocketServer.Stop: Cancellation requested. Stopping message loop.
TpTrace Information: 0 : 28052, 7, 2024/04/26, 09:16:33.041, 7570598596803, vstest.console.dll, Closing the connection
TpTrace Verbose: 0 : 28052, 7, 2024/04/26, 09:16:33.041, 7570598598582, vstest.console.dll, ProxyDataCollectionManager.InvokeDataCollectionServiceAction: Starting.
TpTrace Information: 0 : 28052, 7, 2024/04/26, 09:16:33.041, 7570598598949, vstest.console.dll, ProxyDataCollectionManager.AfterTestRunEnd: Get attachment set and invoked data collectors processId: 29084 port: 55008
TpTrace Verbose: 0 : 28052, 7, 2024/04/26, 09:16:33.041, 7570598599320, vstest.console.dll, DataCollectionRequestSender.SendAfterTestRunStartAndGetResult: Send AfterTestRunEnd message with isCancelled: False
TpTrace Verbose: 0 : 28052, 7, 2024/04/26, 09:16:33.048, 7570598667585, vstest.console.dll, DataCollectionRequestSender.SendAfterTestRunStartAndGetResult: Received message: (DataCollection.AfterTestRunEndResult) -> {"MessageType":"DataCollection.AfterTestRunEndResult","Payload":{"AttachmentSets":[],"InvokedDataCollectors":[{"Uri":"datacollector://Microsoft/TestPlatform/Extensions/Blame/v1","FriendlyName":"Blame","AssemblyQualifiedName":"Microsoft.TestPlatform.Extensions.BlameDataCollector.BlameCollector, Microsoft.TestPlatform.Extensions.BlameDataCollector, Version=15.0.0.0, Culture=neutral, PublicKeyToken=b03f5f7f11d50a3a","FilePath":"C:\\Program Files\\dotnet\\sdk\\8.0.204\\Extensions\\Microsoft.TestPlatform.Extensions.BlameDataCollector.dll","HasAttachmentProcessor":false}],"Metrics":{}}}
TpTrace Information: 0 : 28052, 7, 2024/04/26, 09:16:33.052, 7570598708275, vstest.console.dll, ProxyDataCollectionManager.InvokeDataCollectionServiceAction: Completed.
TpTrace Warning: 0 : 28052, 10, 2024/04/26, 09:16:33.052, 7570598711591, vstest.console.dll, DataCollectionLauncher.ErrorReceivedCallback datacollector standard error line: 
TpTrace Information: 0 : 28052, 10, 2024/04/26, 09:16:33.060, 7570598792193, vstest.console.dll, DataCollectionLauncher.ExitCallBack: Data collector exited with exitcode: 0 error: ''
TpTrace Verbose: 0 : 28052, 7, 2024/04/26, 09:16:33.081, 7570598993139, vstest.console.dll, TestRunRequest:SendTestRunStatsChange: Starting.
TpTrace Verbose: 0 : 28052, 7, 2024/04/26, 09:16:33.081, 7570598994367, vstest.console.dll, MulticastDelegateUtilities.SafeInvoke: TestRun.RunStatsChanged: Invoking callbacks was skipped because there are no subscribers.
TpTrace Information: 0 : 28052, 7, 2024/04/26, 09:16:33.081, 7570598994676, vstest.console.dll, TestRunRequest:SendTestRunStatsChange: Completed.
TpTrace Verbose: 0 : 28052, 4, 2024/04/26, 09:16:33.081, 7570598995981, vstest.console.dll, MulticastDelegateUtilities.SafeInvoke: InternalTestLoggerEvents.SendTestResult: Invoking callback 1/1 for Microsoft.VisualStudio.TestPlatform.CommandLine.Internal.ConsoleLogger., took 0 ms.
TpTrace Verbose: 0 : 28052, 7, 2024/04/26, 09:16:33.081, 7570598997127, vstest.console.dll, ParallelProxyExecutionManager: HandlePartialRunComplete: Total workloads = 1, Total started clients = 1 Total completed clients = 1, Run complete = True, Run canceled: False.
TpTrace Verbose: 0 : 28052, 7, 2024/04/26, 09:16:33.081, 7570598997666, vstest.console.dll, ParallelProxyExecutionManager: HandlePartialRunComplete: All runs completed stopping all managers.
TpTrace Verbose: 0 : 28052, 7, 2024/04/26, 09:16:33.081, 7570598997958, vstest.console.dll, ParallelOperationManager.StopAllManagers: Stopping all managers.
TpTrace Verbose: 0 : 28052, 7, 2024/04/26, 09:16:33.081, 7570598998214, vstest.console.dll, ParallelOperationManager.ClearSlots: Clearing all slots. Slots should accept more work: False
TpTrace Verbose: 0 : 28052, 7, 2024/04/26, 09:16:33.081, 7570598998535, vstest.console.dll, ParallelOperationManager.SetOccupiedSlotCount: Setting slot counts AvailableSlotCount = 1, OccupiedSlotCount = 0.
TpTrace Verbose: 0 : 28052, 4, 2024/04/26, 09:16:33.081, 7570598998691, vstest.console.dll, MulticastDelegateUtilities.SafeInvoke: InternalTestLoggerEvents.SendTestResult: Invoking callback 1/1 for Microsoft.VisualStudio.TestPlatform.CommandLine.Internal.ConsoleLogger., took 0 ms.
TpTrace Verbose: 0 : 28052, 7, 2024/04/26, 09:16:33.081, 7570598998957, vstest.console.dll, Occupied slots:

TpTrace Verbose: 0 : 28052, 4, 2024/04/26, 09:16:33.081, 7570598999622, vstest.console.dll, MulticastDelegateUtilities.SafeInvoke: InternalTestLoggerEvents.SendTestResult: Invoking callback 1/1 for Microsoft.VisualStudio.TestPlatform.CommandLine.Internal.ConsoleLogger., took 0 ms.
TpTrace Verbose: 0 : 28052, 4, 2024/04/26, 09:16:33.081, 7570599001727, vstest.console.dll, MulticastDelegateUtilities.SafeInvoke: InternalTestLoggerEvents.SendTestResult: Invoking callback 1/1 for Microsoft.VisualStudio.TestPlatform.CommandLine.Internal.ConsoleLogger., took 0 ms.
TpTrace Verbose: 0 : 28052, 4, 2024/04/26, 09:16:33.087, 7570599060497, vstest.console.dll, MulticastDelegateUtilities.SafeInvoke: InternalTestLoggerEvents.SendTestRunComplete: Invoking callback 1/2 for Microsoft.TestPlatform.Extensions.BlameDataCollector.BlameLogger., took 0 ms.
TpTrace Verbose: 0 : 28052, 4, 2024/04/26, 09:16:33.091, 7570599097407, vstest.console.dll, MulticastDelegateUtilities.SafeInvoke: InternalTestLoggerEvents.SendTestRunComplete: Invoking callback 2/2 for Microsoft.VisualStudio.TestPlatform.CommandLine.Internal.ConsoleLogger., took 3 ms.
TpTrace Verbose: 0 : 28052, 7, 2024/04/26, 09:16:33.091, 7570599101877, vstest.console.dll, TestRunRequest:TestRunComplete: Starting. IsAborted:False IsCanceled:False.
TpTrace Verbose: 0 : 28052, 7, 2024/04/26, 09:16:33.092, 7570599103486, vstest.console.dll, ParallelOperationManager.DoActionOnAllManagers: Calling an action on all managers.
TpTrace Verbose: 0 : 28052, 7, 2024/04/26, 09:16:33.093, 7570599119234, vstest.console.dll, TestLoggerManager.HandleTestRunComplete: Ignoring as the object is disposed.
TpTrace Verbose: 0 : 28052, 7, 2024/04/26, 09:16:33.093, 7570599121975, vstest.console.dll, MulticastDelegateUtilities.SafeInvoke: TestRun.TestRunComplete: Invoking callback 1/2 for Microsoft.VisualStudio.TestPlatform.CommandLine.TestRunResultAggregator., took 0 ms.
TpTrace Verbose: 0 : 28052, 7, 2024/04/26, 09:16:33.094, 7570599122952, vstest.console.dll, MulticastDelegateUtilities.SafeInvoke: TestRun.TestRunComplete: Invoking callback 2/2 for Microsoft.VisualStudio.TestPlatform.CommandLine.Processors.RunTestsArgumentExecutor+TestRunRequestEventsRegistrar., took 0 ms.
TpTrace Information: 0 : 28052, 7, 2024/04/26, 09:16:33.094, 7570599123843, vstest.console.dll, TestRunRequest:TestRunComplete: Completed.
TpTrace Verbose: 0 : 28052, 7, 2024/04/26, 09:16:33.094, 7570599124164, vstest.console.dll, TestRequestSender.SetOperationComplete: Setting operation complete.
TpTrace Information: 0 : 28052, 7, 2024/04/26, 09:16:33.094, 7570599124442, vstest.console.dll, SocketServer.Stop: Stop server endPoint: 127.0.0.1:55011
TpTrace Information: 0 : 28052, 7, 2024/04/26, 09:16:33.094, 7570599124652, vstest.console.dll, SocketServer.Stop: Cancellation requested. Stopping message loop.
TpTrace Verbose: 0 : 28052, 7, 2024/04/26, 09:16:33.094, 7570599125018, vstest.console.dll, MulticastDelegateUtilities.SafeInvoke: LengthPrefixCommunicationChannel: MessageReceived: Invoking callback 1/1 for Microsoft.VisualStudio.TestPlatform.CommunicationUtilities.TestRequestSender+<>c__DisplayClass34_0., took 72 ms.
TpTrace Verbose: 0 : 28052, 1, 2024/04/26, 09:16:33.094, 7570599125233, vstest.console.dll, TestRunRequest.Dispose: Starting.
TpTrace Information: 0 : 28052, 1, 2024/04/26, 09:16:33.094, 7570599126253, vstest.console.dll, TestRunRequest.Dispose: Completed.
TpTrace Information: 0 : 28052, 7, 2024/04/26, 09:16:33.094, 7570599125339, vstest.console.dll, SocketServer.PrivateStop: Stopping server endPoint: 127.0.0.1:55011 error: 
TpTrace Information: 0 : 28052, 1, 2024/04/26, 09:16:33.094, 7570599126683, vstest.console.dll, TestRequestManager.RunTests: run tests completed.
TpTrace Information: 0 : 28052, 1, 2024/04/26, 09:16:33.094, 7570599128753, vstest.console.dll, RunTestsArgumentProcessor:Execute: Test run is completed.
TpTrace Verbose: 0 : 28052, 7, 2024/04/26, 09:16:33.094, 7570599130570, vstest.console.dll, LengthPrefixCommunicationChannel.Dispose: Dispose reader and writer.
TpTrace Verbose: 0 : 28052, 1, 2024/04/26, 09:16:33.094, 7570599130829, vstest.console.dll, Executor.Execute: Exiting with exit code of 1
TpTrace Information: 0 : 28052, 7, 2024/04/26, 09:16:33.094, 7570599132258, vstest.console.dll, SocketServer.Stop: Raise disconnected event endPoint: 127.0.0.1:55011 error: 
TpTrace Verbose: 0 : 28052, 7, 2024/04/26, 09:16:33.095, 7570599133278, vstest.console.dll, TestRequestSender: OnTestRunAbort: Operation is already complete. Skip error message.
TpTrace Verbose: 0 : 28052, 7, 2024/04/26, 09:16:33.095, 7570599133619, vstest.console.dll, MulticastDelegateUtilities.SafeInvoke: SocketServer: ClientDisconnected: Invoking callback 1/1 for Microsoft.VisualStudio.TestPlatform.CommunicationUtilities.TestRequestSender., took 0 ms.
TpTrace Verbose: 0 : 28052, 7, 2024/04/26, 09:16:33.095, 7570599133867, vstest.console.dll, TcpClientExtensions.MessageLoopAsync: exiting MessageLoopAsync remoteEndPoint: 127.0.0.1:55012 localEndPoint: 127.0.0.1:55011
