<?xml version="1.0" encoding="utf-8"?>
<!DOCTYPE coverage SYSTEM "http://cobertura.sourceforge.net/xml/coverage-04.dtd">
<coverage line-rate="0.671309192200557" branch-rate="0.558823529411765" lines-covered="241" lines-valid="359" branches-covered="19" branches-valid="34" complexity="93" version="0" timestamp="1713915241">
  <sources>
    <source>C:\Users\VC\</source>
  </sources>
  <packages>
    <package name="DoctorClinicApp" line-rate="0" branch-rate="1" complexity="1">
      <classes>
        <class name="DoctorClinicApp.Program" filename="C:\Users\VC\Downloads\Daily_progress\Day10\DoctorClinicSolution\DoctorClinicApp\Program.cs" line-rate="0" branch-rate="1" complexity="1">
          <methods>
            <method name="Main" signature="(...)" line-rate="0" branch-rate="1" complexity="1">
              <lines>
                <line number="7" hits="0" branch="false" />
                <line number="9" hits="0" branch="false" />
              </lines>
            </method>
          </methods>
          <lines>
            <line number="7" hits="0" branch="false" />
            <line number="9" hits="0" branch="false" />
          </lines>
        </class>
      </classes>
    </package>
    <package name="DoctorClinicBLLibrary" line-rate="0.521276595744681" branch-rate="0.5" complexity="15">
      <classes>
        <class name="DoctorClinicBLLibrary.DoctorBL" filename="C:\Users\VC\Downloads\Daily_progress\Day10\DoctorClinicSolution\DoctorClinicBLLibrary\DoctorBL.cs" line-rate="0.531914893617021" branch-rate="0.5" complexity="8">
          <methods>
            <method name="AddDoctor" signature="(...)" line-rate="0.5" branch-rate="1" complexity="1">
              <lines>
                <line number="18" hits="3" branch="false" />
                <line number="20" hits="3" branch="false" />
                <line number="21" hits="3" branch="false" />
                <line number="23" hits="0" branch="false" />
                <line number="24" hits="0" branch="false" />
                <line number="25" hits="0" branch="false" />
                <line number="26" hits="0" branch="false" />
                <line number="28" hits="3" branch="false" />
              </lines>
            </method>
            <method name="GetDoctor" signature="(...)" line-rate="0.5" branch-rate="1" complexity="1">
              <lines>
                <line number="31" hits="3" branch="false" />
                <line number="33" hits="3" branch="false" />
                <line number="34" hits="3" branch="false" />
                <line number="36" hits="0" branch="false" />
                <line number="37" hits="0" branch="false" />
                <line number="38" hits="0" branch="false" />
                <line number="39" hits="0" branch="false" />
                <line number="41" hits="3" branch="false" />
              </lines>
            </method>
            <method name="GetAllDoctors" signature="()" line-rate="0.5" branch-rate="1" complexity="1">
              <lines>
                <line number="44" hits="1" branch="false" />
                <line number="46" hits="1" branch="false" />
                <line number="47" hits="1" branch="false" />
                <line number="49" hits="0" branch="false" />
                <line number="50" hits="0" branch="false" />
                <line number="51" hits="0" branch="false" />
                <line number="52" hits="0" branch="false" />
                <line number="54" hits="1" branch="false" />
              </lines>
            </method>
            <method name="UpdateDoctor" signature="(...)" line-rate="0.5" branch-rate="1" complexity="1">
              <lines>
                <line number="57" hits="3" branch="false" />
                <line number="59" hits="3" branch="false" />
                <line number="60" hits="3" branch="false" />
                <line number="62" hits="0" branch="false" />
                <line number="63" hits="0" branch="false" />
                <line number="64" hits="0" branch="false" />
                <line number="65" hits="0" branch="false" />
                <line number="67" hits="3" branch="false" />
              </lines>
            </method>
            <method name="DeleteDoctor" signature="(...)" line-rate="0.555555555555556" branch-rate="1" complexity="1">
              <lines>
                <line number="70" hits="3" branch="false" />
                <line number="72" hits="3" branch="false" />
                <line number="73" hits="3" branch="false" />
                <line number="74" hits="3" branch="false" />
                <line number="76" hits="0" branch="false" />
                <line number="77" hits="0" branch="false" />
                <line number="78" hits="0" branch="false" />
                <line number="79" hits="0" branch="false" />
                <line number="81" hits="3" branch="false" />
              </lines>
            </method>
            <method name="AddDoctor" signature="()" line-rate="0" branch-rate="1" complexity="1">
              <lines>
                <line number="84" hits="0" branch="false" />
                <line number="85" hits="0" branch="false" />
              </lines>
            </method>
            <method name=".ctor" signature="(...)" line-rate="1" branch-rate="0.5" complexity="2">
              <lines>
                <line number="12" hits="13" branch="false" />
                <line number="13" hits="13" branch="false" />
                <line number="14" hits="13" branch="true" condition-coverage="50% (1/2)" />
                <line number="15" hits="13" branch="false" />
              </lines>
            </method>
          </methods>
          <lines>
            <line number="12" hits="13" branch="false" />
            <line number="13" hits="13" branch="false" />
            <line number="14" hits="13" branch="true" condition-coverage="50% (1/2)" />
            <line number="15" hits="13" branch="false" />
            <line number="18" hits="3" branch="false" />
            <line number="20" hits="3" branch="false" />
            <line number="21" hits="3" branch="false" />
            <line number="23" hits="0" branch="false" />
            <line number="24" hits="0" branch="false" />
            <line number="25" hits="0" branch="false" />
            <line number="26" hits="0" branch="false" />
            <line number="28" hits="3" branch="false" />
            <line number="31" hits="3" branch="false" />
            <line number="33" hits="3" branch="false" />
            <line number="34" hits="3" branch="false" />
            <line number="36" hits="0" branch="false" />
            <line number="37" hits="0" branch="false" />
            <line number="38" hits="0" branch="false" />
            <line number="39" hits="0" branch="false" />
            <line number="41" hits="3" branch="false" />
            <line number="44" hits="1" branch="false" />
            <line number="46" hits="1" branch="false" />
            <line number="47" hits="1" branch="false" />
            <line number="49" hits="0" branch="false" />
            <line number="50" hits="0" branch="false" />
            <line number="51" hits="0" branch="false" />
            <line number="52" hits="0" branch="false" />
            <line number="54" hits="1" branch="false" />
            <line number="57" hits="3" branch="false" />
            <line number="59" hits="3" branch="false" />
            <line number="60" hits="3" branch="false" />
            <line number="62" hits="0" branch="false" />
            <line number="63" hits="0" branch="false" />
            <line number="64" hits="0" branch="false" />
            <line number="65" hits="0" branch="false" />
            <line number="67" hits="3" branch="false" />
            <line number="70" hits="3" branch="false" />
            <line number="72" hits="3" branch="false" />
            <line number="73" hits="3" branch="false" />
            <line number="74" hits="3" branch="false" />
            <line number="76" hits="0" branch="false" />
            <line number="77" hits="0" branch="false" />
            <line number="78" hits="0" branch="false" />
            <line number="79" hits="0" branch="false" />
            <line number="81" hits="3" branch="false" />
            <line number="84" hits="0" branch="false" />
            <line number="85" hits="0" branch="false" />
          </lines>
        </class>
        <class name="DoctorClinicBLLibrary.ExceptionHelper" filename="C:\Users\VC\Downloads\Daily_progress\Day10\DoctorClinicSolution\DoctorClinicBLLibrary\ExceptionHelper.cs" line-rate="0" branch-rate="1" complexity="1">
          <methods>
            <method name="LogAndThrow" signature="(...)" line-rate="0" branch-rate="1" complexity="1">
              <lines>
                <line number="13" hits="0" branch="false" />
                <line number="14" hits="0" branch="false" />
                <line number="15" hits="0" branch="false" />
              </lines>
            </method>
          </methods>
          <lines>
            <line number="13" hits="0" branch="false" />
            <line number="14" hits="0" branch="false" />
            <line number="15" hits="0" branch="false" />
          </lines>
        </class>
        <class name="DoctorClinicBLLibrary.PatientBL" filename="C:\Users\VC\Downloads\Daily_progress\Day10\DoctorClinicSolution\DoctorClinicBLLibrary\PatientBL.cs" line-rate="0.545454545454545" branch-rate="1" complexity="6">
          <methods>
            <method name="AddPatient" signature="(...)" line-rate="0.5" branch-rate="1" complexity="1">
              <lines>
                <line number="18" hits="3" branch="false" />
                <line number="20" hits="3" branch="false" />
                <line number="21" hits="3" branch="false" />
                <line number="23" hits="0" branch="false" />
                <line number="24" hits="0" branch="false" />
                <line number="25" hits="0" branch="false" />
                <line number="26" hits="0" branch="false" />
                <line number="28" hits="3" branch="false" />
              </lines>
            </method>
            <method name="DeletePatient" signature="(...)" line-rate="0.5" branch-rate="1" complexity="1">
              <lines>
                <line number="31" hits="2" branch="false" />
                <line number="33" hits="2" branch="false" />
                <line number="34" hits="2" branch="false" />
                <line number="36" hits="0" branch="false" />
                <line number="37" hits="0" branch="false" />
                <line number="38" hits="0" branch="false" />
                <line number="39" hits="0" branch="false" />
                <line number="41" hits="2" branch="false" />
              </lines>
            </method>
            <method name="GetPatient" signature="(...)" line-rate="0.5" branch-rate="1" complexity="1">
              <lines>
                <line number="44" hits="3" branch="false" />
                <line number="46" hits="3" branch="false" />
                <line number="47" hits="3" branch="false" />
                <line number="49" hits="0" branch="false" />
                <line number="50" hits="0" branch="false" />
                <line number="51" hits="0" branch="false" />
                <line number="52" hits="0" branch="false" />
                <line number="54" hits="3" branch="false" />
              </lines>
            </method>
            <method name="GetAllPatients" signature="()" line-rate="0.5" branch-rate="1" complexity="1">
              <lines>
                <line number="57" hits="1" branch="false" />
                <line number="59" hits="1" branch="false" />
                <line number="60" hits="1" branch="false" />
                <line number="62" hits="0" branch="false" />
                <line number="63" hits="0" branch="false" />
                <line number="64" hits="0" branch="false" />
                <line number="65" hits="0" branch="false" />
                <line number="67" hits="1" branch="false" />
              </lines>
            </method>
            <method name="UpdatePatient" signature="(...)" line-rate="0.5" branch-rate="1" complexity="1">
              <lines>
                <line number="70" hits="3" branch="false" />
                <line number="72" hits="3" branch="false" />
                <line number="73" hits="3" branch="false" />
                <line number="75" hits="0" branch="false" />
                <line number="76" hits="0" branch="false" />
                <line number="77" hits="0" branch="false" />
                <line number="78" hits="0" branch="false" />
                <line number="80" hits="3" branch="false" />
              </lines>
            </method>
            <method name=".ctor" signature="(...)" line-rate="1" branch-rate="1" complexity="1">
              <lines>
                <line number="12" hits="12" branch="false" />
                <line number="13" hits="12" branch="false" />
                <line number="14" hits="12" branch="false" />
                <line number="15" hits="12" branch="false" />
              </lines>
            </method>
          </methods>
          <lines>
            <line number="12" hits="12" branch="false" />
            <line number="13" hits="12" branch="false" />
            <line number="14" hits="12" branch="false" />
            <line number="15" hits="12" branch="false" />
            <line number="18" hits="3" branch="false" />
            <line number="20" hits="3" branch="false" />
            <line number="21" hits="3" branch="false" />
            <line number="23" hits="0" branch="false" />
            <line number="24" hits="0" branch="false" />
            <line number="25" hits="0" branch="false" />
            <line number="26" hits="0" branch="false" />
            <line number="28" hits="3" branch="false" />
            <line number="31" hits="2" branch="false" />
            <line number="33" hits="2" branch="false" />
            <line number="34" hits="2" branch="false" />
            <line number="36" hits="0" branch="false" />
            <line number="37" hits="0" branch="false" />
            <line number="38" hits="0" branch="false" />
            <line number="39" hits="0" branch="false" />
            <line number="41" hits="2" branch="false" />
            <line number="44" hits="3" branch="false" />
            <line number="46" hits="3" branch="false" />
            <line number="47" hits="3" branch="false" />
            <line number="49" hits="0" branch="false" />
            <line number="50" hits="0" branch="false" />
            <line number="51" hits="0" branch="false" />
            <line number="52" hits="0" branch="false" />
            <line number="54" hits="3" branch="false" />
            <line number="57" hits="1" branch="false" />
            <line number="59" hits="1" branch="false" />
            <line number="60" hits="1" branch="false" />
            <line number="62" hits="0" branch="false" />
            <line number="63" hits="0" branch="false" />
            <line number="64" hits="0" branch="false" />
            <line number="65" hits="0" branch="false" />
            <line number="67" hits="1" branch="false" />
            <line number="70" hits="3" branch="false" />
            <line number="72" hits="3" branch="false" />
            <line number="73" hits="3" branch="false" />
            <line number="75" hits="0" branch="false" />
            <line number="76" hits="0" branch="false" />
            <line number="77" hits="0" branch="false" />
            <line number="78" hits="0" branch="false" />
            <line number="80" hits="3" branch="false" />
          </lines>
        </class>
      </classes>
    </package>
    <package name="DoctorClinicBLTester" line-rate="0.868055555555556" branch-rate="1" complexity="30">
      <classes>
        <class name="AutoGeneratedProgram" filename="C:\Users\VC\.nuget\packages\microsoft.net.test.sdk\17.8.0\build\netcoreapp3.1\Microsoft.NET.Test.Sdk.Program.cs" line-rate="0" branch-rate="1" complexity="1">
          <methods>
            <method name="Main" signature="(...)" line-rate="0" branch-rate="1" complexity="1">
              <lines>
                <line number="4" hits="0" branch="false" />
              </lines>
            </method>
          </methods>
          <lines>
            <line number="4" hits="0" branch="false" />
          </lines>
        </class>
        <class name="DoctorClinicBLTester.DoctorClinicBLTest" filename="C:\Users\VC\Downloads\Daily_progress\Day10\DoctorClinicSolution\DoctorClinicBLTester\DoctorBLTest.cs" line-rate="0.794520547945205" branch-rate="1" complexity="15">
          <methods>
            <method name="Setup" signature="()" line-rate="1" branch-rate="1" complexity="1">
              <lines>
                <line number="16" hits="13" branch="false" />
                <line number="18" hits="13" branch="false" />
                <line number="21" hits="13" branch="false" />
                <line number="22" hits="13" branch="false" />
                <line number="25" hits="13" branch="false" />
                <line number="26" hits="13" branch="false" />
              </lines>
            </method>
            <method name="AddDoctor_Pass" signature="()" line-rate="0" branch-rate="1" complexity="1">
              <lines>
                <line number="29" hits="0" branch="false" />
                <line number="31" hits="0" branch="false" />
                <line number="34" hits="0" branch="false" />
                <line number="37" hits="0" branch="false" />
                <line number="38" hits="0" branch="false" />
              </lines>
            </method>
            <method name="AddDoctor_Fail" signature="()" line-rate="0.8" branch-rate="1" complexity="1">
              <lines>
                <line number="42" hits="1" branch="false" />
                <line number="44" hits="1" branch="false" />
                <line number="47" hits="1" branch="false" />
                <line number="50" hits="1" branch="false" />
                <line number="51" hits="0" branch="false" />
              </lines>
            </method>
            <method name="AddDoctor_Exception" signature="()" line-rate="0.75" branch-rate="1" complexity="1">
              <lines>
                <line number="55" hits="1" branch="false" />
                <line number="57" hits="1" branch="false" />
                <line number="60" hits="2" branch="false" />
                <line number="61" hits="0" branch="false" />
              </lines>
            </method>
            <method name="GetDoctor_Pass" signature="()" line-rate="0.8" branch-rate="1" complexity="1">
              <lines>
                <line number="65" hits="1" branch="false" />
                <line number="67" hits="1" branch="false" />
                <line number="70" hits="1" branch="false" />
                <line number="73" hits="1" branch="false" />
                <line number="74" hits="0" branch="false" />
              </lines>
            </method>
            <method name="GetDoctor_Fail" signature="()" line-rate="1" branch-rate="1" complexity="1">
              <lines>
                <line number="78" hits="1" branch="false" />
                <line number="80" hits="1" branch="false" />
                <line number="83" hits="1" branch="false" />
                <line number="84" hits="1" branch="false" />
              </lines>
            </method>
            <method name="GetDoctor_Exception" signature="()" line-rate="0.666666666666667" branch-rate="1" complexity="1">
              <lines>
                <line number="88" hits="1" branch="false" />
                <line number="90" hits="2" branch="false" />
                <line number="91" hits="0" branch="false" />
              </lines>
            </method>
            <method name="GetAllDoctors_Pass" signature="()" line-rate="0.9" branch-rate="1" complexity="1">
              <lines>
                <line number="94" hits="1" branch="false" />
                <line number="96" hits="1" branch="false" />
                <line number="97" hits="1" branch="false" />
                <line number="98" hits="1" branch="false" />
                <line number="99" hits="1" branch="false" />
                <line number="100" hits="1" branch="false" />
                <line number="103" hits="1" branch="false" />
                <line number="106" hits="1" branch="false" />
                <line number="107" hits="1" branch="false" />
                <line number="108" hits="0" branch="false" />
              </lines>
            </method>
            <method name="UpdateDoctor_Pass" signature="()" line-rate="0.8" branch-rate="1" complexity="1">
              <lines>
                <line number="112" hits="1" branch="false" />
                <line number="114" hits="1" branch="false" />
                <line number="117" hits="1" branch="false" />
                <line number="120" hits="1" branch="false" />
                <line number="121" hits="0" branch="false" />
              </lines>
            </method>
            <method name="UpdateDoctor_Fail" signature="()" line-rate="1" branch-rate="1" complexity="1">
              <lines>
                <line number="125" hits="1" branch="false" />
                <line number="127" hits="1" branch="false" />
                <line number="130" hits="1" branch="false" />
                <line number="133" hits="1" branch="false" />
                <line number="134" hits="1" branch="false" />
              </lines>
            </method>
            <method name="UpdateDoctor_Exception" signature="()" line-rate="0.75" branch-rate="1" complexity="1">
              <lines>
                <line number="138" hits="1" branch="false" />
                <line number="140" hits="1" branch="false" />
                <line number="143" hits="2" branch="false" />
                <line number="144" hits="0" branch="false" />
              </lines>
            </method>
            <method name="DeleteDoctor_Pass" signature="()" line-rate="0.8" branch-rate="1" complexity="1">
              <lines>
                <line number="148" hits="1" branch="false" />
                <line number="150" hits="1" branch="false" />
                <line number="153" hits="1" branch="false" />
                <line number="156" hits="1" branch="false" />
                <line number="157" hits="0" branch="false" />
              </lines>
            </method>
            <method name="DeleteDoctor_Fail" signature="()" line-rate="1" branch-rate="1" complexity="1">
              <lines>
                <line number="161" hits="1" branch="false" />
                <line number="163" hits="1" branch="false" />
                <line number="166" hits="1" branch="false" />
                <line number="169" hits="1" branch="false" />
                <line number="170" hits="1" branch="false" />
              </lines>
            </method>
            <method name="DeleteDoctor_Exception" signature="()" line-rate="0.666666666666667" branch-rate="1" complexity="1">
              <lines>
                <line number="174" hits="1" branch="false" />
                <line number="176" hits="2" branch="false" />
                <line number="177" hits="0" branch="false" />
              </lines>
            </method>
            <method name="AddDoctor_EmptyName_Fail" signature="()" line-rate="0.75" branch-rate="1" complexity="1">
              <lines>
                <line number="180" hits="1" branch="false" />
                <line number="182" hits="1" branch="false" />
                <line number="185" hits="2" branch="false" />
                <line number="186" hits="0" branch="false" />
              </lines>
            </method>
          </methods>
          <lines>
            <line number="16" hits="13" branch="false" />
            <line number="18" hits="13" branch="false" />
            <line number="21" hits="13" branch="false" />
            <line number="22" hits="13" branch="false" />
            <line number="25" hits="13" branch="false" />
            <line number="26" hits="13" branch="false" />
            <line number="29" hits="0" branch="false" />
            <line number="31" hits="0" branch="false" />
            <line number="34" hits="0" branch="false" />
            <line number="37" hits="0" branch="false" />
            <line number="38" hits="0" branch="false" />
            <line number="42" hits="1" branch="false" />
            <line number="44" hits="1" branch="false" />
            <line number="47" hits="1" branch="false" />
            <line number="50" hits="1" branch="false" />
            <line number="51" hits="0" branch="false" />
            <line number="55" hits="1" branch="false" />
            <line number="57" hits="1" branch="false" />
            <line number="60" hits="2" branch="false" />
            <line number="61" hits="0" branch="false" />
            <line number="65" hits="1" branch="false" />
            <line number="67" hits="1" branch="false" />
            <line number="70" hits="1" branch="false" />
            <line number="73" hits="1" branch="false" />
            <line number="74" hits="0" branch="false" />
            <line number="78" hits="1" branch="false" />
            <line number="80" hits="1" branch="false" />
            <line number="83" hits="1" branch="false" />
            <line number="84" hits="1" branch="false" />
            <line number="88" hits="1" branch="false" />
            <line number="90" hits="2" branch="false" />
            <line number="91" hits="0" branch="false" />
            <line number="94" hits="1" branch="false" />
            <line number="96" hits="1" branch="false" />
            <line number="97" hits="1" branch="false" />
            <line number="98" hits="1" branch="false" />
            <line number="99" hits="1" branch="false" />
            <line number="100" hits="1" branch="false" />
            <line number="103" hits="1" branch="false" />
            <line number="106" hits="1" branch="false" />
            <line number="107" hits="1" branch="false" />
            <line number="108" hits="0" branch="false" />
            <line number="112" hits="1" branch="false" />
            <line number="114" hits="1" branch="false" />
            <line number="117" hits="1" branch="false" />
            <line number="120" hits="1" branch="false" />
            <line number="121" hits="0" branch="false" />
            <line number="125" hits="1" branch="false" />
            <line number="127" hits="1" branch="false" />
            <line number="130" hits="1" branch="false" />
            <line number="133" hits="1" branch="false" />
            <line number="134" hits="1" branch="false" />
            <line number="138" hits="1" branch="false" />
            <line number="140" hits="1" branch="false" />
            <line number="143" hits="2" branch="false" />
            <line number="144" hits="0" branch="false" />
            <line number="148" hits="1" branch="false" />
            <line number="150" hits="1" branch="false" />
            <line number="153" hits="1" branch="false" />
            <line number="156" hits="1" branch="false" />
            <line number="157" hits="0" branch="false" />
            <line number="161" hits="1" branch="false" />
            <line number="163" hits="1" branch="false" />
            <line number="166" hits="1" branch="false" />
            <line number="169" hits="1" branch="false" />
            <line number="170" hits="1" branch="false" />
            <line number="174" hits="1" branch="false" />
            <line number="176" hits="2" branch="false" />
            <line number="177" hits="0" branch="false" />
            <line number="180" hits="1" branch="false" />
            <line number="182" hits="1" branch="false" />
            <line number="185" hits="2" branch="false" />
            <line number="186" hits="0" branch="false" />
          </lines>
        </class>
        <class name="DoctorClinicBLTester.PatientBLTest" filename="C:\Users\VC\Downloads\Daily_progress\Day10\DoctorClinicSolution\DoctorClinicBLTester\PatientBLTest.cs" line-rate="0.957142857142857" branch-rate="1" complexity="14">
          <methods>
            <method name="Setup" signature="()" line-rate="1" branch-rate="1" complexity="1">
              <lines>
                <line number="16" hits="12" branch="false" />
                <line number="17" hits="12" branch="false" />
                <line number="18" hits="12" branch="false" />
                <line number="19" hits="12" branch="false" />
              </lines>
            </method>
            <method name="AddPatient_Pass" signature="()" line-rate="1" branch-rate="1" complexity="1">
              <lines>
                <line number="23" hits="1" branch="false" />
                <line number="25" hits="1" branch="false" />
                <line number="28" hits="1" branch="false" />
                <line number="31" hits="1" branch="false" />
                <line number="32" hits="1" branch="false" />
              </lines>
            </method>
            <method name="AddPatient_Fail" signature="()" line-rate="1" branch-rate="1" complexity="1">
              <lines>
                <line number="36" hits="1" branch="false" />
                <line number="38" hits="1" branch="false" />
                <line number="39" hits="1" branch="false" />
                <line number="42" hits="1" branch="false" />
                <line number="45" hits="1" branch="false" />
                <line number="46" hits="1" branch="false" />
              </lines>
            </method>
            <method name="AddPatient_Exception" signature="()" line-rate="0.75" branch-rate="1" complexity="1">
              <lines>
                <line number="50" hits="1" branch="false" />
                <line number="52" hits="1" branch="false" />
                <line number="55" hits="2" branch="false" />
                <line number="56" hits="0" branch="false" />
              </lines>
            </method>
            <method name="GetPatient_Pass" signature="()" line-rate="1" branch-rate="1" complexity="1">
              <lines>
                <line number="60" hits="1" branch="false" />
                <line number="62" hits="1" branch="false" />
                <line number="63" hits="1" branch="false" />
                <line number="66" hits="1" branch="false" />
                <line number="69" hits="1" branch="false" />
                <line number="70" hits="1" branch="false" />
              </lines>
            </method>
            <method name="GetPatient_Fail" signature="()" line-rate="1" branch-rate="1" complexity="1">
              <lines>
                <line number="74" hits="1" branch="false" />
                <line number="76" hits="1" branch="false" />
                <line number="79" hits="1" branch="false" />
                <line number="80" hits="1" branch="false" />
              </lines>
            </method>
            <method name="GetPatient_Exception" signature="()" line-rate="0.666666666666667" branch-rate="1" complexity="1">
              <lines>
                <line number="84" hits="1" branch="false" />
                <line number="86" hits="2" branch="false" />
                <line number="87" hits="0" branch="false" />
              </lines>
            </method>
            <method name="GetAllPatients_Pass" signature="()" line-rate="1" branch-rate="1" complexity="2">
              <lines>
                <line number="91" hits="1" branch="false" />
                <line number="93" hits="1" branch="false" />
                <line number="94" hits="1" branch="false" />
                <line number="95" hits="1" branch="false" />
                <line number="96" hits="1" branch="false" />
                <line number="97" hits="7" branch="true" condition-coverage="100% (2/2)" />
                <line number="98" hits="2" branch="false" />
                <line number="99" hits="2" branch="false" />
                <line number="100" hits="2" branch="false" />
                <line number="103" hits="1" branch="false" />
                <line number="106" hits="1" branch="false" />
                <line number="107" hits="1" branch="false" />
                <line number="108" hits="1" branch="false" />
              </lines>
            </method>
            <method name="UpdatePatient_Pass" signature="()" line-rate="1" branch-rate="1" complexity="1">
              <lines>
                <line number="112" hits="1" branch="false" />
                <line number="114" hits="1" branch="false" />
                <line number="115" hits="1" branch="false" />
                <line number="118" hits="1" branch="false" />
                <line number="121" hits="1" branch="false" />
                <line number="122" hits="1" branch="false" />
              </lines>
            </method>
            <method name="UpdatePatient_Fail" signature="()" line-rate="1" branch-rate="1" complexity="1">
              <lines>
                <line number="126" hits="1" branch="false" />
                <line number="128" hits="1" branch="false" />
                <line number="131" hits="1" branch="false" />
                <line number="134" hits="1" branch="false" />
                <line number="135" hits="1" branch="false" />
              </lines>
            </method>
            <method name="UpdatePatient_Exception" signature="()" line-rate="0.75" branch-rate="1" complexity="1">
              <lines>
                <line number="139" hits="1" branch="false" />
                <line number="141" hits="1" branch="false" />
                <line number="144" hits="2" branch="false" />
                <line number="145" hits="0" branch="false" />
              </lines>
            </method>
            <method name="DeletePatient_Pass" signature="()" line-rate="1" branch-rate="1" complexity="1">
              <lines>
                <line number="149" hits="1" branch="false" />
                <line number="151" hits="1" branch="false" />
                <line number="152" hits="1" branch="false" />
                <line number="155" hits="1" branch="false" />
                <line number="158" hits="1" branch="false" />
                <line number="159" hits="1" branch="false" />
              </lines>
            </method>
            <method name="DeletePatient_Fail" signature="()" line-rate="1" branch-rate="1" complexity="1">
              <lines>
                <line number="163" hits="1" branch="false" />
                <line number="165" hits="1" branch="false" />
                <line number="168" hits="1" branch="false" />
                <line number="169" hits="1" branch="false" />
              </lines>
            </method>
          </methods>
          <lines>
            <line number="16" hits="12" branch="false" />
            <line number="17" hits="12" branch="false" />
            <line number="18" hits="12" branch="false" />
            <line number="19" hits="12" branch="false" />
            <line number="23" hits="1" branch="false" />
            <line number="25" hits="1" branch="false" />
            <line number="28" hits="1" branch="false" />
            <line number="31" hits="1" branch="false" />
            <line number="32" hits="1" branch="false" />
            <line number="36" hits="1" branch="false" />
            <line number="38" hits="1" branch="false" />
            <line number="39" hits="1" branch="false" />
            <line number="42" hits="1" branch="false" />
            <line number="45" hits="1" branch="false" />
            <line number="46" hits="1" branch="false" />
            <line number="50" hits="1" branch="false" />
            <line number="52" hits="1" branch="false" />
            <line number="55" hits="2" branch="false" />
            <line number="56" hits="0" branch="false" />
            <line number="60" hits="1" branch="false" />
            <line number="62" hits="1" branch="false" />
            <line number="63" hits="1" branch="false" />
            <line number="66" hits="1" branch="false" />
            <line number="69" hits="1" branch="false" />
            <line number="70" hits="1" branch="false" />
            <line number="74" hits="1" branch="false" />
            <line number="76" hits="1" branch="false" />
            <line number="79" hits="1" branch="false" />
            <line number="80" hits="1" branch="false" />
            <line number="84" hits="1" branch="false" />
            <line number="86" hits="2" branch="false" />
            <line number="87" hits="0" branch="false" />
            <line number="91" hits="1" branch="false" />
            <line number="93" hits="1" branch="false" />
            <line number="94" hits="1" branch="false" />
            <line number="95" hits="1" branch="false" />
            <line number="96" hits="1" branch="false" />
            <line number="97" hits="7" branch="true" condition-coverage="100% (2/2)" />
            <line number="98" hits="2" branch="false" />
            <line number="99" hits="2" branch="false" />
            <line number="100" hits="2" branch="false" />
            <line number="103" hits="1" branch="false" />
            <line number="106" hits="1" branch="false" />
            <line number="107" hits="1" branch="false" />
            <line number="108" hits="1" branch="false" />
            <line number="112" hits="1" branch="false" />
            <line number="114" hits="1" branch="false" />
            <line number="115" hits="1" branch="false" />
            <line number="118" hits="1" branch="false" />
            <line number="121" hits="1" branch="false" />
            <line number="122" hits="1" branch="false" />
            <line number="126" hits="1" branch="false" />
            <line number="128" hits="1" branch="false" />
            <line number="131" hits="1" branch="false" />
            <line number="134" hits="1" branch="false" />
            <line number="135" hits="1" branch="false" />
            <line number="139" hits="1" branch="false" />
            <line number="141" hits="1" branch="false" />
            <line number="144" hits="2" branch="false" />
            <line number="145" hits="0" branch="false" />
            <line number="149" hits="1" branch="false" />
            <line number="151" hits="1" branch="false" />
            <line number="152" hits="1" branch="false" />
            <line number="155" hits="1" branch="false" />
            <line number="158" hits="1" branch="false" />
            <line number="159" hits="1" branch="false" />
            <line number="163" hits="1" branch="false" />
            <line number="165" hits="1" branch="false" />
            <line number="168" hits="1" branch="false" />
            <line number="169" hits="1" branch="false" />
          </lines>
        </class>
      </classes>
    </package>
    <package name="DoctorClinicDALLibrary" line-rate="0.583333333333333" branch-rate="0.533333333333333" complexity="36">
      <classes>
        <class name="DoctorClinicDALLibrary.AppointmentRepository" filename="C:\Users\VC\Downloads\Daily_progress\Day10\DoctorClinicSolution\DoctorClinicDALLibrary\AppointmentRepository.cs" line-rate="0" branch-rate="0" complexity="12">
          <methods>
            <method name="Add" signature="(...)" line-rate="0" branch-rate="0" complexity="2">
              <lines>
                <line number="20" hits="0" branch="false" />
                <line number="21" hits="0" branch="true" condition-coverage="0% (0/2)" />
                <line number="22" hits="0" branch="false" />
                <line number="23" hits="0" branch="false" />
                <line number="25" hits="0" branch="false" />
                <line number="26" hits="0" branch="false" />
                <line number="27" hits="0" branch="false" />
                <line number="28" hits="0" branch="false" />
              </lines>
            </method>
            <method name="Delete" signature="(...)" line-rate="0" branch-rate="0" complexity="2">
              <lines>
                <line number="30" hits="0" branch="false" />
                <line number="31" hits="0" branch="true" condition-coverage="0% (0/2)" />
                <line number="32" hits="0" branch="false" />
                <line number="33" hits="0" branch="false" />
                <line number="34" hits="0" branch="false" />
                <line number="35" hits="0" branch="false" />
                <line number="37" hits="0" branch="false" />
                <line number="38" hits="0" branch="false" />
              </lines>
            </method>
            <method name="Get" signature="(...)" line-rate="0" branch-rate="0" complexity="2">
              <lines>
                <line number="41" hits="0" branch="false" />
                <line number="42" hits="0" branch="true" condition-coverage="0% (0/2)" />
                <line number="43" hits="0" branch="false" />
              </lines>
            </method>
            <method name="GetAll" signature="()" line-rate="0" branch-rate="1" complexity="1">
              <lines>
                <line number="46" hits="0" branch="false" />
                <line number="47" hits="0" branch="false" />
                <line number="48" hits="0" branch="false" />
              </lines>
            </method>
            <method name="Update" signature="(...)" line-rate="0" branch-rate="0" complexity="2">
              <lines>
                <line number="51" hits="0" branch="false" />
                <line number="52" hits="0" branch="true" condition-coverage="0% (0/2)" />
                <line number="53" hits="0" branch="false" />
                <line number="54" hits="0" branch="false" />
                <line number="55" hits="0" branch="false" />
                <line number="57" hits="0" branch="false" />
                <line number="58" hits="0" branch="false" />
              </lines>
            </method>
            <method name="GenerateId" signature="()" line-rate="0" branch-rate="0" complexity="2">
              <lines>
                <line number="61" hits="0" branch="false" />
                <line number="62" hits="0" branch="true" condition-coverage="0% (0/2)" />
                <line number="63" hits="0" branch="false" />
              </lines>
            </method>
            <method name=".ctor" signature="()" line-rate="0" branch-rate="1" complexity="1">
              <lines>
                <line number="15" hits="0" branch="false" />
                <line number="16" hits="0" branch="false" />
                <line number="17" hits="0" branch="false" />
                <line number="18" hits="0" branch="false" />
              </lines>
            </method>
          </methods>
          <lines>
            <line number="15" hits="0" branch="false" />
            <line number="16" hits="0" branch="false" />
            <line number="17" hits="0" branch="false" />
            <line number="18" hits="0" branch="false" />
            <line number="20" hits="0" branch="false" />
            <line number="21" hits="0" branch="true" condition-coverage="0% (0/2)" />
            <line number="22" hits="0" branch="false" />
            <line number="23" hits="0" branch="false" />
            <line number="25" hits="0" branch="false" />
            <line number="26" hits="0" branch="false" />
            <line number="27" hits="0" branch="false" />
            <line number="28" hits="0" branch="false" />
            <line number="30" hits="0" branch="false" />
            <line number="31" hits="0" branch="true" condition-coverage="0% (0/2)" />
            <line number="32" hits="0" branch="false" />
            <line number="33" hits="0" branch="false" />
            <line number="34" hits="0" branch="false" />
            <line number="35" hits="0" branch="false" />
            <line number="37" hits="0" branch="false" />
            <line number="38" hits="0" branch="false" />
            <line number="41" hits="0" branch="false" />
            <line number="42" hits="0" branch="true" condition-coverage="0% (0/2)" />
            <line number="43" hits="0" branch="false" />
            <line number="46" hits="0" branch="false" />
            <line number="47" hits="0" branch="false" />
            <line number="48" hits="0" branch="false" />
            <line number="51" hits="0" branch="false" />
            <line number="52" hits="0" branch="true" condition-coverage="0% (0/2)" />
            <line number="53" hits="0" branch="false" />
            <line number="54" hits="0" branch="false" />
            <line number="55" hits="0" branch="false" />
            <line number="57" hits="0" branch="false" />
            <line number="58" hits="0" branch="false" />
            <line number="61" hits="0" branch="false" />
            <line number="62" hits="0" branch="true" condition-coverage="0% (0/2)" />
            <line number="63" hits="0" branch="false" />
          </lines>
        </class>
        <class name="DoctorClinicDALLibrary.DoctorRepository" filename="C:\Users\VC\Downloads\Daily_progress\Day10\DoctorClinicSolution\DoctorClinicDALLibrary\DoctorRepository.cs" line-rate="0.75" branch-rate="0.6" complexity="12">
          <methods>
            <method name="Add" signature="(...)" line-rate="0.75" branch-rate="0.5" complexity="2">
              <lines>
                <line number="16" hits="16" branch="false" />
                <line number="17" hits="16" branch="true" condition-coverage="50% (1/2)" />
                <line number="18" hits="0" branch="false" />
                <line number="19" hits="0" branch="false" />
                <line number="21" hits="16" branch="false" />
                <line number="22" hits="16" branch="false" />
                <line number="23" hits="16" branch="false" />
                <line number="24" hits="16" branch="false" />
              </lines>
            </method>
            <method name="Delete" signature="(...)" line-rate="0.5" branch-rate="0.5" complexity="2">
              <lines>
                <line number="27" hits="3" branch="false" />
                <line number="28" hits="3" branch="true" condition-coverage="50% (1/2)" />
                <line number="29" hits="0" branch="false" />
                <line number="30" hits="0" branch="false" />
                <line number="31" hits="0" branch="false" />
                <line number="32" hits="0" branch="false" />
                <line number="34" hits="3" branch="false" />
                <line number="35" hits="3" branch="false" />
              </lines>
            </method>
            <method name="Get" signature="(...)" line-rate="1" branch-rate="0.5" complexity="2">
              <lines>
                <line number="38" hits="3" branch="false" />
                <line number="39" hits="3" branch="true" condition-coverage="50% (1/2)" />
                <line number="40" hits="3" branch="false" />
              </lines>
            </method>
            <method name="GetAll" signature="()" line-rate="1" branch-rate="1" complexity="1">
              <lines>
                <line number="43" hits="1" branch="false" />
                <line number="44" hits="1" branch="false" />
                <line number="45" hits="1" branch="false" />
              </lines>
            </method>
            <method name="Update" signature="(...)" line-rate="0.571428571428571" branch-rate="0.5" complexity="2">
              <lines>
                <line number="48" hits="3" branch="false" />
                <line number="49" hits="3" branch="true" condition-coverage="50% (1/2)" />
                <line number="50" hits="0" branch="false" />
                <line number="51" hits="0" branch="false" />
                <line number="52" hits="0" branch="false" />
                <line number="54" hits="3" branch="false" />
                <line number="55" hits="3" branch="false" />
              </lines>
            </method>
            <method name="GenerateId" signature="()" line-rate="1" branch-rate="1" complexity="2">
              <lines>
                <line number="58" hits="16" branch="false" />
                <line number="59" hits="16" branch="true" condition-coverage="100% (2/2)" />
                <line number="60" hits="16" branch="false" />
              </lines>
            </method>
            <method name=".ctor" signature="()" line-rate="1" branch-rate="1" complexity="1">
              <lines>
                <line number="10" hits="13" branch="false" />
                <line number="11" hits="13" branch="false" />
                <line number="12" hits="13" branch="false" />
                <line number="13" hits="13" branch="false" />
              </lines>
            </method>
          </methods>
          <lines>
            <line number="10" hits="13" branch="false" />
            <line number="11" hits="13" branch="false" />
            <line number="12" hits="13" branch="false" />
            <line number="13" hits="13" branch="false" />
            <line number="16" hits="16" branch="false" />
            <line number="17" hits="16" branch="true" condition-coverage="50% (1/2)" />
            <line number="18" hits="0" branch="false" />
            <line number="19" hits="0" branch="false" />
            <line number="21" hits="16" branch="false" />
            <line number="22" hits="16" branch="false" />
            <line number="23" hits="16" branch="false" />
            <line number="24" hits="16" branch="false" />
            <line number="27" hits="3" branch="false" />
            <line number="28" hits="3" branch="true" condition-coverage="50% (1/2)" />
            <line number="29" hits="0" branch="false" />
            <line number="30" hits="0" branch="false" />
            <line number="31" hits="0" branch="false" />
            <line number="32" hits="0" branch="false" />
            <line number="34" hits="3" branch="false" />
            <line number="35" hits="3" branch="false" />
            <line number="38" hits="3" branch="false" />
            <line number="39" hits="3" branch="true" condition-coverage="50% (1/2)" />
            <line number="40" hits="3" branch="false" />
            <line number="43" hits="1" branch="false" />
            <line number="44" hits="1" branch="false" />
            <line number="45" hits="1" branch="false" />
            <line number="48" hits="3" branch="false" />
            <line number="49" hits="3" branch="true" condition-coverage="50% (1/2)" />
            <line number="50" hits="0" branch="false" />
            <line number="51" hits="0" branch="false" />
            <line number="52" hits="0" branch="false" />
            <line number="54" hits="3" branch="false" />
            <line number="55" hits="3" branch="false" />
            <line number="58" hits="16" branch="false" />
            <line number="59" hits="16" branch="true" condition-coverage="100% (2/2)" />
            <line number="60" hits="16" branch="false" />
          </lines>
        </class>
        <class name="DoctorClinicDALLibrary.PatientRepository" filename="C:\Users\VC\Downloads\Daily_progress\Day10\DoctorClinicSolution\DoctorClinicDALLibrary\PatientRepository.cs" line-rate="1" branch-rate="1" complexity="12">
          <methods>
            <method name="Add" signature="(...)" line-rate="1" branch-rate="1" complexity="2">
              <lines>
                <line number="21" hits="9" branch="false" />
                <line number="22" hits="9" branch="true" condition-coverage="100% (2/2)" />
                <line number="23" hits="1" branch="false" />
                <line number="24" hits="1" branch="false" />
                <line number="26" hits="8" branch="false" />
                <line number="27" hits="8" branch="false" />
                <line number="28" hits="8" branch="false" />
                <line number="29" hits="9" branch="false" />
              </lines>
            </method>
            <method name="Delete" signature="(...)" line-rate="1" branch-rate="1" complexity="2">
              <lines>
                <line number="32" hits="2" branch="false" />
                <line number="33" hits="2" branch="true" condition-coverage="100% (2/2)" />
                <line number="34" hits="1" branch="false" />
                <line number="35" hits="1" branch="false" />
                <line number="36" hits="1" branch="false" />
                <line number="37" hits="1" branch="false" />
                <line number="39" hits="1" branch="false" />
                <line number="40" hits="2" branch="false" />
              </lines>
            </method>
            <method name="Get" signature="(...)" line-rate="1" branch-rate="1" complexity="2">
              <lines>
                <line number="43" hits="3" branch="false" />
                <line number="44" hits="3" branch="true" condition-coverage="100% (2/2)" />
                <line number="45" hits="3" branch="false" />
              </lines>
            </method>
            <method name="GetAll" signature="()" line-rate="1" branch-rate="1" complexity="1">
              <lines>
                <line number="48" hits="1" branch="false" />
                <line number="49" hits="1" branch="false" />
                <line number="50" hits="1" branch="false" />
              </lines>
            </method>
            <method name="Update" signature="(...)" line-rate="1" branch-rate="1" complexity="2">
              <lines>
                <line number="53" hits="3" branch="false" />
                <line number="54" hits="3" branch="true" condition-coverage="100% (2/2)" />
                <line number="55" hits="1" branch="false" />
                <line number="56" hits="1" branch="false" />
                <line number="57" hits="1" branch="false" />
                <line number="59" hits="2" branch="false" />
                <line number="60" hits="3" branch="false" />
              </lines>
            </method>
            <method name="GenerateId" signature="()" line-rate="1" branch-rate="1" complexity="2">
              <lines>
                <line number="63" hits="8" branch="false" />
                <line number="64" hits="8" branch="true" condition-coverage="100% (2/2)" />
                <line number="65" hits="8" branch="false" />
              </lines>
            </method>
            <method name=".ctor" signature="()" line-rate="1" branch-rate="1" complexity="1">
              <lines>
                <line number="15" hits="12" branch="false" />
                <line number="16" hits="12" branch="false" />
                <line number="17" hits="12" branch="false" />
                <line number="18" hits="12" branch="false" />
              </lines>
            </method>
          </methods>
          <lines>
            <line number="15" hits="12" branch="false" />
            <line number="16" hits="12" branch="false" />
            <line number="17" hits="12" branch="false" />
            <line number="18" hits="12" branch="false" />
            <line number="21" hits="9" branch="false" />
            <line number="22" hits="9" branch="true" condition-coverage="100% (2/2)" />
            <line number="23" hits="1" branch="false" />
            <line number="24" hits="1" branch="false" />
            <line number="26" hits="8" branch="false" />
            <line number="27" hits="8" branch="false" />
            <line number="28" hits="8" branch="false" />
            <line number="29" hits="9" branch="false" />
            <line number="32" hits="2" branch="false" />
            <line number="33" hits="2" branch="true" condition-coverage="100% (2/2)" />
            <line number="34" hits="1" branch="false" />
            <line number="35" hits="1" branch="false" />
            <line number="36" hits="1" branch="false" />
            <line number="37" hits="1" branch="false" />
            <line number="39" hits="1" branch="false" />
            <line number="40" hits="2" branch="false" />
            <line number="43" hits="3" branch="false" />
            <line number="44" hits="3" branch="true" condition-coverage="100% (2/2)" />
            <line number="45" hits="3" branch="false" />
            <line number="48" hits="1" branch="false" />
            <line number="49" hits="1" branch="false" />
            <line number="50" hits="1" branch="false" />
            <line number="53" hits="3" branch="false" />
            <line number="54" hits="3" branch="true" condition-coverage="100% (2/2)" />
            <line number="55" hits="1" branch="false" />
            <line number="56" hits="1" branch="false" />
            <line number="57" hits="1" branch="false" />
            <line number="59" hits="2" branch="false" />
            <line number="60" hits="3" branch="false" />
            <line number="63" hits="8" branch="false" />
            <line number="64" hits="8" branch="true" condition-coverage="100% (2/2)" />
            <line number="65" hits="8" branch="false" />
          </lines>
        </class>
      </classes>
    </package>
    <package name="DoctorClinicModel" line-rate="0.363636363636364" branch-rate="1" complexity="11">
      <classes>
        <class name="DoctorClinicModel.Appointment" filename="C:\Users\VC\Downloads\Daily_progress\Day10\DoctorClinicSolution\DoctorClinicModel\Appointment.cs" line-rate="0" branch-rate="1" complexity="4">
          <methods>
            <method name="get_AppointmentId" signature="()" line-rate="0" branch-rate="1" complexity="1">
              <lines>
                <line number="5" hits="0" branch="false" />
              </lines>
            </method>
            <method name="get_Date" signature="()" line-rate="0" branch-rate="1" complexity="1">
              <lines>
                <line number="6" hits="0" branch="false" />
              </lines>
            </method>
            <method name="get_Doctor" signature="()" line-rate="0" branch-rate="1" complexity="1">
              <lines>
                <line number="7" hits="0" branch="false" />
              </lines>
            </method>
            <method name="get_Patient" signature="()" line-rate="0" branch-rate="1" complexity="1">
              <lines>
                <line number="8" hits="0" branch="false" />
              </lines>
            </method>
          </methods>
          <lines>
            <line number="5" hits="0" branch="false" />
            <line number="6" hits="0" branch="false" />
            <line number="7" hits="0" branch="false" />
            <line number="8" hits="0" branch="false" />
          </lines>
        </class>
        <class name="DoctorClinicModel.Doctor" filename="C:\Users\VC\Downloads\Daily_progress\Day10\DoctorClinicSolution\DoctorClinicModel\Doctor.cs" line-rate="0.666666666666667" branch-rate="1" complexity="3">
          <methods>
            <method name="get_Id" signature="()" line-rate="1" branch-rate="1" complexity="1">
              <lines>
                <line number="11" hits="56" branch="false" />
              </lines>
            </method>
            <method name="get_Name" signature="()" line-rate="1" branch-rate="1" complexity="1">
              <lines>
                <line number="12" hits="21" branch="false" />
              </lines>
            </method>
            <method name="get_Specialization" signature="()" line-rate="0" branch-rate="1" complexity="1">
              <lines>
                <line number="13" hits="0" branch="false" />
              </lines>
            </method>
          </methods>
          <lines>
            <line number="11" hits="56" branch="false" />
            <line number="12" hits="21" branch="false" />
            <line number="13" hits="0" branch="false" />
          </lines>
        </class>
        <class name="DoctorClinicModel.Patient" filename="C:\Users\VC\Downloads\Daily_progress\Day10\DoctorClinicSolution\DoctorClinicModel\Patient.cs" line-rate="0.5" branch-rate="1" complexity="4">
          <methods>
            <method name="get_Id" signature="()" line-rate="1" branch-rate="1" complexity="1">
              <lines>
                <line number="11" hits="30" branch="false" />
              </lines>
            </method>
            <method name="get_Name" signature="()" line-rate="1" branch-rate="1" complexity="1">
              <lines>
                <line number="12" hits="10" branch="false" />
              </lines>
            </method>
            <method name="get_Address" signature="()" line-rate="0" branch-rate="1" complexity="1">
              <lines>
                <line number="13" hits="0" branch="false" />
              </lines>
            </method>
            <method name="get_PhoneNumber" signature="()" line-rate="0" branch-rate="1" complexity="1">
              <lines>
                <line number="14" hits="0" branch="false" />
              </lines>
            </method>
          </methods>
          <lines>
            <line number="11" hits="30" branch="false" />
            <line number="12" hits="10" branch="false" />
            <line number="13" hits="0" branch="false" />
            <line number="14" hits="0" branch="false" />
          </lines>
        </class>
      </classes>
    </package>
  </packages>
</coverage>