TpTrace Verbose: 0 : 31080, 1, 2024/04/23, 23:33:58.359, 5493002136543, vstest.console.dll, Version: 17.9.0-release-24072-02 Current process architecture: X64
TpTrace Verbose: 0 : 31080, 1, 2024/04/23, 23:33:58.364, 5493002188906, vstest.console.dll, Runtime location: C:\Program Files\dotnet\shared\Microsoft.NETCore.App\8.0.4
TpTrace Verbose: 0 : 31080, 1, 2024/04/23, 23:33:58.368, 5493002228090, vstest.console.dll, ArtifactProcessingPostProcessModeProcessorExecutor.Initialize: ArtifactProcessingMode.Collect
TpTrace Verbose: 0 : 31080, 1, 2024/04/23, 23:33:58.369, 5493002230675, vstest.console.dll, TestSessionCorrelationIdProcessorModeProcessorExecutor.Initialize: TestSessionCorrelationId '22468_5b2ecbf2-883c-4f67-8074-eecfe8a07ec6'
TpTrace Information: 0 : 31080, 1, 2024/04/23, 23:33:58.381, 5493002353906, vstest.console.dll, FilePatternParser: The given file C:\Users\VC\Downloads\Daily_progress\Day10\DoctorClinicSolution\DoctorClinicBLTester\bin\Debug\net8.0\fine-code-coverage\build-output\DoctorClinicBLTester.dll is a full path.
TpTrace Verbose: 0 : 31080, 1, 2024/04/23, 23:33:58.387, 5493002413257, vstest.console.dll, TestPluginCache.DiscoverTestExtensions: finding test extensions in assemblies ends with: RuntimeProvider.dll TPluginInfo: Microsoft.VisualStudio.TestPlatform.Common.ExtensionFramework.Utilities.TestRuntimePluginInformation TExtension: Microsoft.VisualStudio.TestPlatform.ObjectModel.Host.ITestRuntimeProvider
TpTrace Verbose: 0 : 31080, 1, 2024/04/23, 23:33:58.387, 5493002418010, vstest.console.dll, TestPluginCache.GetExtensionPaths: Filtered extension paths: 
TpTrace Verbose: 0 : 31080, 1, 2024/04/23, 23:33:58.387, 5493002419383, vstest.console.dll, TestPluginCache.GetExtensionPaths: Added default extension paths: C:\Program Files\dotnet\sdk\8.0.204\Extensions\Microsoft.Diagnostics.NETCore.Client.dll
C:\Program Files\dotnet\sdk\8.0.204\Extensions\Microsoft.TestPlatform.Extensions.BlameDataCollector.dll
C:\Program Files\dotnet\sdk\8.0.204\Extensions\Microsoft.TestPlatform.Extensions.EventLogCollector.dll
C:\Program Files\dotnet\sdk\8.0.204\Extensions\Microsoft.TestPlatform.TestHostRuntimeProvider.dll
C:\Program Files\dotnet\sdk\8.0.204\Extensions\Microsoft.VisualStudio.TestPlatform.Extensions.Html.TestLogger.dll
C:\Program Files\dotnet\sdk\8.0.204\Extensions\Microsoft.VisualStudio.TestPlatform.Extensions.Trx.TestLogger.dll
TpTrace Verbose: 0 : 31080, 1, 2024/04/23, 23:33:58.387, 5493002419982, vstest.console.dll, TestPluginCache.GetExtensionPaths: Added unfilterableExtensionPaths: 
TpTrace Information: 0 : 31080, 1, 2024/04/23, 23:33:58.388, 5493002427751, vstest.console.dll, AssemblyResolver.ctor: Creating AssemblyResolver with searchDirectories C:\Program Files\dotnet\sdk\8.0.204\Extensions,C:\Program Files\dotnet\sdk\8.0.204
TpTrace Verbose: 0 : 31080, 1, 2024/04/23, 23:33:58.390, 5493002447445, vstest.console.dll, TestPluginCache.DiscoverTestExtensions: Discovering the extensions using extension path.
TpTrace Verbose: 0 : 31080, 1, 2024/04/23, 23:33:58.390, 5493002449408, vstest.console.dll, TestPluginCache.GetExtensionPaths: Filtered extension paths: 
TpTrace Verbose: 0 : 31080, 1, 2024/04/23, 23:33:58.390, 5493002450016, vstest.console.dll, TestPluginCache.GetExtensionPaths: Added default extension paths: C:\Program Files\dotnet\sdk\8.0.204\Extensions\Microsoft.Diagnostics.NETCore.Client.dll
C:\Program Files\dotnet\sdk\8.0.204\Extensions\Microsoft.TestPlatform.Extensions.BlameDataCollector.dll
C:\Program Files\dotnet\sdk\8.0.204\Extensions\Microsoft.TestPlatform.Extensions.EventLogCollector.dll
C:\Program Files\dotnet\sdk\8.0.204\Extensions\Microsoft.TestPlatform.TestHostRuntimeProvider.dll
C:\Program Files\dotnet\sdk\8.0.204\Extensions\Microsoft.VisualStudio.TestPlatform.Extensions.Html.TestLogger.dll
C:\Program Files\dotnet\sdk\8.0.204\Extensions\Microsoft.VisualStudio.TestPlatform.Extensions.Trx.TestLogger.dll
TpTrace Verbose: 0 : 31080, 1, 2024/04/23, 23:33:58.391, 5493002450462, vstest.console.dll, TestPluginCache.GetExtensionPaths: Added unfilterableExtensionPaths: 
TpTrace Verbose: 0 : 31080, 1, 2024/04/23, 23:33:58.391, 5493002451286, vstest.console.dll, TestPluginCache.DiscoverTestExtensions: Discovering the extensions using allExtensionPaths: C:\Program Files\dotnet\sdk\8.0.204\Extensions\Microsoft.Diagnostics.NETCore.Client.dll
C:\Program Files\dotnet\sdk\8.0.204\Extensions\Microsoft.TestPlatform.Extensions.BlameDataCollector.dll
C:\Program Files\dotnet\sdk\8.0.204\Extensions\Microsoft.TestPlatform.Extensions.EventLogCollector.dll
C:\Program Files\dotnet\sdk\8.0.204\Extensions\Microsoft.TestPlatform.TestHostRuntimeProvider.dll
C:\Program Files\dotnet\sdk\8.0.204\Extensions\Microsoft.VisualStudio.TestPlatform.Extensions.Html.TestLogger.dll
C:\Program Files\dotnet\sdk\8.0.204\Extensions\Microsoft.VisualStudio.TestPlatform.Extensions.Trx.TestLogger.dll
TpTrace Information: 0 : 31080, 1, 2024/04/23, 23:33:58.391, 5493002453090, vstest.console.dll, AssemblyResolver.AddSearchDirectories: Adding more searchDirectories C:\Program Files\dotnet\sdk\8.0.204\Extensions,C:\Program Files\dotnet\sdk\8.0.204
TpTrace Information: 0 : 31080, 1, 2024/04/23, 23:33:58.391, 5493002453875, vstest.console.dll, AssemblyResolver.AddSearchDirectories: Adding more searchDirectories C:\Program Files\dotnet\sdk\8.0.204\Extensions,C:\Program Files\dotnet\sdk\8.0.204
TpTrace Information: 0 : 31080, 1, 2024/04/23, 23:33:58.391, 5493002454373, vstest.console.dll, AssemblyResolver.AddSearchDirectories: Adding more searchDirectories C:\Program Files\dotnet\sdk\8.0.204\Extensions,C:\Program Files\dotnet\sdk\8.0.204
TpTrace Information: 0 : 31080, 1, 2024/04/23, 23:33:58.391, 5493002454810, vstest.console.dll, AssemblyResolver.AddSearchDirectories: Adding more searchDirectories C:\Program Files\dotnet\sdk\8.0.204\Extensions,C:\Program Files\dotnet\sdk\8.0.204
TpTrace Information: 0 : 31080, 1, 2024/04/23, 23:33:58.391, 5493002455313, vstest.console.dll, AssemblyResolver.AddSearchDirectories: Adding more searchDirectories C:\Program Files\dotnet\sdk\8.0.204\Extensions,C:\Program Files\dotnet\sdk\8.0.204
TpTrace Information: 0 : 31080, 1, 2024/04/23, 23:33:58.391, 5493002455746, vstest.console.dll, AssemblyResolver.AddSearchDirectories: Adding more searchDirectories C:\Program Files\dotnet\sdk\8.0.204\Extensions,C:\Program Files\dotnet\sdk\8.0.204
TpTrace Information: 0 : 31080, 1, 2024/04/23, 23:33:58.392, 5493002461923, vstest.console.dll, AssemblyResolver.OnResolve: Microsoft.Diagnostics.NETCore.Client: Resolving assembly.
TpTrace Information: 0 : 31080, 1, 2024/04/23, 23:33:58.392, 5493002462888, vstest.console.dll, AssemblyResolver.OnResolve: Microsoft.Diagnostics.NETCore.Client: Searching in: 'C:\Program Files\dotnet\sdk\8.0.204\Extensions'.
TpTrace Information: 0 : 31080, 1, 2024/04/23, 23:33:58.402, 5493002563409, vstest.console.dll, AssemblyResolver.OnResolve: Microsoft.Diagnostics.NETCore.Client: Loading assembly 'C:\Program Files\dotnet\sdk\8.0.204\Extensions\Microsoft.Diagnostics.NETCore.Client.dll'.
TpTrace Information: 0 : 31080, 1, 2024/04/23, 23:33:58.403, 5493002572779, vstest.console.dll, AssemblyResolver.OnResolve: Resolved assembly: Microsoft.Diagnostics.NETCore.Client, from path: C:\Program Files\dotnet\sdk\8.0.204\Extensions\Microsoft.Diagnostics.NETCore.Client.dll
TpTrace Verbose: 0 : 31080, 1, 2024/04/23, 23:33:58.411, 5493002653805, vstest.console.dll, MetadataReaderExtensionsHelper: Discovering extensions inside assembly 'Microsoft.Diagnostics.NETCore.Client, Version=0.2.9.2401, Culture=neutral, PublicKeyToken=31bf3856ad364e35' file path 'C:\Program Files\dotnet\sdk\8.0.204\Extensions\Microsoft.Diagnostics.NETCore.Client.dll'
TpTrace Information: 0 : 31080, 1, 2024/04/23, 23:33:58.417, 5493002713915, vstest.console.dll, AssemblyResolver.OnResolve: Microsoft.Bcl.AsyncInterfaces: Resolving assembly.
TpTrace Information: 0 : 31080, 1, 2024/04/23, 23:33:58.417, 5493002715429, vstest.console.dll, AssemblyResolver.OnResolve: Microsoft.Bcl.AsyncInterfaces: Searching in: 'C:\Program Files\dotnet\sdk\8.0.204\Extensions'.
TpTrace Information: 0 : 31080, 1, 2024/04/23, 23:33:58.417, 5493002716604, vstest.console.dll, AssemblyResolver.OnResolve: Microsoft.Bcl.AsyncInterfaces: Assembly path does not exist: 'C:\Program Files\dotnet\sdk\8.0.204\Extensions\Microsoft.Bcl.AsyncInterfaces.dll', returning.
TpTrace Information: 0 : 31080, 1, 2024/04/23, 23:33:58.417, 5493002718090, vstest.console.dll, AssemblyResolver.OnResolve: Microsoft.Bcl.AsyncInterfaces: Assembly path does not exist: 'C:\Program Files\dotnet\sdk\8.0.204\Extensions\Microsoft.Bcl.AsyncInterfaces.exe', returning.
TpTrace Information: 0 : 31080, 1, 2024/04/23, 23:33:58.417, 5493002718677, vstest.console.dll, AssemblyResolver.OnResolve: Microsoft.Bcl.AsyncInterfaces: Searching in: 'C:\Program Files\dotnet\sdk\8.0.204'.
TpTrace Information: 0 : 31080, 1, 2024/04/23, 23:33:58.417, 5493002719607, vstest.console.dll, AssemblyResolver.OnResolve: Microsoft.Bcl.AsyncInterfaces: Assembly path does not exist: 'C:\Program Files\dotnet\sdk\8.0.204\Microsoft.Bcl.AsyncInterfaces.dll', returning.
TpTrace Information: 0 : 31080, 1, 2024/04/23, 23:33:58.418, 5493002720343, vstest.console.dll, AssemblyResolver.OnResolve: Microsoft.Bcl.AsyncInterfaces: Assembly path does not exist: 'C:\Program Files\dotnet\sdk\8.0.204\Microsoft.Bcl.AsyncInterfaces.exe', returning.
TpTrace Information: 0 : 31080, 1, 2024/04/23, 23:33:58.418, 5493002720820, vstest.console.dll, AssemblyResolver.OnResolve: Microsoft.Bcl.AsyncInterfaces: Failed to load assembly.
TpTrace Verbose: 0 : 31080, 1, 2024/04/23, 23:33:58.418, 5493002721413, vstest.console.dll, CurrentDomainAssemblyResolve: Resolving assembly 'Microsoft.Bcl.AsyncInterfaces'.
TpTrace Information: 0 : 31080, 1, 2024/04/23, 23:33:58.418, 5493002722218, vstest.console.dll, AssemblyResolver.OnResolve: Microsoft.Bcl.AsyncInterfaces: Resolving assembly.
TpTrace Information: 0 : 31080, 1, 2024/04/23, 23:33:58.418, 5493002722866, vstest.console.dll, AssemblyResolver.OnResolve: Microsoft.Bcl.AsyncInterfaces: Resolved from cache.
TpTrace Verbose: 0 : 31080, 1, 2024/04/23, 23:33:58.418, 5493002723338, vstest.console.dll, CurrentDomainAssemblyResolve: Resolving assembly 'Microsoft.Bcl.AsyncInterfaces'.
TpTrace Verbose: 0 : 31080, 1, 2024/04/23, 23:33:58.418, 5493002723894, vstest.console.dll, CurrentDomainAssemblyResolve: Failed to resolve assembly 'Microsoft.Bcl.AsyncInterfaces'.
TpTrace Verbose: 0 : 31080, 1, 2024/04/23, 23:33:58.419, 5493002732639, vstest.console.dll, CurrentDomainAssemblyResolve: Failed to resolve assembly 'Microsoft.Bcl.AsyncInterfaces'.
TpTrace Warning: 0 : 31080, 1, 2024/04/23, 23:33:58.441, 5493002954674, vstest.console.dll, TestPluginDiscoverer: Failed to get types from assembly 'Microsoft.Diagnostics.NETCore.Client, Version=0.2.9.2401, Culture=neutral, PublicKeyToken=31bf3856ad364e35'. Error: System.Reflection.ReflectionTypeLoadException: Unable to load one or more of the requested types.
Could not load file or assembly 'Microsoft.Bcl.AsyncInterfaces, Version=6.0.0.0, Culture=neutral, PublicKeyToken=cc7b13ffcd2ddd51'. The system cannot find the file specified.
   at System.Reflection.RuntimeModule.GetTypes(RuntimeModule module)
   at System.Reflection.RuntimeModule.GetTypes()
   at Microsoft.VisualStudio.TestPlatform.Common.ExtensionFramework.TestPluginDiscoverer.GetTestExtensionsFromAssembly[TPluginInfo,TExtension](Assembly assembly, Dictionary`2 pluginInfos, String filePath) in /_/src/Microsoft.TestPlatform.Common/ExtensionFramework/TestPluginDiscoverer.cs:line 158
System.IO.FileNotFoundException: Could not load file or assembly 'Microsoft.Bcl.AsyncInterfaces, Version=6.0.0.0, Culture=neutral, PublicKeyToken=cc7b13ffcd2ddd51'. The system cannot find the file specified.
File name: 'Microsoft.Bcl.AsyncInterfaces, Version=6.0.0.0, Culture=neutral, PublicKeyToken=cc7b13ffcd2ddd51'
 ---> System.IO.FileNotFoundException: Could not load file or assembly 'Microsoft.Bcl.AsyncInterfaces, Culture=neutral, PublicKeyToken=null'. The system cannot find the file specified.
File name: 'Microsoft.Bcl.AsyncInterfaces, Culture=neutral, PublicKeyToken=null'
   at System.Reflection.RuntimeAssembly.InternalLoad(AssemblyName assemblyName, StackCrawlMark& stackMark, AssemblyLoadContext assemblyLoadContext, RuntimeAssembly requestingAssembly, Boolean throwOnFileNotFound)
   at System.Reflection.Assembly.Load(AssemblyName assemblyRef)
   at Microsoft.VisualStudio.TestPlatform.Common.ExtensionFramework.TestPluginCache.CurrentDomainAssemblyResolve(Object sender, AssemblyResolveEventArgs args) in /_/src/Microsoft.TestPlatform.Common/ExtensionFramework/TestPluginCache.cs:line 513
   at System.Runtime.Loader.AssemblyLoadContext.GetFirstResolvedAssemblyFromResolvingEvent(AssemblyName assemblyName)
   at System.Runtime.Loader.AssemblyLoadContext.ResolveUsingEvent(AssemblyName assemblyName)
   at System.Runtime.Loader.AssemblyLoadContext.ResolveUsingResolvingEvent(IntPtr gchManagedAssemblyLoadContext, AssemblyName assemblyName)
TpTrace Warning: 0 : 31080, 1, 2024/04/23, 23:33:58.441, 5493002959724, vstest.console.dll, LoaderExceptions: System.IO.FileNotFoundException: Could not load file or assembly 'Microsoft.Bcl.AsyncInterfaces, Version=6.0.0.0, Culture=neutral, PublicKeyToken=cc7b13ffcd2ddd51'. The system cannot find the file specified.
File name: 'Microsoft.Bcl.AsyncInterfaces, Version=6.0.0.0, Culture=neutral, PublicKeyToken=cc7b13ffcd2ddd51'
 ---> System.IO.FileNotFoundException: Could not load file or assembly 'Microsoft.Bcl.AsyncInterfaces, Culture=neutral, PublicKeyToken=null'. The system cannot find the file specified.
File name: 'Microsoft.Bcl.AsyncInterfaces, Culture=neutral, PublicKeyToken=null'
   at System.Reflection.RuntimeAssembly.InternalLoad(AssemblyName assemblyName, StackCrawlMark& stackMark, AssemblyLoadContext assemblyLoadContext, RuntimeAssembly requestingAssembly, Boolean throwOnFileNotFound)
   at System.Reflection.Assembly.Load(AssemblyName assemblyRef)
   at Microsoft.VisualStudio.TestPlatform.Common.ExtensionFramework.TestPluginCache.CurrentDomainAssemblyResolve(Object sender, AssemblyResolveEventArgs args) in /_/src/Microsoft.TestPlatform.Common/ExtensionFramework/TestPluginCache.cs:line 513
   at System.Runtime.Loader.AssemblyLoadContext.GetFirstResolvedAssemblyFromResolvingEvent(AssemblyName assemblyName)
   at System.Runtime.Loader.AssemblyLoadContext.ResolveUsingEvent(AssemblyName assemblyName)
   at System.Runtime.Loader.AssemblyLoadContext.ResolveUsingResolvingEvent(IntPtr gchManagedAssemblyLoadContext, AssemblyName assemblyName)
TpTrace Information: 0 : 31080, 1, 2024/04/23, 23:33:58.442, 5493002961663, vstest.console.dll, AssemblyResolver.OnResolve: Microsoft.TestPlatform.Extensions.BlameDataCollector: Resolving assembly.
TpTrace Information: 0 : 31080, 1, 2024/04/23, 23:33:58.442, 5493002962217, vstest.console.dll, AssemblyResolver.OnResolve: Microsoft.TestPlatform.Extensions.BlameDataCollector: Searching in: 'C:\Program Files\dotnet\sdk\8.0.204\Extensions'.
TpTrace Information: 0 : 31080, 1, 2024/04/23, 23:33:58.442, 5493002966754, vstest.console.dll, AssemblyResolver.OnResolve: Microsoft.TestPlatform.Extensions.BlameDataCollector: Loading assembly 'C:\Program Files\dotnet\sdk\8.0.204\Extensions\Microsoft.TestPlatform.Extensions.BlameDataCollector.dll'.
TpTrace Information: 0 : 31080, 1, 2024/04/23, 23:33:58.443, 5493002975864, vstest.console.dll, AssemblyResolver.OnResolve: Resolved assembly: Microsoft.TestPlatform.Extensions.BlameDataCollector, from path: C:\Program Files\dotnet\sdk\8.0.204\Extensions\Microsoft.TestPlatform.Extensions.BlameDataCollector.dll
TpTrace Verbose: 0 : 31080, 1, 2024/04/23, 23:33:58.443, 5493002977112, vstest.console.dll, MetadataReaderExtensionsHelper: Discovering extensions inside assembly 'Microsoft.TestPlatform.Extensions.BlameDataCollector, Version=15.0.0.0, Culture=neutral, PublicKeyToken=b03f5f7f11d50a3a' file path 'C:\Program Files\dotnet\sdk\8.0.204\Extensions\Microsoft.TestPlatform.Extensions.BlameDataCollector.dll'
TpTrace Information: 0 : 31080, 1, 2024/04/23, 23:33:58.445, 5493002997060, vstest.console.dll, AssemblyResolver.OnResolve: Microsoft.TestPlatform.Extensions.EventLogCollector: Resolving assembly.
TpTrace Information: 0 : 31080, 1, 2024/04/23, 23:33:58.445, 5493002998136, vstest.console.dll, AssemblyResolver.OnResolve: Microsoft.TestPlatform.Extensions.EventLogCollector: Searching in: 'C:\Program Files\dotnet\sdk\8.0.204\Extensions'.
TpTrace Information: 0 : 31080, 1, 2024/04/23, 23:33:58.446, 5493003002806, vstest.console.dll, AssemblyResolver.OnResolve: Microsoft.TestPlatform.Extensions.EventLogCollector: Loading assembly 'C:\Program Files\dotnet\sdk\8.0.204\Extensions\Microsoft.TestPlatform.Extensions.EventLogCollector.dll'.
TpTrace Information: 0 : 31080, 1, 2024/04/23, 23:33:58.446, 5493003010233, vstest.console.dll, AssemblyResolver.OnResolve: Resolved assembly: Microsoft.TestPlatform.Extensions.EventLogCollector, from path: C:\Program Files\dotnet\sdk\8.0.204\Extensions\Microsoft.TestPlatform.Extensions.EventLogCollector.dll
TpTrace Verbose: 0 : 31080, 1, 2024/04/23, 23:33:58.447, 5493003011399, vstest.console.dll, MetadataReaderExtensionsHelper: Discovering extensions inside assembly 'Microsoft.TestPlatform.Extensions.EventLogCollector, Version=15.0.0.0, Culture=neutral, PublicKeyToken=b03f5f7f11d50a3a' file path 'C:\Program Files\dotnet\sdk\8.0.204\Extensions\Microsoft.TestPlatform.Extensions.EventLogCollector.dll'
TpTrace Information: 0 : 31080, 1, 2024/04/23, 23:33:58.449, 5493003038445, vstest.console.dll, AssemblyResolver.OnResolve: Microsoft.TestPlatform.TestHostRuntimeProvider: Resolving assembly.
TpTrace Information: 0 : 31080, 1, 2024/04/23, 23:33:58.449, 5493003039423, vstest.console.dll, AssemblyResolver.OnResolve: Microsoft.TestPlatform.TestHostRuntimeProvider: Searching in: 'C:\Program Files\dotnet\sdk\8.0.204\Extensions'.
TpTrace Information: 0 : 31080, 1, 2024/04/23, 23:33:58.450, 5493003044166, vstest.console.dll, AssemblyResolver.OnResolve: Microsoft.TestPlatform.TestHostRuntimeProvider: Loading assembly 'C:\Program Files\dotnet\sdk\8.0.204\Extensions\Microsoft.TestPlatform.TestHostRuntimeProvider.dll'.
TpTrace Information: 0 : 31080, 1, 2024/04/23, 23:33:58.451, 5493003053070, vstest.console.dll, AssemblyResolver.OnResolve: Resolved assembly: Microsoft.TestPlatform.TestHostRuntimeProvider, from path: C:\Program Files\dotnet\sdk\8.0.204\Extensions\Microsoft.TestPlatform.TestHostRuntimeProvider.dll
TpTrace Verbose: 0 : 31080, 1, 2024/04/23, 23:33:58.451, 5493003054417, vstest.console.dll, MetadataReaderExtensionsHelper: Discovering extensions inside assembly 'Microsoft.TestPlatform.TestHostRuntimeProvider, Version=15.0.0.0, Culture=neutral, PublicKeyToken=b03f5f7f11d50a3a' file path 'C:\Program Files\dotnet\sdk\8.0.204\Extensions\Microsoft.TestPlatform.TestHostRuntimeProvider.dll'
TpTrace Information: 0 : 31080, 1, 2024/04/23, 23:33:58.453, 5493003074353, vstest.console.dll, GetTestExtensionFromType: Register extension with identifier data 'HostProvider://DefaultTestHost' and type 'Microsoft.VisualStudio.TestPlatform.CrossPlatEngine.Hosting.DefaultTestHostManager, Microsoft.TestPlatform.TestHostRuntimeProvider, Version=15.0.0.0, Culture=neutral, PublicKeyToken=b03f5f7f11d50a3a' inside file 'C:\Program Files\dotnet\sdk\8.0.204\Extensions\Microsoft.TestPlatform.TestHostRuntimeProvider.dll'
TpTrace Information: 0 : 31080, 1, 2024/04/23, 23:33:58.453, 5493003077688, vstest.console.dll, GetTestExtensionFromType: Register extension with identifier data 'HostProvider://DotnetTestHost' and type 'Microsoft.VisualStudio.TestPlatform.CrossPlatEngine.Hosting.DotnetTestHostManager, Microsoft.TestPlatform.TestHostRuntimeProvider, Version=15.0.0.0, Culture=neutral, PublicKeyToken=b03f5f7f11d50a3a' inside file 'C:\Program Files\dotnet\sdk\8.0.204\Extensions\Microsoft.TestPlatform.TestHostRuntimeProvider.dll'
TpTrace Information: 0 : 31080, 1, 2024/04/23, 23:33:58.453, 5493003078825, vstest.console.dll, AssemblyResolver.OnResolve: Microsoft.VisualStudio.TestPlatform.Extensions.Html.TestLogger: Resolving assembly.
TpTrace Information: 0 : 31080, 1, 2024/04/23, 23:33:58.453, 5493003079416, vstest.console.dll, AssemblyResolver.OnResolve: Microsoft.VisualStudio.TestPlatform.Extensions.Html.TestLogger: Searching in: 'C:\Program Files\dotnet\sdk\8.0.204\Extensions'.
TpTrace Information: 0 : 31080, 1, 2024/04/23, 23:33:58.454, 5493003086394, vstest.console.dll, AssemblyResolver.OnResolve: Microsoft.VisualStudio.TestPlatform.Extensions.Html.TestLogger: Loading assembly 'C:\Program Files\dotnet\sdk\8.0.204\Extensions\Microsoft.VisualStudio.TestPlatform.Extensions.Html.TestLogger.dll'.
TpTrace Information: 0 : 31080, 1, 2024/04/23, 23:33:58.457, 5493003111246, vstest.console.dll, AssemblyResolver.OnResolve: Resolved assembly: Microsoft.VisualStudio.TestPlatform.Extensions.Html.TestLogger, from path: C:\Program Files\dotnet\sdk\8.0.204\Extensions\Microsoft.VisualStudio.TestPlatform.Extensions.Html.TestLogger.dll
TpTrace Verbose: 0 : 31080, 1, 2024/04/23, 23:33:58.457, 5493003112856, vstest.console.dll, MetadataReaderExtensionsHelper: Discovering extensions inside assembly 'Microsoft.VisualStudio.TestPlatform.Extensions.Html.TestLogger, Version=15.0.0.0, Culture=neutral, PublicKeyToken=b03f5f7f11d50a3a' file path 'C:\Program Files\dotnet\sdk\8.0.204\Extensions\Microsoft.VisualStudio.TestPlatform.Extensions.Html.TestLogger.dll'
TpTrace Information: 0 : 31080, 1, 2024/04/23, 23:33:58.459, 5493003134046, vstest.console.dll, AssemblyResolver.OnResolve: Microsoft.VisualStudio.TestPlatform.Extensions.Trx.TestLogger: Resolving assembly.
TpTrace Information: 0 : 31080, 1, 2024/04/23, 23:33:58.459, 5493003135389, vstest.console.dll, AssemblyResolver.OnResolve: Microsoft.VisualStudio.TestPlatform.Extensions.Trx.TestLogger: Searching in: 'C:\Program Files\dotnet\sdk\8.0.204\Extensions'.
TpTrace Information: 0 : 31080, 1, 2024/04/23, 23:33:58.459, 5493003140096, vstest.console.dll, AssemblyResolver.OnResolve: Microsoft.VisualStudio.TestPlatform.Extensions.Trx.TestLogger: Loading assembly 'C:\Program Files\dotnet\sdk\8.0.204\Extensions\Microsoft.VisualStudio.TestPlatform.Extensions.Trx.TestLogger.dll'.
TpTrace Information: 0 : 31080, 1, 2024/04/23, 23:33:58.461, 5493003151432, vstest.console.dll, AssemblyResolver.OnResolve: Resolved assembly: Microsoft.VisualStudio.TestPlatform.Extensions.Trx.TestLogger, from path: C:\Program Files\dotnet\sdk\8.0.204\Extensions\Microsoft.VisualStudio.TestPlatform.Extensions.Trx.TestLogger.dll
TpTrace Verbose: 0 : 31080, 1, 2024/04/23, 23:33:58.461, 5493003154989, vstest.console.dll, MetadataReaderExtensionsHelper: Discovering extensions inside assembly 'Microsoft.VisualStudio.TestPlatform.Extensions.Trx.TestLogger, Version=15.0.0.0, Culture=neutral, PublicKeyToken=b03f5f7f11d50a3a' file path 'C:\Program Files\dotnet\sdk\8.0.204\Extensions\Microsoft.VisualStudio.TestPlatform.Extensions.Trx.TestLogger.dll'
TpTrace Verbose: 0 : 31080, 1, 2024/04/23, 23:33:58.463, 5493003173988, vstest.console.dll, TestPluginCache: Discovered the extensions using extension path ''.
TpTrace Verbose: 0 : 31080, 1, 2024/04/23, 23:33:58.464, 5493003183580, vstest.console.dll, TestPluginCache: Discoverers are ''.
TpTrace Verbose: 0 : 31080, 1, 2024/04/23, 23:33:58.464, 5493003184260, vstest.console.dll, TestPluginCache: Executors are ''.
TpTrace Verbose: 0 : 31080, 1, 2024/04/23, 23:33:58.464, 5493003184777, vstest.console.dll, TestPluginCache: Executors2 are ''.
TpTrace Verbose: 0 : 31080, 1, 2024/04/23, 23:33:58.464, 5493003185352, vstest.console.dll, TestPluginCache: Setting providers are ''.
TpTrace Verbose: 0 : 31080, 1, 2024/04/23, 23:33:58.464, 5493003185948, vstest.console.dll, TestPluginCache: Loggers are ''.
TpTrace Verbose: 0 : 31080, 1, 2024/04/23, 23:33:58.464, 5493003188915, vstest.console.dll, TestPluginCache: TestHosts are 'HostProvider://DefaultTestHost,HostProvider://DotnetTestHost'.
TpTrace Verbose: 0 : 31080, 1, 2024/04/23, 23:33:58.464, 5493003189536, vstest.console.dll, TestPluginCache: DataCollectors are ''.
TpTrace Information: 0 : 31080, 1, 2024/04/23, 23:33:58.488, 5493003429066, vstest.console.dll, RunTestsArgumentProcessor:Execute: Test run is starting.
TpTrace Verbose: 0 : 31080, 1, 2024/04/23, 23:33:58.489, 5493003430446, vstest.console.dll, RunTestsArgumentProcessor:Execute: Queuing Test run.
TpTrace Information: 0 : 31080, 1, 2024/04/23, 23:33:58.489, 5493003434775, vstest.console.dll, TestRequestManager.RunTests: run tests started.
TpTrace Information: 0 : 31080, 1, 2024/04/23, 23:33:58.491, 5493003450919, vstest.console.dll, AssemblyMetadataProvider.GetFrameworkName: Determined framework:'.NETCoreApp,Version=v8.0' for source: 'C:\Users\VC\Downloads\Daily_progress\Day10\DoctorClinicSolution\DoctorClinicBLTester\bin\Debug\net8.0\fine-code-coverage\build-output\DoctorClinicBLTester.dll'
TpTrace Information: 0 : 31080, 1, 2024/04/23, 23:33:58.491, 5493003453474, vstest.console.dll, Determined framework for all sources: .NETCoreApp,Version=v8.0
TpTrace Verbose: 0 : 31080, 1, 2024/04/23, 23:33:58.491, 5493003458141, vstest.console.dll, TestRequestManager.UpdateRunSettingsIfRequired: Default architecture: X64 IsDefaultTargetArchitecture: True, Current process architecture: X64 OperatingSystem: Windows.
TpTrace Information: 0 : 31080, 1, 2024/04/23, 23:33:58.494, 5493003481340, vstest.console.dll, AssemblyMetadataProvider.GetArchitecture: Determined architecture:AnyCPU info for assembly: C:\Users\VC\Downloads\Daily_progress\Day10\DoctorClinicSolution\DoctorClinicBLTester\bin\Debug\net8.0\fine-code-coverage\build-output\DoctorClinicBLTester.dll
TpTrace Information: 0 : 31080, 1, 2024/04/23, 23:33:58.494, 5493003482384, vstest.console.dll, Determined platform for source 'C:\Users\VC\Downloads\Daily_progress\Day10\DoctorClinicSolution\DoctorClinicBLTester\bin\Debug\net8.0\fine-code-coverage\build-output\DoctorClinicBLTester.dll' was AnyCPU and it will use the default plaform X64.
TpTrace Information: 0 : 31080, 1, 2024/04/23, 23:33:58.494, 5493003482716, vstest.console.dll, None of the sources provided any runnable platform, using the default platform: X64
TpTrace Information: 0 : 31080, 1, 2024/04/23, 23:33:58.494, 5493003483852, vstest.console.dll, Platform was updated to 'X64'.
TpTrace Information: 0 : 31080, 1, 2024/04/23, 23:33:58.497, 5493003518480, vstest.console.dll, InferRunSettingsHelper.IsTestSettingsEnabled: Unable to navigate to RunSettings/MSTest. Current node: RunSettings
TpTrace Information: 0 : 31080, 1, 2024/04/23, 23:33:58.498, 5493003524548, vstest.console.dll, AssemblyResolver.OnResolve: Microsoft.VisualStudio.TestPlatform.Fakes: Resolving assembly.
TpTrace Information: 0 : 31080, 1, 2024/04/23, 23:33:58.498, 5493003525350, vstest.console.dll, AssemblyResolver.OnResolve: Microsoft.VisualStudio.TestPlatform.Fakes: Searching in: 'C:\Program Files\dotnet\sdk\8.0.204\Extensions'.
TpTrace Information: 0 : 31080, 1, 2024/04/23, 23:33:58.498, 5493003526185, vstest.console.dll, AssemblyResolver.OnResolve: Microsoft.VisualStudio.TestPlatform.Fakes: Assembly path does not exist: 'C:\Program Files\dotnet\sdk\8.0.204\Extensions\Microsoft.VisualStudio.TestPlatform.Fakes.dll', returning.
TpTrace Information: 0 : 31080, 1, 2024/04/23, 23:33:58.498, 5493003526862, vstest.console.dll, AssemblyResolver.OnResolve: Microsoft.VisualStudio.TestPlatform.Fakes: Assembly path does not exist: 'C:\Program Files\dotnet\sdk\8.0.204\Extensions\Microsoft.VisualStudio.TestPlatform.Fakes.exe', returning.
TpTrace Information: 0 : 31080, 1, 2024/04/23, 23:33:58.498, 5493003527163, vstest.console.dll, AssemblyResolver.OnResolve: Microsoft.VisualStudio.TestPlatform.Fakes: Searching in: 'C:\Program Files\dotnet\sdk\8.0.204'.
TpTrace Information: 0 : 31080, 1, 2024/04/23, 23:33:58.498, 5493003527660, vstest.console.dll, AssemblyResolver.OnResolve: Microsoft.VisualStudio.TestPlatform.Fakes: Assembly path does not exist: 'C:\Program Files\dotnet\sdk\8.0.204\Microsoft.VisualStudio.TestPlatform.Fakes.dll', returning.
TpTrace Information: 0 : 31080, 1, 2024/04/23, 23:33:58.498, 5493003528098, vstest.console.dll, AssemblyResolver.OnResolve: Microsoft.VisualStudio.TestPlatform.Fakes: Assembly path does not exist: 'C:\Program Files\dotnet\sdk\8.0.204\Microsoft.VisualStudio.TestPlatform.Fakes.exe', returning.
TpTrace Information: 0 : 31080, 1, 2024/04/23, 23:33:58.498, 5493003528448, vstest.console.dll, AssemblyResolver.OnResolve: Microsoft.VisualStudio.TestPlatform.Fakes: Failed to load assembly.
TpTrace Information: 0 : 31080, 1, 2024/04/23, 23:33:58.499, 5493003531115, vstest.console.dll, Failed to load assembly Microsoft.VisualStudio.TestPlatform.Fakes, Version=17.0.0.0, Culture=neutral. Reason:System.IO.FileNotFoundException: Could not load file or assembly 'Microsoft.VisualStudio.TestPlatform.Fakes, Version=17.0.0.0, Culture=neutral, PublicKeyToken=null'. The system cannot find the file specified.
File name: 'Microsoft.VisualStudio.TestPlatform.Fakes, Version=17.0.0.0, Culture=neutral, PublicKeyToken=null'
   at System.Reflection.RuntimeAssembly.InternalLoad(AssemblyName assemblyName, StackCrawlMark& stackMark, AssemblyLoadContext assemblyLoadContext, RuntimeAssembly requestingAssembly, Boolean throwOnFileNotFound)
   at System.Reflection.Assembly.Load(AssemblyName assemblyRef)
   at Microsoft.VisualStudio.TestPlatform.Common.Utilities.FakesUtilities.LoadTestPlatformAssembly() in /_/src/Microsoft.TestPlatform.Common/Utilities/FakesUtilities.cs:line 272
TpTrace Verbose: 0 : 31080, 1, 2024/04/23, 23:33:58.502, 5493003566140, vstest.console.dll, TestPluginCache.DiscoverTestExtensions: finding test extensions in assemblies ends with: TestLogger.dll TPluginInfo: Microsoft.VisualStudio.TestPlatform.Common.ExtensionFramework.Utilities.TestLoggerPluginInformation TExtension: Microsoft.VisualStudio.TestPlatform.ObjectModel.Client.ITestLogger
TpTrace Verbose: 0 : 31080, 1, 2024/04/23, 23:33:58.502, 5493003567759, vstest.console.dll, TestPluginCache.GetExtensionPaths: Filtered extension paths: 
TpTrace Verbose: 0 : 31080, 1, 2024/04/23, 23:33:58.502, 5493003568332, vstest.console.dll, TestPluginCache.GetExtensionPaths: Added default extension paths: C:\Program Files\dotnet\sdk\8.0.204\Extensions\Microsoft.Diagnostics.NETCore.Client.dll
C:\Program Files\dotnet\sdk\8.0.204\Extensions\Microsoft.TestPlatform.Extensions.BlameDataCollector.dll
C:\Program Files\dotnet\sdk\8.0.204\Extensions\Microsoft.TestPlatform.Extensions.EventLogCollector.dll
C:\Program Files\dotnet\sdk\8.0.204\Extensions\Microsoft.TestPlatform.TestHostRuntimeProvider.dll
C:\Program Files\dotnet\sdk\8.0.204\Extensions\Microsoft.VisualStudio.TestPlatform.Extensions.Html.TestLogger.dll
C:\Program Files\dotnet\sdk\8.0.204\Extensions\Microsoft.VisualStudio.TestPlatform.Extensions.Trx.TestLogger.dll
TpTrace Verbose: 0 : 31080, 1, 2024/04/23, 23:33:58.502, 5493003568771, vstest.console.dll, TestPluginCache.GetExtensionPaths: Added unfilterableExtensionPaths: 
TpTrace Information: 0 : 31080, 1, 2024/04/23, 23:33:58.503, 5493003570379, vstest.console.dll, AssemblyResolver.AddSearchDirectories: Adding more searchDirectories C:\Program Files\dotnet\sdk\8.0.204\Extensions,C:\Program Files\dotnet\sdk\8.0.204
TpTrace Verbose: 0 : 31080, 1, 2024/04/23, 23:33:58.503, 5493003570971, vstest.console.dll, TestPluginCache.DiscoverTestExtensions: Discovering the extensions using extension path.
TpTrace Verbose: 0 : 31080, 1, 2024/04/23, 23:33:58.503, 5493003571468, vstest.console.dll, TestPluginCache.GetExtensionPaths: Filtered extension paths: 
TpTrace Verbose: 0 : 31080, 1, 2024/04/23, 23:33:58.503, 5493003571934, vstest.console.dll, TestPluginCache.GetExtensionPaths: Added default extension paths: C:\Program Files\dotnet\sdk\8.0.204\Extensions\Microsoft.Diagnostics.NETCore.Client.dll
C:\Program Files\dotnet\sdk\8.0.204\Extensions\Microsoft.TestPlatform.Extensions.BlameDataCollector.dll
C:\Program Files\dotnet\sdk\8.0.204\Extensions\Microsoft.TestPlatform.Extensions.EventLogCollector.dll
C:\Program Files\dotnet\sdk\8.0.204\Extensions\Microsoft.TestPlatform.TestHostRuntimeProvider.dll
C:\Program Files\dotnet\sdk\8.0.204\Extensions\Microsoft.VisualStudio.TestPlatform.Extensions.Html.TestLogger.dll
C:\Program Files\dotnet\sdk\8.0.204\Extensions\Microsoft.VisualStudio.TestPlatform.Extensions.Trx.TestLogger.dll
TpTrace Verbose: 0 : 31080, 1, 2024/04/23, 23:33:58.503, 5493003572349, vstest.console.dll, TestPluginCache.GetExtensionPaths: Added unfilterableExtensionPaths: 
TpTrace Verbose: 0 : 31080, 1, 2024/04/23, 23:33:58.503, 5493003572840, vstest.console.dll, TestPluginCache.DiscoverTestExtensions: Discovering the extensions using allExtensionPaths: C:\Program Files\dotnet\sdk\8.0.204\Extensions\Microsoft.Diagnostics.NETCore.Client.dll
C:\Program Files\dotnet\sdk\8.0.204\Extensions\Microsoft.TestPlatform.Extensions.BlameDataCollector.dll
C:\Program Files\dotnet\sdk\8.0.204\Extensions\Microsoft.TestPlatform.Extensions.EventLogCollector.dll
C:\Program Files\dotnet\sdk\8.0.204\Extensions\Microsoft.TestPlatform.TestHostRuntimeProvider.dll
C:\Program Files\dotnet\sdk\8.0.204\Extensions\Microsoft.VisualStudio.TestPlatform.Extensions.Html.TestLogger.dll
C:\Program Files\dotnet\sdk\8.0.204\Extensions\Microsoft.VisualStudio.TestPlatform.Extensions.Trx.TestLogger.dll
TpTrace Information: 0 : 31080, 1, 2024/04/23, 23:33:58.503, 5493003574139, vstest.console.dll, AssemblyResolver.AddSearchDirectories: Adding more searchDirectories C:\Program Files\dotnet\sdk\8.0.204\Extensions,C:\Program Files\dotnet\sdk\8.0.204
TpTrace Information: 0 : 31080, 1, 2024/04/23, 23:33:58.503, 5493003574680, vstest.console.dll, AssemblyResolver.AddSearchDirectories: Adding more searchDirectories C:\Program Files\dotnet\sdk\8.0.204\Extensions,C:\Program Files\dotnet\sdk\8.0.204
TpTrace Information: 0 : 31080, 1, 2024/04/23, 23:33:58.503, 5493003575045, vstest.console.dll, AssemblyResolver.AddSearchDirectories: Adding more searchDirectories C:\Program Files\dotnet\sdk\8.0.204\Extensions,C:\Program Files\dotnet\sdk\8.0.204
TpTrace Information: 0 : 31080, 1, 2024/04/23, 23:33:58.503, 5493003575400, vstest.console.dll, AssemblyResolver.AddSearchDirectories: Adding more searchDirectories C:\Program Files\dotnet\sdk\8.0.204\Extensions,C:\Program Files\dotnet\sdk\8.0.204
TpTrace Information: 0 : 31080, 1, 2024/04/23, 23:33:58.503, 5493003575767, vstest.console.dll, AssemblyResolver.AddSearchDirectories: Adding more searchDirectories C:\Program Files\dotnet\sdk\8.0.204\Extensions,C:\Program Files\dotnet\sdk\8.0.204
TpTrace Information: 0 : 31080, 1, 2024/04/23, 23:33:58.503, 5493003576161, vstest.console.dll, AssemblyResolver.AddSearchDirectories: Adding more searchDirectories C:\Program Files\dotnet\sdk\8.0.204\Extensions,C:\Program Files\dotnet\sdk\8.0.204
TpTrace Verbose: 0 : 31080, 1, 2024/04/23, 23:33:58.503, 5493003577588, vstest.console.dll, MetadataReaderExtensionsHelper: Discovering extensions inside assembly 'Microsoft.Diagnostics.NETCore.Client, Version=0.2.9.2401, Culture=neutral, PublicKeyToken=31bf3856ad364e35' file path 'C:\Program Files\dotnet\sdk\8.0.204\Extensions\Microsoft.Diagnostics.NETCore.Client.dll'
TpTrace Information: 0 : 31080, 1, 2024/04/23, 23:33:58.504, 5493003587127, vstest.console.dll, AssemblyResolver.OnResolve: Microsoft.Bcl.AsyncInterfaces: Resolving assembly.
TpTrace Information: 0 : 31080, 1, 2024/04/23, 23:33:58.504, 5493003588215, vstest.console.dll, AssemblyResolver.OnResolve: Microsoft.Bcl.AsyncInterfaces: Resolved from cache.
TpTrace Verbose: 0 : 31080, 1, 2024/04/23, 23:33:58.504, 5493003588672, vstest.console.dll, CurrentDomainAssemblyResolve: Resolving assembly 'Microsoft.Bcl.AsyncInterfaces'.
TpTrace Information: 0 : 31080, 1, 2024/04/23, 23:33:58.504, 5493003589324, vstest.console.dll, AssemblyResolver.OnResolve: Microsoft.Bcl.AsyncInterfaces: Resolving assembly.
TpTrace Information: 0 : 31080, 1, 2024/04/23, 23:33:58.504, 5493003589828, vstest.console.dll, AssemblyResolver.OnResolve: Microsoft.Bcl.AsyncInterfaces: Resolved from cache.
TpTrace Verbose: 0 : 31080, 1, 2024/04/23, 23:33:58.504, 5493003590281, vstest.console.dll, CurrentDomainAssemblyResolve: Resolving assembly 'Microsoft.Bcl.AsyncInterfaces'.
TpTrace Verbose: 0 : 31080, 1, 2024/04/23, 23:33:58.505, 5493003590691, vstest.console.dll, CurrentDomainAssemblyResolve: Failed to resolve assembly 'Microsoft.Bcl.AsyncInterfaces'.
TpTrace Verbose: 0 : 31080, 1, 2024/04/23, 23:33:58.505, 5493003592620, vstest.console.dll, CurrentDomainAssemblyResolve: Failed to resolve assembly 'Microsoft.Bcl.AsyncInterfaces'.
TpTrace Warning: 0 : 31080, 1, 2024/04/23, 23:33:58.505, 5493003596480, vstest.console.dll, TestPluginDiscoverer: Failed to get types from assembly 'Microsoft.Diagnostics.NETCore.Client, Version=0.2.9.2401, Culture=neutral, PublicKeyToken=31bf3856ad364e35'. Error: System.Reflection.ReflectionTypeLoadException: Unable to load one or more of the requested types.
Could not load file or assembly 'Microsoft.Bcl.AsyncInterfaces, Version=6.0.0.0, Culture=neutral, PublicKeyToken=cc7b13ffcd2ddd51'. The system cannot find the file specified.
   at System.Reflection.RuntimeModule.GetTypes(RuntimeModule module)
   at System.Reflection.RuntimeModule.GetTypes()
   at Microsoft.VisualStudio.TestPlatform.Common.ExtensionFramework.TestPluginDiscoverer.GetTestExtensionsFromAssembly[TPluginInfo,TExtension](Assembly assembly, Dictionary`2 pluginInfos, String filePath) in /_/src/Microsoft.TestPlatform.Common/ExtensionFramework/TestPluginDiscoverer.cs:line 158
System.IO.FileNotFoundException: Could not load file or assembly 'Microsoft.Bcl.AsyncInterfaces, Version=6.0.0.0, Culture=neutral, PublicKeyToken=cc7b13ffcd2ddd51'. The system cannot find the file specified.
File name: 'Microsoft.Bcl.AsyncInterfaces, Version=6.0.0.0, Culture=neutral, PublicKeyToken=cc7b13ffcd2ddd51'
 ---> System.IO.FileNotFoundException: Could not load file or assembly 'Microsoft.Bcl.AsyncInterfaces, Culture=neutral, PublicKeyToken=null'. The system cannot find the file specified.
File name: 'Microsoft.Bcl.AsyncInterfaces, Culture=neutral, PublicKeyToken=null'
   at System.Reflection.RuntimeAssembly.InternalLoad(AssemblyName assemblyName, StackCrawlMark& stackMark, AssemblyLoadContext assemblyLoadContext, RuntimeAssembly requestingAssembly, Boolean throwOnFileNotFound)
   at System.Reflection.Assembly.Load(AssemblyName assemblyRef)
   at Microsoft.VisualStudio.TestPlatform.Common.ExtensionFramework.TestPluginCache.CurrentDomainAssemblyResolve(Object sender, AssemblyResolveEventArgs args) in /_/src/Microsoft.TestPlatform.Common/ExtensionFramework/TestPluginCache.cs:line 513
   at System.Runtime.Loader.AssemblyLoadContext.GetFirstResolvedAssemblyFromResolvingEvent(AssemblyName assemblyName)
   at System.Runtime.Loader.AssemblyLoadContext.ResolveUsingEvent(AssemblyName assemblyName)
   at System.Runtime.Loader.AssemblyLoadContext.ResolveUsingResolvingEvent(IntPtr gchManagedAssemblyLoadContext, AssemblyName assemblyName)
TpTrace Warning: 0 : 31080, 1, 2024/04/23, 23:33:58.505, 5493003599303, vstest.console.dll, LoaderExceptions: System.IO.FileNotFoundException: Could not load file or assembly 'Microsoft.Bcl.AsyncInterfaces, Version=6.0.0.0, Culture=neutral, PublicKeyToken=cc7b13ffcd2ddd51'. The system cannot find the file specified.
File name: 'Microsoft.Bcl.AsyncInterfaces, Version=6.0.0.0, Culture=neutral, PublicKeyToken=cc7b13ffcd2ddd51'
 ---> System.IO.FileNotFoundException: Could not load file or assembly 'Microsoft.Bcl.AsyncInterfaces, Culture=neutral, PublicKeyToken=null'. The system cannot find the file specified.
File name: 'Microsoft.Bcl.AsyncInterfaces, Culture=neutral, PublicKeyToken=null'
   at System.Reflection.RuntimeAssembly.InternalLoad(AssemblyName assemblyName, StackCrawlMark& stackMark, AssemblyLoadContext assemblyLoadContext, RuntimeAssembly requestingAssembly, Boolean throwOnFileNotFound)
   at System.Reflection.Assembly.Load(AssemblyName assemblyRef)
   at Microsoft.VisualStudio.TestPlatform.Common.ExtensionFramework.TestPluginCache.CurrentDomainAssemblyResolve(Object sender, AssemblyResolveEventArgs args) in /_/src/Microsoft.TestPlatform.Common/ExtensionFramework/TestPluginCache.cs:line 513
   at System.Runtime.Loader.AssemblyLoadContext.GetFirstResolvedAssemblyFromResolvingEvent(AssemblyName assemblyName)
   at System.Runtime.Loader.AssemblyLoadContext.ResolveUsingEvent(AssemblyName assemblyName)
   at System.Runtime.Loader.AssemblyLoadContext.ResolveUsingResolvingEvent(IntPtr gchManagedAssemblyLoadContext, AssemblyName assemblyName)
TpTrace Verbose: 0 : 31080, 1, 2024/04/23, 23:33:58.506, 5493003600726, vstest.console.dll, MetadataReaderExtensionsHelper: Discovering extensions inside assembly 'Microsoft.TestPlatform.Extensions.BlameDataCollector, Version=15.0.0.0, Culture=neutral, PublicKeyToken=b03f5f7f11d50a3a' file path 'C:\Program Files\dotnet\sdk\8.0.204\Extensions\Microsoft.TestPlatform.Extensions.BlameDataCollector.dll'
TpTrace Information: 0 : 31080, 1, 2024/04/23, 23:33:58.506, 5493003607337, vstest.console.dll, GetTestExtensionFromType: Register extension with identifier data 'logger://Microsoft/TestPlatform/Extensions/Blame/v1' and type 'Microsoft.TestPlatform.Extensions.BlameDataCollector.BlameLogger, Microsoft.TestPlatform.Extensions.BlameDataCollector, Version=15.0.0.0, Culture=neutral, PublicKeyToken=b03f5f7f11d50a3a' inside file 'C:\Program Files\dotnet\sdk\8.0.204\Extensions\Microsoft.TestPlatform.Extensions.BlameDataCollector.dll'
TpTrace Verbose: 0 : 31080, 1, 2024/04/23, 23:33:58.506, 5493003608522, vstest.console.dll, MetadataReaderExtensionsHelper: Discovering extensions inside assembly 'Microsoft.TestPlatform.Extensions.EventLogCollector, Version=15.0.0.0, Culture=neutral, PublicKeyToken=b03f5f7f11d50a3a' file path 'C:\Program Files\dotnet\sdk\8.0.204\Extensions\Microsoft.TestPlatform.Extensions.EventLogCollector.dll'
TpTrace Verbose: 0 : 31080, 1, 2024/04/23, 23:33:58.507, 5493003614482, vstest.console.dll, MetadataReaderExtensionsHelper: Discovering extensions inside assembly 'Microsoft.TestPlatform.TestHostRuntimeProvider, Version=15.0.0.0, Culture=neutral, PublicKeyToken=b03f5f7f11d50a3a' file path 'C:\Program Files\dotnet\sdk\8.0.204\Extensions\Microsoft.TestPlatform.TestHostRuntimeProvider.dll'
TpTrace Verbose: 0 : 31080, 1, 2024/04/23, 23:33:58.507, 5493003619113, vstest.console.dll, MetadataReaderExtensionsHelper: Discovering extensions inside assembly 'Microsoft.VisualStudio.TestPlatform.Extensions.Html.TestLogger, Version=15.0.0.0, Culture=neutral, PublicKeyToken=b03f5f7f11d50a3a' file path 'C:\Program Files\dotnet\sdk\8.0.204\Extensions\Microsoft.VisualStudio.TestPlatform.Extensions.Html.TestLogger.dll'
TpTrace Information: 0 : 31080, 1, 2024/04/23, 23:33:58.508, 5493003625375, vstest.console.dll, GetTestExtensionFromType: Register extension with identifier data 'logger://Microsoft/TestPlatform/HtmlLogger/v1' and type 'Microsoft.VisualStudio.TestPlatform.Extensions.HtmlLogger.HtmlLogger, Microsoft.VisualStudio.TestPlatform.Extensions.Html.TestLogger, Version=15.0.0.0, Culture=neutral, PublicKeyToken=b03f5f7f11d50a3a' inside file 'C:\Program Files\dotnet\sdk\8.0.204\Extensions\Microsoft.VisualStudio.TestPlatform.Extensions.Html.TestLogger.dll'
TpTrace Verbose: 0 : 31080, 1, 2024/04/23, 23:33:58.508, 5493003626179, vstest.console.dll, MetadataReaderExtensionsHelper: Discovering extensions inside assembly 'Microsoft.VisualStudio.TestPlatform.Extensions.Trx.TestLogger, Version=15.0.0.0, Culture=neutral, PublicKeyToken=b03f5f7f11d50a3a' file path 'C:\Program Files\dotnet\sdk\8.0.204\Extensions\Microsoft.VisualStudio.TestPlatform.Extensions.Trx.TestLogger.dll'
TpTrace Information: 0 : 31080, 1, 2024/04/23, 23:33:58.508, 5493003629747, vstest.console.dll, GetTestExtensionFromType: Register extension with identifier data 'logger://Microsoft/TestPlatform/TrxLogger/v1' and type 'Microsoft.VisualStudio.TestPlatform.Extensions.TrxLogger.TrxLogger, Microsoft.VisualStudio.TestPlatform.Extensions.Trx.TestLogger, Version=15.0.0.0, Culture=neutral, PublicKeyToken=b03f5f7f11d50a3a' inside file 'C:\Program Files\dotnet\sdk\8.0.204\Extensions\Microsoft.VisualStudio.TestPlatform.Extensions.Trx.TestLogger.dll'
TpTrace Verbose: 0 : 31080, 1, 2024/04/23, 23:33:58.509, 5493003630556, vstest.console.dll, TestPluginCache: Discovered the extensions using extension path ''.
TpTrace Verbose: 0 : 31080, 1, 2024/04/23, 23:33:58.509, 5493003630954, vstest.console.dll, TestPluginCache: Discoverers are ''.
TpTrace Verbose: 0 : 31080, 1, 2024/04/23, 23:33:58.509, 5493003631257, vstest.console.dll, TestPluginCache: Executors are ''.
TpTrace Verbose: 0 : 31080, 1, 2024/04/23, 23:33:58.509, 5493003631564, vstest.console.dll, TestPluginCache: Executors2 are ''.
TpTrace Verbose: 0 : 31080, 1, 2024/04/23, 23:33:58.509, 5493003631878, vstest.console.dll, TestPluginCache: Setting providers are ''.
TpTrace Verbose: 0 : 31080, 1, 2024/04/23, 23:33:58.509, 5493003632810, vstest.console.dll, TestPluginCache: Loggers are 'logger://Microsoft/TestPlatform/Extensions/Blame/v1,logger://Microsoft/TestPlatform/HtmlLogger/v1,logger://Microsoft/TestPlatform/TrxLogger/v1'.
TpTrace Verbose: 0 : 31080, 1, 2024/04/23, 23:33:58.509, 5493003633259, vstest.console.dll, TestPluginCache: TestHosts are 'HostProvider://DefaultTestHost,HostProvider://DotnetTestHost'.
TpTrace Verbose: 0 : 31080, 1, 2024/04/23, 23:33:58.509, 5493003633577, vstest.console.dll, TestPluginCache: DataCollectors are ''.
TpTrace Information: 0 : 31080, 1, 2024/04/23, 23:33:58.510, 5493003644370, vstest.console.dll, TestPluginManager.CreateTestExtension: Attempting to load test extension: Microsoft.TestPlatform.Extensions.BlameDataCollector.BlameLogger
TpTrace Verbose: 0 : 31080, 1, 2024/04/23, 23:33:58.521, 5493003758795, vstest.console.dll, TestEngine: Initializing Parallel Execution as MaxCpuCount is set to: 1
TpTrace Information: 0 : 31080, 1, 2024/04/23, 23:33:58.524, 5493003780870, vstest.console.dll, TestPluginManager.CreateTestExtension: Attempting to load test extension: Microsoft.VisualStudio.TestPlatform.CrossPlatEngine.Hosting.DefaultTestHostManager
TpTrace Information: 0 : 31080, 1, 2024/04/23, 23:33:58.525, 5493003794240, vstest.console.dll, TestPluginManager.CreateTestExtension: Attempting to load test extension: Microsoft.VisualStudio.TestPlatform.CrossPlatEngine.Hosting.DotnetTestHostManager
TpTrace Information: 0 : 31080, 1, 2024/04/23, 23:33:58.526, 5493003800767, vstest.console.dll, InferRunSettingsHelper.IsTestSettingsEnabled: Unable to navigate to RunSettings/MSTest. Current node: RunSettings
TpTrace Verbose: 0 : 31080, 1, 2024/04/23, 23:33:58.527, 5493003812936, vstest.console.dll, ParallelOperationManager.ClearSlots: Clearing all slots. Slots should accept more work: True
TpTrace Verbose: 0 : 31080, 1, 2024/04/23, 23:33:58.528, 5493003821002, vstest.console.dll, ParallelOperationManager.SetOccupiedSlotCount: Setting slot counts AvailableSlotCount = 1, OccupiedSlotCount = 0.
TpTrace Verbose: 0 : 31080, 1, 2024/04/23, 23:33:58.528, 5493003824630, vstest.console.dll, Occupied slots:

TpTrace Verbose: 0 : 31080, 1, 2024/04/23, 23:33:58.532, 5493003861421, vstest.console.dll, TestEngine.GetExecutionManager: Chosen execution manager 'Microsoft.VisualStudio.TestPlatform.CrossPlatEngine.Client.Parallel.ParallelProxyExecutionManager, Microsoft.TestPlatform.CrossPlatEngine, Version=15.0.0.0, Culture=neutral, PublicKeyToken=b03f5f7f11d50a3a' ParallelLevel '1'.
TpTrace Verbose: 0 : 31080, 1, 2024/04/23, 23:33:58.532, 5493003863138, vstest.console.dll, TestRunRequest.ExecuteAsync: Creating test run request.
TpTrace Verbose: 0 : 31080, 1, 2024/04/23, 23:33:58.532, 5493003865414, vstest.console.dll, TestRunRequest.ExecuteAsync: Starting.
TpTrace Information: 0 : 31080, 1, 2024/04/23, 23:33:58.533, 5493003879930, vstest.console.dll, TestRunRequest.ExecuteAsync: Starting run with settings:TestRunCriteria:
   KeepAlive=False,FrequencyOfRunStatsChangeEvent=10,RunStatsChangeEventTimeout=00:00:01.5000000,TestCaseFilter=,TestExecutorLauncher=
   Settingsxml=<RunSettings>
  <RunConfiguration>
    <ResultsDirectory>C:\Users\VC\Downloads\Daily_progress\Day10\DoctorClinicSolution\DoctorClinicBLTester\bin\Debug\net8.0\fine-code-coverage\coverage-tool-output</ResultsDirectory>
    <TargetPlatform>X64</TargetPlatform>
    <TargetFrameworkVersion>.NETCoreApp,Version=v8.0</TargetFrameworkVersion>
    <DesignMode>False</DesignMode>
    <CollectSourceInformation>False</CollectSourceInformation>
  </RunConfiguration>
  <LoggerRunSettings>
    <Loggers>
      <Logger friendlyName="blame" enabled="True" />
      <Logger friendlyName="Console" uri="logger://microsoft/TestPlatform/ConsoleLogger/v1" assemblyQualifiedName="Microsoft.VisualStudio.TestPlatform.CommandLine.Internal.ConsoleLogger, vstest.console, Version=15.0.0.0, Culture=neutral, PublicKeyToken=b03f5f7f11d50a3a" codeBase="C:\Program Files\dotnet\sdk\8.0.204\vstest.console.dll" enabled="True" />
    </Loggers>
  </LoggerRunSettings>
  <DataCollectionRunSettings>
    <DataCollectors>
      <DataCollector friendlyName="blame" enabled="True">
        <Configuration>
          <ResultsDirectory>C:\Users\VC\Downloads\Daily_progress\Day10\DoctorClinicSolution\DoctorClinicBLTester\bin\Debug\net8.0\fine-code-coverage\coverage-tool-output</ResultsDirectory>
        </Configuration>
      </DataCollector>
    </DataCollectors>
  </DataCollectionRunSettings>
</RunSettings>

TpTrace Verbose: 0 : 31080, 1, 2024/04/23, 23:33:58.534, 5493003880993, vstest.console.dll, TestRunRequest.ExecuteAsync: Wait for the first run request is over.
TpTrace Verbose: 0 : 31080, 1, 2024/04/23, 23:33:58.534, 5493003884775, vstest.console.dll, MulticastDelegateUtilities.SafeInvoke: TestRun.TestRunStart: Invoking callbacks was skipped because there are no subscribers.
TpTrace Verbose: 0 : 31080, 4, 2024/04/23, 23:33:58.534, 5493003889838, vstest.console.dll, MulticastDelegateUtilities.SafeInvoke: InternalTestLoggerEvents.SendTestRunStart: Invoking callback 1/1 for Microsoft.VisualStudio.TestPlatform.CommandLine.Internal.ConsoleLogger., took 0 ms.
TpTrace Verbose: 0 : 31080, 1, 2024/04/23, 23:33:58.535, 5493003897753, vstest.console.dll, ParallelProxyExecutionManager: Start execution. Total sources: 1
TpTrace Verbose: 0 : 31080, 1, 2024/04/23, 23:33:58.536, 5493003902052, vstest.console.dll, ParallelOperationManager.StartWork: Starting adding 1 workloads.
TpTrace Verbose: 0 : 31080, 1, 2024/04/23, 23:33:58.536, 5493003902875, vstest.console.dll, ParallelOperationManager.ClearSlots: Clearing all slots. Slots should accept more work: True
TpTrace Verbose: 0 : 31080, 1, 2024/04/23, 23:33:58.536, 5493003903690, vstest.console.dll, ParallelOperationManager.SetOccupiedSlotCount: Setting slot counts AvailableSlotCount = 1, OccupiedSlotCount = 0.
TpTrace Verbose: 0 : 31080, 1, 2024/04/23, 23:33:58.536, 5493003904194, vstest.console.dll, Occupied slots:

TpTrace Verbose: 0 : 31080, 1, 2024/04/23, 23:33:58.537, 5493003920111, vstest.console.dll, TestRequestSender is acting as server.
TpTrace Verbose: 0 : 31080, 1, 2024/04/23, 23:33:58.539, 5493003939232, vstest.console.dll, ParallelOperationManager.RunWorkInParallel: Adding 1 workload to slot, remaining workloads 0.
TpTrace Verbose: 0 : 31080, 1, 2024/04/23, 23:33:58.539, 5493003940171, vstest.console.dll, ParallelOperationManager.SetOccupiedSlotCount: Setting slot counts AvailableSlotCount = 0, OccupiedSlotCount = 1.
TpTrace Verbose: 0 : 31080, 1, 2024/04/23, 23:33:58.540, 5493003941458, vstest.console.dll, Occupied slots:
0: C:\Users\VC\Downloads\Daily_progress\Day10\DoctorClinicSolution\DoctorClinicBLTester\bin\Debug\net8.0\fine-code-coverage\build-output\DoctorClinicBLTester.dll
TpTrace Verbose: 0 : 31080, 1, 2024/04/23, 23:33:58.541, 5493003955960, vstest.console.dll, ParallelOperationManager.RunWorkInParallel: Started host in slot number 0 for work (source): C:\Users\VC\Downloads\Daily_progress\Day10\DoctorClinicSolution\DoctorClinicBLTester\bin\Debug\net8.0\fine-code-coverage\build-output\DoctorClinicBLTester.dll.
TpTrace Verbose: 0 : 31080, 1, 2024/04/23, 23:33:58.543, 5493003973750, vstest.console.dll, ParallelOperationManager.RunWorkInParallel: We started 1 work items, which is the max parallel level. Won't start more work.
TpTrace Verbose: 0 : 31080, 1, 2024/04/23, 23:33:58.543, 5493003974748, vstest.console.dll, ParallelOperationManager.RunWorkInParallel: We started 1 work items in here, returning True.
TpTrace Information: 0 : 31080, 1, 2024/04/23, 23:33:58.543, 5493003975211, vstest.console.dll, TestRunRequest.ExecuteAsync: Started.
TpTrace Verbose: 0 : 31080, 5, 2024/04/23, 23:33:58.543, 5493003976475, vstest.console.dll, ParallelProxyExecutionManager.StartTestRunOnConcurrentManager: Initializing uninitialized client. Started clients: 0
TpTrace Verbose: 0 : 31080, 5, 2024/04/23, 23:33:58.543, 5493003979418, vstest.console.dll, DataCollectionRequestSender.InitializeCommunication : Initialize communication. 
TpTrace Verbose: 0 : 31080, 1, 2024/04/23, 23:33:58.544, 5493003983477, vstest.console.dll, TestRunRequest.WaitForCompletion: Waiting with timeout -1.
TpTrace Information: 0 : 31080, 5, 2024/04/23, 23:33:58.555, 5493004096027, vstest.console.dll, Listening on Endpoint : 127.0.0.1:51607
TpTrace Verbose: 0 : 31080, 5, 2024/04/23, 23:33:58.563, 5493004177717, vstest.console.dll, DotnetDataCollectionLauncher: Adding  --runtimeconfig "C:\Program Files\dotnet\sdk\8.0.204\datacollector.runtimeconfig.json" in args
TpTrace Verbose: 0 : 31080, 5, 2024/04/23, 23:33:58.563, 5493004179595, vstest.console.dll, DotnetDataCollectionLauncher: Adding  --depsfile "C:\Program Files\dotnet\sdk\8.0.204\datacollector.deps.json" in args
TpTrace Verbose: 0 : 31080, 5, 2024/04/23, 23:33:58.564, 5493004190034, vstest.console.dll, DotnetDataCollectionLauncher: Full path of dotnet.exe is C:\Program Files\dotnet\dotnet.exe
TpTrace Information: 0 : 31080, 5, 2024/04/23, 23:33:58.574, 5493004286127, vstest.console.dll, ProxyDataCollectionManager.Initialize: Launched datacollector processId: 28644 port: 51607
TpTrace Information: 0 : 31080, 5, 2024/04/23, 23:33:58.574, 5493004288610, vstest.console.dll, ProxyDataCollectionManager.Initialize: waiting for connection with timeout: 90 seconds
TpTrace Verbose: 0 : 31080, 5, 2024/04/23, 23:33:58.575, 5493004290353, vstest.console.dll, DataCollectionRequestSender.WaitForRequestHandlerConnection : Waiting for connection with timeout: 90000
TpTrace Information: 0 : 31080, 7, 2024/04/23, 23:33:58.802, 5493006562613, vstest.console.dll, Using the buffer size of 16384 bytes
TpTrace Verbose: 0 : 31080, 5, 2024/04/23, 23:33:58.802, 5493006562998, vstest.console.dll, SocketCommunicationManager.WaitForClientConnection took: 227 ms, with 90000 ms timeout, and finished with True.
TpTrace Information: 0 : 31080, 7, 2024/04/23, 23:33:58.802, 5493006564738, vstest.console.dll, Accepted Client request and set the flag
TpTrace Verbose: 0 : 31080, 5, 2024/04/23, 23:33:58.802, 5493006567383, vstest.console.dll, ProxyDataCollectionManager.InvokeDataCollectionServiceAction: Starting.
TpTrace Information: 0 : 31080, 5, 2024/04/23, 23:33:58.802, 5493006569173, vstest.console.dll, ProxyDataCollectionManager.BeforeTestRunStart: Get environment variable and port for datacollector processId: 28644 port: 51607
TpTrace Verbose: 0 : 31080, 5, 2024/04/23, 23:33:58.803, 5493006571887, vstest.console.dll, DataCollectionRequestSender.SendBeforeTestRunStartAndGetResult: Send BeforeTestRunStart message with settingsXml <RunSettings><RunConfiguration><ResultsDirectory>C:\Users\VC\Downloads\Daily_progress\Day10\DoctorClinicSolution\DoctorClinicBLTester\bin\Debug\net8.0\fine-code-coverage\coverage-tool-output</ResultsDirectory><TargetPlatform>X64</TargetPlatform><TargetFrameworkVersion>.NETCoreApp,Version=v8.0</TargetFrameworkVersion><DesignMode>False</DesignMode><CollectSourceInformation>False</CollectSourceInformation><TestAdaptersPaths>C:\Program Files\dotnet\sdk\8.0.204\Extensions</TestAdaptersPaths></RunConfiguration><LoggerRunSettings><Loggers><Logger friendlyName="blame" enabled="True" /><Logger friendlyName="Console" uri="logger://microsoft/TestPlatform/ConsoleLogger/v1" assemblyQualifiedName="Microsoft.VisualStudio.TestPlatform.CommandLine.Internal.ConsoleLogger, vstest.console, Version=15.0.0.0, Culture=neutral, PublicKeyToken=b03f5f7f11d50a3a" codeBase="C:\Program Files\dotnet\sdk\8.0.204\vstest.console.dll" enabled="True" /></Loggers></LoggerRunSettings><DataCollectionRunSettings><DataCollectors><DataCollector friendlyName="blame" enabled="True"><Configuration><ResultsDirectory>C:\Users\VC\Downloads\Daily_progress\Day10\DoctorClinicSolution\DoctorClinicBLTester\bin\Debug\net8.0\fine-code-coverage\coverage-tool-output</ResultsDirectory></Configuration></DataCollector></DataCollectors></DataCollectionRunSettings></RunSettings> and sources System.Collections.Generic.List`1[System.String]: 
TpTrace Verbose: 0 : 31080, 5, 2024/04/23, 23:33:58.874, 5493007284397, vstest.console.dll, DataCollectionRequestSender.SendBeforeTestRunStartAndGetResult: Received message: (DataCollection.SendMessage) -> {"MessageType":"DataCollection.SendMessage","Payload":{"FriendlyName":null,"Uri":null,"TestCaseId":"00000000-0000-0000-0000-000000000000","Message":"Logging DataCollector Diagnostics in file: C:\\Users\\VC\\Downloads\\Daily_progress\\Day10\\DoctorClinicSolution\\DoctorClinicBLTester\\bin\\Debug\\net8.0\\fine-code-coverage\\coverage-tool-output\\diagnostics.datacollector.24-04-23_23-33-58_56341_5.log","Level":0}}
TpTrace Verbose: 0 : 31080, 5, 2024/04/23, 23:33:59.004, 5493008589534, vstest.console.dll, DataCollectionRequestSender.SendBeforeTestRunStartAndGetResult: Received message: (DataCollection.BeforeTestRunStartResult) -> {"MessageType":"DataCollection.BeforeTestRunStartResult","Payload":{"EnvironmentVariables":{},"DataCollectionEventsPort":51609}}
TpTrace Information: 0 : 31080, 5, 2024/04/23, 23:33:59.010, 5493008648512, vstest.console.dll, ProxyDataCollectionManager.BeforeTestRunStart: SendBeforeTestRunStartAndGetResult successful, env variable from datacollector:   and testhost port: 51609
TpTrace Information: 0 : 31080, 5, 2024/04/23, 23:33:59.010, 5493008650014, vstest.console.dll, ProxyDataCollectionManager.InvokeDataCollectionServiceAction: Completed.
TpTrace Verbose: 0 : 31080, 5, 2024/04/23, 23:33:59.011, 5493008650637, vstest.console.dll, ParallelProxyExecutionManager.StartTestRunOnConcurrentManager: Initializing test run. Started clients: 0
TpTrace Verbose: 0 : 31080, 5, 2024/04/23, 23:33:59.011, 5493008651655, vstest.console.dll, ProxyExecutionManager: Test host is always Lazy initialize.
TpTrace Verbose: 0 : 31080, 5, 2024/04/23, 23:33:59.011, 5493008654456, vstest.console.dll, TestRequestSender.InitializeCommunication: initialize communication. 
TpTrace Information: 0 : 31080, 5, 2024/04/23, 23:33:59.012, 5493008661246, vstest.console.dll, SocketServer.Start: Listening on endpoint : 127.0.0.1:51610
TpTrace Verbose: 0 : 31080, 5, 2024/04/23, 23:33:59.013, 5493008670853, vstest.console.dll, DotnetTestHostmanager.GetTestHostProcessStartInfo: Platform environment 'X64' target architecture 'X64' framework '.NETCoreApp,Version=v8.0' OS 'Windows'
TpTrace Verbose: 0 : 31080, 5, 2024/04/23, 23:33:59.013, 5493008673346, vstest.console.dll, DotnetTestHostmanager: Adding  --runtimeconfig "C:\Users\VC\Downloads\Daily_progress\Day10\DoctorClinicSolution\DoctorClinicBLTester\bin\Debug\net8.0\fine-code-coverage\build-output\DoctorClinicBLTester.runtimeconfig.json" in args
TpTrace Verbose: 0 : 31080, 5, 2024/04/23, 23:33:59.013, 5493008674439, vstest.console.dll, DotnetTestHostmanager: Adding  --depsfile "C:\Users\VC\Downloads\Daily_progress\Day10\DoctorClinicSolution\DoctorClinicBLTester\bin\Debug\net8.0\fine-code-coverage\build-output\DoctorClinicBLTester.deps.json" in args
TpTrace Verbose: 0 : 31080, 5, 2024/04/23, 23:33:59.013, 5493008678559, vstest.console.dll, DotnetTestHostmanager.IsWinOnArm: Current PROCESSOR_ARCHITECTURE from environment variable 'AMD64'
TpTrace Verbose: 0 : 31080, 5, 2024/04/23, 23:33:59.013, 5493008680041, vstest.console.dll, DotnetTestHostmanager.IsWinOnArm: Is Windows on ARM 'False'
TpTrace Verbose: 0 : 31080, 5, 2024/04/23, 23:33:59.014, 5493008681935, vstest.console.dll, DotnetTestHostManager: testhost.exe found at path: C:\Users\VC\Downloads\Daily_progress\Day10\DoctorClinicSolution\DoctorClinicBLTester\bin\Debug\net8.0\fine-code-coverage\build-output\testhost.exe
TpTrace Verbose: 0 : 31080, 5, 2024/04/23, 23:33:59.014, 5493008682897, vstest.console.dll, DotnetTestHostmanager: Full path of host exe is C:\Users\VC\Downloads\Daily_progress\Day10\DoctorClinicSolution\DoctorClinicBLTester\bin\Debug\net8.0\fine-code-coverage\build-output\testhost.exe
TpTrace Verbose: 0 : 31080, 5, 2024/04/23, 23:33:59.014, 5493008685004, vstest.console.dll, DotnetTestHostmanager.LaunchTestHostAsync: Found 'VSTEST_WINAPPHOST_DOTNET_ROOT' in env variables, value 'C:\Program Files\dotnet', forwarding to 'DOTNET_ROOT'
TpTrace Verbose: 0 : 31080, 5, 2024/04/23, 23:33:59.014, 5493008687047, vstest.console.dll, DotnetTestHostManager: Starting process 'C:\Users\VC\Downloads\Daily_progress\Day10\DoctorClinicSolution\DoctorClinicBLTester\bin\Debug\net8.0\fine-code-coverage\build-output\testhost.exe' with command line ' --runtimeconfig "C:\Users\VC\Downloads\Daily_progress\Day10\DoctorClinicSolution\DoctorClinicBLTester\bin\Debug\net8.0\fine-code-coverage\build-output\DoctorClinicBLTester.runtimeconfig.json" --depsfile "C:\Users\VC\Downloads\Daily_progress\Day10\DoctorClinicSolution\DoctorClinicBLTester\bin\Debug\net8.0\fine-code-coverage\build-output\DoctorClinicBLTester.deps.json" --port 51610 --endpoint 127.0.0.1:051610 --role client --parentprocessid 31080 --diag "C:\Users\VC\Downloads\Daily_progress\Day10\DoctorClinicSolution\DoctorClinicBLTester\bin\Debug\net8.0\fine-code-coverage\coverage-tool-output\diagnostics.host.24-04-23_23-33-59_01261_5.log" --tracelevel 4 --datacollectionport 51609 --telemetryoptedin false'
TpTrace Verbose: 0 : 31080, 5, 2024/04/23, 23:33:59.024, 5493008785890, vstest.console.dll, MulticastDelegateUtilities.SafeInvoke: HostProviderEvents.OnHostLaunched: Invoking callback 1/2 for Microsoft.VisualStudio.TestPlatform.CrossPlatEngine.Client.ProxyExecutionManagerWithDataCollection., took 1 ms.
TpTrace Verbose: 0 : 31080, 5, 2024/04/23, 23:33:59.025, 5493008792869, vstest.console.dll, Test Runtime launched
TpTrace Verbose: 0 : 31080, 5, 2024/04/23, 23:33:59.025, 5493008795084, vstest.console.dll, MulticastDelegateUtilities.SafeInvoke: HostProviderEvents.OnHostLaunched: Invoking callback 2/2 for Microsoft.VisualStudio.TestPlatform.CrossPlatEngine.Client.ProxyOperationManager., took 0 ms.
TpTrace Verbose: 0 : 31080, 5, 2024/04/23, 23:33:59.025, 5493008797993, vstest.console.dll, TestRequestSender.WaitForRequestHandlerConnection: waiting for connection with timeout: 90000.
TpTrace Verbose: 0 : 31080, 5, 2024/04/23, 23:33:59.367, 5493012213672, vstest.console.dll, TestRequestSender.WaitForRequestHandlerConnection: waiting took 341 ms, with timeout 90000 ms, and result 0, which is success.
TpTrace Verbose: 0 : 31080, 7, 2024/04/23, 23:33:59.367, 5493012213715, vstest.console.dll, MulticastDelegateUtilities.SafeInvoke: SocketServer: ClientConnected: Invoking callback 1/1 for Microsoft.VisualStudio.TestPlatform.CommunicationUtilities.TestRequestSender., took 0 ms.
TpTrace Verbose: 0 : 31080, 7, 2024/04/23, 23:33:59.367, 5493012217567, vstest.console.dll, SocketServer.OnClientConnected: Client connected for endPoint: 127.0.0.1:51610, starting MessageLoopAsync:
TpTrace Verbose: 0 : 31080, 7, 2024/04/23, 23:33:59.368, 5493012226187, vstest.console.dll, TcpClientExtensions.MessageLoopAsync: Polling on remoteEndPoint: 127.0.0.1:51611 localEndPoint: 127.0.0.1:51610 after 0 ms
TpTrace Verbose: 0 : 31080, 5, 2024/04/23, 23:33:59.370, 5493012240974, vstest.console.dll, TestRequestSender.CheckVersionWithTestHost: Sending check version message: {"MessageType":"ProtocolVersion","Payload":7}
TpTrace Verbose: 0 : 31080, 7, 2024/04/23, 23:33:59.507, 5493013612941, vstest.console.dll, TcpClientExtensions.MessageLoopAsync: NotifyDataAvailable remoteEndPoint: 127.0.0.1:51611 localEndPoint: 127.0.0.1:51610
TpTrace Verbose: 0 : 31080, 7, 2024/04/23, 23:33:59.507, 5493013616959, vstest.console.dll, TestRequestSender.CheckVersionWithTestHost: onMessageReceived received message: (ProtocolVersion) -> {"MessageType":"ProtocolVersion","Payload":7}
TpTrace Verbose: 0 : 31080, 7, 2024/04/23, 23:33:59.508, 5493013625202, vstest.console.dll, MulticastDelegateUtilities.SafeInvoke: LengthPrefixCommunicationChannel: MessageReceived: Invoking callback 1/1 for Microsoft.VisualStudio.TestPlatform.CommunicationUtilities.TestRequestSender+<>c__DisplayClass29_0., took 0 ms.
TpTrace Verbose: 0 : 31080, 7, 2024/04/23, 23:33:59.508, 5493013626426, vstest.console.dll, TcpClientExtensions.MessageLoopAsync: Polling on remoteEndPoint: 127.0.0.1:51611 localEndPoint: 127.0.0.1:51610 after 139 ms
TpTrace Verbose: 0 : 31080, 5, 2024/04/23, 23:33:59.508, 5493013627247, vstest.console.dll, TestPluginCache.GetExtensionPaths: Filtered extension paths: 
TpTrace Verbose: 0 : 31080, 5, 2024/04/23, 23:33:59.508, 5493013629275, vstest.console.dll, TestPluginCache.GetExtensionPaths: Added default extension paths: C:\Program Files\dotnet\sdk\8.0.204\Extensions\Microsoft.Diagnostics.NETCore.Client.dll
C:\Program Files\dotnet\sdk\8.0.204\Extensions\Microsoft.TestPlatform.Extensions.BlameDataCollector.dll
C:\Program Files\dotnet\sdk\8.0.204\Extensions\Microsoft.TestPlatform.Extensions.EventLogCollector.dll
C:\Program Files\dotnet\sdk\8.0.204\Extensions\Microsoft.TestPlatform.TestHostRuntimeProvider.dll
C:\Program Files\dotnet\sdk\8.0.204\Extensions\Microsoft.VisualStudio.TestPlatform.Extensions.Html.TestLogger.dll
C:\Program Files\dotnet\sdk\8.0.204\Extensions\Microsoft.VisualStudio.TestPlatform.Extensions.Trx.TestLogger.dll
TpTrace Verbose: 0 : 31080, 5, 2024/04/23, 23:33:59.509, 5493013630657, vstest.console.dll, TestPluginCache.GetExtensionPaths: Added unfilterableExtensionPaths: 
TpTrace Verbose: 0 : 31080, 5, 2024/04/23, 23:33:59.514, 5493013685520, vstest.console.dll, TestRequestSender.InitializeExecution: Sending initialize execution with message: {"Version":7,"MessageType":"TestExecution.Initialize","Payload":["C:\\Users\\VC\\Downloads\\Daily_progress\\Day10\\DoctorClinicSolution\\DoctorClinicBLTester\\bin\\Debug\\net8.0\\fine-code-coverage\\build-output\\NUnit3.TestAdapter.dll"]}
TpTrace Verbose: 0 : 31080, 5, 2024/04/23, 23:33:59.514, 5493013688663, vstest.console.dll, ParallelProxyExecutionManager.StartTestRunOnConcurrentManager: Execution starting. Started clients: 1
TpTrace Verbose: 0 : 31080, 5, 2024/04/23, 23:33:59.515, 5493013693770, vstest.console.dll, TestRunRequest:SendTestRunMessage: Starting.
TpTrace Verbose: 0 : 31080, 5, 2024/04/23, 23:33:59.515, 5493013696981, vstest.console.dll, MulticastDelegateUtilities.SafeInvoke: TestRun.LogMessages: Invoking callback 1/1 for Microsoft.VisualStudio.TestPlatform.CommandLine.TestRunResultAggregator., took 0 ms.
TpTrace Information: 0 : 31080, 5, 2024/04/23, 23:33:59.515, 5493013698052, vstest.console.dll, TestRunRequest:SendTestRunMessage: Completed.
TpTrace Verbose: 0 : 31080, 4, 2024/04/23, 23:33:59.515, 5493013700215, vstest.console.dll, MulticastDelegateUtilities.SafeInvoke: InternalTestLoggerEvents.SendTestRunMessage: Invoking callback 1/1 for Microsoft.VisualStudio.TestPlatform.CommandLine.Internal.ConsoleLogger., took 0 ms.
TpTrace Warning: 0 : 31080, 5, 2024/04/23, 23:33:59.516, 5493013706103, vstest.console.dll, InferRunSettingsHelper.MakeRunsettingsCompatible: Removing the following settings: TargetPlatform from RunSettings file. To use those settings please move to latest version of Microsoft.NET.Test.Sdk
TpTrace Verbose: 0 : 31080, 7, 2024/04/23, 23:33:59.517, 5493013719189, vstest.console.dll, TcpClientExtensions.MessageLoopAsync: NotifyDataAvailable remoteEndPoint: 127.0.0.1:51611 localEndPoint: 127.0.0.1:51610
TpTrace Verbose: 0 : 31080, 7, 2024/04/23, 23:33:59.518, 5493013728195, vstest.console.dll, TestRequestSender.OnExecutionMessageReceived: Received message: {"Version":7,"MessageType":"TestSession.Message","Payload":{"MessageLevel":0,"Message":"Logging TestHost Diagnostics in file: C:\\Users\\VC\\Downloads\\Daily_progress\\Day10\\DoctorClinicSolution\\DoctorClinicBLTester\\bin\\Debug\\net8.0\\fine-code-coverage\\coverage-tool-output\\diagnostics.host.24-04-23_23-33-59_01261_5.log"}}
TpTrace Verbose: 0 : 31080, 7, 2024/04/23, 23:33:59.523, 5493013775440, vstest.console.dll, TestRunRequest:SendTestRunMessage: Starting.
TpTrace Verbose: 0 : 31080, 7, 2024/04/23, 23:33:59.523, 5493013779223, vstest.console.dll, MulticastDelegateUtilities.SafeInvoke: TestRun.LogMessages: Invoking callback 1/1 for Microsoft.VisualStudio.TestPlatform.CommandLine.TestRunResultAggregator., took 0 ms.
TpTrace Verbose: 0 : 31080, 4, 2024/04/23, 23:33:59.523, 5493013779454, vstest.console.dll, MulticastDelegateUtilities.SafeInvoke: InternalTestLoggerEvents.SendTestRunMessage: Invoking callback 1/1 for Microsoft.VisualStudio.TestPlatform.CommandLine.Internal.ConsoleLogger., took 0 ms.
TpTrace Information: 0 : 31080, 7, 2024/04/23, 23:33:59.524, 5493013780545, vstest.console.dll, TestRunRequest:SendTestRunMessage: Completed.
TpTrace Verbose: 0 : 31080, 7, 2024/04/23, 23:33:59.524, 5493013784017, vstest.console.dll, MulticastDelegateUtilities.SafeInvoke: LengthPrefixCommunicationChannel: MessageReceived: Invoking callback 1/1 for Microsoft.VisualStudio.TestPlatform.CommunicationUtilities.TestRequestSender+<>c__DisplayClass34_0., took 6 ms.
TpTrace Verbose: 0 : 31080, 7, 2024/04/23, 23:33:59.524, 5493013785143, vstest.console.dll, TcpClientExtensions.MessageLoopAsync: Polling on remoteEndPoint: 127.0.0.1:51611 localEndPoint: 127.0.0.1:51610 after 15 ms
TpTrace Verbose: 0 : 31080, 5, 2024/04/23, 23:33:59.536, 5493013909397, vstest.console.dll, TestRequestSender.StartTestRun: Sending test run with message: {"Version":7,"MessageType":"TestExecution.StartWithSources","Payload":{"AdapterSourceMap":{"_none_":["C:\\Users\\VC\\Downloads\\Daily_progress\\Day10\\DoctorClinicSolution\\DoctorClinicBLTester\\bin\\Debug\\net8.0\\fine-code-coverage\\build-output\\DoctorClinicBLTester.dll"]},"RunSettings":"<RunSettings>\r\n  <RunConfiguration>\r\n    <ResultsDirectory>C:\\Users\\VC\\Downloads\\Daily_progress\\Day10\\DoctorClinicSolution\\DoctorClinicBLTester\\bin\\Debug\\net8.0\\fine-code-coverage\\coverage-tool-output</ResultsDirectory>\r\n    <TargetFrameworkVersion>.NETCoreApp,Version=v8.0</TargetFrameworkVersion>\r\n    <DesignMode>False</DesignMode>\r\n    <CollectSourceInformation>False</CollectSourceInformation>\r\n  </RunConfiguration>\r\n  <LoggerRunSettings>\r\n    <Loggers>\r\n      <Logger friendlyName=\"blame\" enabled=\"True\" />\r\n      <Logger friendlyName=\"Console\" uri=\"logger://microsoft/TestPlatform/ConsoleLogger/v1\" assemblyQualifiedName=\"Microsoft.VisualStudio.TestPlatform.CommandLine.Internal.ConsoleLogger, vstest.console, Version=15.0.0.0, Culture=neutral, PublicKeyToken=b03f5f7f11d50a3a\" codeBase=\"C:\\Program Files\\dotnet\\sdk\\8.0.204\\vstest.console.dll\" enabled=\"True\" />\r\n    </Loggers>\r\n  </LoggerRunSettings>\r\n  <DataCollectionRunSettings>\r\n    <DataCollectors>\r\n      <DataCollector friendlyName=\"blame\" enabled=\"True\">\r\n        <Configuration>\r\n          <ResultsDirectory>C:\\Users\\VC\\Downloads\\Daily_progress\\Day10\\DoctorClinicSolution\\DoctorClinicBLTester\\bin\\Debug\\net8.0\\fine-code-coverage\\coverage-tool-output</ResultsDirectory>\r\n        </Configuration>\r\n      </DataCollector>\r\n    </DataCollectors>\r\n  </DataCollectionRunSettings>\r\n</RunSettings>","TestExecutionContext":{"FrequencyOfRunStatsChangeEvent":10,"RunStatsChangeEventTimeout":"00:00:01.5000000","InIsolation":false,"KeepAlive":false,"AreTestCaseLevelEventsRequired":false,"IsDebug":false,"TestCaseFilter":null,"FilterOptions":null},"Package":null}}
TpTrace Verbose: 0 : 31080, 5, 2024/04/23, 23:33:59.537, 5493013914021, vstest.console.dll, ParallelProxyExecutionManager.StartTestRunOnConcurrentManager: Execution started. Started clients: 1
TpTrace Verbose: 0 : 31080, 7, 2024/04/23, 23:33:59.755, 5493016090422, vstest.console.dll, TcpClientExtensions.MessageLoopAsync: NotifyDataAvailable remoteEndPoint: 127.0.0.1:51611 localEndPoint: 127.0.0.1:51610
TpTrace Verbose: 0 : 31080, 7, 2024/04/23, 23:33:59.755, 5493016098297, vstest.console.dll, TestRequestSender.OnExecutionMessageReceived: Received message: {"Version":7,"MessageType":"TestSession.Message","Payload":{"MessageLevel":0,"Message":"NUnit Adapter 4.5.0.0: Test execution started"}}
TpTrace Verbose: 0 : 31080, 7, 2024/04/23, 23:33:59.756, 5493016104061, vstest.console.dll, TestRunRequest:SendTestRunMessage: Starting.
TpTrace Verbose: 0 : 31080, 7, 2024/04/23, 23:33:59.756, 5493016106146, vstest.console.dll, MulticastDelegateUtilities.SafeInvoke: TestRun.LogMessages: Invoking callback 1/1 for Microsoft.VisualStudio.TestPlatform.CommandLine.TestRunResultAggregator., took 0 ms.
TpTrace Information: 0 : 31080, 7, 2024/04/23, 23:33:59.756, 5493016107071, vstest.console.dll, TestRunRequest:SendTestRunMessage: Completed.
TpTrace Verbose: 0 : 31080, 7, 2024/04/23, 23:33:59.756, 5493016108034, vstest.console.dll, MulticastDelegateUtilities.SafeInvoke: LengthPrefixCommunicationChannel: MessageReceived: Invoking callback 1/1 for Microsoft.VisualStudio.TestPlatform.CommunicationUtilities.TestRequestSender+<>c__DisplayClass34_0., took 1 ms.
TpTrace Verbose: 0 : 31080, 7, 2024/04/23, 23:33:59.756, 5493016109003, vstest.console.dll, TcpClientExtensions.MessageLoopAsync: Polling on remoteEndPoint: 127.0.0.1:51611 localEndPoint: 127.0.0.1:51610 after 232 ms
TpTrace Verbose: 0 : 31080, 4, 2024/04/23, 23:33:59.756, 5493016107068, vstest.console.dll, MulticastDelegateUtilities.SafeInvoke: InternalTestLoggerEvents.SendTestRunMessage: Invoking callback 1/1 for Microsoft.VisualStudio.TestPlatform.CommandLine.Internal.ConsoleLogger., took 0 ms.
TpTrace Verbose: 0 : 31080, 7, 2024/04/23, 23:33:59.801, 5493016553176, vstest.console.dll, TcpClientExtensions.MessageLoopAsync: NotifyDataAvailable remoteEndPoint: 127.0.0.1:51611 localEndPoint: 127.0.0.1:51610
TpTrace Verbose: 0 : 31080, 7, 2024/04/23, 23:33:59.801, 5493016555718, vstest.console.dll, TestRequestSender.OnExecutionMessageReceived: Received message: {"Version":7,"MessageType":"TestSession.Message","Payload":{"MessageLevel":0,"Message":"Running all tests in C:\\Users\\VC\\Downloads\\Daily_progress\\Day10\\DoctorClinicSolution\\DoctorClinicBLTester\\bin\\Debug\\net8.0\\fine-code-coverage\\build-output\\DoctorClinicBLTester.dll"}}
TpTrace Verbose: 0 : 31080, 7, 2024/04/23, 23:33:59.801, 5493016557685, vstest.console.dll, TestRunRequest:SendTestRunMessage: Starting.
TpTrace Verbose: 0 : 31080, 7, 2024/04/23, 23:33:59.801, 5493016558550, vstest.console.dll, MulticastDelegateUtilities.SafeInvoke: TestRun.LogMessages: Invoking callback 1/1 for Microsoft.VisualStudio.TestPlatform.CommandLine.TestRunResultAggregator., took 0 ms.
TpTrace Information: 0 : 31080, 7, 2024/04/23, 23:33:59.801, 5493016559004, vstest.console.dll, TestRunRequest:SendTestRunMessage: Completed.
TpTrace Verbose: 0 : 31080, 4, 2024/04/23, 23:33:59.801, 5493016559240, vstest.console.dll, MulticastDelegateUtilities.SafeInvoke: InternalTestLoggerEvents.SendTestRunMessage: Invoking callback 1/1 for Microsoft.VisualStudio.TestPlatform.CommandLine.Internal.ConsoleLogger., took 0 ms.
TpTrace Verbose: 0 : 31080, 7, 2024/04/23, 23:33:59.801, 5493016559470, vstest.console.dll, MulticastDelegateUtilities.SafeInvoke: LengthPrefixCommunicationChannel: MessageReceived: Invoking callback 1/1 for Microsoft.VisualStudio.TestPlatform.CommunicationUtilities.TestRequestSender+<>c__DisplayClass34_0., took 0 ms.
TpTrace Verbose: 0 : 31080, 7, 2024/04/23, 23:33:59.802, 5493016561504, vstest.console.dll, TcpClientExtensions.MessageLoopAsync: Polling on remoteEndPoint: 127.0.0.1:51611 localEndPoint: 127.0.0.1:51610 after 45 ms
TpTrace Verbose: 0 : 31080, 7, 2024/04/23, 23:33:59.936, 5493017901159, vstest.console.dll, TcpClientExtensions.MessageLoopAsync: NotifyDataAvailable remoteEndPoint: 127.0.0.1:51611 localEndPoint: 127.0.0.1:51610
TpTrace Verbose: 0 : 31080, 7, 2024/04/23, 23:33:59.936, 5493017904286, vstest.console.dll, TestRequestSender.OnExecutionMessageReceived: Received message: {"Version":7,"MessageType":"TestSession.Message","Payload":{"MessageLevel":0,"Message":"   NUnit3TestExecutor discovered 25 of 25 NUnit test cases using Current Discovery mode, Non-Explicit run"}}
TpTrace Verbose: 0 : 31080, 7, 2024/04/23, 23:33:59.936, 5493017906535, vstest.console.dll, TestRunRequest:SendTestRunMessage: Starting.
TpTrace Verbose: 0 : 31080, 7, 2024/04/23, 23:33:59.936, 5493017907579, vstest.console.dll, MulticastDelegateUtilities.SafeInvoke: TestRun.LogMessages: Invoking callback 1/1 for Microsoft.VisualStudio.TestPlatform.CommandLine.TestRunResultAggregator., took 0 ms.
TpTrace Information: 0 : 31080, 7, 2024/04/23, 23:33:59.936, 5493017908206, vstest.console.dll, TestRunRequest:SendTestRunMessage: Completed.
TpTrace Verbose: 0 : 31080, 4, 2024/04/23, 23:33:59.936, 5493017909200, vstest.console.dll, MulticastDelegateUtilities.SafeInvoke: InternalTestLoggerEvents.SendTestRunMessage: Invoking callback 1/1 for Microsoft.VisualStudio.TestPlatform.CommandLine.Internal.ConsoleLogger., took 0 ms.
TpTrace Verbose: 0 : 31080, 7, 2024/04/23, 23:33:59.936, 5493017910043, vstest.console.dll, MulticastDelegateUtilities.SafeInvoke: LengthPrefixCommunicationChannel: MessageReceived: Invoking callback 1/1 for Microsoft.VisualStudio.TestPlatform.CommunicationUtilities.TestRequestSender+<>c__DisplayClass34_0., took 0 ms.
TpTrace Verbose: 0 : 31080, 7, 2024/04/23, 23:33:59.937, 5493017913155, vstest.console.dll, TcpClientExtensions.MessageLoopAsync: Polling on remoteEndPoint: 127.0.0.1:51611 localEndPoint: 127.0.0.1:51610 after 135 ms
TpTrace Verbose: 0 : 31080, 7, 2024/04/23, 23:34:00.219, 5493020737099, vstest.console.dll, TcpClientExtensions.MessageLoopAsync: NotifyDataAvailable remoteEndPoint: 127.0.0.1:51611 localEndPoint: 127.0.0.1:51610
TpTrace Verbose: 0 : 31080, 7, 2024/04/23, 23:34:00.220, 5493020745908, vstest.console.dll, TestRequestSender.OnExecutionMessageReceived: Received message: {"Version":7,"MessageType":"TestExecution.StatsChange","Payload":{"NewTestResults":[{"TestCase":{"Id":"c6d2ecb1-837e-4ac3-91ef-8bab84a31c7a","FullyQualifiedName":"DoctorClinicBLTester.DoctorClinicBLTest.AddDoctor_EmptyName_Fail","DisplayName":"AddDoctor_EmptyName_Fail","ExecutorUri":"executor://NUnit3TestExecutor","Source":"C:\\Users\\VC\\Downloads\\Daily_progress\\Day10\\DoctorClinicSolution\\DoctorClinicBLTester\\bin\\Debug\\net8.0\\fine-code-coverage\\build-output\\DoctorClinicBLTester.dll","CodeFilePath":null,"LineNumber":0,"Properties":[{"Key":{"Id":"NUnit.Seed","Label":"Seed","Category":"","Description":"","Attributes":0,"ValueType":"System.String"},"Value":"329817772"}]},"Attachments":[],"Outcome":2,"ErrorMessage":"  Expected: <System.ArgumentException>\r\n  But was:  null\r\n","ErrorStackTrace":"   at DoctorClinicBLTester.DoctorClinicBLTest.AddDoctor_EmptyName_Fail() in C:\\Users\\VC\\Downloads\\Daily_progress\\Day10\\DoctorClinicSolution\\DoctorClinicBLTester\\DoctorBLTest.cs:line 185\r\n\n1)    at DoctorClinicBLTester.DoctorClinicBLTest.AddDoctor_EmptyName_Fail() in C:\\Users\\VC\\Downloads\\Daily_progress\\Day10\\DoctorClinicSolution\\DoctorClinicBLTester\\DoctorBLTest.cs:line 185\r\n\n","DisplayName":"AddDoctor_EmptyName_Fail","Messages":[],"ComputerName":"DESKTOP-CSTE29I","Duration":"00:00:00.1041490","StartTime":"2024-04-23T18:03:59.9678175+00:00","EndTime":"2024-04-23T18:04:00.0718798+00:00","Properties":[{"Key":{"Id":"NUnit.Seed","Label":"Seed","Category":"","Description":"","Attributes":0,"ValueType":"System.String"},"Value":"329817772"}]},{"TestCase":{"Id":"f7bdb129-2483-4cc0-e466-cb85bd73399d","FullyQualifiedName":"DoctorClinicBLTester.DoctorClinicBLTest.AddDoctor_Exception","DisplayName":"AddDoctor_Exception","ExecutorUri":"executor://NUnit3TestExecutor","Source":"C:\\Users\\VC\\Downloads\\Daily_progress\\Day10\\DoctorClinicSolution\\DoctorClinicBLTester\\bin\\Debug\\net8.0\\fine-code-coverage\\build-output\\DoctorClinicBLTester.dll","CodeFilePath":null,"LineNumber":0,"Properties":[{"Key":{"Id":"NUnit.Seed","Label":"Seed","Category":"","Description":"","Attributes":0,"ValueType":"System.String"},"Value":"15500282"}]},"Attachments":[],"Outcome":2,"ErrorMessage":"  Expected: <System.Exception>\r\n  But was:  null\r\n","ErrorStackTrace":"   at DoctorClinicBLTester.DoctorClinicBLTest.AddDoctor_Exception() in C:\\Users\\VC\\Downloads\\Daily_progress\\Day10\\DoctorClinicSolution\\DoctorClinicBLTester\\DoctorBLTest.cs:line 60\r\n\n1)    at DoctorClinicBLTester.DoctorClinicBLTest.AddDoctor_Exception() in C:\\Users\\VC\\Downloads\\Daily_progress\\Day10\\DoctorClinicSolution\\DoctorClinicBLTester\\DoctorBLTest.cs:line 60\r\n\n","DisplayName":"AddDoctor_Exception","Messages":[],"ComputerName":"DESKTOP-CSTE29I","Duration":"00:00:00.0012160","StartTime":"2024-04-23T18:04:00.0737624+00:00","EndTime":"2024-04-23T18:04:00.0749778+00:00","Properties":[{"Key":{"Id":"NUnit.Seed","Label":"Seed","Category":"","Description":"","Attributes":0,"ValueType":"System.String"},"Value":"15500282"}]},{"TestCase":{"Id":"1dec1f4c-8fc5-c2d5-3752-1f071a35a5ce","FullyQualifiedName":"DoctorClinicBLTester.DoctorClinicBLTest.AddDoctor_Fail","DisplayName":"AddDoctor_Fail","ExecutorUri":"executor://NUnit3TestExecutor","Source":"C:\\Users\\VC\\Downloads\\Daily_progress\\Day10\\DoctorClinicSolution\\DoctorClinicBLTester\\bin\\Debug\\net8.0\\fine-code-coverage\\build-output\\DoctorClinicBLTester.dll","CodeFilePath":null,"LineNumber":0,"Properties":[{"Key":{"Id":"NUnit.Seed","Label":"Seed","Category":"","Description":"","Attributes":0,"ValueType":"System.String"},"Value":"894347128"}]},"Attachments":[],"Outcome":2,"ErrorMessage":"  Expected: null\r\n  But was:  <DoctorClinicModel.Doctor>\r\n","ErrorStackTrace":"   at DoctorClinicBLTester.DoctorClinicBLTest.AddDoctor_Fail() in C:\\Users\\VC\\Downloads\\Daily_progress\\Day10\\DoctorClinicSolution\\DoctorClinicBLTester\\DoctorBLTest.cs:line 50\r\n\n1)    at DoctorClinicBLTester.DoctorClinicBLTest.AddDoctor_Fail() in C:\\Users\\VC\\Downloads\\Daily_progress\\Day10\\DoctorClinicSolution\\DoctorClinicBLTester\\DoctorBLTest.cs:line 50\r\n\n","DisplayName":"AddDoctor_Fail","Messages":[],"ComputerName":"DESKTOP-CSTE29I","Duration":"00:00:00.0010420","StartTime":"2024-04-23T18:04:00.0750096+00:00","EndTime":"2024-04-23T18:04:00.0760509+00:00","Properties":[{"Key":{"Id":"NUnit.Seed","Label":"Seed","Category":"","Description":"","Attributes":0,"ValueType":"System.String"},"Value":"894347128"}]},{"TestCase":{"Id":"3e80eb7c-ef21-521e-a47e-e8ce3b9c4c63","FullyQualifiedName":"DoctorClinicBLTester.DoctorClinicBLTest.DeleteDoctor_Exception","DisplayName":"DeleteDoctor_Exception","ExecutorUri":"executor://NUnit3TestExecutor","Source":"C:\\Users\\VC\\Downloads\\Daily_progress\\Day10\\DoctorClinicSolution\\DoctorClinicBLTester\\bin\\Debug\\net8.0\\fine-code-coverage\\build-output\\DoctorClinicBLTester.dll","CodeFilePath":null,"LineNumber":0,"Properties":[{"Key":{"Id":"NUnit.Seed","Label":"Seed","Category":"","Description":"","Attributes":0,"ValueType":"System.String"},"Value":"1069509373"}]},"Attachments":[],"Outcome":2,"ErrorMessage":"  Expected: <System.Exception>\r\n  But was:  null\r\n","ErrorStackTrace":"   at DoctorClinicBLTester.DoctorClinicBLTest.DeleteDoctor_Exception() in C:\\Users\\VC\\Downloads\\Daily_progress\\Day10\\DoctorClinicSolution\\DoctorClinicBLTester\\DoctorBLTest.cs:line 176\r\n\n1)    at DoctorClinicBLTester.DoctorClinicBLTest.DeleteDoctor_Exception() in C:\\Users\\VC\\Downloads\\Daily_progress\\Day10\\DoctorClinicSolution\\DoctorClinicBLTester\\DoctorBLTest.cs:line 176\r\n\n","DisplayName":"DeleteDoctor_Exception","Messages":[],"ComputerName":"DESKTOP-CSTE29I","Duration":"00:00:00.0010140","StartTime":"2024-04-23T18:04:00.076074+00:00","EndTime":"2024-04-23T18:04:00.0770881+00:00","Properties":[{"Key":{"Id":"NUnit.Seed","Label":"Seed","Category":"","Description":"","Attributes":0,"ValueType":"System.String"},"Value":"1069509373"}]},{"TestCase":{"Id":"451be63a-d901-076e-ebba-82cec2a7a320","FullyQualifiedName":"DoctorClinicBLTester.DoctorClinicBLTest.DeleteDoctor_Fail","DisplayName":"DeleteDoctor_Fail","ExecutorUri":"executor://NUnit3TestExecutor","Source":"C:\\Users\\VC\\Downloads\\Daily_progress\\Day10\\DoctorClinicSolution\\DoctorClinicBLTester\\bin\\Debug\\net8.0\\fine-code-coverage\\build-output\\DoctorClinicBLTester.dll","CodeFilePath":null,"LineNumber":0,"Properties":[{"Key":{"Id":"NUnit.Seed","Label":"Seed","Category":"","Description":"","Attributes":0,"ValueType":"System.String"},"Value":"1975825536"}]},"Attachments":[],"Outcome":1,"ErrorMessage":null,"ErrorStackTrace":null,"DisplayName":"DeleteDoctor_Fail","Messages":[],"ComputerName":"DESKTOP-CSTE29I","Duration":"00:00:00.0008620","StartTime":"2024-04-23T18:04:00.0771087+00:00","EndTime":"2024-04-23T18:04:00.0779706+00:00","Properties":[{"Key":{"Id":"NUnit.Seed","Label":"Seed","Category":"","Description":"","Attributes":0,"ValueType":"System.String"},"Value":"1975825536"}]},{"TestCase":{"Id":"c1809c65-02f6-2f46-7e86-0a60b2e6ac18","FullyQualifiedName":"DoctorClinicBLTester.DoctorClinicBLTest.DeleteDoctor_Pass","DisplayName":"DeleteDoctor_Pass","ExecutorUri":"executor://NUnit3TestExecutor","Source":"C:\\Users\\VC\\Downloads\\Daily_progress\\Day10\\DoctorClinicSolution\\DoctorClinicBLTester\\bin\\Debug\\net8.0\\fine-code-coverage\\build-output\\DoctorClinicBLTester.dll","CodeFilePath":null,"LineNumber":0,"Properties":[{"Key":{"Id":"NUnit.Seed","Label":"Seed","Category":"","Description":"","Attributes":0,"ValueType":"System.String"},"Value":"27486153"}]},"Attachments":[],"Outcome":2,"ErrorMessage":"  Expected: True\r\n  But was:  False\r\n","ErrorStackTrace":"   at DoctorClinicBLTester.DoctorClinicBLTest.DeleteDoctor_Pass() in C:\\Users\\VC\\Downloads\\Daily_progress\\Day10\\DoctorClinicSolution\\DoctorClinicBLTester\\DoctorBLTest.cs:line 156\r\n\n1)    at DoctorClinicBLTester.DoctorClinicBLTest.DeleteDoctor_Pass() in C:\\Users\\VC\\Downloads\\Daily_progress\\Day10\\DoctorClinicSolution\\DoctorClinicBLTester\\DoctorBLTest.cs:line 156\r\n\n","DisplayName":"DeleteDoctor_Pass","Messages":[],"ComputerName":"DESKTOP-CSTE29I","Duration":"00:00:00.0010590","StartTime":"2024-04-23T18:04:00.0780103+00:00","EndTime":"2024-04-23T18:04:00.0790694+00:00","Properties":[{"Key":{"Id":"NUnit.Seed","Label":"Seed","Category":"","Description":"","Attributes":0,"ValueType":"System.String"},"Value":"27486153"}]},{"TestCase":{"Id":"2707c358-f6a6-39f6-2c17-9a0000e88f22","FullyQualifiedName":"DoctorClinicBLTester.DoctorClinicBLTest.GetAllDoctors_Pass","DisplayName":"GetAllDoctors_Pass","ExecutorUri":"executor://NUnit3TestExecutor","Source":"C:\\Users\\VC\\Downloads\\Daily_progress\\Day10\\DoctorClinicSolution\\DoctorClinicBLTester\\bin\\Debug\\net8.0\\fine-code-coverage\\build-output\\DoctorClinicBLTester.dll","CodeFilePath":null,"LineNumber":0,"Properties":[{"Key":{"Id":"NUnit.Seed","Label":"Seed","Category":"","Description":"","Attributes":0,"ValueType":"System.String"},"Value":"1787647930"}]},"Attachments":[],"Outcome":2,"ErrorMessage":"  Expected: <DoctorClinicModel.Doctor>\r\n  But was:  <DoctorClinicModel.Doctor>\r\n","ErrorStackTrace":"   at DoctorClinicBLTester.DoctorClinicBLTest.GetAllDoctors_Pass() in C:\\Users\\VC\\Downloads\\Daily_progress\\Day10\\DoctorClinicSolution\\DoctorClinicBLTester\\DoctorBLTest.cs:line 107\r\n\n1)    at DoctorClinicBLTester.DoctorClinicBLTest.GetAllDoctors_Pass() in C:\\Users\\VC\\Downloads\\Daily_progress\\Day10\\DoctorClinicSolution\\DoctorClinicBLTester\\DoctorBLTest.cs:line 107\r\n\n","DisplayName":"GetAllDoctors_Pass","Messages":[],"ComputerName":"DESKTOP-CSTE29I","Duration":"00:00:00.0138880","StartTime":"2024-04-23T18:04:00.0790929+00:00","EndTime":"2024-04-23T18:04:00.0929804+00:00","Properties":[{"Key":{"Id":"NUnit.Seed","Label":"Seed","Category":"","Description":"","Attributes":0,"ValueType":"System.String"},"Value":"1787647930"}]},{"TestCase":{"Id":"19dbe18b-0730-ac89-a570-75d436ddca82","FullyQualifiedName":"DoctorClinicBLTester.DoctorClinicBLTest.GetDoctor_Exception","DisplayName":"GetDoctor_Exception","ExecutorUri":"executor://NUnit3TestExecutor","Source":"C:\\Users\\VC\\Downloads\\Daily_progress\\Day10\\DoctorClinicSolution\\DoctorClinicBLTester\\bin\\Debug\\net8.0\\fine-code-coverage\\build-output\\DoctorClinicBLTester.dll","CodeFilePath":null,"LineNumber":0,"Properties":[{"Key":{"Id":"NUnit.Seed","Label":"Seed","Category":"","Description":"","Attributes":0,"ValueType":"System.String"},"Value":"58712099"}]},"Attachments":[],"Outcome":2,"ErrorMessage":"  Expected: <System.Exception>\r\n  But was:  null\r\n","ErrorStackTrace":"   at DoctorClinicBLTester.DoctorClinicBLTest.GetDoctor_Exception() in C:\\Users\\VC\\Downloads\\Daily_progress\\Day10\\DoctorClinicSolution\\DoctorClinicBLTester\\DoctorBLTest.cs:line 90\r\n\n1)    at DoctorClinicBLTester.DoctorClinicBLTest.GetDoctor_Exception() in C:\\Users\\VC\\Downloads\\Daily_progress\\Day10\\DoctorClinicSolution\\DoctorClinicBLTester\\DoctorBLTest.cs:line 90\r\n\n","DisplayName":"GetDoctor_Exception","Messages":[],"ComputerName":"DESKTOP-CSTE29I","Duration":"00:00:00.0010150","StartTime":"2024-04-23T18:04:00.0930137+00:00","EndTime":"2024-04-23T18:04:00.0940256+00:00","Properties":[{"Key":{"Id":"NUnit.Seed","Label":"Seed","Category":"","Description":"","Attributes":0,"ValueType":"System.String"},"Value":"58712099"}]},{"TestCase":{"Id":"aee26862-d74d-a80f-a7e8-c1abda348170","FullyQualifiedName":"DoctorClinicBLTester.DoctorClinicBLTest.GetDoctor_Fail","DisplayName":"GetDoctor_Fail","ExecutorUri":"executor://NUnit3TestExecutor","Source":"C:\\Users\\VC\\Downloads\\Daily_progress\\Day10\\DoctorClinicSolution\\DoctorClinicBLTester\\bin\\Debug\\net8.0\\fine-code-coverage\\build-output\\DoctorClinicBLTester.dll","CodeFilePath":null,"LineNumber":0,"Properties":[{"Key":{"Id":"NUnit.Seed","Label":"Seed","Category":"","Description":"","Attributes":0,"ValueType":"System.String"},"Value":"1184618779"}]},"Attachments":[],"Outcome":1,"ErrorMessage":null,"ErrorStackTrace":null,"DisplayName":"GetDoctor_Fail","Messages":[],"ComputerName":"DESKTOP-CSTE29I","Duration":"00:00:00.0003110","StartTime":"2024-04-23T18:04:00.0940584+00:00","EndTime":"2024-04-23T18:04:00.0943692+00:00","Properties":[{"Key":{"Id":"NUnit.Seed","Label":"Seed","Category":"","Description":"","Attributes":0,"ValueType":"System.String"},"Value":"1184618779"}]}],"TestRunStatistics":{"ExecutedTests":9,"Stats":{"Failed":7,"Passed":2}},"ActiveTests":[{"Id":"adf40727-e3fd-504a-92a7-5533567f985c","FullyQualifiedName":"DoctorClinicBLTester.DoctorClinicBLTest.GetDoctor_Pass","DisplayName":"GetDoctor_Pass","ExecutorUri":"executor://NUnit3TestExecutor","Source":"C:\\Users\\VC\\Downloads\\Daily_progress\\Day10\\DoctorClinicSolution\\DoctorClinicBLTester\\bin\\Debug\\net8.0\\fine-code-coverage\\build-output\\DoctorClinicBLTester.dll","CodeFilePath":null,"LineNumber":0,"Properties":[{"Key":{"Id":"NUnit.Seed","Label":"Seed","Category":"","Description":"","Attributes":0,"ValueType":"System.String"},"Value":"1347267390"}]}]}}
TpTrace Verbose: 0 : 31080, 7, 2024/04/23, 23:34:00.255, 5493021095180, vstest.console.dll, TestRunRequest:SendTestRunStatsChange: Starting.
TpTrace Verbose: 0 : 31080, 7, 2024/04/23, 23:34:00.255, 5493021098093, vstest.console.dll, InProgress is GetDoctor_Pass
TpTrace Verbose: 0 : 31080, 7, 2024/04/23, 23:34:00.256, 5493021103021, vstest.console.dll, MulticastDelegateUtilities.SafeInvoke: TestRun.RunStatsChanged: Invoking callbacks was skipped because there are no subscribers.
TpTrace Information: 0 : 31080, 7, 2024/04/23, 23:34:00.256, 5493021103869, vstest.console.dll, TestRunRequest:SendTestRunStatsChange: Completed.
TpTrace Verbose: 0 : 31080, 7, 2024/04/23, 23:34:00.256, 5493021104328, vstest.console.dll, MulticastDelegateUtilities.SafeInvoke: LengthPrefixCommunicationChannel: MessageReceived: Invoking callback 1/1 for Microsoft.VisualStudio.TestPlatform.CommunicationUtilities.TestRequestSender+<>c__DisplayClass34_0., took 35 ms.
TpTrace Verbose: 0 : 31080, 7, 2024/04/23, 23:34:00.256, 5493021105280, vstest.console.dll, TcpClientExtensions.MessageLoopAsync: Polling on remoteEndPoint: 127.0.0.1:51611 localEndPoint: 127.0.0.1:51610 after 319 ms
TpTrace Verbose: 0 : 31080, 4, 2024/04/23, 23:34:00.260, 5493021144956, vstest.console.dll, MulticastDelegateUtilities.SafeInvoke: InternalTestLoggerEvents.SendTestResult: Invoking callback 1/1 for Microsoft.VisualStudio.TestPlatform.CommandLine.Internal.ConsoleLogger., took 4 ms.
TpTrace Verbose: 0 : 31080, 4, 2024/04/23, 23:34:00.261, 5493021156055, vstest.console.dll, MulticastDelegateUtilities.SafeInvoke: InternalTestLoggerEvents.SendTestResult: Invoking callback 1/1 for Microsoft.VisualStudio.TestPlatform.CommandLine.Internal.ConsoleLogger., took 0 ms.
TpTrace Verbose: 0 : 31080, 4, 2024/04/23, 23:34:00.262, 5493021161510, vstest.console.dll, MulticastDelegateUtilities.SafeInvoke: InternalTestLoggerEvents.SendTestResult: Invoking callback 1/1 for Microsoft.VisualStudio.TestPlatform.CommandLine.Internal.ConsoleLogger., took 0 ms.
TpTrace Verbose: 0 : 31080, 4, 2024/04/23, 23:34:00.262, 5493021168862, vstest.console.dll, MulticastDelegateUtilities.SafeInvoke: InternalTestLoggerEvents.SendTestResult: Invoking callback 1/1 for Microsoft.VisualStudio.TestPlatform.CommandLine.Internal.ConsoleLogger., took 0 ms.
TpTrace Verbose: 0 : 31080, 4, 2024/04/23, 23:34:00.263, 5493021171851, vstest.console.dll, MulticastDelegateUtilities.SafeInvoke: InternalTestLoggerEvents.SendTestResult: Invoking callback 1/1 for Microsoft.VisualStudio.TestPlatform.CommandLine.Internal.ConsoleLogger., took 0 ms.
TpTrace Verbose: 0 : 31080, 4, 2024/04/23, 23:34:00.263, 5493021176920, vstest.console.dll, MulticastDelegateUtilities.SafeInvoke: InternalTestLoggerEvents.SendTestResult: Invoking callback 1/1 for Microsoft.VisualStudio.TestPlatform.CommandLine.Internal.ConsoleLogger., took 0 ms.
TpTrace Verbose: 0 : 31080, 4, 2024/04/23, 23:34:00.264, 5493021182901, vstest.console.dll, MulticastDelegateUtilities.SafeInvoke: InternalTestLoggerEvents.SendTestResult: Invoking callback 1/1 for Microsoft.VisualStudio.TestPlatform.CommandLine.Internal.ConsoleLogger., took 0 ms.
TpTrace Verbose: 0 : 31080, 4, 2024/04/23, 23:34:00.264, 5493021188948, vstest.console.dll, MulticastDelegateUtilities.SafeInvoke: InternalTestLoggerEvents.SendTestResult: Invoking callback 1/1 for Microsoft.VisualStudio.TestPlatform.CommandLine.Internal.ConsoleLogger., took 0 ms.
TpTrace Verbose: 0 : 31080, 4, 2024/04/23, 23:34:00.264, 5493021190241, vstest.console.dll, MulticastDelegateUtilities.SafeInvoke: InternalTestLoggerEvents.SendTestResult: Invoking callback 1/1 for Microsoft.VisualStudio.TestPlatform.CommandLine.Internal.ConsoleLogger., took 0 ms.
TpTrace Verbose: 0 : 31080, 7, 2024/04/23, 23:34:00.276, 5493021307128, vstest.console.dll, TcpClientExtensions.MessageLoopAsync: NotifyDataAvailable remoteEndPoint: 127.0.0.1:51611 localEndPoint: 127.0.0.1:51610
TpTrace Verbose: 0 : 31080, 7, 2024/04/23, 23:34:00.277, 5493021315184, vstest.console.dll, TestRequestSender.OnExecutionMessageReceived: Received message: {"Version":7,"MessageType":"TestExecution.StatsChange","Payload":{"NewTestResults":[{"TestCase":{"Id":"adf40727-e3fd-504a-92a7-5533567f985c","FullyQualifiedName":"DoctorClinicBLTester.DoctorClinicBLTest.GetDoctor_Pass","DisplayName":"GetDoctor_Pass","ExecutorUri":"executor://NUnit3TestExecutor","Source":"C:\\Users\\VC\\Downloads\\Daily_progress\\Day10\\DoctorClinicSolution\\DoctorClinicBLTester\\bin\\Debug\\net8.0\\fine-code-coverage\\build-output\\DoctorClinicBLTester.dll","CodeFilePath":null,"LineNumber":0,"Properties":[{"Key":{"Id":"NUnit.Seed","Label":"Seed","Category":"","Description":"","Attributes":0,"ValueType":"System.String"},"Value":"1347267390"}]},"Attachments":[],"Outcome":2,"ErrorMessage":"  Expected: <DoctorClinicModel.Doctor>\r\n  But was:  null\r\n","ErrorStackTrace":"   at DoctorClinicBLTester.DoctorClinicBLTest.GetDoctor_Pass() in C:\\Users\\VC\\Downloads\\Daily_progress\\Day10\\DoctorClinicSolution\\DoctorClinicBLTester\\DoctorBLTest.cs:line 73\r\n\n1)    at DoctorClinicBLTester.DoctorClinicBLTest.GetDoctor_Pass() in C:\\Users\\VC\\Downloads\\Daily_progress\\Day10\\DoctorClinicSolution\\DoctorClinicBLTester\\DoctorBLTest.cs:line 73\r\n\n","DisplayName":"GetDoctor_Pass","Messages":[],"ComputerName":"DESKTOP-CSTE29I","Duration":"00:00:00.0007630","StartTime":"2024-04-23T18:04:00.0943954+00:00","EndTime":"2024-04-23T18:04:00.095158+00:00","Properties":[{"Key":{"Id":"NUnit.Seed","Label":"Seed","Category":"","Description":"","Attributes":0,"ValueType":"System.String"},"Value":"1347267390"}]},{"TestCase":{"Id":"1228794f-57ec-4213-e7b5-8916d30d613a","FullyQualifiedName":"DoctorClinicBLTester.DoctorClinicBLTest.UpdateDoctor_Exception","DisplayName":"UpdateDoctor_Exception","ExecutorUri":"executor://NUnit3TestExecutor","Source":"C:\\Users\\VC\\Downloads\\Daily_progress\\Day10\\DoctorClinicSolution\\DoctorClinicBLTester\\bin\\Debug\\net8.0\\fine-code-coverage\\build-output\\DoctorClinicBLTester.dll","CodeFilePath":null,"LineNumber":0,"Properties":[{"Key":{"Id":"NUnit.Seed","Label":"Seed","Category":"","Description":"","Attributes":0,"ValueType":"System.String"},"Value":"301737147"}]},"Attachments":[],"Outcome":2,"ErrorMessage":"  Expected: <System.Exception>\r\n  But was:  null\r\n","ErrorStackTrace":"   at DoctorClinicBLTester.DoctorClinicBLTest.UpdateDoctor_Exception() in C:\\Users\\VC\\Downloads\\Daily_progress\\Day10\\DoctorClinicSolution\\DoctorClinicBLTester\\DoctorBLTest.cs:line 143\r\n\n1)    at DoctorClinicBLTester.DoctorClinicBLTest.UpdateDoctor_Exception() in C:\\Users\\VC\\Downloads\\Daily_progress\\Day10\\DoctorClinicSolution\\DoctorClinicBLTester\\DoctorBLTest.cs:line 143\r\n\n","DisplayName":"UpdateDoctor_Exception","Messages":[],"ComputerName":"DESKTOP-CSTE29I","Duration":"00:00:00.0015479","StartTime":"2024-04-23T18:04:00.0951834+00:00","EndTime":"2024-04-23T18:04:00.0967308+00:00","Properties":[{"Key":{"Id":"NUnit.Seed","Label":"Seed","Category":"","Description":"","Attributes":0,"ValueType":"System.String"},"Value":"301737147"}]},{"TestCase":{"Id":"b05fa0f8-e31d-0961-ada1-2d34f4222067","FullyQualifiedName":"DoctorClinicBLTester.DoctorClinicBLTest.UpdateDoctor_Fail","DisplayName":"UpdateDoctor_Fail","ExecutorUri":"executor://NUnit3TestExecutor","Source":"C:\\Users\\VC\\Downloads\\Daily_progress\\Day10\\DoctorClinicSolution\\DoctorClinicBLTester\\bin\\Debug\\net8.0\\fine-code-coverage\\build-output\\DoctorClinicBLTester.dll","CodeFilePath":null,"LineNumber":0,"Properties":[{"Key":{"Id":"NUnit.Seed","Label":"Seed","Category":"","Description":"","Attributes":0,"ValueType":"System.String"},"Value":"757540340"}]},"Attachments":[],"Outcome":1,"ErrorMessage":null,"ErrorStackTrace":null,"DisplayName":"UpdateDoctor_Fail","Messages":[],"ComputerName":"DESKTOP-CSTE29I","Duration":"00:00:00.0002560","StartTime":"2024-04-23T18:04:00.0967596+00:00","EndTime":"2024-04-23T18:04:00.0970152+00:00","Properties":[{"Key":{"Id":"NUnit.Seed","Label":"Seed","Category":"","Description":"","Attributes":0,"ValueType":"System.String"},"Value":"757540340"}]},{"TestCase":{"Id":"6e2e768f-d647-1299-3354-993644d58866","FullyQualifiedName":"DoctorClinicBLTester.DoctorClinicBLTest.UpdateDoctor_Pass","DisplayName":"UpdateDoctor_Pass","ExecutorUri":"executor://NUnit3TestExecutor","Source":"C:\\Users\\VC\\Downloads\\Daily_progress\\Day10\\DoctorClinicSolution\\DoctorClinicBLTester\\bin\\Debug\\net8.0\\fine-code-coverage\\build-output\\DoctorClinicBLTester.dll","CodeFilePath":null,"LineNumber":0,"Properties":[{"Key":{"Id":"NUnit.Seed","Label":"Seed","Category":"","Description":"","Attributes":0,"ValueType":"System.String"},"Value":"1729624804"}]},"Attachments":[],"Outcome":2,"ErrorMessage":"  Expected: <DoctorClinicModel.Doctor>\r\n  But was:  null\r\n","ErrorStackTrace":"   at DoctorClinicBLTester.DoctorClinicBLTest.UpdateDoctor_Pass() in C:\\Users\\VC\\Downloads\\Daily_progress\\Day10\\DoctorClinicSolution\\DoctorClinicBLTester\\DoctorBLTest.cs:line 120\r\n\n1)    at DoctorClinicBLTester.DoctorClinicBLTest.UpdateDoctor_Pass() in C:\\Users\\VC\\Downloads\\Daily_progress\\Day10\\DoctorClinicSolution\\DoctorClinicBLTester\\DoctorBLTest.cs:line 120\r\n\n","DisplayName":"UpdateDoctor_Pass","Messages":[],"ComputerName":"DESKTOP-CSTE29I","Duration":"00:00:00.0008630","StartTime":"2024-04-23T18:04:00.0970377+00:00","EndTime":"2024-04-23T18:04:00.0979005+00:00","Properties":[{"Key":{"Id":"NUnit.Seed","Label":"Seed","Category":"","Description":"","Attributes":0,"ValueType":"System.String"},"Value":"1729624804"}]},{"TestCase":{"Id":"da9c4c1c-a8b9-498f-f949-d2c16ec0a3de","FullyQualifiedName":"DoctorClinicBLTester.PatientBLTest.AddPatient_Exception","DisplayName":"AddPatient_Exception","ExecutorUri":"executor://NUnit3TestExecutor","Source":"C:\\Users\\VC\\Downloads\\Daily_progress\\Day10\\DoctorClinicSolution\\DoctorClinicBLTester\\bin\\Debug\\net8.0\\fine-code-coverage\\build-output\\DoctorClinicBLTester.dll","CodeFilePath":null,"LineNumber":0,"Properties":[{"Key":{"Id":"NUnit.Seed","Label":"Seed","Category":"","Description":"","Attributes":0,"ValueType":"System.String"},"Value":"639464711"}]},"Attachments":[],"Outcome":2,"ErrorMessage":"  Expected: <System.Exception>\r\n  But was:  null\r\n","ErrorStackTrace":"   at DoctorClinicBLTester.PatientBLTest.AddPatient_Exception() in C:\\Users\\VC\\Downloads\\Daily_progress\\Day10\\DoctorClinicSolution\\DoctorClinicBLTester\\PatientBLTest.cs:line 55\r\n\n1)    at DoctorClinicBLTester.PatientBLTest.AddPatient_Exception() in C:\\Users\\VC\\Downloads\\Daily_progress\\Day10\\DoctorClinicSolution\\DoctorClinicBLTester\\PatientBLTest.cs:line 55\r\n\n","DisplayName":"AddPatient_Exception","Messages":[],"ComputerName":"DESKTOP-CSTE29I","Duration":"00:00:00.0019100","StartTime":"2024-04-23T18:04:00.1016667+00:00","EndTime":"2024-04-23T18:04:00.1035758+00:00","Properties":[{"Key":{"Id":"NUnit.Seed","Label":"Seed","Category":"","Description":"","Attributes":0,"ValueType":"System.String"},"Value":"639464711"}]},{"TestCase":{"Id":"33f108c0-1677-7cf7-944c-da9f6c537191","FullyQualifiedName":"DoctorClinicBLTester.PatientBLTest.AddPatient_Fail","DisplayName":"AddPatient_Fail","ExecutorUri":"executor://NUnit3TestExecutor","Source":"C:\\Users\\VC\\Downloads\\Daily_progress\\Day10\\DoctorClinicSolution\\DoctorClinicBLTester\\bin\\Debug\\net8.0\\fine-code-coverage\\build-output\\DoctorClinicBLTester.dll","CodeFilePath":null,"LineNumber":0,"Properties":[{"Key":{"Id":"NUnit.Seed","Label":"Seed","Category":"","Description":"","Attributes":0,"ValueType":"System.String"},"Value":"930113990"}]},"Attachments":[],"Outcome":1,"ErrorMessage":null,"ErrorStackTrace":null,"DisplayName":"AddPatient_Fail","Messages":[],"ComputerName":"DESKTOP-CSTE29I","Duration":"00:00:00.0003610","StartTime":"2024-04-23T18:04:00.1035998+00:00","EndTime":"2024-04-23T18:04:00.103961+00:00","Properties":[{"Key":{"Id":"NUnit.Seed","Label":"Seed","Category":"","Description":"","Attributes":0,"ValueType":"System.String"},"Value":"930113990"}]},{"TestCase":{"Id":"8fa1efa7-eb33-285c-e2c1-83aeeffca4d8","FullyQualifiedName":"DoctorClinicBLTester.PatientBLTest.AddPatient_Pass","DisplayName":"AddPatient_Pass","ExecutorUri":"executor://NUnit3TestExecutor","Source":"C:\\Users\\VC\\Downloads\\Daily_progress\\Day10\\DoctorClinicSolution\\DoctorClinicBLTester\\bin\\Debug\\net8.0\\fine-code-coverage\\build-output\\DoctorClinicBLTester.dll","CodeFilePath":null,"LineNumber":0,"Properties":[{"Key":{"Id":"NUnit.Seed","Label":"Seed","Category":"","Description":"","Attributes":0,"ValueType":"System.String"},"Value":"127322427"}]},"Attachments":[],"Outcome":1,"ErrorMessage":null,"ErrorStackTrace":null,"DisplayName":"AddPatient_Pass","Messages":[],"ComputerName":"DESKTOP-CSTE29I","Duration":"00:00:00.0001979","StartTime":"2024-04-23T18:04:00.1039795+00:00","EndTime":"2024-04-23T18:04:00.1041771+00:00","Properties":[{"Key":{"Id":"NUnit.Seed","Label":"Seed","Category":"","Description":"","Attributes":0,"ValueType":"System.String"},"Value":"127322427"}]},{"TestCase":{"Id":"fa814516-c659-5340-3418-1e55139dc604","FullyQualifiedName":"DoctorClinicBLTester.PatientBLTest.DeletePatient_Fail","DisplayName":"DeletePatient_Fail","ExecutorUri":"executor://NUnit3TestExecutor","Source":"C:\\Users\\VC\\Downloads\\Daily_progress\\Day10\\DoctorClinicSolution\\DoctorClinicBLTester\\bin\\Debug\\net8.0\\fine-code-coverage\\build-output\\DoctorClinicBLTester.dll","CodeFilePath":null,"LineNumber":0,"Properties":[{"Key":{"Id":"NUnit.Seed","Label":"Seed","Category":"","Description":"","Attributes":0,"ValueType":"System.String"},"Value":"857782157"}]},"Attachments":[],"Outcome":1,"ErrorMessage":null,"ErrorStackTrace":null,"DisplayName":"DeletePatient_Fail","Messages":[],"ComputerName":"DESKTOP-CSTE29I","Duration":"00:00:00.0003560","StartTime":"2024-04-23T18:04:00.1042025+00:00","EndTime":"2024-04-23T18:04:00.104558+00:00","Properties":[{"Key":{"Id":"NUnit.Seed","Label":"Seed","Category":"","Description":"","Attributes":0,"ValueType":"System.String"},"Value":"857782157"}]},{"TestCase":{"Id":"c0f14cb7-d7af-2355-8f4e-80cf6950818d","FullyQualifiedName":"DoctorClinicBLTester.PatientBLTest.DeletePatient_Pass","DisplayName":"DeletePatient_Pass","ExecutorUri":"executor://NUnit3TestExecutor","Source":"C:\\Users\\VC\\Downloads\\Daily_progress\\Day10\\DoctorClinicSolution\\DoctorClinicBLTester\\bin\\Debug\\net8.0\\fine-code-coverage\\build-output\\DoctorClinicBLTester.dll","CodeFilePath":null,"LineNumber":0,"Properties":[{"Key":{"Id":"NUnit.Seed","Label":"Seed","Category":"","Description":"","Attributes":0,"ValueType":"System.String"},"Value":"737041133"}]},"Attachments":[],"Outcome":1,"ErrorMessage":null,"ErrorStackTrace":null,"DisplayName":"DeletePatient_Pass","Messages":[],"ComputerName":"DESKTOP-CSTE29I","Duration":"00:00:00.0027690","StartTime":"2024-04-23T18:04:00.104573+00:00","EndTime":"2024-04-23T18:04:00.1073418+00:00","Properties":[{"Key":{"Id":"NUnit.Seed","Label":"Seed","Category":"","Description":"","Attributes":0,"ValueType":"System.String"},"Value":"737041133"}]}],"TestRunStatistics":{"ExecutedTests":18,"Stats":{"Failed":11,"Passed":7}},"ActiveTests":[{"Id":"f660505b-2520-e5ba-a611-e0989abf45bf","FullyQualifiedName":"DoctorClinicBLTester.PatientBLTest.GetAllPatients_Pass","DisplayName":"GetAllPatients_Pass","ExecutorUri":"executor://NUnit3TestExecutor","Source":"C:\\Users\\VC\\Downloads\\Daily_progress\\Day10\\DoctorClinicSolution\\DoctorClinicBLTester\\bin\\Debug\\net8.0\\fine-code-coverage\\build-output\\DoctorClinicBLTester.dll","CodeFilePath":null,"LineNumber":0,"Properties":[{"Key":{"Id":"NUnit.Seed","Label":"Seed","Category":"","Description":"","Attributes":0,"ValueType":"System.String"},"Value":"1548148978"}]}]}}
TpTrace Verbose: 0 : 31080, 7, 2024/04/23, 23:34:00.279, 5493021334813, vstest.console.dll, TestRunRequest:SendTestRunStatsChange: Starting.
TpTrace Verbose: 0 : 31080, 7, 2024/04/23, 23:34:00.279, 5493021335919, vstest.console.dll, InProgress is GetAllPatients_Pass
TpTrace Verbose: 0 : 31080, 7, 2024/04/23, 23:34:00.279, 5493021337278, vstest.console.dll, MulticastDelegateUtilities.SafeInvoke: TestRun.RunStatsChanged: Invoking callbacks was skipped because there are no subscribers.
TpTrace Information: 0 : 31080, 7, 2024/04/23, 23:34:00.279, 5493021337988, vstest.console.dll, TestRunRequest:SendTestRunStatsChange: Completed.
TpTrace Verbose: 0 : 31080, 7, 2024/04/23, 23:34:00.279, 5493021338742, vstest.console.dll, MulticastDelegateUtilities.SafeInvoke: LengthPrefixCommunicationChannel: MessageReceived: Invoking callback 1/1 for Microsoft.VisualStudio.TestPlatform.CommunicationUtilities.TestRequestSender+<>c__DisplayClass34_0., took 2 ms.
TpTrace Verbose: 0 : 31080, 7, 2024/04/23, 23:34:00.279, 5493021339623, vstest.console.dll, TcpClientExtensions.MessageLoopAsync: Polling on remoteEndPoint: 127.0.0.1:51611 localEndPoint: 127.0.0.1:51610 after 23 ms
TpTrace Verbose: 0 : 31080, 4, 2024/04/23, 23:34:00.280, 5493021342186, vstest.console.dll, MulticastDelegateUtilities.SafeInvoke: InternalTestLoggerEvents.SendTestResult: Invoking callback 1/1 for Microsoft.VisualStudio.TestPlatform.CommandLine.Internal.ConsoleLogger., took 0 ms.
TpTrace Verbose: 0 : 31080, 4, 2024/04/23, 23:34:00.280, 5493021348986, vstest.console.dll, MulticastDelegateUtilities.SafeInvoke: InternalTestLoggerEvents.SendTestResult: Invoking callback 1/1 for Microsoft.VisualStudio.TestPlatform.CommandLine.Internal.ConsoleLogger., took 0 ms.
TpTrace Verbose: 0 : 31080, 4, 2024/04/23, 23:34:00.281, 5493021351268, vstest.console.dll, MulticastDelegateUtilities.SafeInvoke: InternalTestLoggerEvents.SendTestResult: Invoking callback 1/1 for Microsoft.VisualStudio.TestPlatform.CommandLine.Internal.ConsoleLogger., took 0 ms.
TpTrace Verbose: 0 : 31080, 4, 2024/04/23, 23:34:00.281, 5493021356770, vstest.console.dll, MulticastDelegateUtilities.SafeInvoke: InternalTestLoggerEvents.SendTestResult: Invoking callback 1/1 for Microsoft.VisualStudio.TestPlatform.CommandLine.Internal.ConsoleLogger., took 0 ms.
TpTrace Verbose: 0 : 31080, 4, 2024/04/23, 23:34:00.282, 5493021364588, vstest.console.dll, MulticastDelegateUtilities.SafeInvoke: InternalTestLoggerEvents.SendTestResult: Invoking callback 1/1 for Microsoft.VisualStudio.TestPlatform.CommandLine.Internal.ConsoleLogger., took 0 ms.
TpTrace Verbose: 0 : 31080, 4, 2024/04/23, 23:34:00.282, 5493021367657, vstest.console.dll, MulticastDelegateUtilities.SafeInvoke: InternalTestLoggerEvents.SendTestResult: Invoking callback 1/1 for Microsoft.VisualStudio.TestPlatform.CommandLine.Internal.ConsoleLogger., took 0 ms.
TpTrace Verbose: 0 : 31080, 4, 2024/04/23, 23:34:00.282, 5493021369139, vstest.console.dll, MulticastDelegateUtilities.SafeInvoke: InternalTestLoggerEvents.SendTestResult: Invoking callback 1/1 for Microsoft.VisualStudio.TestPlatform.CommandLine.Internal.ConsoleLogger., took 0 ms.
TpTrace Verbose: 0 : 31080, 4, 2024/04/23, 23:34:00.283, 5493021370635, vstest.console.dll, MulticastDelegateUtilities.SafeInvoke: InternalTestLoggerEvents.SendTestResult: Invoking callback 1/1 for Microsoft.VisualStudio.TestPlatform.CommandLine.Internal.ConsoleLogger., took 0 ms.
TpTrace Verbose: 0 : 31080, 4, 2024/04/23, 23:34:00.283, 5493021371761, vstest.console.dll, MulticastDelegateUtilities.SafeInvoke: InternalTestLoggerEvents.SendTestResult: Invoking callback 1/1 for Microsoft.VisualStudio.TestPlatform.CommandLine.Internal.ConsoleLogger., took 0 ms.
TpTrace Verbose: 0 : 31080, 7, 2024/04/23, 23:34:00.325, 5493021799568, vstest.console.dll, TcpClientExtensions.MessageLoopAsync: NotifyDataAvailable remoteEndPoint: 127.0.0.1:51611 localEndPoint: 127.0.0.1:51610
TpTrace Verbose: 0 : 31080, 7, 2024/04/23, 23:34:00.326, 5493021801949, vstest.console.dll, TestRequestSender.OnExecutionMessageReceived: Received message: {"Version":7,"MessageType":"TestSession.Message","Payload":{"MessageLevel":0,"Message":"NUnit Adapter 4.5.0.0: Test execution complete"}}
TpTrace Verbose: 0 : 31080, 7, 2024/04/23, 23:34:00.326, 5493021803713, vstest.console.dll, TestRunRequest:SendTestRunMessage: Starting.
TpTrace Verbose: 0 : 31080, 7, 2024/04/23, 23:34:00.326, 5493021804643, vstest.console.dll, MulticastDelegateUtilities.SafeInvoke: TestRun.LogMessages: Invoking callback 1/1 for Microsoft.VisualStudio.TestPlatform.CommandLine.TestRunResultAggregator., took 0 ms.
TpTrace Information: 0 : 31080, 7, 2024/04/23, 23:34:00.326, 5493021805183, vstest.console.dll, TestRunRequest:SendTestRunMessage: Completed.
TpTrace Verbose: 0 : 31080, 4, 2024/04/23, 23:34:00.326, 5493021805433, vstest.console.dll, MulticastDelegateUtilities.SafeInvoke: InternalTestLoggerEvents.SendTestRunMessage: Invoking callback 1/1 for Microsoft.VisualStudio.TestPlatform.CommandLine.Internal.ConsoleLogger., took 0 ms.
TpTrace Verbose: 0 : 31080, 7, 2024/04/23, 23:34:00.326, 5493021805720, vstest.console.dll, MulticastDelegateUtilities.SafeInvoke: LengthPrefixCommunicationChannel: MessageReceived: Invoking callback 1/1 for Microsoft.VisualStudio.TestPlatform.CommunicationUtilities.TestRequestSender+<>c__DisplayClass34_0., took 0 ms.
TpTrace Verbose: 0 : 31080, 7, 2024/04/23, 23:34:00.326, 5493021807930, vstest.console.dll, TcpClientExtensions.MessageLoopAsync: Polling on remoteEndPoint: 127.0.0.1:51611 localEndPoint: 127.0.0.1:51610 after 46 ms
TpTrace Verbose: 0 : 31080, 7, 2024/04/23, 23:34:00.343, 5493021978786, vstest.console.dll, TcpClientExtensions.MessageLoopAsync: NotifyDataAvailable remoteEndPoint: 127.0.0.1:51611 localEndPoint: 127.0.0.1:51610
TpTrace Verbose: 0 : 31080, 7, 2024/04/23, 23:34:00.344, 5493021986284, vstest.console.dll, TestRequestSender.OnExecutionMessageReceived: Received message: {"Version":7,"MessageType":"TestExecution.Completed","Payload":{"TestRunCompleteArgs":{"TestRunStatistics":{"ExecutedTests":25,"Stats":{"Failed":13,"Passed":12}},"IsCanceled":false,"IsAborted":false,"Error":null,"AttachmentSets":[],"InvokedDataCollectors":[],"ElapsedTimeInRunningTests":"00:00:00.5989606","Metrics":{},"DiscoveredExtensions":{"TestDiscoverers":["NUnit.VisualStudio.TestAdapter.NUnit3TestDiscoverer, NUnit3.TestAdapter, Version=4.5.0.0, Culture=neutral, PublicKeyToken=4cb40d35494691ac"],"TestExecutors":["executor://NUnit3TestExecutor"],"TestExecutors2":[],"TestSettingsProviders":[]}},"LastRunTests":{"NewTestResults":[{"TestCase":{"Id":"f660505b-2520-e5ba-a611-e0989abf45bf","FullyQualifiedName":"DoctorClinicBLTester.PatientBLTest.GetAllPatients_Pass","DisplayName":"GetAllPatients_Pass","ExecutorUri":"executor://NUnit3TestExecutor","Source":"C:\\Users\\VC\\Downloads\\Daily_progress\\Day10\\DoctorClinicSolution\\DoctorClinicBLTester\\bin\\Debug\\net8.0\\fine-code-coverage\\build-output\\DoctorClinicBLTester.dll","CodeFilePath":null,"LineNumber":0,"Properties":[{"Key":{"Id":"NUnit.Seed","Label":"Seed","Category":"","Description":"","Attributes":0,"ValueType":"System.String"},"Value":"1548148978"}]},"Attachments":[],"Outcome":1,"ErrorMessage":null,"ErrorStackTrace":null,"DisplayName":"GetAllPatients_Pass","Messages":[],"ComputerName":"DESKTOP-CSTE29I","Duration":"00:00:00.0020330","StartTime":"2024-04-23T18:04:00.1073778+00:00","EndTime":"2024-04-23T18:04:00.1094105+00:00","Properties":[{"Key":{"Id":"NUnit.Seed","Label":"Seed","Category":"","Description":"","Attributes":0,"ValueType":"System.String"},"Value":"1548148978"}]},{"TestCase":{"Id":"2b7bbde4-559e-bbe8-d6ca-00f8ea99a197","FullyQualifiedName":"DoctorClinicBLTester.PatientBLTest.GetPatient_Exception","DisplayName":"GetPatient_Exception","ExecutorUri":"executor://NUnit3TestExecutor","Source":"C:\\Users\\VC\\Downloads\\Daily_progress\\Day10\\DoctorClinicSolution\\DoctorClinicBLTester\\bin\\Debug\\net8.0\\fine-code-coverage\\build-output\\DoctorClinicBLTester.dll","CodeFilePath":null,"LineNumber":0,"Properties":[{"Key":{"Id":"NUnit.Seed","Label":"Seed","Category":"","Description":"","Attributes":0,"ValueType":"System.String"},"Value":"1867711062"}]},"Attachments":[],"Outcome":2,"ErrorMessage":"  Expected: <System.Exception>\r\n  But was:  null\r\n","ErrorStackTrace":"   at DoctorClinicBLTester.PatientBLTest.GetPatient_Exception() in C:\\Users\\VC\\Downloads\\Daily_progress\\Day10\\DoctorClinicSolution\\DoctorClinicBLTester\\PatientBLTest.cs:line 86\r\n\n1)    at DoctorClinicBLTester.PatientBLTest.GetPatient_Exception() in C:\\Users\\VC\\Downloads\\Daily_progress\\Day10\\DoctorClinicSolution\\DoctorClinicBLTester\\PatientBLTest.cs:line 86\r\n\n","DisplayName":"GetPatient_Exception","Messages":[],"ComputerName":"DESKTOP-CSTE29I","Duration":"00:00:00.0022330","StartTime":"2024-04-23T18:04:00.1094509+00:00","EndTime":"2024-04-23T18:04:00.1116838+00:00","Properties":[{"Key":{"Id":"NUnit.Seed","Label":"Seed","Category":"","Description":"","Attributes":0,"ValueType":"System.String"},"Value":"1867711062"}]},{"TestCase":{"Id":"35addbcd-d325-665a-c577-049adef42ade","FullyQualifiedName":"DoctorClinicBLTester.PatientBLTest.GetPatient_Fail","DisplayName":"GetPatient_Fail","ExecutorUri":"executor://NUnit3TestExecutor","Source":"C:\\Users\\VC\\Downloads\\Daily_progress\\Day10\\DoctorClinicSolution\\DoctorClinicBLTester\\bin\\Debug\\net8.0\\fine-code-coverage\\build-output\\DoctorClinicBLTester.dll","CodeFilePath":null,"LineNumber":0,"Properties":[{"Key":{"Id":"NUnit.Seed","Label":"Seed","Category":"","Description":"","Attributes":0,"ValueType":"System.String"},"Value":"1967417567"}]},"Attachments":[],"Outcome":1,"ErrorMessage":null,"ErrorStackTrace":null,"DisplayName":"GetPatient_Fail","Messages":[],"ComputerName":"DESKTOP-CSTE29I","Duration":"00:00:00.0001740","StartTime":"2024-04-23T18:04:00.1117115+00:00","EndTime":"2024-04-23T18:04:00.1118853+00:00","Properties":[{"Key":{"Id":"NUnit.Seed","Label":"Seed","Category":"","Description":"","Attributes":0,"ValueType":"System.String"},"Value":"1967417567"}]},{"TestCase":{"Id":"1ca2da1e-319f-bdf5-30c8-c4eb013762bd","FullyQualifiedName":"DoctorClinicBLTester.PatientBLTest.GetPatient_Pass","DisplayName":"GetPatient_Pass","ExecutorUri":"executor://NUnit3TestExecutor","Source":"C:\\Users\\VC\\Downloads\\Daily_progress\\Day10\\DoctorClinicSolution\\DoctorClinicBLTester\\bin\\Debug\\net8.0\\fine-code-coverage\\build-output\\DoctorClinicBLTester.dll","CodeFilePath":null,"LineNumber":0,"Properties":[{"Key":{"Id":"NUnit.Seed","Label":"Seed","Category":"","Description":"","Attributes":0,"ValueType":"System.String"},"Value":"772466599"}]},"Attachments":[],"Outcome":1,"ErrorMessage":null,"ErrorStackTrace":null,"DisplayName":"GetPatient_Pass","Messages":[],"ComputerName":"DESKTOP-CSTE29I","Duration":"00:00:00.0002180","StartTime":"2024-04-23T18:04:00.1119033+00:00","EndTime":"2024-04-23T18:04:00.1121211+00:00","Properties":[{"Key":{"Id":"NUnit.Seed","Label":"Seed","Category":"","Description":"","Attributes":0,"ValueType":"System.String"},"Value":"772466599"}]},{"TestCase":{"Id":"5dab632c-cef2-531f-804b-e94a5edd308e","FullyQualifiedName":"DoctorClinicBLTester.PatientBLTest.UpdatePatient_Exception","DisplayName":"UpdatePatient_Exception","ExecutorUri":"executor://NUnit3TestExecutor","Source":"C:\\Users\\VC\\Downloads\\Daily_progress\\Day10\\DoctorClinicSolution\\DoctorClinicBLTester\\bin\\Debug\\net8.0\\fine-code-coverage\\build-output\\DoctorClinicBLTester.dll","CodeFilePath":null,"LineNumber":0,"Properties":[{"Key":{"Id":"NUnit.Seed","Label":"Seed","Category":"","Description":"","Attributes":0,"ValueType":"System.String"},"Value":"1560670114"}]},"Attachments":[],"Outcome":2,"ErrorMessage":"  Expected: <System.Exception>\r\n  But was:  null\r\n","ErrorStackTrace":"   at DoctorClinicBLTester.PatientBLTest.UpdatePatient_Exception() in C:\\Users\\VC\\Downloads\\Daily_progress\\Day10\\DoctorClinicSolution\\DoctorClinicBLTester\\PatientBLTest.cs:line 144\r\n\n1)    at DoctorClinicBLTester.PatientBLTest.UpdatePatient_Exception() in C:\\Users\\VC\\Downloads\\Daily_progress\\Day10\\DoctorClinicSolution\\DoctorClinicBLTester\\PatientBLTest.cs:line 144\r\n\n","DisplayName":"UpdatePatient_Exception","Messages":[],"ComputerName":"DESKTOP-CSTE29I","Duration":"00:00:00.0013820","StartTime":"2024-04-23T18:04:00.1121415+00:00","EndTime":"2024-04-23T18:04:00.1135229+00:00","Properties":[{"Key":{"Id":"NUnit.Seed","Label":"Seed","Category":"","Description":"","Attributes":0,"ValueType":"System.String"},"Value":"1560670114"}]},{"TestCase":{"Id":"bdc680a2-d639-ec21-4912-a7be2540184f","FullyQualifiedName":"DoctorClinicBLTester.PatientBLTest.UpdatePatient_Fail","DisplayName":"UpdatePatient_Fail","ExecutorUri":"executor://NUnit3TestExecutor","Source":"C:\\Users\\VC\\Downloads\\Daily_progress\\Day10\\DoctorClinicSolution\\DoctorClinicBLTester\\bin\\Debug\\net8.0\\fine-code-coverage\\build-output\\DoctorClinicBLTester.dll","CodeFilePath":null,"LineNumber":0,"Properties":[{"Key":{"Id":"NUnit.Seed","Label":"Seed","Category":"","Description":"","Attributes":0,"ValueType":"System.String"},"Value":"300733458"}]},"Attachments":[],"Outcome":1,"ErrorMessage":null,"ErrorStackTrace":null,"DisplayName":"UpdatePatient_Fail","Messages":[],"ComputerName":"DESKTOP-CSTE29I","Duration":"00:00:00.0002220","StartTime":"2024-04-23T18:04:00.1135494+00:00","EndTime":"2024-04-23T18:04:00.1137714+00:00","Properties":[{"Key":{"Id":"NUnit.Seed","Label":"Seed","Category":"","Description":"","Attributes":0,"ValueType":"System.String"},"Value":"300733458"}]},{"TestCase":{"Id":"345c1e82-e42b-c148-b2db-95c1c05e7fb5","FullyQualifiedName":"DoctorClinicBLTester.PatientBLTest.UpdatePatient_Pass","DisplayName":"UpdatePatient_Pass","ExecutorUri":"executor://NUnit3TestExecutor","Source":"C:\\Users\\VC\\Downloads\\Daily_progress\\Day10\\DoctorClinicSolution\\DoctorClinicBLTester\\bin\\Debug\\net8.0\\fine-code-coverage\\build-output\\DoctorClinicBLTester.dll","CodeFilePath":null,"LineNumber":0,"Properties":[{"Key":{"Id":"NUnit.Seed","Label":"Seed","Category":"","Description":"","Attributes":0,"ValueType":"System.String"},"Value":"386390814"}]},"Attachments":[],"Outcome":1,"ErrorMessage":null,"ErrorStackTrace":null,"DisplayName":"UpdatePatient_Pass","Messages":[],"ComputerName":"DESKTOP-CSTE29I","Duration":"00:00:00.0002640","StartTime":"2024-04-23T18:04:00.1138008+00:00","EndTime":"2024-04-23T18:04:00.114065+00:00","Properties":[{"Key":{"Id":"NUnit.Seed","Label":"Seed","Category":"","Description":"","Attributes":0,"ValueType":"System.String"},"Value":"386390814"}]}],"TestRunStatistics":{"ExecutedTests":25,"Stats":{"Failed":13,"Passed":12}},"ActiveTests":[]},"RunAttachments":[],"ExecutorUris":["executor://nunit3testexecutor/"]}}
TpTrace Verbose: 0 : 31080, 7, 2024/04/23, 23:34:00.344, 5493021988412, vstest.console.dll, TestRequestSender.EndSession: Sending end session.
TpTrace Verbose: 0 : 31080, 7, 2024/04/23, 23:34:00.344, 5493021990242, vstest.console.dll, ProxyOperationManager.Close: waiting for test host to exit for 100 ms
TpTrace Verbose: 0 : 31080, 11, 2024/04/23, 23:34:00.367, 5493022212097, vstest.console.dll, TestHostManagerCallbacks.ctor: Experimental forwarding output is disabled.
TpTrace Warning: 0 : 31080, 11, 2024/04/23, 23:34:00.367, 5493022215021, vstest.console.dll, TestHostManagerCallbacks.ErrorReceivedCallback Test host standard error line: 
TpTrace Verbose: 0 : 31080, 11, 2024/04/23, 23:34:00.382, 5493022361721, vstest.console.dll, TestHostProvider.ExitCallBack: Host exited starting callback.
TpTrace Information: 0 : 31080, 11, 2024/04/23, 23:34:00.382, 5493022364776, vstest.console.dll, TestHostManagerCallbacks.ExitCallBack: Testhost processId: 22820 exited with exitcode: 0 error: ''
TpTrace Verbose: 0 : 31080, 11, 2024/04/23, 23:34:00.382, 5493022365850, vstest.console.dll, DotnetTestHostManager.OnHostExited: invoking OnHostExited callback
TpTrace Verbose: 0 : 31080, 11, 2024/04/23, 23:34:00.382, 5493022366920, vstest.console.dll, CrossPlatEngine.TestHostManagerHostExited: calling on client process exit callback.
TpTrace Information: 0 : 31080, 11, 2024/04/23, 23:34:00.382, 5493022367836, vstest.console.dll, TestRequestSender.OnClientProcessExit: Test host process exited. Standard error: 
TpTrace Information: 0 : 31080, 7, 2024/04/23, 23:34:00.382, 5493022368432, vstest.console.dll, SocketServer.Stop: Stop server endPoint: 127.0.0.1:51610
TpTrace Information: 0 : 31080, 11, 2024/04/23, 23:34:00.382, 5493022368671, vstest.console.dll, SocketServer.Stop: Stop server endPoint: 127.0.0.1:51610
TpTrace Information: 0 : 31080, 7, 2024/04/23, 23:34:00.382, 5493022369959, vstest.console.dll, SocketServer.Stop: Cancellation requested. Stopping message loop.
TpTrace Information: 0 : 31080, 11, 2024/04/23, 23:34:00.383, 5493022370789, vstest.console.dll, SocketServer.Stop: Cancellation requested. Stopping message loop.
TpTrace Verbose: 0 : 31080, 11, 2024/04/23, 23:34:00.383, 5493022372449, vstest.console.dll, MulticastDelegateUtilities.SafeInvoke: HostProviderEvents.OnHostExited: Invoking callback 1/1 for Microsoft.VisualStudio.TestPlatform.CrossPlatEngine.Client.ProxyOperationManager., took 0 ms.
TpTrace Information: 0 : 31080, 7, 2024/04/23, 23:34:00.383, 5493022374995, vstest.console.dll, Closing the connection
TpTrace Verbose: 0 : 31080, 7, 2024/04/23, 23:34:00.383, 5493022378993, vstest.console.dll, ProxyDataCollectionManager.InvokeDataCollectionServiceAction: Starting.
TpTrace Information: 0 : 31080, 7, 2024/04/23, 23:34:00.383, 5493022380000, vstest.console.dll, ProxyDataCollectionManager.AfterTestRunEnd: Get attachment set and invoked data collectors processId: 28644 port: 51607
TpTrace Verbose: 0 : 31080, 7, 2024/04/23, 23:34:00.384, 5493022380971, vstest.console.dll, DataCollectionRequestSender.SendAfterTestRunStartAndGetResult: Send AfterTestRunEnd message with isCancelled: False
TpTrace Verbose: 0 : 31080, 7, 2024/04/23, 23:34:00.391, 5493022454117, vstest.console.dll, DataCollectionRequestSender.SendAfterTestRunStartAndGetResult: Received message: (DataCollection.AfterTestRunEndResult) -> {"MessageType":"DataCollection.AfterTestRunEndResult","Payload":{"AttachmentSets":[],"InvokedDataCollectors":[{"Uri":"datacollector://Microsoft/TestPlatform/Extensions/Blame/v1","FriendlyName":"Blame","AssemblyQualifiedName":"Microsoft.TestPlatform.Extensions.BlameDataCollector.BlameCollector, Microsoft.TestPlatform.Extensions.BlameDataCollector, Version=15.0.0.0, Culture=neutral, PublicKeyToken=b03f5f7f11d50a3a","FilePath":"C:\\Program Files\\dotnet\\sdk\\8.0.204\\Extensions\\Microsoft.TestPlatform.Extensions.BlameDataCollector.dll","HasAttachmentProcessor":false}],"Metrics":{}}}
TpTrace Warning: 0 : 31080, 10, 2024/04/23, 23:34:00.399, 5493022530423, vstest.console.dll, DataCollectionLauncher.ErrorReceivedCallback datacollector standard error line: 
TpTrace Information: 0 : 31080, 7, 2024/04/23, 23:34:00.401, 5493022551931, vstest.console.dll, ProxyDataCollectionManager.InvokeDataCollectionServiceAction: Completed.
TpTrace Information: 0 : 31080, 10, 2024/04/23, 23:34:00.407, 5493022619467, vstest.console.dll, DataCollectionLauncher.ExitCallBack: Data collector exited with exitcode: 0 error: ''
TpTrace Verbose: 0 : 31080, 7, 2024/04/23, 23:34:00.441, 5493022956722, vstest.console.dll, TestRunRequest:SendTestRunStatsChange: Starting.
TpTrace Verbose: 0 : 31080, 7, 2024/04/23, 23:34:00.441, 5493022958599, vstest.console.dll, MulticastDelegateUtilities.SafeInvoke: TestRun.RunStatsChanged: Invoking callbacks was skipped because there are no subscribers.
TpTrace Information: 0 : 31080, 7, 2024/04/23, 23:34:00.441, 5493022959009, vstest.console.dll, TestRunRequest:SendTestRunStatsChange: Completed.
TpTrace Verbose: 0 : 31080, 7, 2024/04/23, 23:34:00.442, 5493022962211, vstest.console.dll, ParallelProxyExecutionManager: HandlePartialRunComplete: Total workloads = 1, Total started clients = 1 Total completed clients = 1, Run complete = True, Run canceled: False.
TpTrace Verbose: 0 : 31080, 7, 2024/04/23, 23:34:00.442, 5493022962831, vstest.console.dll, ParallelProxyExecutionManager: HandlePartialRunComplete: All runs completed stopping all managers.
TpTrace Verbose: 0 : 31080, 7, 2024/04/23, 23:34:00.442, 5493022963235, vstest.console.dll, ParallelOperationManager.StopAllManagers: Stopping all managers.
TpTrace Verbose: 0 : 31080, 7, 2024/04/23, 23:34:00.442, 5493022963593, vstest.console.dll, ParallelOperationManager.ClearSlots: Clearing all slots. Slots should accept more work: False
TpTrace Verbose: 0 : 31080, 7, 2024/04/23, 23:34:00.442, 5493022964118, vstest.console.dll, ParallelOperationManager.SetOccupiedSlotCount: Setting slot counts AvailableSlotCount = 1, OccupiedSlotCount = 0.
TpTrace Verbose: 0 : 31080, 7, 2024/04/23, 23:34:00.442, 5493022964897, vstest.console.dll, Occupied slots:

TpTrace Verbose: 0 : 31080, 4, 2024/04/23, 23:34:00.444, 5493022980871, vstest.console.dll, MulticastDelegateUtilities.SafeInvoke: InternalTestLoggerEvents.SendTestResult: Invoking callback 1/1 for Microsoft.VisualStudio.TestPlatform.CommandLine.Internal.ConsoleLogger., took 2 ms.
TpTrace Verbose: 0 : 31080, 4, 2024/04/23, 23:34:00.444, 5493022986915, vstest.console.dll, MulticastDelegateUtilities.SafeInvoke: InternalTestLoggerEvents.SendTestResult: Invoking callback 1/1 for Microsoft.VisualStudio.TestPlatform.CommandLine.Internal.ConsoleLogger., took 0 ms.
TpTrace Verbose: 0 : 31080, 4, 2024/04/23, 23:34:00.444, 5493022987980, vstest.console.dll, MulticastDelegateUtilities.SafeInvoke: InternalTestLoggerEvents.SendTestResult: Invoking callback 1/1 for Microsoft.VisualStudio.TestPlatform.CommandLine.Internal.ConsoleLogger., took 0 ms.
TpTrace Verbose: 0 : 31080, 4, 2024/04/23, 23:34:00.444, 5493022988812, vstest.console.dll, MulticastDelegateUtilities.SafeInvoke: InternalTestLoggerEvents.SendTestResult: Invoking callback 1/1 for Microsoft.VisualStudio.TestPlatform.CommandLine.Internal.ConsoleLogger., took 0 ms.
TpTrace Verbose: 0 : 31080, 4, 2024/04/23, 23:34:00.445, 5493022994058, vstest.console.dll, MulticastDelegateUtilities.SafeInvoke: InternalTestLoggerEvents.SendTestResult: Invoking callback 1/1 for Microsoft.VisualStudio.TestPlatform.CommandLine.Internal.ConsoleLogger., took 0 ms.
TpTrace Verbose: 0 : 31080, 4, 2024/04/23, 23:34:00.445, 5493022995469, vstest.console.dll, MulticastDelegateUtilities.SafeInvoke: InternalTestLoggerEvents.SendTestResult: Invoking callback 1/1 for Microsoft.VisualStudio.TestPlatform.CommandLine.Internal.ConsoleLogger., took 0 ms.
TpTrace Verbose: 0 : 31080, 4, 2024/04/23, 23:34:00.445, 5493022996591, vstest.console.dll, MulticastDelegateUtilities.SafeInvoke: InternalTestLoggerEvents.SendTestResult: Invoking callback 1/1 for Microsoft.VisualStudio.TestPlatform.CommandLine.Internal.ConsoleLogger., took 0 ms.
TpTrace Verbose: 0 : 31080, 4, 2024/04/23, 23:34:00.453, 5493023072635, vstest.console.dll, MulticastDelegateUtilities.SafeInvoke: InternalTestLoggerEvents.SendTestRunComplete: Invoking callback 1/2 for Microsoft.TestPlatform.Extensions.BlameDataCollector.BlameLogger., took 0 ms.
TpTrace Verbose: 0 : 31080, 4, 2024/04/23, 23:34:00.460, 5493023140382, vstest.console.dll, MulticastDelegateUtilities.SafeInvoke: InternalTestLoggerEvents.SendTestRunComplete: Invoking callback 2/2 for Microsoft.VisualStudio.TestPlatform.CommandLine.Internal.ConsoleLogger., took 6 ms.
TpTrace Verbose: 0 : 31080, 7, 2024/04/23, 23:34:00.460, 5493023149666, vstest.console.dll, TestRunRequest:TestRunComplete: Starting. IsAborted:False IsCanceled:False.
TpTrace Verbose: 0 : 31080, 7, 2024/04/23, 23:34:00.461, 5493023152464, vstest.console.dll, ParallelOperationManager.DoActionOnAllManagers: Calling an action on all managers.
TpTrace Verbose: 0 : 31080, 7, 2024/04/23, 23:34:00.462, 5493023164554, vstest.console.dll, TestLoggerManager.HandleTestRunComplete: Ignoring as the object is disposed.
TpTrace Verbose: 0 : 31080, 7, 2024/04/23, 23:34:00.462, 5493023166966, vstest.console.dll, MulticastDelegateUtilities.SafeInvoke: TestRun.TestRunComplete: Invoking callback 1/2 for Microsoft.VisualStudio.TestPlatform.CommandLine.TestRunResultAggregator., took 0 ms.
TpTrace Verbose: 0 : 31080, 7, 2024/04/23, 23:34:00.462, 5493023168329, vstest.console.dll, MulticastDelegateUtilities.SafeInvoke: TestRun.TestRunComplete: Invoking callback 2/2 for Microsoft.VisualStudio.TestPlatform.CommandLine.Processors.RunTestsArgumentExecutor+TestRunRequestEventsRegistrar., took 0 ms.
TpTrace Information: 0 : 31080, 7, 2024/04/23, 23:34:00.462, 5493023169415, vstest.console.dll, TestRunRequest:TestRunComplete: Completed.
TpTrace Verbose: 0 : 31080, 7, 2024/04/23, 23:34:00.462, 5493023169805, vstest.console.dll, TestRequestSender.SetOperationComplete: Setting operation complete.
TpTrace Information: 0 : 31080, 7, 2024/04/23, 23:34:00.462, 5493023170284, vstest.console.dll, SocketServer.Stop: Stop server endPoint: 127.0.0.1:51610
TpTrace Information: 0 : 31080, 7, 2024/04/23, 23:34:00.463, 5493023170757, vstest.console.dll, SocketServer.Stop: Cancellation requested. Stopping message loop.
TpTrace Verbose: 0 : 31080, 7, 2024/04/23, 23:34:00.463, 5493023171230, vstest.console.dll, MulticastDelegateUtilities.SafeInvoke: LengthPrefixCommunicationChannel: MessageReceived: Invoking callback 1/1 for Microsoft.VisualStudio.TestPlatform.CommunicationUtilities.TestRequestSender+<>c__DisplayClass34_0., took 118 ms.
TpTrace Information: 0 : 31080, 7, 2024/04/23, 23:34:00.463, 5493023171772, vstest.console.dll, SocketServer.PrivateStop: Stopping server endPoint: 127.0.0.1:51610 error: 
TpTrace Verbose: 0 : 31080, 1, 2024/04/23, 23:34:00.463, 5493023172469, vstest.console.dll, TestRunRequest.Dispose: Starting.
TpTrace Information: 0 : 31080, 1, 2024/04/23, 23:34:00.463, 5493023175494, vstest.console.dll, TestRunRequest.Dispose: Completed.
TpTrace Information: 0 : 31080, 1, 2024/04/23, 23:34:00.463, 5493023176606, vstest.console.dll, TestRequestManager.RunTests: run tests completed.
TpTrace Verbose: 0 : 31080, 7, 2024/04/23, 23:34:00.463, 5493023176735, vstest.console.dll, LengthPrefixCommunicationChannel.Dispose: Dispose reader and writer.
TpTrace Information: 0 : 31080, 1, 2024/04/23, 23:34:00.463, 5493023178365, vstest.console.dll, RunTestsArgumentProcessor:Execute: Test run is completed.
TpTrace Information: 0 : 31080, 7, 2024/04/23, 23:34:00.463, 5493023178594, vstest.console.dll, SocketServer.Stop: Raise disconnected event endPoint: 127.0.0.1:51610 error: 
TpTrace Verbose: 0 : 31080, 7, 2024/04/23, 23:34:00.463, 5493023180193, vstest.console.dll, TestRequestSender: OnTestRunAbort: Operation is already complete. Skip error message.
TpTrace Verbose: 0 : 31080, 7, 2024/04/23, 23:34:00.464, 5493023181125, vstest.console.dll, MulticastDelegateUtilities.SafeInvoke: SocketServer: ClientDisconnected: Invoking callback 1/1 for Microsoft.VisualStudio.TestPlatform.CommunicationUtilities.TestRequestSender., took 0 ms.
TpTrace Verbose: 0 : 31080, 7, 2024/04/23, 23:34:00.464, 5493023181663, vstest.console.dll, TcpClientExtensions.MessageLoopAsync: exiting MessageLoopAsync remoteEndPoint: 127.0.0.1:51611 localEndPoint: 127.0.0.1:51610
TpTrace Verbose: 0 : 31080, 1, 2024/04/23, 23:34:00.464, 5493023183371, vstest.console.dll, Executor.Execute: Exiting with exit code of 1
